0001_0010_0011_0027_0027.jpg 1 10 11 27 27
0002_0013_0003_0025_0025.jpg 1 13 3 25 25
0003_0017_0016_0030_0030.jpg 1 17 16 30 30
0004_0006_0003_0034_0034.jpg 1 6 3 34 34
0005_0005_0006_0025_0025.jpg 1 5 6 25 25
0006_0013_0013_0030_0030.jpg 1 13 13 30 30
0007_0013_0002_0028_0028.jpg 1 13 2 28 28
0008_0015_0011_0026_0026.jpg 1 15 11 26 26
0009_0013_0002_0031_0031.jpg 1 13 2 31 31
0010_0002_0011_0033_0033.jpg 1 2 11 33 33
0011_0015_0005_0030_0030.jpg 1 15 5 30 30
0012_0002_0014_0028_0028.jpg 1 2 14 28 28
0013_0013_0004_0030_0030.jpg 1 13 4 30 30
0014_0015_0011_0029_0029.jpg 1 15 11 29 29
0015_0006_0004_0034_0034.jpg 1 6 4 34 34
0016_0016_0009_0027_0027.jpg 1 16 9 27 27
0017_0002_0011_0032_0032.jpg 1 2 11 32 32
0018_0006_0018_0029_0029.jpg 1 6 18 29 29
0019_0004_0002_0034_0034.jpg 1 4 2 34 34
0020_0015_0016_0027_0027.jpg 1 15 16 27 27
0021_0016_0013_0027_0027.jpg 1 16 13 27 27
0022_0014_0014_0030_0030.jpg 1 14 14 30 30
0023_0015_0016_0025_0025.jpg 1 15 16 25 25
0024_0021_0016_0024_0024.jpg 1 21 16 24 24
0025_0003_0012_0032_0032.jpg 1 3 12 32 32
0026_0017_0006_0024_0024.jpg 1 17 6 24 24
0027_0014_0001_0031_0031.jpg 1 14 1 31 31
0028_0009_0013_0032_0032.jpg 1 9 13 32 32
0029_0004_0016_0031_0031.jpg 1 4 16 31 31
0030_0006_0005_0033_0033.jpg 1 6 5 33 33
0031_0005_0013_0028_0028.jpg 1 5 13 28 28
0032_0008_0005_0028_0028.jpg 1 8 5 28 28
0033_0002_0003_0032_0032.jpg 1 2 3 32 32
0034_0006_0013_0029_0029.jpg 1 6 13 29 29
0035_0013_0005_0034_0034.jpg 1 13 5 34 34
0036_0015_0009_0024_0024.jpg 1 15 9 24 24
0037_0021_0007_0024_0024.jpg 1 21 7 24 24
0038_0009_0013_0032_0032.jpg 1 9 13 32 32
0039_0013_0021_0024_0024.jpg 1 13 21 24 24
0040_0015_0011_0029_0029.jpg 1 15 11 29 29
0041_0011_0009_0031_0031.jpg 1 11 9 31 31
0042_0016_0010_0028_0028.jpg 1 16 10 28 28
0043_0012_0003_0031_0031.jpg 1 12 3 31 31
0044_0016_0002_0026_0026.jpg 1 16 2 26 26
0045_0007_0013_0032_0032.jpg 1 7 13 32 32
0046_0006_0006_0030_0030.jpg 1 6 6 30 30
0047_0011_0018_0024_0024.jpg 1 11 18 24 24
0048_0012_0010_0029_0029.jpg 1 12 10 29 29
0049_0020_0007_0025_0025.jpg 1 20 7 25 25
0050_0009_0009_0030_0030.jpg 1 9 9 30 30
0051_0018_0022_0025_0025.jpg 1 18 22 25 25
0052_0003_0009_0033_0033.jpg 1 3 9 33 33
0053_0009_0003_0028_0028.jpg 1 9 3 28 28
0054_0003_0003_0028_0028.jpg 1 3 3 28 28
0055_0002_0013_0034_0034.jpg 1 2 13 34 34
0056_0007_0018_0028_0028.jpg 1 7 18 28 28
0057_0005_0006_0034_0034.jpg 1 5 6 34 34
0058_0004_0017_0031_0031.jpg 1 4 17 31 31
0059_0021_0020_0026_0026.jpg 1 21 20 26 26
0060_0008_0005_0029_0029.jpg 1 8 5 29 29
0061_0014_0013_0034_0034.jpg 1 14 13 34 34
0062_0009_0015_0026_0026.jpg 1 9 15 26 26
0063_0003_0006_0027_0027.jpg 1 3 6 27 27
0064_0006_0011_0025_0025.jpg 1 6 11 25 25
0065_0006_0017_0029_0029.jpg 1 6 17 29 29
0066_0007_0006_0029_0029.jpg 1 7 6 29 29
0067_0020_0002_0027_0027.jpg 1 20 2 27 27
0068_0016_0018_0029_0029.jpg 1 16 18 29 29
0069_0003_0007_0028_0028.jpg 1 3 7 28 28
0070_0015_0003_0033_0033.jpg 1 15 3 33 33
0071_0006_0015_0027_0027.jpg 1 6 15 27 27
0072_0007_0013_0034_0034.jpg 1 7 13 34 34
0073_0010_0013_0033_0033.jpg 1 10 13 33 33
0074_0013_0010_0028_0028.jpg 1 13 10 28 28
0075_0009_0006_0026_0026.jpg 1 9 6 26 26
0076_0009_0005_0031_0031.jpg 1 9 5 31 31
0077_0012_0014_0034_0034.jpg 1 12 14 34 34
0078_0015_0010_0029_0029.jpg 1 15 10 29 29
0079_0007_0019_0026_0026.jpg 1 7 19 26 26
0080_0004_0007_0034_0034.jpg 1 4 7 34 34
0081_0002_0005_0034_0034.jpg 1 2 5 34 34
0082_0021_0014_0024_0024.jpg 1 21 14 24 24
0083_0007_0017_0030_0030.jpg 1 7 17 30 30
0084_0016_0015_0030_0030.jpg 1 16 15 30 30
0085_0003_0017_0028_0028.jpg 1 3 17 28 28
0086_0013_0005_0030_0030.jpg 1 13 5 30 30
0087_0008_0005_0029_0029.jpg 1 8 5 29 29
0088_0007_0005_0026_0026.jpg 1 7 5 26 26
0089_0011_0005_0024_0024.jpg 1 11 5 24 24
0090_0005_0023_0024_0024.jpg 1 5 23 24 24
0091_0005_0021_0024_0024.jpg 1 5 21 24 24
0092_0020_0007_0024_0024.jpg 1 20 7 24 24
0093_0003_0022_0024_0024.jpg 1 3 22 24 24
0094_0013_0014_0034_0034.jpg 1 13 14 34 34
0095_0010_0009_0032_0032.jpg 1 10 9 32 32
0096_0005_0004_0030_0030.jpg 1 5 4 30 30
0097_0015_0007_0030_0030.jpg 1 15 7 30 30
0098_0017_0018_0028_0028.jpg 1 17 18 28 28
0099_0009_0016_0024_0024.jpg 1 9 16 24 24
0100_0008_0015_0029_0029.jpg 1 8 15 29 29
0101_0005_0007_0034_0034.jpg 1 5 7 34 34
0102_0011_0015_0029_0029.jpg 1 11 15 29 29
0103_0008_0001_0034_0034.jpg 1 8 1 34 34
0104_0010_0007_0026_0026.jpg 1 10 7 26 26
0105_0013_0002_0034_0034.jpg 1 13 2 34 34
0106_0005_0023_0024_0024.jpg 1 5 23 24 24
0107_0010_0004_0032_0032.jpg 1 10 4 32 32
0108_0010_0012_0024_0024.jpg 1 10 12 24 24
0109_0017_0013_0029_0029.jpg 1 17 13 29 29
0110_0007_0003_0030_0030.jpg 1 7 3 30 30
0111_0021_0009_0024_0024.jpg 1 21 9 24 24
0112_0003_0007_0029_0029.jpg 1 3 7 29 29
0113_0002_0006_0027_0027.jpg 1 2 6 27 27
0114_0002_0003_0030_0030.jpg 1 2 3 30 30
0115_0007_0013_0030_0030.jpg 1 7 13 30 30
0116_0017_0004_0024_0024.jpg 1 17 4 24 24
0117_0010_0002_0024_0024.jpg 1 10 2 24 24
0118_0004_0003_0031_0031.jpg 1 4 3 31 31
0119_0008_0004_0033_0033.jpg 1 8 4 33 33
0120_0007_0002_0026_0026.jpg 1 7 2 26 26
0121_0013_0011_0032_0032.jpg 1 13 11 32 32
0122_0011_0015_0032_0032.jpg 1 11 15 32 32
0123_0008_0010_0034_0034.jpg 1 8 10 34 34
0124_0015_0012_0024_0024.jpg 1 15 12 24 24
0125_0016_0014_0027_0027.jpg 1 16 14 27 27
0126_0007_0014_0029_0029.jpg 1 7 14 29 29
0127_0005_0007_0034_0034.jpg 1 5 7 34 34
0128_0007_0020_0025_0025.jpg 1 7 20 25 25
0129_0003_0013_0032_0032.jpg 1 3 13 32 32
0130_0009_0015_0031_0031.jpg 1 9 15 31 31
0131_0004_0010_0031_0031.jpg 1 4 10 31 31
0132_0009_0006_0030_0030.jpg 1 9 6 30 30
0133_0006_0016_0029_0029.jpg 1 6 16 29 29
0134_0018_0011_0025_0025.jpg 1 18 11 25 25
0135_0002_0005_0031_0031.jpg 1 2 5 31 31
0136_0003_0013_0031_0031.jpg 1 3 13 31 31
0137_0005_0007_0026_0026.jpg 1 5 7 26 26
0138_0007_0017_0026_0026.jpg 1 7 17 26 26
0139_0017_0017_0025_0025.jpg 1 17 17 25 25
0140_0007_0006_0028_0028.jpg 1 7 6 28 28
0141_0003_0003_0033_0033.jpg 1 3 3 33 33
0142_0007_0009_0034_0034.jpg 1 7 9 34 34
0143_0012_0004_0024_0024.jpg 1 12 4 24 24
0144_0003_0005_0033_0033.jpg 1 3 5 33 33
0145_0004_0004_0026_0026.jpg 1 4 4 26 26
0146_0017_0004_0027_0027.jpg 1 17 4 27 27
0147_0002_0004_0032_0032.jpg 1 2 4 32 32
0148_0003_0003_0030_0030.jpg 1 3 3 30 30
0149_0004_0010_0032_0032.jpg 1 4 10 32 32
0150_0008_0010_0027_0027.jpg 1 8 10 27 27
0151_0015_0007_0030_0030.jpg 1 15 7 30 30
0152_0022_0009_0025_0025.jpg 1 22 9 25 25
0153_0018_0002_0027_0027.jpg 1 18 2 27 27
0154_0008_0012_0031_0031.jpg 1 8 12 31 31
0155_0006_0004_0026_0026.jpg 1 6 4 26 26
0156_0002_0003_0032_0032.jpg 1 2 3 32 32
0157_0002_0019_0028_0028.jpg 1 2 19 28 28
0158_0004_0008_0030_0030.jpg 1 4 8 30 30
0159_0020_0016_0025_0025.jpg 1 20 16 25 25
0160_0011_0010_0024_0024.jpg 1 11 10 24 24
0161_0011_0019_0026_0026.jpg 1 11 19 26 26
0162_0012_0017_0029_0029.jpg 1 12 17 29 29
0163_0006_0013_0028_0028.jpg 1 6 13 28 28
0164_0015_0006_0031_0031.jpg 1 15 6 31 31
0165_0004_0015_0033_0033.jpg 1 4 15 33 33
0166_0006_0006_0033_0033.jpg 1 6 6 33 33
0167_0022_0012_0025_0025.jpg 1 22 12 25 25
0168_0009_0005_0030_0030.jpg 1 9 5 30 30
0169_0009_0009_0034_0034.jpg 1 9 9 34 34
0170_0006_0005_0028_0028.jpg 1 6 5 28 28
0171_0012_0016_0024_0024.jpg 1 12 16 24 24
0172_0002_0015_0031_0031.jpg 1 2 15 31 31
0173_0009_0003_0026_0026.jpg 1 9 3 26 26
0174_0003_0011_0032_0032.jpg 1 3 11 32 32
0175_0003_0003_0030_0030.jpg 1 3 3 30 30
0176_0008_0003_0028_0028.jpg 1 8 3 28 28
0177_0009_0013_0029_0029.jpg 1 9 13 29 29
0178_0005_0011_0034_0034.jpg 1 5 11 34 34
0179_0004_0008_0025_0025.jpg 1 4 8 25 25
0180_0002_0009_0032_0032.jpg 1 2 9 32 32
0181_0010_0005_0032_0032.jpg 1 10 5 32 32
0182_0008_0011_0030_0030.jpg 1 8 11 30 30
0183_0012_0006_0029_0029.jpg 1 12 6 29 29
0184_0012_0002_0034_0034.jpg 1 12 2 34 34
0185_0020_0003_0027_0027.jpg 1 20 3 27 27
0186_0007_0015_0024_0024.jpg 1 7 15 24 24
0187_0012_0016_0030_0030.jpg 1 12 16 30 30
0188_0021_0014_0025_0025.jpg 1 21 14 25 25
0189_0002_0006_0030_0030.jpg 1 2 6 30 30
0190_0008_0002_0030_0030.jpg 1 8 2 30 30
0191_0009_0009_0034_0034.jpg 1 9 9 34 34
0192_0014_0010_0032_0032.jpg 1 14 10 32 32
0193_0010_0015_0028_0028.jpg 1 10 15 28 28
0194_0017_0004_0025_0025.jpg 1 17 4 25 25
0195_0006_0017_0030_0030.jpg 1 6 17 30 30
0196_0012_0018_0029_0029.jpg 1 12 18 29 29
0197_0005_0007_0034_0034.jpg 1 5 7 34 34
0198_0018_0014_0028_0028.jpg 1 18 14 28 28
0199_0009_0011_0034_0034.jpg 1 9 11 34 34
0200_0005_0016_0028_0028.jpg 1 5 16 28 28
0201_0005_0003_0034_0034.jpg 1 5 3 34 34
0202_0013_0005_0031_0031.jpg 1 13 5 31 31
0203_0004_0004_0034_0034.jpg 1 4 4 34 34
0204_0014_0011_0031_0031.jpg 1 14 11 31 31
0205_0003_0016_0028_0028.jpg 1 3 16 28 28
0206_0004_0008_0025_0025.jpg 1 4 8 25 25
0207_0010_0017_0030_0030.jpg 1 10 17 30 30
0208_0020_0019_0024_0024.jpg 1 20 19 24 24
0209_0013_0009_0034_0034.jpg 1 13 9 34 34
0210_0016_0007_0030_0030.jpg 1 16 7 30 30
0211_0018_0007_0026_0026.jpg 1 18 7 26 26
0212_0004_0009_0027_0027.jpg 1 4 9 27 27
0213_0013_0016_0029_0029.jpg 1 13 16 29 29
0214_0017_0007_0024_0024.jpg 1 17 7 24 24
0215_0003_0014_0032_0032.jpg 1 3 14 32 32
0216_0010_0007_0029_0029.jpg 1 10 7 29 29
0217_0022_0022_0025_0025.jpg 1 22 22 25 25
0218_0015_0012_0028_0028.jpg 1 15 12 28 28
0219_0003_0003_0033_0033.jpg 1 3 3 33 33
0220_0005_0004_0030_0030.jpg 1 5 4 30 30
0221_0002_0015_0030_0030.jpg 1 2 15 30 30
0222_0012_0019_0027_0027.jpg 1 12 19 27 27
0223_0005_0011_0034_0034.jpg 1 5 11 34 34
0224_0004_0004_0026_0026.jpg 1 4 4 26 26
0225_0008_0005_0024_0024.jpg 1 8 5 24 24
0226_0007_0019_0025_0025.jpg 1 7 19 25 25
0227_0008_0006_0032_0032.jpg 1 8 6 32 32
0228_0006_0021_0025_0025.jpg 1 6 21 25 25
0229_0012_0006_0034_0034.jpg 1 12 6 34 34
0230_0005_0018_0026_0026.jpg 1 5 18 26 26
0231_0011_0011_0032_0032.jpg 1 11 11 32 32
0232_0003_0012_0025_0025.jpg 1 3 12 25 25
0233_0021_0003_0026_0026.jpg 1 21 3 26 26
0234_0003_0002_0025_0025.jpg 1 3 2 25 25
0235_0012_0014_0029_0029.jpg 1 12 14 29 29
0236_0016_0011_0025_0025.jpg 1 16 11 25 25
0237_0016_0020_0026_0026.jpg 1 16 20 26 26
0238_0008_0002_0032_0032.jpg 1 8 2 32 32
0239_0005_0010_0030_0030.jpg 1 5 10 30 30
0240_0006_0013_0027_0027.jpg 1 6 13 27 27
0241_0013_0018_0024_0024.jpg 1 13 18 24 24
0242_0020_0013_0024_0024.jpg 1 20 13 24 24
0243_0003_0021_0025_0025.jpg 1 3 21 25 25
0244_0015_0010_0030_0030.jpg 1 15 10 30 30
0245_0006_0017_0028_0028.jpg 1 6 17 28 28
0246_0013_0015_0027_0027.jpg 1 13 15 27 27
0247_0002_0005_0030_0030.jpg 1 2 5 30 30
0248_0010_0003_0030_0030.jpg 1 10 3 30 30
0249_0006_0004_0028_0028.jpg 1 6 4 28 28
0250_0003_0006_0033_0033.jpg 1 3 6 33 33
0251_0004_0013_0032_0032.jpg 1 4 13 32 32
0252_0014_0010_0034_0034.jpg 1 14 10 34 34
0253_0006_0015_0031_0031.jpg 1 6 15 31 31
0254_0007_0011_0032_0032.jpg 1 7 11 32 32
0255_0016_0012_0026_0026.jpg 1 16 12 26 26
0256_0010_0008_0029_0029.jpg 1 10 8 29 29
0257_0007_0007_0027_0027.jpg 1 7 7 27 27
0258_0010_0002_0034_0034.jpg 1 10 2 34 34
0259_0003_0013_0025_0025.jpg 1 3 13 25 25
0260_0005_0006_0031_0031.jpg 1 5 6 31 31
0261_0015_0021_0026_0026.jpg 1 15 21 26 26
0262_0008_0010_0031_0031.jpg 1 8 10 31 31
0263_0003_0015_0028_0028.jpg 1 3 15 28 28
0264_0010_0008_0034_0034.jpg 1 10 8 34 34
0265_0019_0013_0026_0026.jpg 1 19 13 26 26
0266_0010_0002_0024_0024.jpg 1 10 2 24 24
0267_0004_0003_0033_0033.jpg 1 4 3 33 33
0268_0008_0011_0025_0025.jpg 1 8 11 25 25
0269_0007_0010_0027_0027.jpg 1 7 10 27 27
0270_0002_0015_0027_0027.jpg 1 2 15 27 27
0271_0014_0010_0025_0025.jpg 1 14 10 25 25
0272_0005_0014_0026_0026.jpg 1 5 14 26 26
0273_0011_0015_0028_0028.jpg 1 11 15 28 28
0274_0009_0007_0033_0033.jpg 1 9 7 33 33
0275_0004_0007_0034_0034.jpg 1 4 7 34 34
0276_0012_0005_0026_0026.jpg 1 12 5 26 26
0277_0013_0014_0030_0030.jpg 1 13 14 30 30
0278_0013_0007_0026_0026.jpg 1 13 7 26 26
0279_0008_0002_0027_0027.jpg 1 8 2 27 27
0280_0006_0005_0034_0034.jpg 1 6 5 34 34
0281_0003_0007_0034_0034.jpg 1 3 7 34 34
0282_0011_0015_0025_0025.jpg 1 11 15 25 25
0283_0004_0009_0034_0034.jpg 1 4 9 34 34
0284_0006_0007_0033_0033.jpg 1 6 7 33 33
0285_0006_0010_0031_0031.jpg 1 6 10 31 31
0286_0013_0011_0033_0033.jpg 1 13 11 33 33
0287_0013_0003_0033_0033.jpg 1 13 3 33 33
0288_0008_0013_0031_0031.jpg 1 8 13 31 31
0289_0009_0005_0029_0029.jpg 1 9 5 29 29
0290_0012_0014_0031_0031.jpg 1 12 14 31 31
0291_0008_0016_0026_0026.jpg 1 8 16 26 26
0292_0006_0011_0029_0029.jpg 1 6 11 29 29
0293_0010_0005_0030_0030.jpg 1 10 5 30 30
0294_0011_0017_0027_0027.jpg 1 11 17 27 27
0295_0011_0015_0032_0032.jpg 1 11 15 32 32
0296_0011_0018_0024_0024.jpg 1 11 18 24 24
0297_0018_0007_0026_0026.jpg 1 18 7 26 26
0298_0009_0011_0033_0033.jpg 1 9 11 33 33
0299_0008_0013_0034_0034.jpg 1 8 13 34 34
0300_0018_0007_0027_0027.jpg 1 18 7 27 27
0301_0008_0017_0029_0029.jpg 1 8 17 29 29
0302_0009_0005_0032_0032.jpg 1 9 5 32 32
0303_0009_0014_0030_0030.jpg 1 9 14 30 30
0304_0013_0004_0030_0030.jpg 1 13 4 30 30
0305_0002_0016_0030_0030.jpg 1 2 16 30 30
0306_0004_0004_0031_0031.jpg 1 4 4 31 31
0307_0002_0016_0028_0028.jpg 1 2 16 28 28
0308_0010_0005_0033_0033.jpg 1 10 5 33 33
0309_0008_0005_0028_0028.jpg 1 8 5 28 28
0310_0003_0016_0028_0028.jpg 1 3 16 28 28
0311_0015_0013_0026_0026.jpg 1 15 13 26 26
0312_0008_0004_0034_0034.jpg 1 8 4 34 34
0313_0003_0002_0028_0028.jpg 1 3 2 28 28
0314_0013_0012_0034_0034.jpg 1 13 12 34 34
0315_0003_0005_0027_0027.jpg 1 3 5 27 27
0316_0014_0009_0026_0026.jpg 1 14 9 26 26
0317_0009_0009_0028_0028.jpg 1 9 9 28 28
0318_0007_0014_0033_0033.jpg 1 7 14 33 33
0319_0017_0009_0027_0027.jpg 1 17 9 27 27
0320_0004_0008_0030_0030.jpg 1 4 8 30 30
0321_0010_0009_0024_0024.jpg 1 10 9 24 24
0322_0003_0017_0028_0028.jpg 1 3 17 28 28
0323_0005_0005_0033_0033.jpg 1 5 5 33 33
0324_0021_0011_0024_0024.jpg 1 21 11 24 24
0325_0005_0003_0033_0033.jpg 1 5 3 33 33
0326_0020_0010_0027_0027.jpg 1 20 10 27 27
0327_0010_0002_0030_0030.jpg 1 10 2 30 30
0328_0006_0010_0029_0029.jpg 1 6 10 29 29
0329_0005_0015_0030_0030.jpg 1 5 15 30 30
0330_0006_0002_0034_0034.jpg 1 6 2 34 34
0331_0016_0020_0027_0027.jpg 1 16 20 27 27
0332_0015_0017_0029_0029.jpg 1 15 17 29 29
0333_0017_0011_0029_0029.jpg 1 17 11 29 29
0334_0011_0013_0033_0033.jpg 1 11 13 33 33
0335_0011_0010_0032_0032.jpg 1 11 10 32 32
0336_0009_0011_0031_0031.jpg 1 9 11 31 31
0337_0002_0011_0032_0032.jpg 1 2 11 32 32
0338_0003_0017_0028_0028.jpg 1 3 17 28 28
0339_0008_0013_0033_0033.jpg 1 8 13 33 33
0340_0012_0006_0033_0033.jpg 1 12 6 33 33
0341_0013_0015_0029_0029.jpg 1 13 15 29 29
0342_0018_0017_0028_0028.jpg 1 18 17 28 28
0343_0009_0013_0032_0032.jpg 1 9 13 32 32
0344_0004_0010_0027_0027.jpg 1 4 10 27 27
0345_0019_0023_0024_0024.jpg 1 19 23 24 24
0346_0003_0017_0030_0030.jpg 1 3 17 30 30
0347_0008_0021_0026_0026.jpg 1 8 21 26 26
0348_0005_0005_0028_0028.jpg 1 5 5 28 28
0349_0019_0009_0024_0024.jpg 1 19 9 24 24
0350_0019_0020_0026_0026.jpg 1 19 20 26 26
0351_0004_0002_0032_0032.jpg 1 4 2 32 32
0352_0004_0012_0031_0031.jpg 1 4 12 31 31
0353_0011_0003_0034_0034.jpg 1 11 3 34 34
0354_0014_0008_0026_0026.jpg 1 14 8 26 26
0355_0002_0017_0028_0028.jpg 1 2 17 28 28
0356_0011_0007_0032_0032.jpg 1 11 7 32 32
0357_0011_0014_0029_0029.jpg 1 11 14 29 29
0358_0010_0012_0027_0027.jpg 1 10 12 27 27
0359_0015_0003_0024_0024.jpg 1 15 3 24 24
0360_0008_0015_0028_0028.jpg 1 8 15 28 28
0361_0002_0007_0033_0033.jpg 1 2 7 33 33
0362_0011_0010_0033_0033.jpg 1 11 10 33 33
0363_0013_0005_0025_0025.jpg 1 13 5 25 25
0364_0016_0009_0025_0025.jpg 1 16 9 25 25
0365_0018_0002_0029_0029.jpg 1 18 2 29 29
0366_0003_0014_0033_0033.jpg 1 3 14 33 33
0367_0002_0010_0030_0030.jpg 1 2 10 30 30
0368_0008_0002_0030_0030.jpg 1 8 2 30 30
0369_0005_0021_0024_0024.jpg 1 5 21 24 24
0370_0005_0012_0033_0033.jpg 1 5 12 33 33
0371_0016_0019_0028_0028.jpg 1 16 19 28 28
0372_0011_0015_0030_0030.jpg 1 11 15 30 30
0373_0007_0005_0033_0033.jpg 1 7 5 33 33
0374_0012_0018_0025_0025.jpg 1 12 18 25 25
0375_0015_0018_0026_0026.jpg 1 15 18 26 26
0376_0013_0009_0033_0033.jpg 1 13 9 33 33
0377_0006_0011_0031_0031.jpg 1 6 11 31 31
0378_0015_0005_0031_0031.jpg 1 15 5 31 31
0379_0012_0016_0027_0027.jpg 1 12 16 27 27
0380_0004_0012_0034_0034.jpg 1 4 12 34 34
0381_0018_0011_0026_0026.jpg 1 18 11 26 26
0382_0014_0008_0030_0030.jpg 1 14 8 30 30
0383_0010_0011_0027_0027.jpg 1 10 11 27 27
0384_0016_0013_0027_0027.jpg 1 16 13 27 27
0385_0004_0006_0031_0031.jpg 1 4 6 31 31
0386_0004_0011_0034_0034.jpg 1 4 11 34 34
0387_0011_0014_0026_0026.jpg 1 11 14 26 26
0388_0003_0014_0029_0029.jpg 1 3 14 29 29
0389_0007_0013_0034_0034.jpg 1 7 13 34 34
0390_0006_0003_0027_0027.jpg 1 6 3 27 27
0391_0010_0013_0028_0028.jpg 1 10 13 28 28
0392_0006_0007_0033_0033.jpg 1 6 7 33 33
0393_0008_0012_0033_0033.jpg 1 8 12 33 33
0394_0003_0011_0032_0032.jpg 1 3 11 32 32
0395_0005_0002_0033_0033.jpg 1 5 2 33 33
0396_0012_0018_0027_0027.jpg 1 12 18 27 27
0397_0012_0008_0024_0024.jpg 1 12 8 24 24
0398_0018_0008_0027_0027.jpg 1 18 8 27 27
0399_0018_0006_0028_0028.jpg 1 18 6 28 28
0400_0005_0003_0028_0028.jpg 1 5 3 28 28
0401_0006_0003_0034_0034.jpg 1 6 3 34 34
0402_0009_0018_0026_0026.jpg 1 9 18 26 26
0403_0004_0010_0032_0032.jpg 1 4 10 32 32
0404_0014_0002_0034_0034.jpg 1 14 2 34 34
0405_0012_0004_0024_0024.jpg 1 12 4 24 24
0406_0002_0011_0032_0032.jpg 1 2 11 32 32
0407_0008_0012_0034_0034.jpg 1 8 12 34 34
0408_0011_0002_0032_0032.jpg 1 11 2 32 32
0409_0007_0013_0032_0032.jpg 1 7 13 32 32
0410_0008_0010_0032_0032.jpg 1 8 10 32 32
0411_0018_0007_0026_0026.jpg 1 18 7 26 26
0412_0016_0002_0030_0030.jpg 1 16 2 30 30
0413_0007_0014_0025_0025.jpg 1 7 14 25 25
0414_0006_0019_0026_0026.jpg 1 6 19 26 26
0415_0013_0014_0031_0031.jpg 1 13 14 31 31
0416_0003_0013_0031_0031.jpg 1 3 13 31 31
0417_0004_0015_0032_0032.jpg 1 4 15 32 32
0418_0004_0007_0028_0028.jpg 1 4 7 28 28
0419_0019_0020_0026_0026.jpg 1 19 20 26 26
0420_0004_0007_0033_0033.jpg 1 4 7 33 33
0421_0009_0008_0026_0026.jpg 1 9 8 26 26
0422_0013_0008_0029_0029.jpg 1 13 8 29 29
0423_0017_0011_0025_0025.jpg 1 17 11 25 25
0424_0014_0008_0029_0029.jpg 1 14 8 29 29
0425_0018_0004_0029_0029.jpg 1 18 4 29 29
0426_0007_0016_0031_0031.jpg 1 7 16 31 31
0427_0007_0012_0029_0029.jpg 1 7 12 29 29
0428_0004_0003_0028_0028.jpg 1 4 3 28 28
0429_0017_0011_0028_0028.jpg 1 17 11 28 28
0430_0005_0014_0028_0028.jpg 1 5 14 28 28
0431_0010_0018_0024_0024.jpg 1 10 18 24 24
0432_0007_0020_0026_0026.jpg 1 7 20 26 26
0433_0021_0016_0025_0025.jpg 1 21 16 25 25
0434_0016_0011_0028_0028.jpg 1 16 11 28 28
0435_0013_0003_0024_0024.jpg 1 13 3 24 24
0436_0011_0007_0030_0030.jpg 1 11 7 30 30
0437_0018_0007_0024_0024.jpg 1 18 7 24 24
0438_0002_0009_0033_0033.jpg 1 2 9 33 33
0439_0013_0006_0027_0027.jpg 1 13 6 27 27
0440_0006_0007_0029_0029.jpg 1 6 7 29 29
0441_0015_0008_0031_0031.jpg 1 15 8 31 31
0442_0020_0013_0024_0024.jpg 1 20 13 24 24
0443_0004_0010_0034_0034.jpg 1 4 10 34 34
0444_0016_0011_0030_0030.jpg 1 16 11 30 30
0445_0003_0005_0030_0030.jpg 1 3 5 30 30
0446_0011_0006_0033_0033.jpg 1 11 6 33 33
0447_0010_0008_0033_0033.jpg 1 10 8 33 33
0448_0006_0012_0031_0031.jpg 1 6 12 31 31
0449_0013_0011_0033_0033.jpg 1 13 11 33 33
0450_0017_0007_0027_0027.jpg 1 17 7 27 27
0451_0010_0014_0029_0029.jpg 1 10 14 29 29
0452_0006_0005_0034_0034.jpg 1 6 5 34 34
0453_0008_0006_0031_0031.jpg 1 8 6 31 31
0454_0004_0004_0026_0026.jpg 1 4 4 26 26
0455_0002_0005_0032_0032.jpg 1 2 5 32 32
0456_0006_0022_0025_0025.jpg 1 6 22 25 25
0457_0012_0005_0029_0029.jpg 1 12 5 29 29
0458_0004_0002_0031_0031.jpg 1 4 2 31 31
0459_0005_0008_0032_0032.jpg 1 5 8 32 32
0460_0014_0006_0030_0030.jpg 1 14 6 30 30
0461_0008_0005_0027_0027.jpg 1 8 5 27 27
0462_0011_0004_0025_0025.jpg 1 11 4 25 25
0463_0005_0004_0027_0027.jpg 1 5 4 27 27
0464_0013_0007_0025_0025.jpg 1 13 7 25 25
0465_0007_0010_0033_0033.jpg 1 7 10 33 33
0466_0004_0010_0034_0034.jpg 1 4 10 34 34
0467_0016_0009_0024_0024.jpg 1 16 9 24 24
0468_0007_0011_0033_0033.jpg 1 7 11 33 33
0469_0004_0013_0034_0034.jpg 1 4 13 34 34
0470_0002_0005_0030_0030.jpg 1 2 5 30 30
0471_0002_0013_0029_0029.jpg 1 2 13 29 29
0472_0017_0020_0027_0027.jpg 1 17 20 27 27
0473_0013_0014_0027_0027.jpg 1 13 14 27 27
0474_0016_0009_0031_0031.jpg 1 16 9 31 31
0475_0006_0008_0030_0030.jpg 1 6 8 30 30
0476_0010_0009_0028_0028.jpg 1 10 9 28 28
0477_0007_0013_0033_0033.jpg 1 7 13 33 33
0478_0008_0010_0031_0031.jpg 1 8 10 31 31
0479_0002_0004_0033_0033.jpg 1 2 4 33 33
0480_0008_0010_0025_0025.jpg 1 8 10 25 25
0481_0012_0004_0029_0029.jpg 1 12 4 29 29
0482_0003_0008_0033_0033.jpg 1 3 8 33 33
0483_0009_0004_0032_0032.jpg 1 9 4 32 32
0484_0007_0004_0026_0026.jpg 1 7 4 26 26
0485_0004_0009_0025_0025.jpg 1 4 9 25 25
0486_0005_0012_0031_0031.jpg 1 5 12 31 31
0487_0011_0016_0030_0030.jpg 1 11 16 30 30
0488_0009_0011_0033_0033.jpg 1 9 11 33 33
0489_0007_0006_0032_0032.jpg 1 7 6 32 32
0490_0014_0017_0026_0026.jpg 1 14 17 26 26
0491_0011_0010_0029_0029.jpg 1 11 10 29 29
0492_0004_0018_0028_0028.jpg 1 4 18 28 28
0493_0002_0006_0034_0034.jpg 1 2 6 34 34
0494_0010_0012_0032_0032.jpg 1 10 12 32 32
0495_0007_0007_0033_0033.jpg 1 7 7 33 33
0496_0007_0014_0027_0027.jpg 1 7 14 27 27
0497_0016_0017_0029_0029.jpg 1 16 17 29 29
0498_0019_0004_0027_0027.jpg 1 19 4 27 27
0499_0004_0009_0033_0033.jpg 1 4 9 33 33
0500_0009_0007_0034_0034.jpg 1 9 7 34 34
0501_0007_0003_0033_0033.jpg 1 7 3 33 33
0502_0004_0015_0032_0032.jpg 1 4 15 32 32
0503_0004_0004_0028_0028.jpg 1 4 4 28 28
0504_0011_0018_0026_0026.jpg 1 11 18 26 26
0505_0003_0020_0027_0027.jpg 1 3 20 27 27
0506_0015_0008_0032_0032.jpg 1 15 8 32 32
0507_0010_0016_0028_0028.jpg 1 10 16 28 28
0508_0016_0015_0031_0031.jpg 1 16 15 31 31
0509_0015_0013_0030_0030.jpg 1 15 13 30 30
0510_0010_0011_0027_0027.jpg 1 10 11 27 27
0511_0007_0004_0030_0030.jpg 1 7 4 30 30
0512_0015_0016_0024_0024.jpg 1 15 16 24 24
0513_0002_0008_0027_0027.jpg 1 2 8 27 27
0514_0011_0002_0026_0026.jpg 1 11 2 26 26
0515_0005_0006_0033_0033.jpg 1 5 6 33 33
0516_0011_0010_0026_0026.jpg 1 11 10 26 26
0517_0006_0007_0034_0034.jpg 1 6 7 34 34
0518_0009_0003_0028_0028.jpg 1 9 3 28 28
0519_0013_0013_0028_0028.jpg 1 13 13 28 28
0520_0006_0015_0029_0029.jpg 1 6 15 29 29
0521_0006_0009_0025_0025.jpg 1 6 9 25 25
0522_0011_0005_0031_0031.jpg 1 11 5 31 31
0523_0010_0013_0026_0026.jpg 1 10 13 26 26
0524_0017_0011_0027_0027.jpg 1 17 11 27 27
0525_0006_0003_0033_0033.jpg 1 6 3 33 33
0526_0010_0015_0032_0032.jpg 1 10 15 32 32
0527_0007_0008_0031_0031.jpg 1 7 8 31 31
0528_0008_0015_0028_0028.jpg 1 8 15 28 28
0529_0016_0009_0026_0026.jpg 1 16 9 26 26
0530_0020_0006_0027_0027.jpg 1 20 6 27 27
0531_0010_0015_0027_0027.jpg 1 10 15 27 27
0532_0004_0002_0034_0034.jpg 1 4 2 34 34
0533_0003_0005_0027_0027.jpg 1 3 5 27 27
0534_0013_0018_0028_0028.jpg 1 13 18 28 28
0535_0011_0006_0031_0031.jpg 1 11 6 31 31
0536_0003_0022_0024_0024.jpg 1 3 22 24 24
0537_0006_0007_0027_0027.jpg 1 6 7 27 27
0538_0008_0007_0029_0029.jpg 1 8 7 29 29
0539_0010_0007_0028_0028.jpg 1 10 7 28 28
0540_0015_0003_0029_0029.jpg 1 15 3 29 29
0541_0004_0004_0028_0028.jpg 1 4 4 28 28
0542_0016_0015_0029_0029.jpg 1 16 15 29 29
0543_0018_0009_0028_0028.jpg 1 18 9 28 28
0544_0004_0016_0030_0030.jpg 1 4 16 30 30
0545_0015_0009_0031_0031.jpg 1 15 9 31 31
0546_0017_0016_0030_0030.jpg 1 17 16 30 30
0547_0014_0011_0032_0032.jpg 1 14 11 32 32
0548_0006_0019_0026_0026.jpg 1 6 19 26 26
0549_0003_0003_0027_0027.jpg 1 3 3 27 27
0550_0009_0008_0030_0030.jpg 1 9 8 30 30
0551_0007_0015_0032_0032.jpg 1 7 15 32 32
0552_0016_0017_0028_0028.jpg 1 16 17 28 28
0553_0002_0004_0031_0031.jpg 1 2 4 31 31
0554_0008_0006_0026_0026.jpg 1 8 6 26 26
0555_0012_0016_0026_0026.jpg 1 12 16 26 26
0556_0008_0003_0025_0025.jpg 1 8 3 25 25
0557_0010_0018_0025_0025.jpg 1 10 18 25 25
0558_0002_0007_0034_0034.jpg 1 2 7 34 34
0559_0004_0005_0029_0029.jpg 1 4 5 29 29
0560_0007_0020_0026_0026.jpg 1 7 20 26 26
0561_0006_0006_0030_0030.jpg 1 6 6 30 30
0562_0009_0015_0024_0024.jpg 1 9 15 24 24
0563_0008_0005_0028_0028.jpg 1 8 5 28 28
0564_0014_0017_0030_0030.jpg 1 14 17 30 30
0565_0009_0008_0028_0028.jpg 1 9 8 28 28
0566_0017_0005_0028_0028.jpg 1 17 5 28 28
0567_0016_0007_0027_0027.jpg 1 16 7 27 27
0568_0002_0006_0033_0033.jpg 1 2 6 33 33
0569_0012_0005_0034_0034.jpg 1 12 5 34 34
0570_0014_0020_0024_0024.jpg 1 14 20 24 24
0571_0016_0014_0024_0024.jpg 1 16 14 24 24
0572_0006_0009_0033_0033.jpg 1 6 9 33 33
0573_0006_0013_0034_0034.jpg 1 6 13 34 34
0574_0009_0003_0034_0034.jpg 1 9 3 34 34
0575_0018_0005_0028_0028.jpg 1 18 5 28 28
0576_0002_0003_0030_0030.jpg 1 2 3 30 30
0577_0018_0006_0028_0028.jpg 1 18 6 28 28
0578_0015_0010_0033_0033.jpg 1 15 10 33 33
0579_0008_0004_0028_0028.jpg 1 8 4 28 28
0580_0007_0008_0034_0034.jpg 1 7 8 34 34
0581_0010_0008_0024_0024.jpg 1 10 8 24 24
0582_0011_0003_0034_0034.jpg 1 11 3 34 34
0583_0008_0012_0034_0034.jpg 1 8 12 34 34
0584_0011_0014_0031_0031.jpg 1 11 14 31 31
0585_0013_0004_0028_0028.jpg 1 13 4 28 28
0586_0017_0011_0030_0030.jpg 1 17 11 30 30
0587_0017_0007_0024_0024.jpg 1 17 7 24 24
0588_0016_0020_0026_0026.jpg 1 16 20 26 26
0589_0002_0009_0034_0034.jpg 1 2 9 34 34
0590_0005_0008_0029_0029.jpg 1 5 8 29 29
0591_0008_0002_0031_0031.jpg 1 8 2 31 31
0592_0010_0001_0032_0032.jpg 1 10 1 32 32
0593_0004_0011_0029_0029.jpg 1 4 11 29 29
0594_0011_0013_0025_0025.jpg 1 11 13 25 25
0595_0015_0010_0033_0033.jpg 1 15 10 33 33
0596_0009_0003_0027_0027.jpg 1 9 3 27 27
0597_0017_0005_0027_0027.jpg 1 17 5 27 27
0598_0009_0019_0024_0024.jpg 1 9 19 24 24
0599_0014_0014_0033_0033.jpg 1 14 14 33 33
0600_0008_0003_0032_0032.jpg 1 8 3 32 32
0601_0003_0012_0032_0032.jpg 1 3 12 32 32
0602_0013_0002_0033_0033.jpg 1 13 2 33 33
0603_0005_0004_0033_0033.jpg 1 5 4 33 33
0604_0005_0003_0033_0033.jpg 1 5 3 33 33
0605_0012_0009_0032_0032.jpg 1 12 9 32 32
0606_0007_0003_0032_0032.jpg 1 7 3 32 32
0607_0006_0015_0032_0032.jpg 1 6 15 32 32
0608_0011_0014_0034_0034.jpg 1 11 14 34 34
0609_0013_0013_0027_0027.jpg 1 13 13 27 27
0610_0015_0022_0025_0025.jpg 1 15 22 25 25
0611_0016_0018_0029_0029.jpg 1 16 18 29 29
0612_0010_0015_0031_0031.jpg 1 10 15 31 31
0613_0016_0010_0025_0025.jpg 1 16 10 25 25
0614_0003_0007_0032_0032.jpg 1 3 7 32 32
0615_0012_0006_0026_0026.jpg 1 12 6 26 26
0616_0006_0007_0032_0032.jpg 1 6 7 32 32
0617_0012_0004_0033_0033.jpg 1 12 4 33 33
0618_0008_0011_0025_0025.jpg 1 8 11 25 25
0619_0010_0002_0030_0030.jpg 1 10 2 30 30
0620_0011_0013_0033_0033.jpg 1 11 13 33 33
0621_0002_0013_0028_0028.jpg 1 2 13 28 28
0622_0016_0011_0031_0031.jpg 1 16 11 31 31
0623_0013_0014_0033_0033.jpg 1 13 14 33 33
0624_0021_0013_0024_0024.jpg 1 21 13 24 24
0625_0013_0016_0029_0029.jpg 1 13 16 29 29
0626_0016_0012_0026_0026.jpg 1 16 12 26 26
0627_0017_0008_0028_0028.jpg 1 17 8 28 28
0628_0011_0009_0028_0028.jpg 1 11 9 28 28
0629_0018_0023_0024_0024.jpg 1 18 23 24 24
0630_0008_0010_0031_0031.jpg 1 8 10 31 31
0631_0002_0007_0033_0033.jpg 1 2 7 33 33
0632_0010_0010_0026_0026.jpg 1 10 10 26 26
0633_0011_0012_0033_0033.jpg 1 11 12 33 33
0634_0018_0016_0026_0026.jpg 1 18 16 26 26
0635_0002_0002_0032_0032.jpg 1 2 2 32 32
0636_0005_0003_0028_0028.jpg 1 5 3 28 28
0637_0015_0011_0025_0025.jpg 1 15 11 25 25
0638_0008_0004_0033_0033.jpg 1 8 4 33 33
0639_0007_0002_0028_0028.jpg 1 7 2 28 28
0640_0016_0005_0026_0026.jpg 1 16 5 26 26
0641_0004_0004_0031_0031.jpg 1 4 4 31 31
0642_0005_0007_0034_0034.jpg 1 5 7 34 34
0643_0006_0002_0026_0026.jpg 1 6 2 26 26
0644_0013_0008_0030_0030.jpg 1 13 8 30 30
0645_0014_0016_0028_0028.jpg 1 14 16 28 28
0646_0007_0017_0028_0028.jpg 1 7 17 28 28
0647_0017_0020_0026_0026.jpg 1 17 20 26 26
0648_0005_0012_0032_0032.jpg 1 5 12 32 32
0649_0013_0009_0030_0030.jpg 1 13 9 30 30
0650_0014_0006_0030_0030.jpg 1 14 6 30 30
0651_0009_0004_0032_0032.jpg 1 9 4 32 32
0652_0011_0004_0032_0032.jpg 1 11 4 32 32
0653_0008_0009_0034_0034.jpg 1 8 9 34 34
0654_0015_0015_0026_0026.jpg 1 15 15 26 26
0655_0007_0008_0030_0030.jpg 1 7 8 30 30
0656_0010_0007_0032_0032.jpg 1 10 7 32 32
0657_0009_0005_0031_0031.jpg 1 9 5 31 31
0658_0008_0010_0031_0031.jpg 1 8 10 31 31
0659_0011_0016_0028_0028.jpg 1 11 16 28 28
0660_0002_0006_0031_0031.jpg 1 2 6 31 31
0661_0002_0006_0034_0034.jpg 1 2 6 34 34
0662_0009_0014_0030_0030.jpg 1 9 14 30 30
0663_0006_0004_0034_0034.jpg 1 6 4 34 34
0664_0011_0004_0034_0034.jpg 1 11 4 34 34
0665_0008_0011_0031_0031.jpg 1 8 11 31 31
0666_0015_0016_0025_0025.jpg 1 15 16 25 25
0667_0019_0003_0028_0028.jpg 1 19 3 28 28
0668_0009_0021_0024_0024.jpg 1 9 21 24 24
0669_0015_0006_0029_0029.jpg 1 15 6 29 29
0670_0009_0009_0024_0024.jpg 1 9 9 24 24
0671_0005_0010_0024_0024.jpg 1 5 10 24 24
0672_0010_0007_0027_0027.jpg 1 10 7 27 27
0673_0009_0016_0029_0029.jpg 1 9 16 29 29
0674_0018_0012_0028_0028.jpg 1 18 12 28 28
0675_0011_0008_0029_0029.jpg 1 11 8 29 29
0676_0003_0007_0034_0034.jpg 1 3 7 34 34
0677_0013_0014_0029_0029.jpg 1 13 14 29 29
0678_0012_0011_0033_0033.jpg 1 12 11 33 33
0679_0011_0005_0030_0030.jpg 1 11 5 30 30
0680_0010_0010_0025_0025.jpg 1 10 10 25 25
0681_0013_0008_0034_0034.jpg 1 13 8 34 34
0682_0011_0008_0026_0026.jpg 1 11 8 26 26
0683_0017_0014_0024_0024.jpg 1 17 14 24 24
0684_0006_0010_0025_0025.jpg 1 6 10 25 25
0685_0013_0019_0024_0024.jpg 1 13 19 24 24
0686_0010_0003_0032_0032.jpg 1 10 3 32 32
0687_0011_0005_0026_0026.jpg 1 11 5 26 26
0688_0004_0015_0031_0031.jpg 1 4 15 31 31
0689_0003_0014_0027_0027.jpg 1 3 14 27 27
0690_0016_0008_0024_0024.jpg 1 16 8 24 24
0691_0015_0004_0031_0031.jpg 1 15 4 31 31
0692_0004_0002_0032_0032.jpg 1 4 2 32 32
0693_0008_0011_0028_0028.jpg 1 8 11 28 28
0694_0003_0008_0024_0024.jpg 1 3 8 24 24
0695_0011_0010_0032_0032.jpg 1 11 10 32 32
0696_0012_0003_0024_0024.jpg 1 12 3 24 24
0697_0005_0005_0034_0034.jpg 1 5 5 34 34
0698_0010_0014_0032_0032.jpg 1 10 14 32 32
0699_0019_0010_0028_0028.jpg 1 19 10 28 28
0700_0010_0013_0034_0034.jpg 1 10 13 34 34
0701_0014_0020_0027_0027.jpg 1 14 20 27 27
0702_0008_0012_0033_0033.jpg 1 8 12 33 33
0703_0007_0006_0032_0032.jpg 1 7 6 32 32
0704_0017_0017_0028_0028.jpg 1 17 17 28 28
0705_0007_0011_0034_0034.jpg 1 7 11 34 34
0706_0007_0018_0027_0027.jpg 1 7 18 27 27
0707_0009_0004_0033_0033.jpg 1 9 4 33 33
0708_0009_0009_0027_0027.jpg 1 9 9 27 27
0709_0005_0011_0033_0033.jpg 1 5 11 33 33
0710_0008_0015_0027_0027.jpg 1 8 15 27 27
0711_0003_0010_0028_0028.jpg 1 3 10 28 28
0712_0013_0005_0030_0030.jpg 1 13 5 30 30
0713_0010_0007_0024_0024.jpg 1 10 7 24 24
0714_0011_0011_0028_0028.jpg 1 11 11 28 28
0715_0009_0010_0025_0025.jpg 1 9 10 25 25
0716_0007_0007_0027_0027.jpg 1 7 7 27 27
0717_0019_0003_0027_0027.jpg 1 19 3 27 27
0718_0012_0007_0033_0033.jpg 1 12 7 33 33
0719_0013_0005_0026_0026.jpg 1 13 5 26 26
0720_0004_0017_0027_0027.jpg 1 4 17 27 27
0721_0012_0012_0034_0034.jpg 1 12 12 34 34
0722_0012_0006_0027_0027.jpg 1 12 6 27 27
0723_0002_0003_0032_0032.jpg 1 2 3 32 32
0724_0011_0005_0024_0024.jpg 1 11 5 24 24
0725_0010_0003_0033_0033.jpg 1 10 3 33 33
0726_0009_0008_0029_0029.jpg 1 9 8 29 29
0727_0005_0002_0032_0032.jpg 1 5 2 32 32
0728_0006_0012_0027_0027.jpg 1 6 12 27 27
0729_0005_0015_0025_0025.jpg 1 5 15 25 25
0730_0009_0003_0027_0027.jpg 1 9 3 27 27
0731_0015_0023_0024_0024.jpg 1 15 23 24 24
0732_0010_0004_0024_0024.jpg 1 10 4 24 24
0733_0003_0009_0030_0030.jpg 1 3 9 30 30
0734_0006_0018_0027_0027.jpg 1 6 18 27 27
0735_0003_0018_0024_0024.jpg 1 3 18 24 24
0736_0015_0006_0028_0028.jpg 1 15 6 28 28
0737_0012_0004_0032_0032.jpg 1 12 4 32 32
0738_0003_0009_0034_0034.jpg 1 3 9 34 34
0739_0014_0015_0028_0028.jpg 1 14 15 28 28
0740_0020_0016_0024_0024.jpg 1 20 16 24 24
0741_0006_0012_0029_0029.jpg 1 6 12 29 29
0742_0019_0013_0028_0028.jpg 1 19 13 28 28
0743_0005_0002_0028_0028.jpg 1 5 2 28 28
0744_0008_0008_0026_0026.jpg 1 8 8 26 26
0745_0004_0011_0033_0033.jpg 1 4 11 33 33
0746_0012_0006_0032_0032.jpg 1 12 6 32 32
0747_0010_0011_0026_0026.jpg 1 10 11 26 26
0748_0015_0020_0027_0027.jpg 1 15 20 27 27
0749_0019_0011_0028_0028.jpg 1 19 11 28 28
0750_0009_0008_0031_0031.jpg 1 9 8 31 31
0751_0004_0020_0025_0025.jpg 1 4 20 25 25
0752_0003_0009_0031_0031.jpg 1 3 9 31 31
0753_0013_0003_0033_0033.jpg 1 13 3 33 33
0754_0011_0018_0028_0028.jpg 1 11 18 28 28
0755_0004_0007_0027_0027.jpg 1 4 7 27 27
0756_0015_0009_0032_0032.jpg 1 15 9 32 32
0757_0011_0011_0033_0033.jpg 1 11 11 33 33
0758_0021_0003_0024_0024.jpg 1 21 3 24 24
0759_0012_0011_0031_0031.jpg 1 12 11 31 31
0760_0008_0008_0032_0032.jpg 1 8 8 32 32
0761_0003_0016_0030_0030.jpg 1 3 16 30 30
0762_0005_0016_0027_0027.jpg 1 5 16 27 27
0763_0014_0008_0028_0028.jpg 1 14 8 28 28
0764_0007_0020_0027_0027.jpg 1 7 20 27 27
0765_0008_0011_0024_0024.jpg 1 8 11 24 24
0766_0012_0014_0028_0028.jpg 1 12 14 28 28
0767_0010_0007_0026_0026.jpg 1 10 7 26 26
0768_0006_0001_0033_0033.jpg 1 6 1 33 33
0769_0004_0012_0033_0033.jpg 1 4 12 33 33
0770_0006_0005_0033_0033.jpg 1 6 5 33 33
0771_0013_0019_0028_0028.jpg 1 13 19 28 28
0772_0012_0009_0032_0032.jpg 1 12 9 32 32
0773_0010_0014_0033_0033.jpg 1 10 14 33 33
0774_0006_0012_0033_0033.jpg 1 6 12 33 33
0775_0008_0007_0029_0029.jpg 1 8 7 29 29
0776_0006_0008_0033_0033.jpg 1 6 8 33 33
0777_0009_0006_0029_0029.jpg 1 9 6 29 29
0778_0009_0005_0034_0034.jpg 1 9 5 34 34
0779_0007_0013_0027_0027.jpg 1 7 13 27 27
0780_0006_0008_0031_0031.jpg 1 6 8 31 31
0781_0017_0002_0025_0025.jpg 1 17 2 25 25
0782_0004_0013_0030_0030.jpg 1 4 13 30 30
0783_0019_0006_0028_0028.jpg 1 19 6 28 28
0784_0015_0010_0031_0031.jpg 1 15 10 31 31
0785_0007_0010_0029_0029.jpg 1 7 10 29 29
0786_0020_0008_0027_0027.jpg 1 20 8 27 27
0787_0015_0003_0030_0030.jpg 1 15 3 30 30
0788_0011_0014_0029_0029.jpg 1 11 14 29 29
0789_0012_0009_0031_0031.jpg 1 12 9 31 31
0790_0007_0003_0029_0029.jpg 1 7 3 29 29
0791_0004_0004_0034_0034.jpg 1 4 4 34 34
0792_0007_0012_0034_0034.jpg 1 7 12 34 34
0793_0015_0011_0024_0024.jpg 1 15 11 24 24
0794_0021_0021_0025_0025.jpg 1 21 21 25 25
0795_0016_0012_0029_0029.jpg 1 16 12 29 29
0796_0018_0020_0025_0025.jpg 1 18 20 25 25
0797_0008_0003_0024_0024.jpg 1 8 3 24 24
0798_0013_0002_0029_0029.jpg 1 13 2 29 29
0799_0006_0003_0027_0027.jpg 1 6 3 27 27
0800_0014_0016_0028_0028.jpg 1 14 16 28 28
0801_0019_0003_0025_0025.jpg 1 19 3 25 25
0802_0015_0019_0025_0025.jpg 1 15 19 25 25
0803_0008_0008_0025_0025.jpg 1 8 8 25 25
0804_0009_0002_0030_0030.jpg 1 9 2 30 30
0805_0012_0002_0027_0027.jpg 1 12 2 27 27
0806_0015_0019_0028_0028.jpg 1 15 19 28 28
0807_0007_0005_0034_0034.jpg 1 7 5 34 34
0808_0004_0009_0029_0029.jpg 1 4 9 29 29
0809_0006_0004_0033_0033.jpg 1 6 4 33 33
0810_0015_0021_0024_0024.jpg 1 15 21 24 24
0811_0018_0013_0027_0027.jpg 1 18 13 27 27
0812_0006_0002_0031_0031.jpg 1 6 2 31 31
0813_0020_0017_0025_0025.jpg 1 20 17 25 25
0814_0005_0014_0027_0027.jpg 1 5 14 27 27
0815_0003_0017_0026_0026.jpg 1 3 17 26 26
0816_0009_0007_0031_0031.jpg 1 9 7 31 31
0817_0002_0016_0027_0027.jpg 1 2 16 27 27
0818_0003_0004_0032_0032.jpg 1 3 4 32 32
0819_0016_0011_0031_0031.jpg 1 16 11 31 31
0820_0008_0005_0033_0033.jpg 1 8 5 33 33
0821_0005_0016_0026_0026.jpg 1 5 16 26 26
0822_0022_0008_0025_0025.jpg 1 22 8 25 25
0823_0017_0015_0026_0026.jpg 1 17 15 26 26
0824_0014_0003_0033_0033.jpg 1 14 3 33 33
0825_0013_0004_0033_0033.jpg 1 13 4 33 33
0826_0006_0003_0029_0029.jpg 1 6 3 29 29
0827_0016_0009_0025_0025.jpg 1 16 9 25 25
