0001_0005_0006_0029_0029.jpg 1 5 6 29 29
0002_0009_0007_0032_0032.jpg 1 9 7 32 32
0003_0008_0017_0024_0024.jpg 1 8 17 24 24
0004_0006_0009_0029_0029.jpg 1 6 9 29 29
0005_0011_0016_0031_0031.jpg 1 11 16 31 31
0006_0004_0011_0025_0025.jpg 1 4 11 25 25
0007_0012_0015_0028_0028.jpg 1 12 15 28 28
0008_0012_0002_0031_0031.jpg 1 12 2 31 31
0009_0013_0005_0032_0032.jpg 1 13 5 32 32
0010_0020_0002_0026_0026.jpg 1 20 2 26 26
0011_0004_0008_0030_0030.jpg 1 4 8 30 30
0012_0013_0008_0034_0034.jpg 1 13 8 34 34
0013_0005_0010_0028_0028.jpg 1 5 10 28 28
0014_0013_0012_0031_0031.jpg 1 13 12 31 31
0015_0012_0003_0034_0034.jpg 1 12 3 34 34
0016_0008_0014_0029_0029.jpg 1 8 14 29 29
0017_0010_0015_0033_0033.jpg 1 10 15 33 33
0018_0015_0012_0032_0032.jpg 1 15 12 32 32
0019_0009_0006_0030_0030.jpg 1 9 6 30 30
0020_0008_0008_0029_0029.jpg 1 8 8 29 29
0021_0005_0002_0028_0028.jpg 1 5 2 28 28
0022_0004_0004_0027_0027.jpg 1 4 4 27 27
0023_0010_0004_0030_0030.jpg 1 10 4 30 30
0024_0018_0004_0024_0024.jpg 1 18 4 24 24
0025_0011_0006_0032_0032.jpg 1 11 6 32 32
0026_0014_0011_0025_0025.jpg 1 14 11 25 25
0027_0010_0002_0033_0033.jpg 1 10 2 33 33
0028_0002_0006_0027_0027.jpg 1 2 6 27 27
0029_0010_0002_0027_0027.jpg 1 10 2 27 27
0030_0009_0019_0027_0027.jpg 1 9 19 27 27
0031_0004_0006_0030_0030.jpg 1 4 6 30 30
0032_0009_0013_0034_0034.jpg 1 9 13 34 34
0033_0022_0019_0024_0024.jpg 1 22 19 24 24
0034_0003_0018_0029_0029.jpg 1 3 18 29 29
0035_0011_0011_0028_0028.jpg 1 11 11 28 28
0036_0002_0002_0034_0034.jpg 1 2 2 34 34
0037_0007_0007_0028_0028.jpg 1 7 7 28 28
0038_0005_0005_0034_0034.jpg 1 5 5 34 34
0039_0002_0017_0030_0030.jpg 1 2 17 30 30
0040_0010_0014_0033_0033.jpg 1 10 14 33 33
0041_0008_0005_0030_0030.jpg 1 8 5 30 30
0042_0015_0008_0026_0026.jpg 1 15 8 26 26
0043_0005_0016_0026_0026.jpg 1 5 16 26 26
0044_0006_0007_0024_0024.jpg 1 6 7 24 24
0045_0011_0002_0028_0028.jpg 1 11 2 28 28
0046_0018_0006_0024_0024.jpg 1 18 6 24 24
0047_0015_0007_0027_0027.jpg 1 15 7 27 27
0048_0012_0002_0033_0033.jpg 1 12 2 33 33
0049_0013_0012_0033_0033.jpg 1 13 12 33 33
0050_0012_0009_0030_0030.jpg 1 12 9 30 30
0051_0004_0009_0027_0027.jpg 1 4 9 27 27
0052_0013_0008_0032_0032.jpg 1 13 8 32 32
0053_0009_0002_0032_0032.jpg 1 9 2 32 32
0054_0011_0008_0029_0029.jpg 1 11 8 29 29
0055_0012_0009_0033_0033.jpg 1 12 9 33 33
0056_0008_0014_0028_0028.jpg 1 8 14 28 28
0057_0003_0012_0028_0028.jpg 1 3 12 28 28
0058_0016_0014_0031_0031.jpg 1 16 14 31 31
0059_0015_0015_0032_0032.jpg 1 15 15 32 32
0060_0012_0009_0024_0024.jpg 1 12 9 24 24
0061_0008_0013_0025_0025.jpg 1 8 13 25 25
0062_0008_0006_0026_0026.jpg 1 8 6 26 26
0063_0014_0012_0026_0026.jpg 1 14 12 26 26
0064_0006_0002_0029_0029.jpg 1 6 2 29 29
0065_0009_0014_0029_0029.jpg 1 9 14 29 29
0066_0005_0011_0030_0030.jpg 1 5 11 30 30
0067_0011_0009_0033_0033.jpg 1 11 9 33 33
0068_0004_0012_0027_0027.jpg 1 4 12 27 27
0069_0020_0002_0025_0025.jpg 1 20 2 25 25
0070_0013_0020_0024_0024.jpg 1 13 20 24 24
0071_0012_0009_0027_0027.jpg 1 12 9 27 27
0072_0003_0012_0030_0030.jpg 1 3 12 30 30
0073_0013_0007_0030_0030.jpg 1 13 7 30 30
0074_0022_0008_0024_0024.jpg 1 22 8 24 24
0075_0008_0012_0032_0032.jpg 1 8 12 32 32
0076_0011_0006_0030_0030.jpg 1 11 6 30 30
0077_0006_0016_0025_0025.jpg 1 6 16 25 25
0078_0009_0002_0034_0034.jpg 1 9 2 34 34
0079_0009_0005_0025_0025.jpg 1 9 5 25 25
0080_0016_0016_0027_0027.jpg 1 16 16 27 27
0081_0020_0007_0026_0026.jpg 1 20 7 26 26
0082_0002_0016_0028_0028.jpg 1 2 16 28 28
0083_0019_0004_0028_0028.jpg 1 19 4 28 28
0084_0017_0004_0026_0026.jpg 1 17 4 26 26
0085_0014_0007_0033_0033.jpg 1 14 7 33 33
0086_0008_0008_0032_0032.jpg 1 8 8 32 32
0087_0022_0017_0024_0024.jpg 1 22 17 24 24
0088_0010_0004_0031_0031.jpg 1 10 4 31 31
0089_0008_0013_0025_0025.jpg 1 8 13 25 25
0090_0017_0008_0026_0026.jpg 1 17 8 26 26
0091_0015_0019_0026_0026.jpg 1 15 19 26 26
0092_0010_0011_0033_0033.jpg 1 10 11 33 33
0093_0010_0018_0026_0026.jpg 1 10 18 26 26
0094_0015_0014_0027_0027.jpg 1 15 14 27 27
0095_0015_0014_0024_0024.jpg 1 15 14 24 24
0096_0009_0014_0033_0033.jpg 1 9 14 33 33
0097_0003_0004_0032_0032.jpg 1 3 4 32 32
0098_0008_0011_0031_0031.jpg 1 8 11 31 31
0099_0005_0014_0025_0025.jpg 1 5 14 25 25
0100_0007_0011_0032_0032.jpg 1 7 11 32 32
0101_0011_0007_0027_0027.jpg 1 11 7 27 27
0102_0012_0008_0029_0029.jpg 1 12 8 29 29
0103_0018_0002_0024_0024.jpg 1 18 2 24 24
0104_0019_0021_0024_0024.jpg 1 19 21 24 24
0105_0005_0012_0026_0026.jpg 1 5 12 26 26
0106_0007_0008_0033_0033.jpg 1 7 8 33 33
0107_0005_0018_0025_0025.jpg 1 5 18 25 25
0108_0007_0009_0032_0032.jpg 1 7 9 32 32
0109_0007_0010_0028_0028.jpg 1 7 10 28 28
0110_0011_0010_0030_0030.jpg 1 11 10 30 30
0111_0016_0005_0030_0030.jpg 1 16 5 30 30
0112_0009_0003_0031_0031.jpg 1 9 3 31 31
0113_0007_0010_0031_0031.jpg 1 7 10 31 31
0114_0012_0013_0031_0031.jpg 1 12 13 31 31
0115_0006_0010_0028_0028.jpg 1 6 10 28 28
0116_0007_0011_0032_0032.jpg 1 7 11 32 32
0117_0014_0006_0029_0029.jpg 1 14 6 29 29
0118_0008_0008_0026_0026.jpg 1 8 8 26 26
0119_0007_0010_0032_0032.jpg 1 7 10 32 32
0120_0005_0002_0031_0031.jpg 1 5 2 31 31
0121_0003_0013_0034_0034.jpg 1 3 13 34 34
0122_0008_0013_0024_0024.jpg 1 8 13 24 24
0123_0004_0008_0033_0033.jpg 1 4 8 33 33
0124_0008_0016_0031_0031.jpg 1 8 16 31 31
0125_0009_0007_0032_0032.jpg 1 9 7 32 32
0126_0011_0008_0034_0034.jpg 1 11 8 34 34
0127_0008_0010_0031_0031.jpg 1 8 10 31 31
0128_0008_0018_0028_0028.jpg 1 8 18 28 28
0129_0017_0014_0028_0028.jpg 1 17 14 28 28
0130_0009_0010_0024_0024.jpg 1 9 10 24 24
0131_0008_0006_0034_0034.jpg 1 8 6 34 34
0132_0014_0004_0030_0030.jpg 1 14 4 30 30
0133_0002_0013_0031_0031.jpg 1 2 13 31 31
0134_0017_0006_0028_0028.jpg 1 17 6 28 28
0135_0018_0004_0029_0029.jpg 1 18 4 29 29
0136_0012_0011_0033_0033.jpg 1 12 11 33 33
0137_0002_0005_0030_0030.jpg 1 2 5 30 30
0138_0009_0012_0032_0032.jpg 1 9 12 32 32
0139_0010_0011_0030_0030.jpg 1 10 11 30 30
0140_0007_0014_0026_0026.jpg 1 7 14 26 26
0141_0002_0016_0024_0024.jpg 1 2 16 24 24
0142_0007_0011_0033_0033.jpg 1 7 11 33 33
0143_0003_0017_0029_0029.jpg 1 3 17 29 29
0144_0013_0008_0029_0029.jpg 1 13 8 29 29
0145_0013_0013_0029_0029.jpg 1 13 13 29 29
0146_0002_0012_0031_0031.jpg 1 2 12 31 31
0147_0018_0003_0027_0027.jpg 1 18 3 27 27
0148_0016_0021_0025_0025.jpg 1 16 21 25 25
0149_0014_0010_0025_0025.jpg 1 14 10 25 25
0150_0012_0013_0026_0026.jpg 1 12 13 26 26
0151_0016_0005_0030_0030.jpg 1 16 5 30 30
0152_0014_0009_0032_0032.jpg 1 14 9 32 32
0153_0009_0016_0027_0027.jpg 1 9 16 27 27
0154_0005_0012_0034_0034.jpg 1 5 12 34 34
0155_0015_0008_0032_0032.jpg 1 15 8 32 32
0156_0007_0009_0034_0034.jpg 1 7 9 34 34
0157_0014_0005_0032_0032.jpg 1 14 5 32 32
0158_0005_0007_0028_0028.jpg 1 5 7 28 28
0159_0003_0009_0029_0029.jpg 1 3 9 29 29
0160_0011_0015_0029_0029.jpg 1 11 15 29 29
0161_0004_0012_0026_0026.jpg 1 4 12 26 26
0162_0011_0010_0028_0028.jpg 1 11 10 28 28
0163_0014_0003_0033_0033.jpg 1 14 3 33 33
0164_0016_0010_0024_0024.jpg 1 16 10 24 24
0165_0006_0002_0033_0033.jpg 1 6 2 33 33
0166_0017_0013_0025_0025.jpg 1 17 13 25 25
0167_0011_0004_0026_0026.jpg 1 11 4 26 26
0168_0010_0006_0027_0027.jpg 1 10 6 27 27
0169_0011_0005_0029_0029.jpg 1 11 5 29 29
0170_0023_0012_0024_0024.jpg 1 23 12 24 24
0171_0004_0009_0031_0031.jpg 1 4 9 31 31
0172_0009_0006_0025_0025.jpg 1 9 6 25 25
0173_0017_0016_0028_0028.jpg 1 17 16 28 28
0174_0007_0006_0034_0034.jpg 1 7 6 34 34
0175_0005_0014_0031_0031.jpg 1 5 14 31 31
0176_0019_0015_0026_0026.jpg 1 19 15 26 26
0177_0002_0013_0034_0034.jpg 1 2 13 34 34
0178_0002_0002_0033_0033.jpg 1 2 2 33 33
0179_0011_0008_0034_0034.jpg 1 11 8 34 34
0180_0010_0011_0026_0026.jpg 1 10 11 26 26
0181_0013_0007_0034_0034.jpg 1 13 7 34 34
0182_0008_0014_0031_0031.jpg 1 8 14 31 31
0183_0007_0011_0031_0031.jpg 1 7 11 31 31
0184_0004_0009_0032_0032.jpg 1 4 9 32 32
0185_0015_0009_0028_0028.jpg 1 15 9 28 28
0186_0014_0012_0032_0032.jpg 1 14 12 32 32
0187_0012_0009_0031_0031.jpg 1 12 9 31 31
0188_0012_0011_0033_0033.jpg 1 12 11 33 33
0189_0006_0017_0026_0026.jpg 1 6 17 26 26
0190_0006_0009_0029_0029.jpg 1 6 9 29 29
0191_0016_0003_0030_0030.jpg 1 16 3 30 30
0192_0006_0017_0028_0028.jpg 1 6 17 28 28
0193_0011_0004_0030_0030.jpg 1 11 4 30 30
0194_0004_0003_0029_0029.jpg 1 4 3 29 29
0195_0012_0018_0026_0026.jpg 1 12 18 26 26
0196_0009_0007_0029_0029.jpg 1 9 7 29 29
0197_0003_0017_0029_0029.jpg 1 3 17 29 29
0198_0020_0018_0025_0025.jpg 1 20 18 25 25
0199_0015_0017_0024_0024.jpg 1 15 17 24 24
0200_0007_0018_0025_0025.jpg 1 7 18 25 25
0201_0010_0005_0025_0025.jpg 1 10 5 25 25
0202_0003_0015_0027_0027.jpg 1 3 15 27 27
0203_0009_0010_0031_0031.jpg 1 9 10 31 31
0204_0005_0004_0031_0031.jpg 1 5 4 31 31
0205_0007_0009_0031_0031.jpg 1 7 9 31 31
0206_0006_0018_0029_0029.jpg 1 6 18 29 29
0207_0013_0006_0031_0031.jpg 1 13 6 31 31
0208_0004_0002_0033_0033.jpg 1 4 2 33 33
0209_0014_0004_0026_0026.jpg 1 14 4 26 26
0210_0014_0005_0025_0025.jpg 1 14 5 25 25
0211_0010_0012_0032_0032.jpg 1 10 12 32 32
0212_0014_0019_0027_0027.jpg 1 14 19 27 27
0213_0018_0004_0028_0028.jpg 1 18 4 28 28
0214_0013_0008_0029_0029.jpg 1 13 8 29 29
0215_0009_0005_0028_0028.jpg 1 9 5 28 28
0216_0015_0003_0024_0024.jpg 1 15 3 24 24
0217_0007_0007_0031_0031.jpg 1 7 7 31 31
0218_0002_0011_0033_0033.jpg 1 2 11 33 33
0219_0004_0003_0034_0034.jpg 1 4 3 34 34
0220_0018_0012_0026_0026.jpg 1 18 12 26 26
0221_0017_0007_0025_0025.jpg 1 17 7 25 25
0222_0006_0018_0029_0029.jpg 1 6 18 29 29
0223_0004_0008_0034_0034.jpg 1 4 8 34 34
0224_0010_0014_0033_0033.jpg 1 10 14 33 33
0225_0011_0003_0026_0026.jpg 1 11 3 26 26
0226_0013_0007_0033_0033.jpg 1 13 7 33 33
0227_0002_0010_0027_0027.jpg 1 2 10 27 27
0228_0002_0005_0025_0025.jpg 1 2 5 25 25
0229_0011_0007_0034_0034.jpg 1 11 7 34 34
0230_0015_0003_0026_0026.jpg 1 15 3 26 26
0231_0006_0010_0033_0033.jpg 1 6 10 33 33
0232_0011_0002_0033_0033.jpg 1 11 2 33 33
0233_0004_0012_0034_0034.jpg 1 4 12 34 34
0234_0003_0002_0034_0034.jpg 1 3 2 34 34
0235_0017_0017_0030_0030.jpg 1 17 17 30 30
0236_0002_0007_0027_0027.jpg 1 2 7 27 27
0237_0004_0020_0025_0025.jpg 1 4 20 25 25
0238_0002_0005_0030_0030.jpg 1 2 5 30 30
0239_0013_0016_0024_0024.jpg 1 13 16 24 24
0240_0006_0007_0032_0032.jpg 1 6 7 32 32
0241_0019_0002_0028_0028.jpg 1 19 2 28 28
0242_0012_0010_0026_0026.jpg 1 12 10 26 26
0243_0013_0013_0034_0034.jpg 1 13 13 34 34
0244_0008_0003_0032_0032.jpg 1 8 3 32 32
0245_0017_0004_0024_0024.jpg 1 17 4 24 24
0246_0020_0016_0024_0024.jpg 1 20 16 24 24
0247_0004_0007_0033_0033.jpg 1 4 7 33 33
0248_0010_0013_0027_0027.jpg 1 10 13 27 27
0249_0002_0004_0030_0030.jpg 1 2 4 30 30
0250_0010_0007_0031_0031.jpg 1 10 7 31 31
0251_0008_0013_0033_0033.jpg 1 8 13 33 33
0252_0006_0017_0024_0024.jpg 1 6 17 24 24
0253_0002_0015_0031_0031.jpg 1 2 15 31 31
0254_0006_0016_0032_0032.jpg 1 6 16 32 32
0255_0023_0019_0024_0024.jpg 1 23 19 24 24
0256_0019_0003_0028_0028.jpg 1 19 3 28 28
0257_0012_0010_0034_0034.jpg 1 12 10 34 34
0258_0017_0008_0028_0028.jpg 1 17 8 28 28
0259_0021_0007_0026_0026.jpg 1 21 7 26 26
0260_0020_0011_0026_0026.jpg 1 20 11 26 26
0261_0017_0009_0029_0029.jpg 1 17 9 29 29
0262_0008_0016_0026_0026.jpg 1 8 16 26 26
0263_0008_0009_0032_0032.jpg 1 8 9 32 32
0264_0005_0007_0028_0028.jpg 1 5 7 28 28
0265_0016_0010_0030_0030.jpg 1 16 10 30 30
0266_0004_0002_0026_0026.jpg 1 4 2 26 26
0267_0007_0012_0032_0032.jpg 1 7 12 32 32
0268_0006_0008_0028_0028.jpg 1 6 8 28 28
0269_0002_0016_0031_0031.jpg 1 2 16 31 31
0270_0004_0009_0033_0033.jpg 1 4 9 33 33
0271_0016_0018_0024_0024.jpg 1 16 18 24 24
0272_0014_0012_0025_0025.jpg 1 14 12 25 25
0273_0006_0002_0025_0025.jpg 1 6 2 25 25
0274_0010_0005_0027_0027.jpg 1 10 5 27 27
0275_0014_0008_0033_0033.jpg 1 14 8 33 33
0276_0008_0004_0032_0032.jpg 1 8 4 32 32
0277_0010_0013_0032_0032.jpg 1 10 13 32 32
0278_0003_0014_0025_0025.jpg 1 3 14 25 25
0279_0012_0004_0027_0027.jpg 1 12 4 27 27
0280_0006_0007_0033_0033.jpg 1 6 7 33 33
0281_0006_0005_0033_0033.jpg 1 6 5 33 33
0282_0013_0003_0031_0031.jpg 1 13 3 31 31
0283_0011_0016_0029_0029.jpg 1 11 16 29 29
0284_0009_0008_0029_0029.jpg 1 9 8 29 29
0285_0010_0019_0025_0025.jpg 1 10 19 25 25
0286_0015_0006_0029_0029.jpg 1 15 6 29 29
0287_0011_0019_0027_0027.jpg 1 11 19 27 27
0288_0005_0005_0031_0031.jpg 1 5 5 31 31
0289_0016_0010_0028_0028.jpg 1 16 10 28 28
0290_0006_0012_0027_0027.jpg 1 6 12 27 27
0291_0004_0006_0033_0033.jpg 1 4 6 33 33
0292_0005_0011_0030_0030.jpg 1 5 11 30 30
0293_0021_0010_0026_0026.jpg 1 21 10 26 26
0294_0003_0014_0025_0025.jpg 1 3 14 25 25
0295_0003_0016_0028_0028.jpg 1 3 16 28 28
0296_0005_0012_0029_0029.jpg 1 5 12 29 29
0297_0002_0004_0026_0026.jpg 1 2 4 26 26
0298_0011_0008_0025_0025.jpg 1 11 8 25 25
0299_0009_0006_0025_0025.jpg 1 9 6 25 25
0300_0003_0008_0034_0034.jpg 1 3 8 34 34
0301_0002_0011_0032_0032.jpg 1 2 11 32 32
0302_0020_0013_0024_0024.jpg 1 20 13 24 24
0303_0006_0017_0025_0025.jpg 1 6 17 25 25
0304_0017_0015_0030_0030.jpg 1 17 15 30 30
0305_0015_0019_0026_0026.jpg 1 15 19 26 26
0306_0008_0009_0031_0031.jpg 1 8 9 31 31
0307_0010_0016_0032_0032.jpg 1 10 16 32 32
0308_0005_0009_0026_0026.jpg 1 5 9 26 26
0309_0016_0003_0031_0031.jpg 1 16 3 31 31
0310_0012_0017_0028_0028.jpg 1 12 17 28 28
0311_0011_0009_0024_0024.jpg 1 11 9 24 24
0312_0016_0004_0028_0028.jpg 1 16 4 28 28
0313_0015_0002_0025_0025.jpg 1 15 2 25 25
0314_0015_0010_0030_0030.jpg 1 15 10 30 30
0315_0013_0011_0030_0030.jpg 1 13 11 30 30
0316_0002_0014_0030_0030.jpg 1 2 14 30 30
0317_0015_0008_0032_0032.jpg 1 15 8 32 32
0318_0007_0005_0031_0031.jpg 1 7 5 31 31
0319_0018_0004_0027_0027.jpg 1 18 4 27 27
0320_0016_0019_0025_0025.jpg 1 16 19 25 25
0321_0020_0005_0026_0026.jpg 1 20 5 26 26
0322_0008_0014_0029_0029.jpg 1 8 14 29 29
0323_0020_0021_0026_0026.jpg 1 20 21 26 26
0324_0005_0008_0029_0029.jpg 1 5 8 29 29
0325_0001_0009_0033_0033.jpg 1 1 9 33 33
0326_0014_0013_0024_0024.jpg 1 14 13 24 24
0327_0004_0012_0030_0030.jpg 1 4 12 30 30
0328_0007_0021_0025_0025.jpg 1 7 21 25 25
0329_0006_0011_0030_0030.jpg 1 6 11 30 30
0330_0018_0020_0027_0027.jpg 1 18 20 27 27
0331_0019_0014_0026_0026.jpg 1 19 14 26 26
0332_0005_0001_0031_0031.jpg 1 5 1 31 31
0333_0010_0004_0030_0030.jpg 1 10 4 30 30
0334_0007_0005_0029_0029.jpg 1 7 5 29 29
0335_0011_0005_0034_0034.jpg 1 11 5 34 34
0336_0009_0012_0034_0034.jpg 1 9 12 34 34
0337_0011_0011_0032_0032.jpg 1 11 11 32 32
0338_0002_0010_0031_0031.jpg 1 2 10 31 31
0339_0006_0012_0025_0025.jpg 1 6 12 25 25
0340_0014_0015_0026_0026.jpg 1 14 15 26 26
0341_0005_0011_0026_0026.jpg 1 5 11 26 26
0342_0005_0020_0026_0026.jpg 1 5 20 26 26
0343_0005_0016_0024_0024.jpg 1 5 16 24 24
0344_0010_0013_0033_0033.jpg 1 10 13 33 33
0345_0008_0012_0026_0026.jpg 1 8 12 26 26
0346_0011_0015_0031_0031.jpg 1 11 15 31 31
0347_0015_0014_0029_0029.jpg 1 15 14 29 29
0348_0004_0013_0026_0026.jpg 1 4 13 26 26
0349_0002_0003_0030_0030.jpg 1 2 3 30 30
0350_0003_0018_0029_0029.jpg 1 3 18 29 29
0351_0006_0006_0030_0030.jpg 1 6 6 30 30
0352_0009_0007_0033_0033.jpg 1 9 7 33 33
0353_0004_0008_0032_0032.jpg 1 4 8 32 32
0354_0015_0007_0031_0031.jpg 1 15 7 31 31
0355_0012_0008_0034_0034.jpg 1 12 8 34 34
0356_0007_0021_0026_0026.jpg 1 7 21 26 26
0357_0013_0013_0032_0032.jpg 1 13 13 32 32
0358_0014_0009_0031_0031.jpg 1 14 9 31 31
0359_0003_0011_0034_0034.jpg 1 3 11 34 34
0360_0008_0003_0033_0033.jpg 1 8 3 33 33
0361_0004_0018_0026_0026.jpg 1 4 18 26 26
0362_0013_0007_0031_0031.jpg 1 13 7 31 31
0363_0008_0013_0025_0025.jpg 1 8 13 25 25
0364_0018_0005_0027_0027.jpg 1 18 5 27 27
0365_0016_0015_0030_0030.jpg 1 16 15 30 30
0366_0012_0003_0034_0034.jpg 1 12 3 34 34
0367_0014_0015_0025_0025.jpg 1 14 15 25 25
0368_0005_0022_0024_0024.jpg 1 5 22 24 24
0369_0006_0003_0026_0026.jpg 1 6 3 26 26
0370_0007_0007_0034_0034.jpg 1 7 7 34 34
0371_0012_0003_0032_0032.jpg 1 12 3 32 32
0372_0011_0012_0024_0024.jpg 1 11 12 24 24
0373_0002_0002_0031_0031.jpg 1 2 2 31 31
0374_0004_0005_0034_0034.jpg 1 4 5 34 34
0375_0010_0005_0030_0030.jpg 1 10 5 30 30
0376_0005_0015_0029_0029.jpg 1 5 15 29 29
0377_0010_0016_0031_0031.jpg 1 10 16 31 31
0378_0005_0007_0030_0030.jpg 1 5 7 30 30
0379_0006_0022_0024_0024.jpg 1 6 22 24 24
0380_0009_0016_0030_0030.jpg 1 9 16 30 30
0381_0010_0018_0025_0025.jpg 1 10 18 25 25
0382_0011_0009_0029_0029.jpg 1 11 9 29 29
0383_0012_0002_0034_0034.jpg 1 12 2 34 34
0384_0016_0009_0029_0029.jpg 1 16 9 29 29
0385_0008_0022_0024_0024.jpg 1 8 22 24 24
0386_0014_0005_0030_0030.jpg 1 14 5 30 30
0387_0004_0006_0031_0031.jpg 1 4 6 31 31
0388_0002_0014_0025_0025.jpg 1 2 14 25 25
0389_0005_0003_0034_0034.jpg 1 5 3 34 34
0390_0002_0005_0033_0033.jpg 1 2 5 33 33
0391_0005_0006_0034_0034.jpg 1 5 6 34 34
0392_0005_0003_0025_0025.jpg 1 5 3 25 25
0393_0008_0014_0026_0026.jpg 1 8 14 26 26
0394_0007_0019_0028_0028.jpg 1 7 19 28 28
0395_0016_0008_0031_0031.jpg 1 16 8 31 31
0396_0003_0007_0026_0026.jpg 1 3 7 26 26
0397_0012_0008_0025_0025.jpg 1 12 8 25 25
0398_0004_0014_0032_0032.jpg 1 4 14 32 32
0399_0007_0012_0034_0034.jpg 1 7 12 34 34
0400_0018_0009_0026_0026.jpg 1 18 9 26 26
0401_0018_0005_0027_0027.jpg 1 18 5 27 27
0402_0013_0006_0030_0030.jpg 1 13 6 30 30
0403_0009_0005_0026_0026.jpg 1 9 5 26 26
0404_0013_0014_0027_0027.jpg 1 13 14 27 27
0405_0016_0021_0026_0026.jpg 1 16 21 26 26
0406_0008_0010_0026_0026.jpg 1 8 10 26 26
0407_0013_0012_0024_0024.jpg 1 13 12 24 24
0408_0006_0005_0032_0032.jpg 1 6 5 32 32
0409_0010_0003_0031_0031.jpg 1 10 3 31 31
0410_0019_0018_0024_0024.jpg 1 19 18 24 24
0411_0002_0004_0026_0026.jpg 1 2 4 26 26
0412_0013_0007_0034_0034.jpg 1 13 7 34 34
0413_0022_0021_0024_0024.jpg 1 22 21 24 24
0414_0020_0004_0025_0025.jpg 1 20 4 25 25
0415_0018_0004_0028_0028.jpg 1 18 4 28 28
0416_0011_0002_0028_0028.jpg 1 11 2 28 28
0417_0014_0016_0027_0027.jpg 1 14 16 27 27
0418_0011_0011_0030_0030.jpg 1 11 11 30 30
0419_0003_0004_0034_0034.jpg 1 3 4 34 34
0420_0012_0004_0032_0032.jpg 1 12 4 32 32
0421_0007_0015_0030_0030.jpg 1 7 15 30 30
0422_0002_0008_0029_0029.jpg 1 2 8 29 29
0423_0006_0014_0030_0030.jpg 1 6 14 30 30
0424_0003_0018_0028_0028.jpg 1 3 18 28 28
0425_0018_0006_0029_0029.jpg 1 18 6 29 29
0426_0007_0005_0029_0029.jpg 1 7 5 29 29
0427_0004_0001_0034_0034.jpg 1 4 1 34 34
0428_0016_0010_0029_0029.jpg 1 16 10 29 29
0429_0010_0011_0034_0034.jpg 1 10 11 34 34
0430_0004_0008_0034_0034.jpg 1 4 8 34 34
0431_0016_0008_0031_0031.jpg 1 16 8 31 31
0432_0011_0019_0027_0027.jpg 1 11 19 27 27
0433_0013_0012_0027_0027.jpg 1 13 12 27 27
0434_0006_0014_0029_0029.jpg 1 6 14 29 29
0435_0008_0009_0024_0024.jpg 1 8 9 24 24
0436_0005_0013_0031_0031.jpg 1 5 13 31 31
0437_0007_0017_0027_0027.jpg 1 7 17 27 27
0438_0004_0006_0033_0033.jpg 1 4 6 33 33
0439_0002_0012_0026_0026.jpg 1 2 12 26 26
0440_0009_0006_0032_0032.jpg 1 9 6 32 32
0441_0007_0010_0029_0029.jpg 1 7 10 29 29
0442_0022_0007_0025_0025.jpg 1 22 7 25 25
0443_0006_0019_0025_0025.jpg 1 6 19 25 25
0444_0006_0008_0034_0034.jpg 1 6 8 34 34
0445_0003_0014_0024_0024.jpg 1 3 14 24 24
0446_0012_0004_0024_0024.jpg 1 12 4 24 24
0447_0006_0009_0034_0034.jpg 1 6 9 34 34
0448_0011_0004_0034_0034.jpg 1 11 4 34 34
0449_0013_0015_0033_0033.jpg 1 13 15 33 33
0450_0018_0004_0029_0029.jpg 1 18 4 29 29
0451_0017_0013_0028_0028.jpg 1 17 13 28 28
0452_0002_0016_0027_0027.jpg 1 2 16 27 27
0453_0013_0013_0034_0034.jpg 1 13 13 34 34
0454_0005_0004_0034_0034.jpg 1 5 4 34 34
0455_0004_0003_0034_0034.jpg 1 4 3 34 34
0456_0005_0016_0030_0030.jpg 1 5 16 30 30
0457_0011_0007_0027_0027.jpg 1 11 7 27 27
0458_0003_0005_0028_0028.jpg 1 3 5 28 28
0459_0011_0013_0029_0029.jpg 1 11 13 29 29
0460_0006_0019_0025_0025.jpg 1 6 19 25 25
0461_0010_0006_0033_0033.jpg 1 10 6 33 33
0462_0009_0011_0025_0025.jpg 1 9 11 25 25
0463_0014_0011_0026_0026.jpg 1 14 11 26 26
0464_0012_0010_0024_0024.jpg 1 12 10 24 24
0465_0010_0010_0029_0029.jpg 1 10 10 29 29
0466_0019_0016_0028_0028.jpg 1 19 16 28 28
0467_0013_0005_0026_0026.jpg 1 13 5 26 26
0468_0007_0009_0026_0026.jpg 1 7 9 26 26
0469_0006_0016_0026_0026.jpg 1 6 16 26 26
0470_0007_0007_0033_0033.jpg 1 7 7 33 33
0471_0014_0015_0031_0031.jpg 1 14 15 31 31
0472_0005_0019_0025_0025.jpg 1 5 19 25 25
0473_0016_0020_0026_0026.jpg 1 16 20 26 26
0474_0011_0004_0032_0032.jpg 1 11 4 32 32
0475_0012_0002_0034_0034.jpg 1 12 2 34 34
0476_0010_0012_0034_0034.jpg 1 10 12 34 34
0477_0005_0006_0026_0026.jpg 1 5 6 26 26
0478_0012_0013_0031_0031.jpg 1 12 13 31 31
0479_0004_0017_0030_0030.jpg 1 4 17 30 30
0480_0006_0002_0030_0030.jpg 1 6 2 30 30
0481_0007_0001_0032_0032.jpg 1 7 1 32 32
0482_0004_0016_0031_0031.jpg 1 4 16 31 31
0483_0006_0007_0032_0032.jpg 1 6 7 32 32
0484_0017_0011_0029_0029.jpg 1 17 11 29 29
0485_0009_0012_0030_0030.jpg 1 9 12 30 30
0486_0011_0014_0030_0030.jpg 1 11 14 30 30
0487_0013_0007_0034_0034.jpg 1 13 7 34 34
0488_0008_0009_0033_0033.jpg 1 8 9 33 33
0489_0008_0009_0033_0033.jpg 1 8 9 33 33
0490_0010_0011_0029_0029.jpg 1 10 11 29 29
0491_0009_0012_0027_0027.jpg 1 9 12 27 27
0492_0004_0011_0034_0034.jpg 1 4 11 34 34
0493_0016_0019_0025_0025.jpg 1 16 19 25 25
0494_0020_0017_0026_0026.jpg 1 20 17 26 26
0495_0012_0007_0031_0031.jpg 1 12 7 31 31
0496_0003_0005_0031_0031.jpg 1 3 5 31 31
0497_0014_0011_0031_0031.jpg 1 14 11 31 31
0498_0016_0017_0027_0027.jpg 1 16 17 27 27
0499_0007_0003_0028_0028.jpg 1 7 3 28 28
0500_0002_0002_0029_0029.jpg 1 2 2 29 29
0501_0009_0020_0024_0024.jpg 1 9 20 24 24
0502_0003_0013_0029_0029.jpg 1 3 13 29 29
0503_0003_0010_0027_0027.jpg 1 3 10 27 27
0504_0007_0008_0028_0028.jpg 1 7 8 28 28
0505_0013_0018_0027_0027.jpg 1 13 18 27 27
0506_0002_0014_0030_0030.jpg 1 2 14 30 30
0507_0018_0016_0026_0026.jpg 1 18 16 26 26
0508_0015_0011_0028_0028.jpg 1 15 11 28 28
0509_0016_0008_0027_0027.jpg 1 16 8 27 27
0510_0015_0012_0029_0029.jpg 1 15 12 29 29
0511_0011_0002_0029_0029.jpg 1 11 2 29 29
0512_0006_0019_0025_0025.jpg 1 6 19 25 25
0513_0009_0011_0028_0028.jpg 1 9 11 28 28
0514_0015_0003_0032_0032.jpg 1 15 3 32 32
0515_0010_0007_0025_0025.jpg 1 10 7 25 25
0516_0006_0010_0027_0027.jpg 1 6 10 27 27
0517_0009_0016_0028_0028.jpg 1 9 16 28 28
0518_0012_0008_0032_0032.jpg 1 12 8 32 32
0519_0011_0003_0030_0030.jpg 1 11 3 30 30
0520_0004_0014_0025_0025.jpg 1 4 14 25 25
0521_0011_0005_0028_0028.jpg 1 11 5 28 28
0522_0013_0016_0025_0025.jpg 1 13 16 25 25
0523_0011_0005_0034_0034.jpg 1 11 5 34 34
0524_0012_0009_0033_0033.jpg 1 12 9 33 33
0525_0012_0003_0030_0030.jpg 1 12 3 30 30
0526_0009_0013_0027_0027.jpg 1 9 13 27 27
0527_0011_0012_0031_0031.jpg 1 11 12 31 31
0528_0005_0009_0033_0033.jpg 1 5 9 33 33
0529_0004_0013_0028_0028.jpg 1 4 13 28 28
0530_0020_0006_0024_0024.jpg 1 20 6 24 24
0531_0002_0004_0028_0028.jpg 1 2 4 28 28
0532_0005_0020_0027_0027.jpg 1 5 20 27 27
0533_0005_0010_0026_0026.jpg 1 5 10 26 26
0534_0003_0002_0031_0031.jpg 1 3 2 31 31
0535_0003_0008_0030_0030.jpg 1 3 8 30 30
0536_0012_0011_0032_0032.jpg 1 12 11 32 32
0537_0016_0004_0028_0028.jpg 1 16 4 28 28
0538_0006_0008_0031_0031.jpg 1 6 8 31 31
0539_0015_0015_0031_0031.jpg 1 15 15 31 31
0540_0005_0011_0032_0032.jpg 1 5 11 32 32
0541_0006_0010_0026_0026.jpg 1 6 10 26 26
0542_0005_0019_0024_0024.jpg 1 5 19 24 24
0543_0011_0003_0034_0034.jpg 1 11 3 34 34
0544_0013_0014_0025_0025.jpg 1 13 14 25 25
0545_0015_0003_0024_0024.jpg 1 15 3 24 24
0546_0014_0011_0025_0025.jpg 1 14 11 25 25
0547_0002_0014_0033_0033.jpg 1 2 14 33 33
0548_0013_0014_0032_0032.jpg 1 13 14 32 32
0549_0016_0021_0024_0024.jpg 1 16 21 24 24
0550_0008_0002_0033_0033.jpg 1 8 2 33 33
0551_0010_0005_0024_0024.jpg 1 10 5 24 24
0552_0012_0006_0026_0026.jpg 1 12 6 26 26
0553_0002_0004_0032_0032.jpg 1 2 4 32 32
0554_0005_0010_0029_0029.jpg 1 5 10 29 29
0555_0021_0015_0026_0026.jpg 1 21 15 26 26
0556_0014_0001_0033_0033.jpg 1 14 1 33 33
0557_0009_0006_0033_0033.jpg 1 9 6 33 33
0558_0012_0003_0034_0034.jpg 1 12 3 34 34
0559_0010_0009_0031_0031.jpg 1 10 9 31 31
0560_0010_0015_0032_0032.jpg 1 10 15 32 32
0561_0009_0011_0031_0031.jpg 1 9 11 31 31
0562_0014_0008_0033_0033.jpg 1 14 8 33 33
0563_0014_0006_0026_0026.jpg 1 14 6 26 26
0564_0005_0013_0031_0031.jpg 1 5 13 31 31
0565_0002_0005_0026_0026.jpg 1 2 5 26 26
0566_0014_0014_0033_0033.jpg 1 14 14 33 33
0567_0006_0011_0025_0025.jpg 1 6 11 25 25
0568_0011_0005_0025_0025.jpg 1 11 5 25 25
0569_0006_0008_0032_0032.jpg 1 6 8 32 32
0570_0003_0002_0033_0033.jpg 1 3 2 33 33
0571_0012_0004_0025_0025.jpg 1 12 4 25 25
0572_0009_0013_0033_0033.jpg 1 9 13 33 33
0573_0014_0007_0025_0025.jpg 1 14 7 25 25
0574_0009_0007_0030_0030.jpg 1 9 7 30 30
0575_0011_0015_0032_0032.jpg 1 11 15 32 32
0576_0008_0004_0028_0028.jpg 1 8 4 28 28
0577_0015_0004_0030_0030.jpg 1 15 4 30 30
0578_0002_0013_0027_0027.jpg 1 2 13 27 27
0579_0011_0014_0028_0028.jpg 1 11 14 28 28
0580_0019_0018_0028_0028.jpg 1 19 18 28 28
0581_0013_0012_0029_0029.jpg 1 13 12 29 29
0582_0004_0015_0031_0031.jpg 1 4 15 31 31
0583_0012_0004_0032_0032.jpg 1 12 4 32 32
0584_0016_0019_0024_0024.jpg 1 16 19 24 24
0585_0004_0004_0025_0025.jpg 1 4 4 25 25
0586_0010_0012_0032_0032.jpg 1 10 12 32 32
0587_0013_0008_0030_0030.jpg 1 13 8 30 30
0588_0017_0002_0030_0030.jpg 1 17 2 30 30
0589_0010_0014_0032_0032.jpg 1 10 14 32 32
0590_0013_0005_0032_0032.jpg 1 13 5 32 32
0591_0001_0003_0034_0034.jpg 1 1 3 34 34
0592_0011_0007_0029_0029.jpg 1 11 7 29 29
0593_0013_0016_0025_0025.jpg 1 13 16 25 25
0594_0006_0014_0024_0024.jpg 1 6 14 24 24
0595_0016_0015_0029_0029.jpg 1 16 15 29 29
0596_0004_0010_0030_0030.jpg 1 4 10 30 30
0597_0010_0017_0027_0027.jpg 1 10 17 27 27
0598_0010_0005_0032_0032.jpg 1 10 5 32 32
0599_0012_0016_0031_0031.jpg 1 12 16 31 31
0600_0011_0007_0026_0026.jpg 1 11 7 26 26
0601_0002_0012_0029_0029.jpg 1 2 12 29 29
0602_0007_0014_0033_0033.jpg 1 7 14 33 33
0603_0013_0010_0024_0024.jpg 1 13 10 24 24
0604_0002_0019_0028_0028.jpg 1 2 19 28 28
0605_0013_0013_0032_0032.jpg 1 13 13 32 32
0606_0005_0008_0033_0033.jpg 1 5 8 33 33
0607_0009_0006_0033_0033.jpg 1 9 6 33 33
0608_0013_0003_0034_0034.jpg 1 13 3 34 34
0609_0004_0008_0033_0033.jpg 1 4 8 33 33
0610_0011_0014_0033_0033.jpg 1 11 14 33 33
0611_0018_0019_0027_0027.jpg 1 18 19 27 27
0612_0011_0006_0027_0027.jpg 1 11 6 27 27
0613_0005_0005_0032_0032.jpg 1 5 5 32 32
0614_0016_0010_0027_0027.jpg 1 16 10 27 27
0615_0020_0003_0025_0025.jpg 1 20 3 25 25
0616_0007_0003_0026_0026.jpg 1 7 3 26 26
0617_0018_0014_0028_0028.jpg 1 18 14 28 28
0618_0010_0016_0025_0025.jpg 1 10 16 25 25
0619_0021_0021_0025_0025.jpg 1 21 21 25 25
0620_0020_0016_0025_0025.jpg 1 20 16 25 25
0621_0022_0012_0024_0024.jpg 1 22 12 24 24
0622_0009_0010_0034_0034.jpg 1 9 10 34 34
0623_0005_0012_0030_0030.jpg 1 5 12 30 30
0624_0003_0004_0030_0030.jpg 1 3 4 30 30
0625_0003_0010_0033_0033.jpg 1 3 10 33 33
0626_0004_0008_0030_0030.jpg 1 4 8 30 30
0627_0010_0004_0033_0033.jpg 1 10 4 33 33
0628_0013_0002_0032_0032.jpg 1 13 2 32 32
0629_0019_0004_0025_0025.jpg 1 19 4 25 25
0630_0017_0015_0024_0024.jpg 1 17 15 24 24
0631_0005_0007_0025_0025.jpg 1 5 7 25 25
0632_0005_0006_0034_0034.jpg 1 5 6 34 34
0633_0005_0016_0032_0032.jpg 1 5 16 32 32
0634_0010_0006_0033_0033.jpg 1 10 6 33 33
0635_0012_0017_0029_0029.jpg 1 12 17 29 29
0636_0013_0017_0028_0028.jpg 1 13 17 28 28
0637_0017_0012_0024_0024.jpg 1 17 12 24 24
0638_0003_0007_0028_0028.jpg 1 3 7 28 28
0639_0007_0004_0032_0032.jpg 1 7 4 32 32
0640_0020_0021_0025_0025.jpg 1 20 21 25 25
0641_0011_0013_0030_0030.jpg 1 11 13 30 30
0642_0011_0021_0025_0025.jpg 1 11 21 25 25
0643_0013_0011_0033_0033.jpg 1 13 11 33 33
0644_0013_0010_0034_0034.jpg 1 13 10 34 34
0645_0005_0011_0031_0031.jpg 1 5 11 31 31
0646_0013_0009_0034_0034.jpg 1 13 9 34 34
0647_0003_0014_0024_0024.jpg 1 3 14 24 24
0648_0006_0008_0024_0024.jpg 1 6 8 24 24
0649_0017_0010_0026_0026.jpg 1 17 10 26 26
0650_0013_0022_0024_0024.jpg 1 13 22 24 24
0651_0005_0004_0032_0032.jpg 1 5 4 32 32
0652_0007_0014_0033_0033.jpg 1 7 14 33 33
0653_0014_0011_0034_0034.jpg 1 14 11 34 34
0654_0004_0016_0028_0028.jpg 1 4 16 28 28
0655_0012_0008_0031_0031.jpg 1 12 8 31 31
0656_0003_0001_0033_0033.jpg 1 3 1 33 33
0657_0009_0014_0034_0034.jpg 1 9 14 34 34
0658_0019_0013_0026_0026.jpg 1 19 13 26 26
0659_0007_0008_0028_0028.jpg 1 7 8 28 28
0660_0008_0019_0027_0027.jpg 1 8 19 27 27
0661_0006_0009_0030_0030.jpg 1 6 9 30 30
0662_0006_0018_0028_0028.jpg 1 6 18 28 28
0663_0008_0002_0033_0033.jpg 1 8 2 33 33
0664_0002_0010_0032_0032.jpg 1 2 10 32 32
0665_0011_0007_0034_0034.jpg 1 11 7 34 34
0666_0009_0004_0028_0028.jpg 1 9 4 28 28
0667_0011_0014_0030_0030.jpg 1 11 14 30 30
0668_0002_0009_0027_0027.jpg 1 2 9 27 27
0669_0003_0016_0031_0031.jpg 1 3 16 31 31
0670_0012_0013_0026_0026.jpg 1 12 13 26 26
0671_0014_0007_0030_0030.jpg 1 14 7 30 30
0672_0009_0005_0034_0034.jpg 1 9 5 34 34
0673_0015_0007_0026_0026.jpg 1 15 7 26 26
0674_0016_0018_0029_0029.jpg 1 16 18 29 29
0675_0009_0002_0029_0029.jpg 1 9 2 29 29
0676_0012_0015_0027_0027.jpg 1 12 15 27 27
0677_0015_0014_0030_0030.jpg 1 15 14 30 30
0678_0014_0006_0030_0030.jpg 1 14 6 30 30
0679_0012_0017_0028_0028.jpg 1 12 17 28 28
0680_0003_0002_0034_0034.jpg 1 3 2 34 34
0681_0008_0016_0032_0032.jpg 1 8 16 32 32
0682_0009_0010_0033_0033.jpg 1 9 10 33 33
0683_0017_0004_0027_0027.jpg 1 17 4 27 27
0684_0015_0013_0028_0028.jpg 1 15 13 28 28
0685_0011_0014_0026_0026.jpg 1 11 14 26 26
0686_0003_0007_0030_0030.jpg 1 3 7 30 30
0687_0017_0004_0030_0030.jpg 1 17 4 30 30
0688_0016_0019_0028_0028.jpg 1 16 19 28 28
0689_0018_0011_0029_0029.jpg 1 18 11 29 29
0690_0014_0004_0029_0029.jpg 1 14 4 29 29
0691_0002_0005_0027_0027.jpg 1 2 5 27 27
0692_0011_0019_0024_0024.jpg 1 11 19 24 24
0693_0008_0016_0031_0031.jpg 1 8 16 31 31
0694_0012_0006_0031_0031.jpg 1 12 6 31 31
0695_0005_0014_0032_0032.jpg 1 5 14 32 32
0696_0009_0021_0026_0026.jpg 1 9 21 26 26
0697_0006_0018_0029_0029.jpg 1 6 18 29 29
0698_0014_0008_0029_0029.jpg 1 14 8 29 29
0699_0012_0003_0034_0034.jpg 1 12 3 34 34
0700_0003_0010_0029_0029.jpg 1 3 10 29 29
0701_0012_0019_0026_0026.jpg 1 12 19 26 26
0702_0015_0013_0030_0030.jpg 1 15 13 30 30
0703_0015_0012_0032_0032.jpg 1 15 12 32 32
0704_0014_0006_0024_0024.jpg 1 14 6 24 24
0705_0014_0011_0034_0034.jpg 1 14 11 34 34
0706_0012_0010_0034_0034.jpg 1 12 10 34 34
0707_0015_0015_0024_0024.jpg 1 15 15 24 24
0708_0013_0011_0034_0034.jpg 1 13 11 34 34
0709_0016_0015_0030_0030.jpg 1 16 15 30 30
0710_0017_0015_0024_0024.jpg 1 17 15 24 24
0711_0013_0015_0032_0032.jpg 1 13 15 32 32
0712_0006_0011_0034_0034.jpg 1 6 11 34 34
0713_0015_0017_0030_0030.jpg 1 15 17 30 30
0714_0006_0009_0034_0034.jpg 1 6 9 34 34
0715_0014_0014_0029_0029.jpg 1 14 14 29 29
0716_0008_0016_0025_0025.jpg 1 8 16 25 25
0717_0007_0008_0025_0025.jpg 1 7 8 25 25
0718_0004_0014_0032_0032.jpg 1 4 14 32 32
0719_0005_0015_0028_0028.jpg 1 5 15 28 28
0720_0013_0017_0029_0029.jpg 1 13 17 29 29
0721_0014_0005_0033_0033.jpg 1 14 5 33 33
0722_0012_0007_0024_0024.jpg 1 12 7 24 24
0723_0007_0013_0034_0034.jpg 1 7 13 34 34
0724_0011_0009_0032_0032.jpg 1 11 9 32 32
0725_0011_0010_0032_0032.jpg 1 11 10 32 32
0726_0010_0013_0029_0029.jpg 1 10 13 29 29
0727_0009_0010_0025_0025.jpg 1 9 10 25 25
0728_0014_0006_0034_0034.jpg 1 14 6 34 34
0729_0017_0012_0028_0028.jpg 1 17 12 28 28
0730_0009_0008_0031_0031.jpg 1 9 8 31 31
0731_0009_0008_0031_0031.jpg 1 9 8 31 31
0732_0007_0013_0030_0030.jpg 1 7 13 30 30
0733_0007_0014_0031_0031.jpg 1 7 14 31 31
0734_0002_0006_0034_0034.jpg 1 2 6 34 34
0735_0014_0018_0028_0028.jpg 1 14 18 28 28
0736_0011_0003_0032_0032.jpg 1 11 3 32 32
0737_0017_0012_0025_0025.jpg 1 17 12 25 25
0738_0016_0015_0024_0024.jpg 1 16 15 24 24
0739_0005_0013_0033_0033.jpg 1 5 13 33 33
0740_0001_0001_0034_0034.jpg 1 1 1 34 34
0741_0006_0006_0030_0030.jpg 1 6 6 30 30
0742_0016_0003_0024_0024.jpg 1 16 3 24 24
0743_0018_0002_0028_0028.jpg 1 18 2 28 28
0744_0006_0018_0027_0027.jpg 1 6 18 27 27
0745_0002_0008_0030_0030.jpg 1 2 8 30 30
0746_0009_0013_0025_0025.jpg 1 9 13 25 25
0747_0003_0002_0028_0028.jpg 1 3 2 28 28
0748_0014_0010_0028_0028.jpg 1 14 10 28 28
0749_0006_0003_0029_0029.jpg 1 6 3 29 29
0750_0004_0011_0034_0034.jpg 1 4 11 34 34
0751_0011_0015_0024_0024.jpg 1 11 15 24 24
0752_0004_0012_0027_0027.jpg 1 4 12 27 27
0753_0005_0003_0024_0024.jpg 1 5 3 24 24
0754_0006_0008_0027_0027.jpg 1 6 8 27 27
0755_0019_0017_0025_0025.jpg 1 19 17 25 25
0756_0008_0011_0026_0026.jpg 1 8 11 26 26
0757_0008_0009_0033_0033.jpg 1 8 9 33 33
0758_0011_0002_0033_0033.jpg 1 11 2 33 33
0759_0017_0010_0025_0025.jpg 1 17 10 25 25
0760_0014_0010_0027_0027.jpg 1 14 10 27 27
0761_0015_0004_0033_0033.jpg 1 15 4 33 33
0762_0007_0011_0033_0033.jpg 1 7 11 33 33
0763_0005_0002_0029_0029.jpg 1 5 2 29 29
0764_0011_0013_0029_0029.jpg 1 11 13 29 29
0765_0006_0010_0034_0034.jpg 1 6 10 34 34
0766_0015_0007_0032_0032.jpg 1 15 7 32 32
0767_0007_0002_0032_0032.jpg 1 7 2 32 32
0768_0007_0009_0031_0031.jpg 1 7 9 31 31
0769_0007_0012_0033_0033.jpg 1 7 12 33 33
0770_0004_0020_0027_0027.jpg 1 4 20 27 27
0771_0007_0010_0032_0032.jpg 1 7 10 32 32
0772_0004_0002_0029_0029.jpg 1 4 2 29 29
0773_0008_0010_0033_0033.jpg 1 8 10 33 33
0774_0009_0020_0026_0026.jpg 1 9 20 26 26
0775_0004_0010_0030_0030.jpg 1 4 10 30 30
0776_0008_0009_0029_0029.jpg 1 8 9 29 29
0777_0004_0012_0031_0031.jpg 1 4 12 31 31
0778_0015_0002_0030_0030.jpg 1 15 2 30 30
0779_0018_0010_0028_0028.jpg 1 18 10 28 28
0780_0007_0005_0025_0025.jpg 1 7 5 25 25
0781_0008_0006_0030_0030.jpg 1 8 6 30 30
0782_0010_0011_0030_0030.jpg 1 10 11 30 30
0783_0012_0009_0024_0024.jpg 1 12 9 24 24
0784_0013_0002_0031_0031.jpg 1 13 2 31 31
0785_0008_0022_0024_0024.jpg 1 8 22 24 24
0786_0013_0003_0027_0027.jpg 1 13 3 27 27
0787_0004_0010_0033_0033.jpg 1 4 10 33 33
0788_0012_0015_0031_0031.jpg 1 12 15 31 31
0789_0015_0018_0028_0028.jpg 1 15 18 28 28
0790_0013_0013_0031_0031.jpg 1 13 13 31 31
0791_0012_0008_0033_0033.jpg 1 12 8 33 33
0792_0016_0009_0024_0024.jpg 1 16 9 24 24
0793_0002_0016_0026_0026.jpg 1 2 16 26 26
0794_0015_0015_0030_0030.jpg 1 15 15 30 30
0795_0005_0007_0030_0030.jpg 1 5 7 30 30
0796_0012_0002_0034_0034.jpg 1 12 2 34 34
0797_0005_0020_0026_0026.jpg 1 5 20 26 26
0798_0013_0008_0033_0033.jpg 1 13 8 33 33
0799_0005_0020_0024_0024.jpg 1 5 20 24 24
0800_0009_0011_0033_0033.jpg 1 9 11 33 33
0801_0012_0013_0032_0032.jpg 1 12 13 32 32
0802_0014_0021_0025_0025.jpg 1 14 21 25 25
0803_0016_0018_0025_0025.jpg 1 16 18 25 25
0804_0004_0012_0028_0028.jpg 1 4 12 28 28
0805_0020_0012_0025_0025.jpg 1 20 12 25 25
0806_0010_0007_0034_0034.jpg 1 10 7 34 34
0807_0010_0015_0032_0032.jpg 1 10 15 32 32
0808_0019_0005_0027_0027.jpg 1 19 5 27 27
0809_0008_0004_0033_0033.jpg 1 8 4 33 33
0810_0005_0009_0032_0032.jpg 1 5 9 32 32
0811_0016_0004_0026_0026.jpg 1 16 4 26 26
0812_0007_0012_0032_0032.jpg 1 7 12 32 32
0813_0003_0018_0029_0029.jpg 1 3 18 29 29
0814_0015_0011_0030_0030.jpg 1 15 11 30 30
0815_0008_0002_0031_0031.jpg 1 8 2 31 31
0816_0009_0010_0031_0031.jpg 1 9 10 31 31
0817_0016_0014_0027_0027.jpg 1 16 14 27 27
0818_0021_0016_0024_0024.jpg 1 21 16 24 24
0819_0008_0004_0032_0032.jpg 1 8 4 32 32
0820_0009_0007_0026_0026.jpg 1 9 7 26 26
0821_0010_0006_0032_0032.jpg 1 10 6 32 32
0822_0021_0013_0025_0025.jpg 1 21 13 25 25
0823_0015_0011_0030_0030.jpg 1 15 11 30 30
0824_0013_0005_0024_0024.jpg 1 13 5 24 24
0825_0012_0009_0032_0032.jpg 1 12 9 32 32
0826_0005_0014_0025_0025.jpg 1 5 14 25 25
0827_0008_0004_0034_0034.jpg 1 8 4 34 34
