0001_0008_0009_0030_0030.jpg 1 8 9 30 30
0002_0012_0019_0026_0026.jpg 1 12 19 26 26
0003_0015_0013_0024_0024.jpg 1 15 13 24 24
0004_0012_0001_0033_0033.jpg 1 12 1 33 33
0005_0016_0012_0028_0028.jpg 1 16 12 28 28
0006_0010_0017_0029_0029.jpg 1 10 17 29 29
0007_0007_0004_0025_0025.jpg 1 7 4 25 25
0008_0004_0015_0027_0027.jpg 1 4 15 27 27
0009_0013_0005_0033_0033.jpg 1 13 5 33 33
0010_0019_0008_0024_0024.jpg 1 19 8 24 24
0011_0013_0022_0025_0025.jpg 1 13 22 25 25
0012_0014_0011_0032_0032.jpg 1 14 11 32 32
0013_0014_0004_0029_0029.jpg 1 14 4 29 29
0014_0009_0006_0027_0027.jpg 1 9 6 27 27
0015_0011_0003_0026_0026.jpg 1 11 3 26 26
0016_0004_0007_0034_0034.jpg 1 4 7 34 34
0017_0013_0002_0033_0033.jpg 1 13 2 33 33
0018_0013_0008_0033_0033.jpg 1 13 8 33 33
0019_0014_0002_0032_0032.jpg 1 14 2 32 32
0020_0009_0006_0024_0024.jpg 1 9 6 24 24
0021_0019_0007_0026_0026.jpg 1 19 7 26 26
0022_0014_0013_0028_0028.jpg 1 14 13 28 28
0023_0010_0015_0031_0031.jpg 1 10 15 31 31
0024_0013_0009_0033_0033.jpg 1 13 9 33 33
0025_0018_0013_0024_0024.jpg 1 18 13 24 24
0026_0011_0006_0031_0031.jpg 1 11 6 31 31
0027_0005_0008_0033_0033.jpg 1 5 8 33 33
0028_0003_0007_0033_0033.jpg 1 3 7 33 33
0029_0004_0008_0024_0024.jpg 1 4 8 24 24
0030_0015_0002_0031_0031.jpg 1 15 2 31 31
0031_0020_0009_0027_0027.jpg 1 20 9 27 27
0032_0018_0019_0024_0024.jpg 1 18 19 24 24
0033_0012_0017_0026_0026.jpg 1 12 17 26 26
0034_0012_0007_0028_0028.jpg 1 12 7 28 28
0035_0005_0018_0025_0025.jpg 1 5 18 25 25
0036_0008_0014_0033_0033.jpg 1 8 14 33 33
0037_0017_0007_0028_0028.jpg 1 17 7 28 28
0038_0004_0007_0034_0034.jpg 1 4 7 34 34
0039_0009_0002_0031_0031.jpg 1 9 2 31 31
0040_0006_0006_0030_0030.jpg 1 6 6 30 30
0041_0006_0016_0028_0028.jpg 1 6 16 28 28
0042_0019_0012_0027_0027.jpg 1 19 12 27 27
0043_0010_0012_0034_0034.jpg 1 10 12 34 34
0044_0016_0017_0030_0030.jpg 1 16 17 30 30
0045_0003_0003_0033_0033.jpg 1 3 3 33 33
0046_0008_0014_0030_0030.jpg 1 8 14 30 30
0047_0002_0008_0030_0030.jpg 1 2 8 30 30
0048_0005_0014_0029_0029.jpg 1 5 14 29 29
0049_0004_0014_0032_0032.jpg 1 4 14 32 32
0050_0005_0007_0025_0025.jpg 1 5 7 25 25
0051_0013_0011_0034_0034.jpg 1 13 11 34 34
0052_0012_0016_0031_0031.jpg 1 12 16 31 31
0053_0010_0011_0027_0027.jpg 1 10 11 27 27
0054_0018_0008_0026_0026.jpg 1 18 8 26 26
0055_0013_0010_0030_0030.jpg 1 13 10 30 30
0056_0007_0021_0026_0026.jpg 1 7 21 26 26
0057_0001_0012_0032_0032.jpg 1 1 12 32 32
0058_0014_0008_0033_0033.jpg 1 14 8 33 33
0059_0011_0017_0025_0025.jpg 1 11 17 25 25
0060_0005_0005_0027_0027.jpg 1 5 5 27 27
0061_0010_0002_0033_0033.jpg 1 10 2 33 33
0062_0016_0006_0028_0028.jpg 1 16 6 28 28
0063_0012_0014_0028_0028.jpg 1 12 14 28 28
0064_0006_0014_0030_0030.jpg 1 6 14 30 30
0065_0015_0020_0026_0026.jpg 1 15 20 26 26
0066_0020_0005_0025_0025.jpg 1 20 5 25 25
0067_0005_0015_0031_0031.jpg 1 5 15 31 31
0068_0010_0009_0031_0031.jpg 1 10 9 31 31
0069_0012_0011_0033_0033.jpg 1 12 11 33 33
0070_0012_0010_0032_0032.jpg 1 12 10 32 32
0071_0006_0011_0034_0034.jpg 1 6 11 34 34
0072_0018_0012_0024_0024.jpg 1 18 12 24 24
0073_0018_0007_0024_0024.jpg 1 18 7 24 24
0074_0004_0017_0028_0028.jpg 1 4 17 28 28
0075_0005_0012_0034_0034.jpg 1 5 12 34 34
0076_0009_0017_0028_0028.jpg 1 9 17 28 28
0077_0012_0008_0031_0031.jpg 1 12 8 31 31
0078_0001_0014_0033_0033.jpg 1 1 14 33 33
0079_0007_0018_0025_0025.jpg 1 7 18 25 25
0080_0009_0021_0025_0025.jpg 1 9 21 25 25
0081_0012_0009_0030_0030.jpg 1 12 9 30 30
0082_0013_0009_0032_0032.jpg 1 13 9 32 32
0083_0003_0017_0027_0027.jpg 1 3 17 27 27
0084_0003_0004_0028_0028.jpg 1 3 4 28 28
0085_0004_0002_0032_0032.jpg 1 4 2 32 32
0086_0021_0006_0026_0026.jpg 1 21 6 26 26
0087_0004_0014_0029_0029.jpg 1 4 14 29 29
0088_0013_0014_0027_0027.jpg 1 13 14 27 27
0089_0003_0014_0030_0030.jpg 1 3 14 30 30
0090_0003_0001_0033_0033.jpg 1 3 1 33 33
0091_0017_0006_0030_0030.jpg 1 17 6 30 30
0092_0017_0008_0028_0028.jpg 1 17 8 28 28
0093_0019_0019_0027_0027.jpg 1 19 19 27 27
0094_0003_0012_0034_0034.jpg 1 3 12 34 34
0095_0002_0003_0026_0026.jpg 1 2 3 26 26
0096_0013_0002_0032_0032.jpg 1 13 2 32 32
0097_0018_0002_0028_0028.jpg 1 18 2 28 28
0098_0013_0020_0024_0024.jpg 1 13 20 24 24
0099_0016_0022_0025_0025.jpg 1 16 22 25 25
0100_0014_0010_0034_0034.jpg 1 14 10 34 34
0101_0007_0005_0031_0031.jpg 1 7 5 31 31
0102_0010_0003_0026_0026.jpg 1 10 3 26 26
0103_0014_0009_0026_0026.jpg 1 14 9 26 26
0104_0017_0007_0030_0030.jpg 1 17 7 30 30
0105_0014_0008_0028_0028.jpg 1 14 8 28 28
0106_0002_0012_0034_0034.jpg 1 2 12 34 34
0107_0013_0006_0034_0034.jpg 1 13 6 34 34
0108_0007_0021_0026_0026.jpg 1 7 21 26 26
0109_0014_0009_0033_0033.jpg 1 14 9 33 33
0110_0012_0008_0028_0028.jpg 1 12 8 28 28
0111_0010_0010_0025_0025.jpg 1 10 10 25 25
0112_0002_0003_0033_0033.jpg 1 2 3 33 33
0113_0010_0015_0024_0024.jpg 1 10 15 24 24
0114_0003_0007_0031_0031.jpg 1 3 7 31 31
0115_0014_0015_0032_0032.jpg 1 14 15 32 32
0116_0009_0013_0034_0034.jpg 1 9 13 34 34
0117_0017_0015_0026_0026.jpg 1 17 15 26 26
0118_0011_0007_0031_0031.jpg 1 11 7 31 31
0119_0006_0010_0033_0033.jpg 1 6 10 33 33
0120_0015_0003_0029_0029.jpg 1 15 3 29 29
0121_0008_0013_0031_0031.jpg 1 8 13 31 31
0122_0014_0010_0030_0030.jpg 1 14 10 30 30
0123_0015_0017_0030_0030.jpg 1 15 17 30 30
0124_0003_0019_0024_0024.jpg 1 3 19 24 24
0125_0006_0007_0029_0029.jpg 1 6 7 29 29
0126_0003_0008_0034_0034.jpg 1 3 8 34 34
0127_0001_0004_0032_0032.jpg 1 1 4 32 32
0128_0004_0017_0027_0027.jpg 1 4 17 27 27
0129_0008_0012_0028_0028.jpg 1 8 12 28 28
0130_0015_0014_0027_0027.jpg 1 15 14 27 27
0131_0009_0014_0031_0031.jpg 1 9 14 31 31
0132_0006_0010_0025_0025.jpg 1 6 10 25 25
0133_0021_0016_0025_0025.jpg 1 21 16 25 25
0134_0008_0005_0028_0028.jpg 1 8 5 28 28
0135_0004_0004_0032_0032.jpg 1 4 4 32 32
0136_0003_0015_0024_0024.jpg 1 3 15 24 24
0137_0004_0011_0031_0031.jpg 1 4 11 31 31
0138_0009_0005_0029_0029.jpg 1 9 5 29 29
0139_0018_0013_0027_0027.jpg 1 18 13 27 27
0140_0011_0011_0031_0031.jpg 1 11 11 31 31
0141_0002_0001_0034_0034.jpg 1 2 1 34 34
0142_0016_0004_0032_0032.jpg 1 16 4 32 32
0143_0019_0005_0028_0028.jpg 1 19 5 28 28
0144_0015_0003_0032_0032.jpg 1 15 3 32 32
0145_0010_0017_0024_0024.jpg 1 10 17 24 24
0146_0009_0016_0031_0031.jpg 1 9 16 31 31
0147_0004_0012_0033_0033.jpg 1 4 12 33 33
0148_0004_0013_0031_0031.jpg 1 4 13 31 31
0149_0014_0021_0026_0026.jpg 1 14 21 26 26
0150_0006_0014_0031_0031.jpg 1 6 14 31 31
0151_0014_0015_0029_0029.jpg 1 14 15 29 29
0152_0015_0010_0030_0030.jpg 1 15 10 30 30
0153_0003_0016_0031_0031.jpg 1 3 16 31 31
0154_0004_0005_0034_0034.jpg 1 4 5 34 34
0155_0005_0007_0031_0031.jpg 1 5 7 31 31
0156_0010_0016_0024_0024.jpg 1 10 16 24 24
0157_0010_0005_0025_0025.jpg 1 10 5 25 25
0158_0013_0010_0024_0024.jpg 1 13 10 24 24
0159_0010_0011_0028_0028.jpg 1 10 11 28 28
0160_0016_0009_0027_0027.jpg 1 16 9 27 27
0161_0014_0005_0030_0030.jpg 1 14 5 30 30
0162_0002_0013_0034_0034.jpg 1 2 13 34 34
0163_0012_0014_0031_0031.jpg 1 12 14 31 31
0164_0022_0018_0024_0024.jpg 1 22 18 24 24
0165_0009_0011_0028_0028.jpg 1 9 11 28 28
0166_0006_0006_0032_0032.jpg 1 6 6 32 32
0167_0022_0005_0024_0024.jpg 1 22 5 24 24
0168_0004_0009_0031_0031.jpg 1 4 9 31 31
0169_0009_0011_0032_0032.jpg 1 9 11 32 32
0170_0007_0015_0027_0027.jpg 1 7 15 27 27
0171_0008_0004_0024_0024.jpg 1 8 4 24 24
0172_0007_0014_0034_0034.jpg 1 7 14 34 34
0173_0016_0009_0027_0027.jpg 1 16 9 27 27
0174_0015_0004_0031_0031.jpg 1 15 4 31 31
0175_0011_0005_0033_0033.jpg 1 11 5 33 33
0176_0002_0010_0026_0026.jpg 1 2 10 26 26
0177_0011_0003_0030_0030.jpg 1 11 3 30 30
0178_0010_0010_0034_0034.jpg 1 10 10 34 34
0179_0006_0018_0025_0025.jpg 1 6 18 25 25
0180_0018_0003_0028_0028.jpg 1 18 3 28 28
0181_0015_0008_0025_0025.jpg 1 15 8 25 25
0182_0008_0009_0031_0031.jpg 1 8 9 31 31
0183_0006_0008_0033_0033.jpg 1 6 8 33 33
0184_0004_0002_0033_0033.jpg 1 4 2 33 33
0185_0005_0015_0028_0028.jpg 1 5 15 28 28
0186_0003_0011_0029_0029.jpg 1 3 11 29 29
0187_0018_0004_0024_0024.jpg 1 18 4 24 24
0188_0013_0003_0030_0030.jpg 1 13 3 30 30
0189_0016_0009_0029_0029.jpg 1 16 9 29 29
0190_0004_0013_0033_0033.jpg 1 4 13 33 33
0191_0003_0019_0027_0027.jpg 1 3 19 27 27
0192_0011_0016_0026_0026.jpg 1 11 16 26 26
0193_0019_0010_0025_0025.jpg 1 19 10 25 25
0194_0008_0013_0031_0031.jpg 1 8 13 31 31
0195_0007_0008_0033_0033.jpg 1 7 8 33 33
0196_0010_0004_0030_0030.jpg 1 10 4 30 30
0197_0005_0011_0032_0032.jpg 1 5 11 32 32
0198_0009_0020_0025_0025.jpg 1 9 20 25 25
0199_0019_0011_0026_0026.jpg 1 19 11 26 26
0200_0015_0015_0025_0025.jpg 1 15 15 25 25
0201_0015_0018_0028_0028.jpg 1 15 18 28 28
0202_0013_0011_0024_0024.jpg 1 13 11 24 24
0203_0008_0003_0028_0028.jpg 1 8 3 28 28
0204_0015_0010_0031_0031.jpg 1 15 10 31 31
0205_0009_0016_0032_0032.jpg 1 9 16 32 32
0206_0016_0016_0029_0029.jpg 1 16 16 29 29
0207_0003_0006_0030_0030.jpg 1 3 6 30 30
0208_0010_0009_0030_0030.jpg 1 10 9 30 30
0209_0010_0005_0024_0024.jpg 1 10 5 24 24
0210_0020_0007_0024_0024.jpg 1 20 7 24 24
0211_0005_0012_0025_0025.jpg 1 5 12 25 25
0212_0006_0005_0034_0034.jpg 1 6 5 34 34
0213_0002_0013_0028_0028.jpg 1 2 13 28 28
0214_0003_0003_0033_0033.jpg 1 3 3 33 33
0215_0014_0006_0032_0032.jpg 1 14 6 32 32
0216_0013_0009_0030_0030.jpg 1 13 9 30 30
0217_0003_0002_0032_0032.jpg 1 3 2 32 32
0218_0012_0005_0032_0032.jpg 1 12 5 32 32
0219_0018_0004_0028_0028.jpg 1 18 4 28 28
0220_0010_0011_0031_0031.jpg 1 10 11 31 31
0221_0004_0002_0031_0031.jpg 1 4 2 31 31
0222_0007_0021_0024_0024.jpg 1 7 21 24 24
0223_0017_0016_0027_0027.jpg 1 17 16 27 27
0224_0016_0020_0027_0027.jpg 1 16 20 27 27
0225_0017_0006_0026_0026.jpg 1 17 6 26 26
0226_0014_0005_0033_0033.jpg 1 14 5 33 33
0227_0016_0020_0026_0026.jpg 1 16 20 26 26
0228_0008_0007_0028_0028.jpg 1 8 7 28 28
0229_0010_0013_0033_0033.jpg 1 10 13 33 33
0230_0007_0015_0027_0027.jpg 1 7 15 27 27
0231_0001_0013_0033_0033.jpg 1 1 13 33 33
0232_0018_0008_0024_0024.jpg 1 18 8 24 24
0233_0005_0001_0034_0034.jpg 1 5 1 34 34
0234_0009_0004_0029_0029.jpg 1 9 4 29 29
0235_0018_0018_0025_0025.jpg 1 18 18 25 25
0236_0010_0005_0034_0034.jpg 1 10 5 34 34
0237_0019_0012_0028_0028.jpg 1 19 12 28 28
0238_0007_0014_0025_0025.jpg 1 7 14 25 25
0239_0017_0009_0024_0024.jpg 1 17 9 24 24
0240_0011_0001_0033_0033.jpg 1 11 1 33 33
0241_0003_0009_0029_0029.jpg 1 3 9 29 29
0242_0013_0008_0034_0034.jpg 1 13 8 34 34
0243_0013_0010_0029_0029.jpg 1 13 10 29 29
0244_0008_0002_0024_0024.jpg 1 8 2 24 24
0245_0013_0016_0031_0031.jpg 1 13 16 31 31
0246_0008_0013_0031_0031.jpg 1 8 13 31 31
0247_0004_0015_0029_0029.jpg 1 4 15 29 29
0248_0004_0003_0032_0032.jpg 1 4 3 32 32
0249_0005_0014_0032_0032.jpg 1 5 14 32 32
0250_0006_0008_0028_0028.jpg 1 6 8 28 28
0251_0008_0004_0031_0031.jpg 1 8 4 31 31
0252_0015_0008_0030_0030.jpg 1 15 8 30 30
0253_0017_0014_0029_0029.jpg 1 17 14 29 29
0254_0003_0003_0026_0026.jpg 1 3 3 26 26
0255_0014_0005_0029_0029.jpg 1 14 5 29 29
0256_0014_0002_0033_0033.jpg 1 14 2 33 33
0257_0018_0006_0027_0027.jpg 1 18 6 27 27
0258_0012_0003_0033_0033.jpg 1 12 3 33 33
0259_0014_0016_0031_0031.jpg 1 14 16 31 31
0260_0003_0010_0034_0034.jpg 1 3 10 34 34
0261_0015_0007_0027_0027.jpg 1 15 7 27 27
0262_0009_0004_0032_0032.jpg 1 9 4 32 32
0263_0012_0012_0029_0029.jpg 1 12 12 29 29
0264_0009_0007_0031_0031.jpg 1 9 7 31 31
0265_0006_0008_0028_0028.jpg 1 6 8 28 28
0266_0012_0001_0034_0034.jpg 1 12 1 34 34
0267_0004_0015_0029_0029.jpg 1 4 15 29 29
0268_0014_0006_0024_0024.jpg 1 14 6 24 24
0269_0001_0005_0034_0034.jpg 1 1 5 34 34
0270_0007_0006_0025_0025.jpg 1 7 6 25 25
0271_0009_0017_0024_0024.jpg 1 9 17 24 24
0272_0007_0011_0034_0034.jpg 1 7 11 34 34
0273_0006_0018_0024_0024.jpg 1 6 18 24 24
0274_0018_0010_0029_0029.jpg 1 18 10 29 29
0275_0008_0017_0025_0025.jpg 1 8 17 25 25
0276_0016_0005_0027_0027.jpg 1 16 5 27 27
0277_0020_0011_0024_0024.jpg 1 20 11 24 24
0278_0003_0003_0034_0034.jpg 1 3 3 34 34
0279_0016_0002_0024_0024.jpg 1 16 2 24 24
0280_0009_0010_0034_0034.jpg 1 9 10 34 34
0281_0003_0002_0030_0030.jpg 1 3 2 30 30
0282_0005_0012_0034_0034.jpg 1 5 12 34 34
0283_0017_0007_0025_0025.jpg 1 17 7 25 25
0284_0014_0007_0033_0033.jpg 1 14 7 33 33
0285_0003_0012_0029_0029.jpg 1 3 12 29 29
0286_0002_0013_0031_0031.jpg 1 2 13 31 31
0287_0016_0003_0031_0031.jpg 1 16 3 31 31
0288_0012_0010_0028_0028.jpg 1 12 10 28 28
0289_0004_0001_0034_0034.jpg 1 4 1 34 34
0290_0006_0016_0026_0026.jpg 1 6 16 26 26
0291_0006_0014_0033_0033.jpg 1 6 14 33 33
0292_0011_0020_0025_0025.jpg 1 11 20 25 25
0293_0007_0002_0032_0032.jpg 1 7 2 32 32
0294_0014_0002_0030_0030.jpg 1 14 2 30 30
0295_0014_0014_0025_0025.jpg 1 14 14 25 25
0296_0014_0006_0025_0025.jpg 1 14 6 25 25
0297_0008_0006_0030_0030.jpg 1 8 6 30 30
0298_0021_0008_0025_0025.jpg 1 21 8 25 25
0299_0003_0022_0024_0024.jpg 1 3 22 24 24
0300_0018_0005_0028_0028.jpg 1 18 5 28 28
0301_0005_0005_0031_0031.jpg 1 5 5 31 31
0302_0011_0009_0032_0032.jpg 1 11 9 32 32
0303_0021_0008_0025_0025.jpg 1 21 8 25 25
0304_0016_0007_0029_0029.jpg 1 16 7 29 29
0305_0007_0013_0027_0027.jpg 1 7 13 27 27
0306_0018_0005_0026_0026.jpg 1 18 5 26 26
0307_0009_0009_0029_0029.jpg 1 9 9 29 29
0308_0007_0012_0034_0034.jpg 1 7 12 34 34
0309_0003_0010_0032_0032.jpg 1 3 10 32 32
0310_0010_0017_0029_0029.jpg 1 10 17 29 29
0311_0003_0009_0031_0031.jpg 1 3 9 31 31
0312_0010_0019_0027_0027.jpg 1 10 19 27 27
0313_0013_0005_0030_0030.jpg 1 13 5 30 30
0314_0006_0014_0026_0026.jpg 1 6 14 26 26
0315_0002_0015_0032_0032.jpg 1 2 15 32 32
0316_0003_0012_0025_0025.jpg 1 3 12 25 25
0317_0013_0013_0025_0025.jpg 1 13 13 25 25
0318_0016_0013_0025_0025.jpg 1 16 13 25 25
0319_0015_0016_0029_0029.jpg 1 15 16 29 29
0320_0013_0010_0026_0026.jpg 1 13 10 26 26
0321_0014_0006_0029_0029.jpg 1 14 6 29 29
0322_0002_0009_0027_0027.jpg 1 2 9 27 27
0323_0018_0013_0029_0029.jpg 1 18 13 29 29
0324_0002_0005_0030_0030.jpg 1 2 5 30 30
0325_0014_0004_0031_0031.jpg 1 14 4 31 31
0326_0012_0014_0029_0029.jpg 1 12 14 29 29
0327_0010_0013_0025_0025.jpg 1 10 13 25 25
0328_0010_0013_0024_0024.jpg 1 10 13 24 24
0329_0015_0018_0029_0029.jpg 1 15 18 29 29
0330_0004_0008_0026_0026.jpg 1 4 8 26 26
0331_0013_0003_0031_0031.jpg 1 13 3 31 31
0332_0016_0003_0031_0031.jpg 1 16 3 31 31
0333_0003_0014_0027_0027.jpg 1 3 14 27 27
0334_0006_0007_0034_0034.jpg 1 6 7 34 34
0335_0007_0001_0032_0032.jpg 1 7 1 32 32
0336_0018_0014_0027_0027.jpg 1 18 14 27 27
0337_0012_0005_0034_0034.jpg 1 12 5 34 34
0338_0013_0008_0034_0034.jpg 1 13 8 34 34
0339_0004_0009_0025_0025.jpg 1 4 9 25 25
0340_0010_0021_0024_0024.jpg 1 10 21 24 24
0341_0007_0020_0024_0024.jpg 1 7 20 24 24
0342_0012_0012_0032_0032.jpg 1 12 12 32 32
0343_0010_0015_0029_0029.jpg 1 10 15 29 29
0344_0002_0003_0034_0034.jpg 1 2 3 34 34
0345_0018_0011_0027_0027.jpg 1 18 11 27 27
0346_0014_0014_0033_0033.jpg 1 14 14 33 33
0347_0016_0005_0028_0028.jpg 1 16 5 28 28
0348_0007_0013_0026_0026.jpg 1 7 13 26 26
0349_0007_0011_0029_0029.jpg 1 7 11 29 29
0350_0008_0014_0025_0025.jpg 1 8 14 25 25
0351_0011_0006_0030_0030.jpg 1 11 6 30 30
0352_0010_0008_0028_0028.jpg 1 10 8 28 28
0353_0015_0013_0031_0031.jpg 1 15 13 31 31
0354_0003_0010_0029_0029.jpg 1 3 10 29 29
0355_0010_0007_0031_0031.jpg 1 10 7 31 31
0356_0013_0017_0028_0028.jpg 1 13 17 28 28
0357_0003_0006_0031_0031.jpg 1 3 6 31 31
0358_0018_0015_0027_0027.jpg 1 18 15 27 27
0359_0012_0006_0024_0024.jpg 1 12 6 24 24
0360_0021_0016_0024_0024.jpg 1 21 16 24 24
0361_0007_0010_0033_0033.jpg 1 7 10 33 33
0362_0002_0012_0033_0033.jpg 1 2 12 33 33
0363_0006_0007_0028_0028.jpg 1 6 7 28 28
0364_0009_0012_0030_0030.jpg 1 9 12 30 30
0365_0016_0011_0029_0029.jpg 1 16 11 29 29
0366_0012_0011_0027_0027.jpg 1 12 11 27 27
0367_0014_0017_0025_0025.jpg 1 14 17 25 25
0368_0002_0013_0027_0027.jpg 1 2 13 27 27
0369_0008_0007_0028_0028.jpg 1 8 7 28 28
0370_0005_0009_0033_0033.jpg 1 5 9 33 33
0371_0013_0014_0025_0025.jpg 1 13 14 25 25
0372_0007_0011_0030_0030.jpg 1 7 11 30 30
0373_0016_0018_0024_0024.jpg 1 16 18 24 24
0374_0014_0005_0034_0034.jpg 1 14 5 34 34
0375_0007_0003_0029_0029.jpg 1 7 3 29 29
0376_0004_0003_0027_0027.jpg 1 4 3 27 27
0377_0004_0010_0025_0025.jpg 1 4 10 25 25
0378_0003_0020_0025_0025.jpg 1 3 20 25 25
0379_0019_0021_0025_0025.jpg 1 19 21 25 25
0380_0017_0013_0026_0026.jpg 1 17 13 26 26
0381_0004_0016_0029_0029.jpg 1 4 16 29 29
0382_0017_0008_0025_0025.jpg 1 17 8 25 25
0383_0014_0015_0030_0030.jpg 1 14 15 30 30
0384_0004_0003_0024_0024.jpg 1 4 3 24 24
0385_0006_0004_0028_0028.jpg 1 6 4 28 28
0386_0017_0013_0027_0027.jpg 1 17 13 27 27
0387_0001_0013_0034_0034.jpg 1 1 13 34 34
0388_0013_0003_0034_0034.jpg 1 13 3 34 34
0389_0007_0017_0028_0028.jpg 1 7 17 28 28
0390_0013_0002_0034_0034.jpg 1 13 2 34 34
0391_0008_0016_0027_0027.jpg 1 8 16 27 27
0392_0004_0006_0026_0026.jpg 1 4 6 26 26
0393_0004_0002_0028_0028.jpg 1 4 2 28 28
0394_0008_0014_0033_0033.jpg 1 8 14 33 33
0395_0007_0008_0033_0033.jpg 1 7 8 33 33
0396_0003_0009_0029_0029.jpg 1 3 9 29 29
0397_0010_0004_0030_0030.jpg 1 10 4 30 30
0398_0004_0015_0030_0030.jpg 1 4 15 30 30
0399_0012_0013_0034_0034.jpg 1 12 13 34 34
0400_0005_0022_0025_0025.jpg 1 5 22 25 25
0401_0005_0001_0034_0034.jpg 1 5 1 34 34
0402_0005_0015_0026_0026.jpg 1 5 15 26 26
0403_0010_0006_0030_0030.jpg 1 10 6 30 30
0404_0021_0010_0026_0026.jpg 1 21 10 26 26
0405_0015_0020_0027_0027.jpg 1 15 20 27 27
0406_0014_0004_0033_0033.jpg 1 14 4 33 33
0407_0016_0013_0028_0028.jpg 1 16 13 28 28
0408_0006_0011_0029_0029.jpg 1 6 11 29 29
0409_0005_0019_0025_0025.jpg 1 5 19 25 25
0410_0005_0006_0029_0029.jpg 1 5 6 29 29
0411_0008_0003_0031_0031.jpg 1 8 3 31 31
0412_0017_0018_0027_0027.jpg 1 17 18 27 27
0413_0013_0010_0034_0034.jpg 1 13 10 34 34
0414_0021_0006_0026_0026.jpg 1 21 6 26 26
0415_0003_0004_0033_0033.jpg 1 3 4 33 33
0416_0004_0010_0029_0029.jpg 1 4 10 29 29
0417_0009_0012_0028_0028.jpg 1 9 12 28 28
0418_0004_0004_0024_0024.jpg 1 4 4 24 24
0419_0019_0016_0028_0028.jpg 1 19 16 28 28
0420_0008_0009_0034_0034.jpg 1 8 9 34 34
0421_0004_0017_0025_0025.jpg 1 4 17 25 25
0422_0008_0008_0031_0031.jpg 1 8 8 31 31
0423_0009_0017_0025_0025.jpg 1 9 17 25 25
0424_0005_0006_0025_0025.jpg 1 5 6 25 25
0425_0005_0005_0029_0029.jpg 1 5 5 29 29
0426_0006_0010_0032_0032.jpg 1 6 10 32 32
0427_0007_0012_0030_0030.jpg 1 7 12 30 30
0428_0004_0008_0032_0032.jpg 1 4 8 32 32
0429_0010_0005_0028_0028.jpg 1 10 5 28 28
0430_0006_0011_0033_0033.jpg 1 6 11 33 33
0431_0002_0010_0031_0031.jpg 1 2 10 31 31
0432_0007_0006_0028_0028.jpg 1 7 6 28 28
0433_0002_0012_0026_0026.jpg 1 2 12 26 26
0434_0016_0009_0027_0027.jpg 1 16 9 27 27
0435_0017_0015_0027_0027.jpg 1 17 15 27 27
0436_0008_0011_0024_0024.jpg 1 8 11 24 24
0437_0016_0012_0032_0032.jpg 1 16 12 32 32
0438_0010_0003_0026_0026.jpg 1 10 3 26 26
0439_0005_0004_0028_0028.jpg 1 5 4 28 28
0440_0011_0003_0032_0032.jpg 1 11 3 32 32
0441_0010_0015_0030_0030.jpg 1 10 15 30 30
0442_0010_0002_0024_0024.jpg 1 10 2 24 24
0443_0005_0005_0032_0032.jpg 1 5 5 32 32
0444_0006_0015_0031_0031.jpg 1 6 15 31 31
0445_0013_0013_0025_0025.jpg 1 13 13 25 25
0446_0014_0004_0029_0029.jpg 1 14 4 29 29
0447_0005_0013_0025_0025.jpg 1 5 13 25 25
0448_0017_0019_0027_0027.jpg 1 17 19 27 27
0449_0011_0012_0032_0032.jpg 1 11 12 32 32
0450_0009_0014_0024_0024.jpg 1 9 14 24 24
0451_0013_0008_0033_0033.jpg 1 13 8 33 33
0452_0003_0020_0025_0025.jpg 1 3 20 25 25
0453_0010_0008_0030_0030.jpg 1 10 8 30 30
0454_0011_0002_0027_0027.jpg 1 11 2 27 27
0455_0005_0002_0034_0034.jpg 1 5 2 34 34
0456_0008_0011_0030_0030.jpg 1 8 11 30 30
0457_0015_0022_0024_0024.jpg 1 15 22 24 24
0458_0018_0006_0025_0025.jpg 1 18 6 25 25
0459_0021_0019_0025_0025.jpg 1 21 19 25 25
0460_0006_0008_0034_0034.jpg 1 6 8 34 34
0461_0013_0005_0026_0026.jpg 1 13 5 26 26
0462_0010_0012_0029_0029.jpg 1 10 12 29 29
0463_0015_0017_0026_0026.jpg 1 15 17 26 26
0464_0011_0014_0025_0025.jpg 1 11 14 25 25
0465_0014_0008_0034_0034.jpg 1 14 8 34 34
0466_0011_0010_0034_0034.jpg 1 11 10 34 34
0467_0011_0009_0030_0030.jpg 1 11 9 30 30
0468_0016_0003_0027_0027.jpg 1 16 3 27 27
0469_0005_0005_0024_0024.jpg 1 5 5 24 24
0470_0003_0007_0025_0025.jpg 1 3 7 25 25
0471_0011_0018_0029_0029.jpg 1 11 18 29 29
0472_0014_0005_0031_0031.jpg 1 14 5 31 31
0473_0007_0005_0028_0028.jpg 1 7 5 28 28
0474_0002_0012_0033_0033.jpg 1 2 12 33 33
0475_0017_0019_0028_0028.jpg 1 17 19 28 28
0476_0011_0018_0025_0025.jpg 1 11 18 25 25
0477_0010_0007_0031_0031.jpg 1 10 7 31 31
0478_0020_0016_0027_0027.jpg 1 20 16 27 27
0479_0022_0004_0024_0024.jpg 1 22 4 24 24
0480_0021_0015_0026_0026.jpg 1 21 15 26 26
0481_0004_0004_0032_0032.jpg 1 4 4 32 32
0482_0019_0006_0028_0028.jpg 1 19 6 28 28
0483_0015_0012_0030_0030.jpg 1 15 12 30 30
0484_0015_0017_0026_0026.jpg 1 15 17 26 26
0485_0018_0007_0029_0029.jpg 1 18 7 29 29
0486_0013_0012_0028_0028.jpg 1 13 12 28 28
0487_0006_0016_0030_0030.jpg 1 6 16 30 30
0488_0007_0004_0033_0033.jpg 1 7 4 33 33
0489_0012_0010_0024_0024.jpg 1 12 10 24 24
0490_0021_0015_0025_0025.jpg 1 21 15 25 25
0491_0011_0018_0026_0026.jpg 1 11 18 26 26
0492_0021_0010_0026_0026.jpg 1 21 10 26 26
0493_0005_0008_0031_0031.jpg 1 5 8 31 31
0494_0013_0012_0030_0030.jpg 1 13 12 30 30
0495_0007_0006_0032_0032.jpg 1 7 6 32 32
0496_0012_0011_0034_0034.jpg 1 12 11 34 34
0497_0019_0020_0027_0027.jpg 1 19 20 27 27
0498_0013_0004_0031_0031.jpg 1 13 4 31 31
0499_0015_0015_0031_0031.jpg 1 15 15 31 31
0500_0010_0002_0031_0031.jpg 1 10 2 31 31
0501_0009_0009_0033_0033.jpg 1 9 9 33 33
0502_0011_0013_0026_0026.jpg 1 11 13 26 26
0503_0013_0002_0028_0028.jpg 1 13 2 28 28
0504_0008_0007_0028_0028.jpg 1 8 7 28 28
0505_0007_0012_0034_0034.jpg 1 7 12 34 34
0506_0011_0008_0029_0029.jpg 1 11 8 29 29
0507_0009_0005_0030_0030.jpg 1 9 5 30 30
0508_0013_0015_0027_0027.jpg 1 13 15 27 27
0509_0005_0008_0032_0032.jpg 1 5 8 32 32
0510_0003_0011_0028_0028.jpg 1 3 11 28 28
0511_0010_0002_0031_0031.jpg 1 10 2 31 31
0512_0004_0012_0033_0033.jpg 1 4 12 33 33
0513_0010_0010_0033_0033.jpg 1 10 10 33 33
0514_0012_0011_0024_0024.jpg 1 12 11 24 24
0515_0011_0002_0026_0026.jpg 1 11 2 26 26
0516_0019_0007_0027_0027.jpg 1 19 7 27 27
0517_0008_0007_0034_0034.jpg 1 8 7 34 34
0518_0014_0005_0024_0024.jpg 1 14 5 24 24
0519_0014_0004_0034_0034.jpg 1 14 4 34 34
0520_0004_0005_0031_0031.jpg 1 4 5 31 31
0521_0005_0009_0030_0030.jpg 1 5 9 30 30
0522_0020_0004_0025_0025.jpg 1 20 4 25 25
0523_0002_0017_0030_0030.jpg 1 2 17 30 30
0524_0021_0018_0025_0025.jpg 1 21 18 25 25
0525_0015_0003_0032_0032.jpg 1 15 3 32 32
0526_0010_0013_0031_0031.jpg 1 10 13 31 31
0527_0010_0015_0024_0024.jpg 1 10 15 24 24
0528_0019_0010_0024_0024.jpg 1 19 10 24 24
0529_0020_0018_0026_0026.jpg 1 20 18 26 26
0530_0007_0011_0033_0033.jpg 1 7 11 33 33
0531_0012_0010_0025_0025.jpg 1 12 10 25 25
0532_0015_0013_0029_0029.jpg 1 15 13 29 29
0533_0007_0019_0024_0024.jpg 1 7 19 24 24
0534_0017_0012_0029_0029.jpg 1 17 12 29 29
0535_0008_0009_0029_0029.jpg 1 8 9 29 29
0536_0013_0003_0031_0031.jpg 1 13 3 31 31
0537_0009_0017_0024_0024.jpg 1 9 17 24 24
0538_0018_0008_0026_0026.jpg 1 18 8 26 26
0539_0015_0004_0033_0033.jpg 1 15 4 33 33
0540_0001_0009_0031_0031.jpg 1 1 9 31 31
0541_0008_0013_0033_0033.jpg 1 8 13 33 33
0542_0009_0009_0033_0033.jpg 1 9 9 33 33
0543_0015_0015_0031_0031.jpg 1 15 15 31 31
0544_0014_0014_0027_0027.jpg 1 14 14 27 27
0545_0002_0008_0033_0033.jpg 1 2 8 33 33
0546_0005_0013_0024_0024.jpg 1 5 13 24 24
0547_0020_0014_0027_0027.jpg 1 20 14 27 27
0548_0014_0018_0027_0027.jpg 1 14 18 27 27
0549_0008_0011_0029_0029.jpg 1 8 11 29 29
0550_0008_0007_0029_0029.jpg 1 8 7 29 29
0551_0006_0003_0031_0031.jpg 1 6 3 31 31
0552_0014_0006_0033_0033.jpg 1 14 6 33 33
0553_0007_0009_0030_0030.jpg 1 7 9 30 30
0554_0005_0004_0034_0034.jpg 1 5 4 34 34
0555_0008_0007_0025_0025.jpg 1 8 7 25 25
0556_0005_0003_0032_0032.jpg 1 5 3 32 32
0557_0018_0004_0027_0027.jpg 1 18 4 27 27
0558_0004_0020_0026_0026.jpg 1 4 20 26 26
0559_0009_0010_0026_0026.jpg 1 9 10 26 26
0560_0015_0006_0024_0024.jpg 1 15 6 24 24
0561_0020_0003_0026_0026.jpg 1 20 3 26 26
0562_0022_0019_0025_0025.jpg 1 22 19 25 25
0563_0020_0009_0024_0024.jpg 1 20 9 24 24
0564_0010_0003_0032_0032.jpg 1 10 3 32 32
0565_0020_0005_0026_0026.jpg 1 20 5 26 26
0566_0003_0005_0024_0024.jpg 1 3 5 24 24
0567_0018_0007_0029_0029.jpg 1 18 7 29 29
0568_0006_0014_0027_0027.jpg 1 6 14 27 27
0569_0015_0014_0025_0025.jpg 1 15 14 25 25
0570_0016_0016_0027_0027.jpg 1 16 16 27 27
0571_0018_0006_0026_0026.jpg 1 18 6 26 26
0572_0011_0011_0032_0032.jpg 1 11 11 32 32
0573_0009_0005_0028_0028.jpg 1 9 5 28 28
0574_0005_0005_0026_0026.jpg 1 5 5 26 26
0575_0004_0017_0025_0025.jpg 1 4 17 25 25
0576_0013_0012_0033_0033.jpg 1 13 12 33 33
0577_0016_0009_0029_0029.jpg 1 16 9 29 29
0578_0012_0006_0034_0034.jpg 1 12 6 34 34
0579_0011_0019_0026_0026.jpg 1 11 19 26 26
0580_0007_0009_0033_0033.jpg 1 7 9 33 33
0581_0014_0013_0034_0034.jpg 1 14 13 34 34
0582_0003_0015_0032_0032.jpg 1 3 15 32 32
0583_0015_0021_0025_0025.jpg 1 15 21 25 25
0584_0003_0001_0033_0033.jpg 1 3 1 33 33
0585_0007_0014_0029_0029.jpg 1 7 14 29 29
0586_0009_0017_0024_0024.jpg 1 9 17 24 24
0587_0009_0014_0025_0025.jpg 1 9 14 25 25
0588_0017_0005_0027_0027.jpg 1 17 5 27 27
0589_0009_0002_0029_0029.jpg 1 9 2 29 29
0590_0020_0018_0025_0025.jpg 1 20 18 25 25
0591_0005_0012_0031_0031.jpg 1 5 12 31 31
0592_0009_0019_0026_0026.jpg 1 9 19 26 26
0593_0014_0003_0034_0034.jpg 1 14 3 34 34
0594_0015_0014_0032_0032.jpg 1 15 14 32 32
0595_0015_0005_0032_0032.jpg 1 15 5 32 32
0596_0017_0018_0029_0029.jpg 1 17 18 29 29
0597_0011_0015_0030_0030.jpg 1 11 15 30 30
0598_0007_0006_0034_0034.jpg 1 7 6 34 34
0599_0008_0014_0024_0024.jpg 1 8 14 24 24
0600_0012_0007_0032_0032.jpg 1 12 7 32 32
0601_0011_0011_0030_0030.jpg 1 11 11 30 30
0602_0020_0006_0026_0026.jpg 1 20 6 26 26
0603_0006_0016_0031_0031.jpg 1 6 16 31 31
0604_0009_0006_0029_0029.jpg 1 9 6 29 29
0605_0014_0011_0034_0034.jpg 1 14 11 34 34
0606_0009_0006_0033_0033.jpg 1 9 6 33 33
0607_0008_0004_0026_0026.jpg 1 8 4 26 26
0608_0008_0019_0024_0024.jpg 1 8 19 24 24
0609_0010_0020_0025_0025.jpg 1 10 20 25 25
0610_0012_0015_0026_0026.jpg 1 12 15 26 26
0611_0010_0013_0032_0032.jpg 1 10 13 32 32
0612_0016_0007_0024_0024.jpg 1 16 7 24 24
0613_0021_0008_0025_0025.jpg 1 21 8 25 25
0614_0014_0015_0032_0032.jpg 1 14 15 32 32
0615_0006_0006_0029_0029.jpg 1 6 6 29 29
0616_0011_0003_0031_0031.jpg 1 11 3 31 31
0617_0005_0012_0028_0028.jpg 1 5 12 28 28
0618_0006_0018_0027_0027.jpg 1 6 18 27 27
0619_0001_0008_0034_0034.jpg 1 1 8 34 34
0620_0009_0005_0028_0028.jpg 1 9 5 28 28
0621_0004_0009_0030_0030.jpg 1 4 9 30 30
0622_0014_0019_0027_0027.jpg 1 14 19 27 27
0623_0016_0017_0028_0028.jpg 1 16 17 28 28
0624_0022_0010_0025_0025.jpg 1 22 10 25 25
0625_0014_0004_0033_0033.jpg 1 14 4 33 33
0626_0012_0010_0029_0029.jpg 1 12 10 29 29
0627_0007_0017_0024_0024.jpg 1 7 17 24 24
0628_0012_0002_0028_0028.jpg 1 12 2 28 28
0629_0016_0019_0025_0025.jpg 1 16 19 25 25
0630_0008_0014_0027_0027.jpg 1 8 14 27 27
0631_0008_0016_0026_0026.jpg 1 8 16 26 26
0632_0011_0013_0028_0028.jpg 1 11 13 28 28
0633_0003_0012_0031_0031.jpg 1 3 12 31 31
0634_0020_0003_0026_0026.jpg 1 20 3 26 26
0635_0016_0014_0024_0024.jpg 1 16 14 24 24
0636_0009_0004_0034_0034.jpg 1 9 4 34 34
0637_0009_0016_0027_0027.jpg 1 9 16 27 27
0638_0003_0010_0029_0029.jpg 1 3 10 29 29
0639_0014_0003_0028_0028.jpg 1 14 3 28 28
0640_0002_0005_0033_0033.jpg 1 2 5 33 33
0641_0004_0005_0028_0028.jpg 1 4 5 28 28
0642_0003_0019_0025_0025.jpg 1 3 19 25 25
0643_0012_0014_0024_0024.jpg 1 12 14 24 24
0644_0005_0012_0025_0025.jpg 1 5 12 25 25
0645_0010_0003_0029_0029.jpg 1 10 3 29 29
0646_0005_0011_0031_0031.jpg 1 5 11 31 31
0647_0016_0007_0028_0028.jpg 1 16 7 28 28
0648_0007_0015_0026_0026.jpg 1 7 15 26 26
0649_0011_0009_0032_0032.jpg 1 11 9 32 32
0650_0014_0010_0030_0030.jpg 1 14 10 30 30
0651_0002_0009_0030_0030.jpg 1 2 9 30 30
0652_0012_0019_0026_0026.jpg 1 12 19 26 26
0653_0005_0002_0033_0033.jpg 1 5 2 33 33
0654_0007_0008_0026_0026.jpg 1 7 8 26 26
0655_0004_0012_0033_0033.jpg 1 4 12 33 33
0656_0015_0006_0032_0032.jpg 1 15 6 32 32
0657_0007_0009_0030_0030.jpg 1 7 9 30 30
0658_0008_0014_0031_0031.jpg 1 8 14 31 31
0659_0004_0008_0034_0034.jpg 1 4 8 34 34
0660_0016_0013_0024_0024.jpg 1 16 13 24 24
0661_0012_0016_0031_0031.jpg 1 12 16 31 31
0662_0006_0012_0026_0026.jpg 1 6 12 26 26
0663_0008_0011_0030_0030.jpg 1 8 11 30 30
0664_0002_0016_0031_0031.jpg 1 2 16 31 31
0665_0019_0007_0026_0026.jpg 1 19 7 26 26
0666_0020_0003_0027_0027.jpg 1 20 3 27 27
0667_0019_0007_0027_0027.jpg 1 19 7 27 27
0668_0013_0009_0028_0028.jpg 1 13 9 28 28
0669_0002_0016_0028_0028.jpg 1 2 16 28 28
0670_0014_0017_0024_0024.jpg 1 14 17 24 24
0671_0005_0003_0030_0030.jpg 1 5 3 30 30
0672_0003_0003_0026_0026.jpg 1 3 3 26 26
0673_0019_0016_0027_0027.jpg 1 19 16 27 27
0674_0015_0002_0033_0033.jpg 1 15 2 33 33
0675_0015_0008_0032_0032.jpg 1 15 8 32 32
0676_0016_0006_0030_0030.jpg 1 16 6 30 30
0677_0015_0007_0032_0032.jpg 1 15 7 32 32
0678_0010_0007_0033_0033.jpg 1 10 7 33 33
0679_0016_0010_0027_0027.jpg 1 16 10 27 27
0680_0002_0009_0030_0030.jpg 1 2 9 30 30
0681_0011_0014_0032_0032.jpg 1 11 14 32 32
0682_0020_0003_0026_0026.jpg 1 20 3 26 26
0683_0003_0015_0026_0026.jpg 1 3 15 26 26
0684_0016_0008_0031_0031.jpg 1 16 8 31 31
0685_0002_0019_0028_0028.jpg 1 2 19 28 28
0686_0016_0004_0026_0026.jpg 1 16 4 26 26
0687_0009_0012_0034_0034.jpg 1 9 12 34 34
0688_0003_0010_0028_0028.jpg 1 3 10 28 28
0689_0013_0004_0034_0034.jpg 1 13 4 34 34
0690_0008_0005_0033_0033.jpg 1 8 5 33 33
0691_0005_0008_0033_0033.jpg 1 5 8 33 33
0692_0018_0013_0024_0024.jpg 1 18 13 24 24
0693_0012_0008_0033_0033.jpg 1 12 8 33 33
0694_0006_0009_0033_0033.jpg 1 6 9 33 33
0695_0010_0014_0028_0028.jpg 1 10 14 28 28
0696_0008_0005_0033_0033.jpg 1 8 5 33 33
0697_0016_0006_0026_0026.jpg 1 16 6 26 26
0698_0009_0002_0034_0034.jpg 1 9 2 34 34
0699_0013_0007_0025_0025.jpg 1 13 7 25 25
0700_0012_0010_0024_0024.jpg 1 12 10 24 24
0701_0014_0003_0024_0024.jpg 1 14 3 24 24
0702_0002_0012_0027_0027.jpg 1 2 12 27 27
0703_0009_0004_0031_0031.jpg 1 9 4 31 31
0704_0013_0009_0032_0032.jpg 1 13 9 32 32
0705_0018_0014_0027_0027.jpg 1 18 14 27 27
0706_0012_0010_0031_0031.jpg 1 12 10 31 31
0707_0014_0010_0027_0027.jpg 1 14 10 27 27
0708_0003_0017_0024_0024.jpg 1 3 17 24 24
0709_0013_0008_0028_0028.jpg 1 13 8 28 28
0710_0012_0010_0031_0031.jpg 1 12 10 31 31
0711_0009_0013_0033_0033.jpg 1 9 13 33 33
0712_0015_0011_0032_0032.jpg 1 15 11 32 32
0713_0012_0015_0028_0028.jpg 1 12 15 28 28
0714_0006_0018_0027_0027.jpg 1 6 18 27 27
0715_0008_0006_0033_0033.jpg 1 8 6 33 33
0716_0015_0020_0026_0026.jpg 1 15 20 26 26
0717_0004_0016_0029_0029.jpg 1 4 16 29 29
0718_0013_0014_0029_0029.jpg 1 13 14 29 29
0719_0014_0008_0032_0032.jpg 1 14 8 32 32
0720_0007_0004_0030_0030.jpg 1 7 4 30 30
0721_0014_0019_0027_0027.jpg 1 14 19 27 27
0722_0013_0015_0029_0029.jpg 1 13 15 29 29
0723_0014_0007_0034_0034.jpg 1 14 7 34 34
0724_0023_0018_0024_0024.jpg 1 23 18 24 24
0725_0019_0011_0024_0024.jpg 1 19 11 24 24
0726_0012_0008_0025_0025.jpg 1 12 8 25 25
0727_0011_0002_0030_0030.jpg 1 11 2 30 30
0728_0016_0012_0030_0030.jpg 1 16 12 30 30
0729_0018_0017_0028_0028.jpg 1 18 17 28 28
0730_0005_0004_0034_0034.jpg 1 5 4 34 34
0731_0005_0009_0031_0031.jpg 1 5 9 31 31
0732_0015_0010_0028_0028.jpg 1 15 10 28 28
0733_0011_0004_0029_0029.jpg 1 11 4 29 29
0734_0009_0008_0024_0024.jpg 1 9 8 24 24
0735_0022_0012_0024_0024.jpg 1 22 12 24 24
0736_0007_0013_0033_0033.jpg 1 7 13 33 33
0737_0004_0011_0031_0031.jpg 1 4 11 31 31
0738_0003_0005_0025_0025.jpg 1 3 5 25 25
0739_0008_0002_0028_0028.jpg 1 8 2 28 28
0740_0012_0006_0033_0033.jpg 1 12 6 33 33
0741_0004_0002_0032_0032.jpg 1 4 2 32 32
0742_0007_0008_0024_0024.jpg 1 7 8 24 24
0743_0002_0006_0027_0027.jpg 1 2 6 27 27
0744_0004_0009_0034_0034.jpg 1 4 9 34 34
0745_0008_0004_0026_0026.jpg 1 8 4 26 26
0746_0010_0010_0031_0031.jpg 1 10 10 31 31
0747_0007_0015_0028_0028.jpg 1 7 15 28 28
0748_0005_0002_0033_0033.jpg 1 5 2 33 33
0749_0020_0010_0024_0024.jpg 1 20 10 24 24
0750_0004_0016_0031_0031.jpg 1 4 16 31 31
0751_0003_0011_0033_0033.jpg 1 3 11 33 33
0752_0005_0007_0024_0024.jpg 1 5 7 24 24
0753_0014_0014_0031_0031.jpg 1 14 14 31 31
0754_0009_0012_0029_0029.jpg 1 9 12 29 29
0755_0022_0004_0025_0025.jpg 1 22 4 25 25
0756_0005_0016_0025_0025.jpg 1 5 16 25 25
0757_0019_0015_0028_0028.jpg 1 19 15 28 28
0758_0003_0009_0026_0026.jpg 1 3 9 26 26
0759_0009_0010_0029_0029.jpg 1 9 10 29 29
0760_0009_0008_0026_0026.jpg 1 9 8 26 26
0761_0003_0002_0030_0030.jpg 1 3 2 30 30
0762_0015_0003_0030_0030.jpg 1 15 3 30 30
0763_0019_0011_0027_0027.jpg 1 19 11 27 27
0764_0018_0020_0026_0026.jpg 1 18 20 26 26
0765_0013_0017_0028_0028.jpg 1 13 17 28 28
0766_0001_0006_0033_0033.jpg 1 1 6 33 33
0767_0010_0007_0030_0030.jpg 1 10 7 30 30
0768_0002_0014_0033_0033.jpg 1 2 14 33 33
0769_0007_0012_0032_0032.jpg 1 7 12 32 32
0770_0013_0015_0027_0027.jpg 1 13 15 27 27
0771_0004_0014_0031_0031.jpg 1 4 14 31 31
0772_0007_0011_0032_0032.jpg 1 7 11 32 32
0773_0007_0003_0034_0034.jpg 1 7 3 34 34
0774_0012_0008_0030_0030.jpg 1 12 8 30 30
0775_0012_0006_0034_0034.jpg 1 12 6 34 34
0776_0002_0002_0032_0032.jpg 1 2 2 32 32
0777_0020_0021_0026_0026.jpg 1 20 21 26 26
0778_0016_0009_0025_0025.jpg 1 16 9 25 25
0779_0009_0020_0027_0027.jpg 1 9 20 27 27
0780_0013_0012_0030_0030.jpg 1 13 12 30 30
0781_0007_0001_0032_0032.jpg 1 7 1 32 32
0782_0006_0014_0029_0029.jpg 1 6 14 29 29
0783_0005_0014_0033_0033.jpg 1 5 14 33 33
0784_0015_0010_0031_0031.jpg 1 15 10 31 31
0785_0012_0008_0033_0033.jpg 1 12 8 33 33
0786_0012_0010_0030_0030.jpg 1 12 10 30 30
0787_0001_0015_0031_0031.jpg 1 1 15 31 31
0788_0009_0015_0024_0024.jpg 1 9 15 24 24
0789_0004_0010_0029_0029.jpg 1 4 10 29 29
0790_0012_0018_0024_0024.jpg 1 12 18 24 24
0791_0010_0010_0031_0031.jpg 1 10 10 31 31
0792_0017_0013_0024_0024.jpg 1 17 13 24 24
0793_0015_0006_0032_0032.jpg 1 15 6 32 32
0794_0012_0018_0027_0027.jpg 1 12 18 27 27
0795_0015_0009_0030_0030.jpg 1 15 9 30 30
0796_0002_0006_0034_0034.jpg 1 2 6 34 34
0797_0003_0009_0034_0034.jpg 1 3 9 34 34
0798_0002_0004_0025_0025.jpg 1 2 4 25 25
0799_0012_0009_0031_0031.jpg 1 12 9 31 31
0800_0012_0015_0032_0032.jpg 1 12 15 32 32
0801_0006_0004_0028_0028.jpg 1 6 4 28 28
0802_0016_0023_0024_0024.jpg 1 16 23 24 24
0803_0010_0006_0033_0033.jpg 1 10 6 33 33
0804_0014_0018_0028_0028.jpg 1 14 18 28 28
0805_0016_0011_0025_0025.jpg 1 16 11 25 25
0806_0002_0009_0028_0028.jpg 1 2 9 28 28
0807_0018_0007_0024_0024.jpg 1 18 7 24 24
0808_0011_0005_0033_0033.jpg 1 11 5 33 33
0809_0008_0009_0034_0034.jpg 1 8 9 34 34
0810_0009_0014_0030_0030.jpg 1 9 14 30 30
0811_0014_0009_0032_0032.jpg 1 14 9 32 32
0812_0007_0001_0034_0034.jpg 1 7 1 34 34
0813_0012_0013_0031_0031.jpg 1 12 13 31 31
0814_0002_0006_0031_0031.jpg 1 2 6 31 31
0815_0017_0005_0029_0029.jpg 1 17 5 29 29
0816_0005_0006_0028_0028.jpg 1 5 6 28 28
0817_0015_0009_0029_0029.jpg 1 15 9 29 29
0818_0003_0011_0024_0024.jpg 1 3 11 24 24
0819_0014_0010_0024_0024.jpg 1 14 10 24 24
0820_0006_0003_0034_0034.jpg 1 6 3 34 34
0821_0014_0010_0029_0029.jpg 1 14 10 29 29
0822_0006_0008_0033_0033.jpg 1 6 8 33 33
0823_0003_0003_0031_0031.jpg 1 3 3 31 31
0824_0002_0005_0031_0031.jpg 1 2 5 31 31
0825_0004_0018_0025_0025.jpg 1 4 18 25 25
0826_0009_0008_0033_0033.jpg 1 9 8 33 33
0827_0020_0012_0024_0024.jpg 1 20 12 24 24
