0001_0004_0006_0026_0026.jpg 1 4 6 26 26
0002_0008_0004_0034_0034.jpg 1 8 4 34 34
0003_0013_0005_0034_0034.jpg 1 13 5 34 34
0004_0013_0007_0027_0027.jpg 1 13 7 27 27
0005_0006_0008_0024_0024.jpg 1 6 8 24 24
0006_0012_0009_0034_0034.jpg 1 12 9 34 34
0007_0018_0004_0029_0029.jpg 1 18 4 29 29
0008_0004_0005_0034_0034.jpg 1 4 5 34 34
0009_0004_0008_0032_0032.jpg 1 4 8 32 32
0010_0012_0002_0034_0034.jpg 1 12 2 34 34
0011_0006_0017_0028_0028.jpg 1 6 17 28 28
0012_0006_0014_0033_0033.jpg 1 6 14 33 33
0013_0008_0008_0028_0028.jpg 1 8 8 28 28
0014_0014_0020_0027_0027.jpg 1 14 20 27 27
0015_0014_0011_0029_0029.jpg 1 14 11 29 29
0016_0012_0003_0031_0031.jpg 1 12 3 31 31
0017_0002_0012_0032_0032.jpg 1 2 12 32 32
0018_0013_0014_0033_0033.jpg 1 13 14 33 33
0019_0012_0002_0032_0032.jpg 1 12 2 32 32
0020_0010_0014_0034_0034.jpg 1 10 14 34 34
0021_0022_0009_0024_0024.jpg 1 22 9 24 24
0022_0004_0012_0029_0029.jpg 1 4 12 29 29
0023_0010_0011_0034_0034.jpg 1 10 11 34 34
0024_0005_0017_0024_0024.jpg 1 5 17 24 24
0025_0007_0003_0028_0028.jpg 1 7 3 28 28
0026_0002_0013_0030_0030.jpg 1 2 13 30 30
0027_0018_0012_0025_0025.jpg 1 18 12 25 25
0028_0002_0001_0032_0032.jpg 1 2 1 32 32
0029_0010_0002_0029_0029.jpg 1 10 2 29 29
0030_0012_0015_0030_0030.jpg 1 12 15 30 30
0031_0011_0011_0027_0027.jpg 1 11 11 27 27
0032_0016_0014_0031_0031.jpg 1 16 14 31 31
0033_0007_0004_0034_0034.jpg 1 7 4 34 34
0034_0009_0017_0025_0025.jpg 1 9 17 25 25
0035_0017_0005_0025_0025.jpg 1 17 5 25 25
0036_0005_0016_0031_0031.jpg 1 5 16 31 31
0037_0017_0020_0026_0026.jpg 1 17 20 26 26
0038_0008_0001_0032_0032.jpg 1 8 1 32 32
0039_0012_0011_0029_0029.jpg 1 12 11 29 29
0040_0011_0003_0030_0030.jpg 1 11 3 30 30
0041_0009_0012_0026_0026.jpg 1 9 12 26 26
0042_0015_0004_0031_0031.jpg 1 15 4 31 31
0043_0020_0020_0026_0026.jpg 1 20 20 26 26
0044_0005_0017_0029_0029.jpg 1 5 17 29 29
0045_0004_0008_0028_0028.jpg 1 4 8 28 28
0046_0010_0013_0032_0032.jpg 1 10 13 32 32
0047_0011_0016_0029_0029.jpg 1 11 16 29 29
0048_0020_0020_0027_0027.jpg 1 20 20 27 27
0049_0016_0010_0030_0030.jpg 1 16 10 30 30
0050_0011_0010_0028_0028.jpg 1 11 10 28 28
0051_0013_0012_0026_0026.jpg 1 13 12 26 26
0052_0007_0018_0027_0027.jpg 1 7 18 27 27
0053_0011_0004_0034_0034.jpg 1 11 4 34 34
0054_0008_0015_0031_0031.jpg 1 8 15 31 31
0055_0013_0018_0024_0024.jpg 1 13 18 24 24
0056_0009_0018_0028_0028.jpg 1 9 18 28 28
0057_0006_0009_0033_0033.jpg 1 6 9 33 33
0058_0009_0003_0031_0031.jpg 1 9 3 31 31
0059_0010_0008_0032_0032.jpg 1 10 8 32 32
0060_0013_0007_0034_0034.jpg 1 13 7 34 34
0061_0010_0011_0034_0034.jpg 1 10 11 34 34
0062_0008_0003_0034_0034.jpg 1 8 3 34 34
0063_0011_0011_0028_0028.jpg 1 11 11 28 28
0064_0010_0019_0024_0024.jpg 1 10 19 24 24
0065_0003_0004_0032_0032.jpg 1 3 4 32 32
0066_0001_0001_0034_0034.jpg 1 1 1 34 34
0067_0012_0017_0029_0029.jpg 1 12 17 29 29
0068_0002_0004_0034_0034.jpg 1 2 4 34 34
0069_0016_0003_0031_0031.jpg 1 16 3 31 31
0070_0008_0010_0034_0034.jpg 1 8 10 34 34
0071_0016_0004_0029_0029.jpg 1 16 4 29 29
0072_0017_0010_0028_0028.jpg 1 17 10 28 28
0073_0020_0011_0027_0027.jpg 1 20 11 27 27
0074_0017_0013_0028_0028.jpg 1 17 13 28 28
0075_0014_0011_0024_0024.jpg 1 14 11 24 24
0076_0018_0010_0029_0029.jpg 1 18 10 29 29
0077_0004_0004_0032_0032.jpg 1 4 4 32 32
0078_0004_0002_0027_0027.jpg 1 4 2 27 27
0079_0014_0006_0027_0027.jpg 1 14 6 27 27
0080_0013_0017_0027_0027.jpg 1 13 17 27 27
0081_0010_0005_0032_0032.jpg 1 10 5 32 32
0082_0013_0001_0034_0034.jpg 1 13 1 34 34
0083_0016_0009_0025_0025.jpg 1 16 9 25 25
0084_0006_0002_0031_0031.jpg 1 6 2 31 31
0085_0004_0011_0032_0032.jpg 1 4 11 32 32
0086_0005_0008_0031_0031.jpg 1 5 8 31 31
0087_0012_0010_0030_0030.jpg 1 12 10 30 30
0088_0014_0012_0033_0033.jpg 1 14 12 33 33
0089_0013_0013_0026_0026.jpg 1 13 13 26 26
0090_0006_0002_0024_0024.jpg 1 6 2 24 24
0091_0016_0015_0028_0028.jpg 1 16 15 28 28
0092_0004_0011_0033_0033.jpg 1 4 11 33 33
0093_0016_0014_0026_0026.jpg 1 16 14 26 26
0094_0003_0009_0026_0026.jpg 1 3 9 26 26
0095_0004_0016_0028_0028.jpg 1 4 16 28 28
0096_0018_0019_0024_0024.jpg 1 18 19 24 24
0097_0012_0003_0033_0033.jpg 1 12 3 33 33
0098_0011_0009_0032_0032.jpg 1 11 9 32 32
0099_0020_0007_0027_0027.jpg 1 20 7 27 27
0100_0008_0004_0031_0031.jpg 1 8 4 31 31
0101_0015_0010_0032_0032.jpg 1 15 10 32 32
0102_0012_0008_0034_0034.jpg 1 12 8 34 34
0103_0012_0003_0034_0034.jpg 1 12 3 34 34
0104_0007_0008_0032_0032.jpg 1 7 8 32 32
0105_0008_0012_0031_0031.jpg 1 8 12 31 31
0106_0002_0013_0032_0032.jpg 1 2 13 32 32
0107_0005_0011_0024_0024.jpg 1 5 11 24 24
0108_0011_0012_0033_0033.jpg 1 11 12 33 33
0109_0006_0017_0029_0029.jpg 1 6 17 29 29
0110_0012_0004_0033_0033.jpg 1 12 4 33 33
0111_0004_0005_0026_0026.jpg 1 4 5 26 26
0112_0003_0007_0033_0033.jpg 1 3 7 33 33
0113_0017_0007_0026_0026.jpg 1 17 7 26 26
0114_0006_0016_0030_0030.jpg 1 6 16 30 30
0115_0002_0004_0031_0031.jpg 1 2 4 31 31
0116_0012_0015_0028_0028.jpg 1 12 15 28 28
0117_0007_0006_0028_0028.jpg 1 7 6 28 28
0118_0013_0003_0033_0033.jpg 1 13 3 33 33
0119_0009_0016_0028_0028.jpg 1 9 16 28 28
0120_0001_0002_0034_0034.jpg 1 1 2 34 34
0121_0016_0003_0028_0028.jpg 1 16 3 28 28
0122_0013_0005_0034_0034.jpg 1 13 5 34 34
0123_0015_0020_0027_0027.jpg 1 15 20 27 27
0124_0002_0010_0029_0029.jpg 1 2 10 29 29
0125_0003_0006_0032_0032.jpg 1 3 6 32 32
0126_0002_0012_0031_0031.jpg 1 2 12 31 31
0127_0010_0017_0028_0028.jpg 1 10 17 28 28
0128_0018_0011_0029_0029.jpg 1 18 11 29 29
0129_0013_0009_0034_0034.jpg 1 13 9 34 34
0130_0003_0006_0029_0029.jpg 1 3 6 29 29
0131_0006_0003_0031_0031.jpg 1 6 3 31 31
0132_0021_0007_0025_0025.jpg 1 21 7 25 25
0133_0008_0009_0032_0032.jpg 1 8 9 32 32
0134_0007_0005_0032_0032.jpg 1 7 5 32 32
0135_0013_0003_0032_0032.jpg 1 13 3 32 32
0136_0015_0013_0027_0027.jpg 1 15 13 27 27
0137_0004_0011_0027_0027.jpg 1 4 11 27 27
0138_0010_0007_0032_0032.jpg 1 10 7 32 32
0139_0008_0003_0033_0033.jpg 1 8 3 33 33
0140_0010_0003_0025_0025.jpg 1 10 3 25 25
0141_0006_0003_0028_0028.jpg 1 6 3 28 28
0142_0003_0009_0030_0030.jpg 1 3 9 30 30
0143_0017_0003_0029_0029.jpg 1 17 3 29 29
0144_0005_0002_0027_0027.jpg 1 5 2 27 27
0145_0002_0008_0025_0025.jpg 1 2 8 25 25
0146_0004_0013_0032_0032.jpg 1 4 13 32 32
0147_0004_0011_0032_0032.jpg 1 4 11 32 32
0148_0010_0005_0029_0029.jpg 1 10 5 29 29
0149_0016_0013_0024_0024.jpg 1 16 13 24 24
0150_0016_0004_0024_0024.jpg 1 16 4 24 24
0151_0013_0011_0026_0026.jpg 1 13 11 26 26
0152_0004_0009_0034_0034.jpg 1 4 9 34 34
0153_0007_0004_0025_0025.jpg 1 7 4 25 25
0154_0009_0009_0029_0029.jpg 1 9 9 29 29
0155_0008_0008_0030_0030.jpg 1 8 8 30 30
0156_0015_0019_0025_0025.jpg 1 15 19 25 25
0157_0002_0005_0025_0025.jpg 1 2 5 25 25
0158_0003_0013_0032_0032.jpg 1 3 13 32 32
0159_0017_0009_0024_0024.jpg 1 17 9 24 24
0160_0004_0012_0024_0024.jpg 1 4 12 24 24
0161_0018_0005_0029_0029.jpg 1 18 5 29 29
0162_0012_0011_0034_0034.jpg 1 12 11 34 34
0163_0004_0004_0027_0027.jpg 1 4 4 27 27
0164_0012_0003_0032_0032.jpg 1 12 3 32 32
0165_0011_0003_0032_0032.jpg 1 11 3 32 32
0166_0018_0008_0028_0028.jpg 1 18 8 28 28
0167_0019_0013_0025_0025.jpg 1 19 13 25 25
0168_0017_0010_0027_0027.jpg 1 17 10 27 27
0169_0007_0013_0027_0027.jpg 1 7 13 27 27
0170_0004_0019_0028_0028.jpg 1 4 19 28 28
0171_0010_0007_0031_0031.jpg 1 10 7 31 31
0172_0003_0004_0029_0029.jpg 1 3 4 29 29
0173_0021_0022_0024_0024.jpg 1 21 22 24 24
0174_0002_0013_0029_0029.jpg 1 2 13 29 29
0175_0002_0005_0030_0030.jpg 1 2 5 30 30
0176_0014_0011_0027_0027.jpg 1 14 11 27 27
0177_0007_0013_0024_0024.jpg 1 7 13 24 24
0178_0003_0008_0034_0034.jpg 1 3 8 34 34
0179_0004_0006_0026_0026.jpg 1 4 6 26 26
0180_0021_0017_0026_0026.jpg 1 21 17 26 26
0181_0005_0013_0033_0033.jpg 1 5 13 33 33
0182_0019_0021_0025_0025.jpg 1 19 21 25 25
0183_0004_0001_0032_0032.jpg 1 4 1 32 32
0184_0011_0012_0029_0029.jpg 1 11 12 29 29
0185_0008_0003_0027_0027.jpg 1 8 3 27 27
0186_0016_0008_0030_0030.jpg 1 16 8 30 30
0187_0013_0008_0025_0025.jpg 1 13 8 25 25
0188_0004_0004_0033_0033.jpg 1 4 4 33 33
0189_0005_0001_0034_0034.jpg 1 5 1 34 34
0190_0018_0011_0028_0028.jpg 1 18 11 28 28
0191_0008_0015_0030_0030.jpg 1 8 15 30 30
0192_0010_0006_0033_0033.jpg 1 10 6 33 33
0193_0011_0008_0024_0024.jpg 1 11 8 24 24
0194_0010_0009_0031_0031.jpg 1 10 9 31 31
0195_0006_0012_0032_0032.jpg 1 6 12 32 32
0196_0009_0016_0024_0024.jpg 1 9 16 24 24
0197_0002_0005_0026_0026.jpg 1 2 5 26 26
0198_0002_0002_0031_0031.jpg 1 2 2 31 31
0199_0014_0009_0030_0030.jpg 1 14 9 30 30
0200_0006_0009_0028_0028.jpg 1 6 9 28 28
0201_0017_0018_0025_0025.jpg 1 17 18 25 25
0202_0006_0008_0032_0032.jpg 1 6 8 32 32
0203_0002_0010_0032_0032.jpg 1 2 10 32 32
0204_0007_0015_0026_0026.jpg 1 7 15 26 26
0205_0010_0003_0024_0024.jpg 1 10 3 24 24
0206_0016_0013_0031_0031.jpg 1 16 13 31 31
0207_0008_0013_0032_0032.jpg 1 8 13 32 32
0208_0013_0013_0030_0030.jpg 1 13 13 30 30
0209_0020_0015_0024_0024.jpg 1 20 15 24 24
0210_0006_0008_0027_0027.jpg 1 6 8 27 27
0211_0011_0014_0033_0033.jpg 1 11 14 33 33
0212_0003_0016_0029_0029.jpg 1 3 16 29 29
0213_0006_0004_0024_0024.jpg 1 6 4 24 24
0214_0011_0003_0029_0029.jpg 1 11 3 29 29
0215_0021_0010_0026_0026.jpg 1 21 10 26 26
0216_0018_0004_0028_0028.jpg 1 18 4 28 28
0217_0008_0015_0029_0029.jpg 1 8 15 29 29
0218_0011_0020_0027_0027.jpg 1 11 20 27 27
0219_0017_0022_0024_0024.jpg 1 17 22 24 24
0220_0010_0011_0024_0024.jpg 1 10 11 24 24
0221_0010_0009_0025_0025.jpg 1 10 9 25 25
0222_0004_0003_0031_0031.jpg 1 4 3 31 31
0223_0010_0016_0027_0027.jpg 1 10 16 27 27
0224_0005_0010_0033_0033.jpg 1 5 10 33 33
0225_0016_0017_0030_0030.jpg 1 16 17 30 30
0226_0003_0002_0024_0024.jpg 1 3 2 24 24
0227_0013_0009_0025_0025.jpg 1 13 9 25 25
0228_0016_0009_0026_0026.jpg 1 16 9 26 26
0229_0014_0013_0032_0032.jpg 1 14 13 32 32
0230_0014_0019_0025_0025.jpg 1 14 19 25 25
0231_0010_0007_0034_0034.jpg 1 10 7 34 34
0232_0015_0003_0032_0032.jpg 1 15 3 32 32
0233_0003_0013_0030_0030.jpg 1 3 13 30 30
0234_0011_0008_0033_0033.jpg 1 11 8 33 33
0235_0012_0010_0033_0033.jpg 1 12 10 33 33
0236_0005_0015_0024_0024.jpg 1 5 15 24 24
0237_0016_0011_0028_0028.jpg 1 16 11 28 28
0238_0002_0008_0026_0026.jpg 1 2 8 26 26
0239_0004_0006_0032_0032.jpg 1 4 6 32 32
0240_0003_0018_0027_0027.jpg 1 3 18 27 27
0241_0007_0012_0025_0025.jpg 1 7 12 25 25
0242_0017_0014_0028_0028.jpg 1 17 14 28 28
0243_0013_0002_0034_0034.jpg 1 13 2 34 34
0244_0010_0010_0031_0031.jpg 1 10 10 31 31
0245_0011_0005_0030_0030.jpg 1 11 5 30 30
0246_0002_0011_0034_0034.jpg 1 2 11 34 34
0247_0002_0003_0033_0033.jpg 1 2 3 33 33
0248_0015_0006_0030_0030.jpg 1 15 6 30 30
0249_0011_0015_0031_0031.jpg 1 11 15 31 31
0250_0014_0018_0025_0025.jpg 1 14 18 25 25
0251_0017_0010_0027_0027.jpg 1 17 10 27 27
0252_0018_0014_0025_0025.jpg 1 18 14 25 25
0253_0004_0008_0027_0027.jpg 1 4 8 27 27
0254_0006_0014_0026_0026.jpg 1 6 14 26 26
0255_0009_0010_0032_0032.jpg 1 9 10 32 32
0256_0011_0005_0031_0031.jpg 1 11 5 31 31
0257_0010_0004_0028_0028.jpg 1 10 4 28 28
0258_0006_0005_0029_0029.jpg 1 6 5 29 29
0259_0014_0004_0033_0033.jpg 1 14 4 33 33
0260_0010_0010_0025_0025.jpg 1 10 10 25 25
0261_0007_0014_0032_0032.jpg 1 7 14 32 32
0262_0014_0018_0025_0025.jpg 1 14 18 25 25
0263_0009_0012_0028_0028.jpg 1 9 12 28 28
0264_0002_0022_0025_0025.jpg 1 2 22 25 25
0265_0002_0002_0034_0034.jpg 1 2 2 34 34
0266_0010_0011_0034_0034.jpg 1 10 11 34 34
0267_0011_0004_0028_0028.jpg 1 11 4 28 28
0268_0005_0010_0033_0033.jpg 1 5 10 33 33
0269_0013_0013_0026_0026.jpg 1 13 13 26 26
0270_0014_0013_0031_0031.jpg 1 14 13 31 31
0271_0021_0014_0026_0026.jpg 1 21 14 26 26
0272_0004_0013_0024_0024.jpg 1 4 13 24 24
0273_0012_0017_0029_0029.jpg 1 12 17 29 29
0274_0018_0021_0025_0025.jpg 1 18 21 25 25
0275_0014_0013_0030_0030.jpg 1 14 13 30 30
0276_0003_0007_0024_0024.jpg 1 3 7 24 24
0277_0002_0006_0033_0033.jpg 1 2 6 33 33
0278_0004_0016_0029_0029.jpg 1 4 16 29 29
0279_0009_0012_0032_0032.jpg 1 9 12 32 32
0280_0003_0015_0026_0026.jpg 1 3 15 26 26
0281_0007_0011_0029_0029.jpg 1 7 11 29 29
0282_0013_0017_0024_0024.jpg 1 13 17 24 24
0283_0007_0017_0026_0026.jpg 1 7 17 26 26
0284_0012_0013_0026_0026.jpg 1 12 13 26 26
0285_0017_0016_0025_0025.jpg 1 17 16 25 25
0286_0010_0006_0029_0029.jpg 1 10 6 29 29
0287_0003_0009_0027_0027.jpg 1 3 9 27 27
0288_0006_0004_0032_0032.jpg 1 6 4 32 32
0289_0017_0009_0029_0029.jpg 1 17 9 29 29
0290_0019_0019_0025_0025.jpg 1 19 19 25 25
0291_0012_0021_0026_0026.jpg 1 12 21 26 26
0292_0006_0019_0027_0027.jpg 1 6 19 27 27
0293_0017_0019_0024_0024.jpg 1 17 19 24 24
0294_0016_0018_0028_0028.jpg 1 16 18 28 28
0295_0013_0014_0024_0024.jpg 1 13 14 24 24
0296_0005_0006_0029_0029.jpg 1 5 6 29 29
0297_0002_0010_0026_0026.jpg 1 2 10 26 26
0298_0008_0002_0029_0029.jpg 1 8 2 29 29
0299_0004_0010_0029_0029.jpg 1 4 10 29 29
0300_0005_0004_0025_0025.jpg 1 5 4 25 25
0301_0009_0003_0031_0031.jpg 1 9 3 31 31
0302_0009_0012_0031_0031.jpg 1 9 12 31 31
0303_0007_0019_0025_0025.jpg 1 7 19 25 25
0304_0002_0012_0034_0034.jpg 1 2 12 34 34
0305_0005_0010_0029_0029.jpg 1 5 10 29 29
0306_0008_0002_0026_0026.jpg 1 8 2 26 26
0307_0012_0012_0024_0024.jpg 1 12 12 24 24
0308_0007_0009_0029_0029.jpg 1 7 9 29 29
0309_0014_0006_0032_0032.jpg 1 14 6 32 32
0310_0011_0006_0028_0028.jpg 1 11 6 28 28
0311_0012_0011_0025_0025.jpg 1 12 11 25 25
0312_0020_0007_0027_0027.jpg 1 20 7 27 27
0313_0012_0015_0032_0032.jpg 1 12 15 32 32
0314_0010_0012_0033_0033.jpg 1 10 12 33 33
0315_0005_0004_0031_0031.jpg 1 5 4 31 31
0316_0007_0009_0032_0032.jpg 1 7 9 32 32
0317_0009_0010_0027_0027.jpg 1 9 10 27 27
0318_0009_0013_0031_0031.jpg 1 9 13 31 31
0319_0006_0014_0025_0025.jpg 1 6 14 25 25
0320_0005_0016_0031_0031.jpg 1 5 16 31 31
0321_0013_0005_0028_0028.jpg 1 13 5 28 28
0322_0005_0015_0032_0032.jpg 1 5 15 32 32
0323_0010_0002_0029_0029.jpg 1 10 2 29 29
0324_0020_0009_0025_0025.jpg 1 20 9 25 25
0325_0003_0012_0030_0030.jpg 1 3 12 30 30
0326_0008_0009_0034_0034.jpg 1 8 9 34 34
0327_0013_0017_0029_0029.jpg 1 13 17 29 29
0328_0011_0007_0026_0026.jpg 1 11 7 26 26
0329_0002_0010_0027_0027.jpg 1 2 10 27 27
0330_0004_0005_0026_0026.jpg 1 4 5 26 26
0331_0006_0016_0030_0030.jpg 1 6 16 30 30
0332_0016_0005_0030_0030.jpg 1 16 5 30 30
0333_0015_0013_0028_0028.jpg 1 15 13 28 28
0334_0013_0009_0025_0025.jpg 1 13 9 25 25
0335_0008_0017_0029_0029.jpg 1 8 17 29 29
0336_0006_0017_0029_0029.jpg 1 6 17 29 29
0337_0014_0004_0032_0032.jpg 1 14 4 32 32
0338_0005_0013_0030_0030.jpg 1 5 13 30 30
0339_0018_0005_0026_0026.jpg 1 18 5 26 26
0340_0006_0020_0026_0026.jpg 1 6 20 26 26
0341_0004_0006_0030_0030.jpg 1 4 6 30 30
0342_0007_0015_0033_0033.jpg 1 7 15 33 33
0343_0010_0005_0034_0034.jpg 1 10 5 34 34
0344_0015_0010_0024_0024.jpg 1 15 10 24 24
0345_0019_0012_0025_0025.jpg 1 19 12 25 25
0346_0011_0011_0026_0026.jpg 1 11 11 26 26
0347_0011_0004_0029_0029.jpg 1 11 4 29 29
0348_0021_0022_0024_0024.jpg 1 21 22 24 24
0349_0003_0004_0030_0030.jpg 1 3 4 30 30
0350_0014_0011_0026_0026.jpg 1 14 11 26 26
0351_0008_0012_0033_0033.jpg 1 8 12 33 33
0352_0013_0014_0030_0030.jpg 1 13 14 30 30
0353_0009_0016_0028_0028.jpg 1 9 16 28 28
0354_0007_0005_0032_0032.jpg 1 7 5 32 32
0355_0002_0007_0030_0030.jpg 1 2 7 30 30
0356_0014_0002_0026_0026.jpg 1 14 2 26 26
0357_0013_0003_0034_0034.jpg 1 13 3 34 34
0358_0009_0004_0027_0027.jpg 1 9 4 27 27
0359_0002_0005_0031_0031.jpg 1 2 5 31 31
0360_0016_0017_0031_0031.jpg 1 16 17 31 31
0361_0009_0009_0030_0030.jpg 1 9 9 30 30
0362_0009_0012_0032_0032.jpg 1 9 12 32 32
0363_0010_0012_0034_0034.jpg 1 10 12 34 34
0364_0009_0010_0032_0032.jpg 1 9 10 32 32
0365_0011_0008_0032_0032.jpg 1 11 8 32 32
0366_0008_0006_0026_0026.jpg 1 8 6 26 26
0367_0006_0005_0027_0027.jpg 1 6 5 27 27
0368_0013_0012_0024_0024.jpg 1 13 12 24 24
0369_0013_0011_0034_0034.jpg 1 13 11 34 34
0370_0018_0011_0028_0028.jpg 1 18 11 28 28
0371_0003_0013_0025_0025.jpg 1 3 13 25 25
0372_0013_0004_0031_0031.jpg 1 13 4 31 31
0373_0006_0012_0024_0024.jpg 1 6 12 24 24
0374_0012_0011_0025_0025.jpg 1 12 11 25 25
0375_0008_0007_0034_0034.jpg 1 8 7 34 34
0376_0013_0012_0030_0030.jpg 1 13 12 30 30
0377_0012_0011_0025_0025.jpg 1 12 11 25 25
0378_0007_0008_0031_0031.jpg 1 7 8 31 31
0379_0010_0014_0032_0032.jpg 1 10 14 32 32
0380_0010_0008_0031_0031.jpg 1 10 8 31 31
0381_0007_0006_0028_0028.jpg 1 7 6 28 28
0382_0015_0006_0033_0033.jpg 1 15 6 33 33
0383_0016_0006_0026_0026.jpg 1 16 6 26 26
0384_0009_0015_0033_0033.jpg 1 9 15 33 33
0385_0010_0006_0032_0032.jpg 1 10 6 32 32
0386_0021_0020_0024_0024.jpg 1 21 20 24 24
0387_0010_0017_0025_0025.jpg 1 10 17 25 25
0388_0003_0004_0032_0032.jpg 1 3 4 32 32
0389_0009_0007_0032_0032.jpg 1 9 7 32 32
0390_0012_0013_0030_0030.jpg 1 12 13 30 30
0391_0004_0011_0029_0029.jpg 1 4 11 29 29
0392_0010_0020_0024_0024.jpg 1 10 20 24 24
0393_0006_0012_0027_0027.jpg 1 6 12 27 27
0394_0018_0019_0027_0027.jpg 1 18 19 27 27
0395_0004_0013_0033_0033.jpg 1 4 13 33 33
0396_0002_0006_0028_0028.jpg 1 2 6 28 28
0397_0011_0017_0029_0029.jpg 1 11 17 29 29
0398_0009_0010_0024_0024.jpg 1 9 10 24 24
0399_0005_0008_0031_0031.jpg 1 5 8 31 31
0400_0020_0014_0025_0025.jpg 1 20 14 25 25
0401_0017_0019_0026_0026.jpg 1 17 19 26 26
0402_0015_0017_0028_0028.jpg 1 15 17 28 28
0403_0012_0021_0024_0024.jpg 1 12 21 24 24
0404_0009_0019_0027_0027.jpg 1 9 19 27 27
0405_0007_0016_0028_0028.jpg 1 7 16 28 28
0406_0011_0010_0034_0034.jpg 1 11 10 34 34
0407_0011_0017_0028_0028.jpg 1 11 17 28 28
0408_0014_0009_0024_0024.jpg 1 14 9 24 24
0409_0021_0010_0024_0024.jpg 1 21 10 24 24
0410_0012_0002_0034_0034.jpg 1 12 2 34 34
0411_0017_0002_0026_0026.jpg 1 17 2 26 26
0412_0003_0011_0026_0026.jpg 1 3 11 26 26
0413_0014_0010_0033_0033.jpg 1 14 10 33 33
0414_0017_0011_0027_0027.jpg 1 17 11 27 27
0415_0001_0005_0034_0034.jpg 1 1 5 34 34
0416_0002_0014_0032_0032.jpg 1 2 14 32 32
0417_0002_0013_0031_0031.jpg 1 2 13 31 31
0418_0011_0012_0033_0033.jpg 1 11 12 33 33
0419_0007_0011_0024_0024.jpg 1 7 11 24 24
0420_0006_0014_0031_0031.jpg 1 6 14 31 31
0421_0017_0017_0027_0027.jpg 1 17 17 27 27
0422_0020_0017_0026_0026.jpg 1 20 17 26 26
0423_0015_0015_0025_0025.jpg 1 15 15 25 25
0424_0005_0014_0030_0030.jpg 1 5 14 30 30
0425_0015_0018_0025_0025.jpg 1 15 18 25 25
0426_0014_0002_0031_0031.jpg 1 14 2 31 31
0427_0004_0008_0032_0032.jpg 1 4 8 32 32
0428_0010_0009_0028_0028.jpg 1 10 9 28 28
0429_0014_0003_0029_0029.jpg 1 14 3 29 29
0430_0012_0016_0028_0028.jpg 1 12 16 28 28
0431_0007_0007_0024_0024.jpg 1 7 7 24 24
0432_0009_0012_0030_0030.jpg 1 9 12 30 30
0433_0016_0017_0028_0028.jpg 1 16 17 28 28
0434_0008_0018_0028_0028.jpg 1 8 18 28 28
0435_0021_0013_0026_0026.jpg 1 21 13 26 26
0436_0003_0003_0034_0034.jpg 1 3 3 34 34
0437_0003_0012_0034_0034.jpg 1 3 12 34 34
0438_0019_0013_0026_0026.jpg 1 19 13 26 26
0439_0009_0010_0027_0027.jpg 1 9 10 27 27
0440_0010_0009_0030_0030.jpg 1 10 9 30 30
0441_0008_0006_0034_0034.jpg 1 8 6 34 34
0442_0011_0018_0029_0029.jpg 1 11 18 29 29
0443_0007_0006_0034_0034.jpg 1 7 6 34 34
0444_0003_0008_0030_0030.jpg 1 3 8 30 30
0445_0010_0013_0028_0028.jpg 1 10 13 28 28
0446_0015_0015_0032_0032.jpg 1 15 15 32 32
0447_0014_0006_0029_0029.jpg 1 14 6 29 29
0448_0008_0012_0031_0031.jpg 1 8 12 31 31
0449_0007_0012_0026_0026.jpg 1 7 12 26 26
0450_0007_0009_0033_0033.jpg 1 7 9 33 33
0451_0020_0019_0025_0025.jpg 1 20 19 25 25
0452_0010_0004_0024_0024.jpg 1 10 4 24 24
0453_0016_0014_0031_0031.jpg 1 16 14 31 31
0454_0008_0008_0031_0031.jpg 1 8 8 31 31
0455_0003_0015_0030_0030.jpg 1 3 15 30 30
0456_0006_0018_0024_0024.jpg 1 6 18 24 24
0457_0011_0008_0034_0034.jpg 1 11 8 34 34
0458_0008_0011_0029_0029.jpg 1 8 11 29 29
0459_0017_0010_0025_0025.jpg 1 17 10 25 25
0460_0008_0008_0029_0029.jpg 1 8 8 29 29
0461_0002_0018_0026_0026.jpg 1 2 18 26 26
0462_0002_0015_0032_0032.jpg 1 2 15 32 32
0463_0005_0002_0034_0034.jpg 1 5 2 34 34
0464_0013_0022_0025_0025.jpg 1 13 22 25 25
0465_0016_0005_0029_0029.jpg 1 16 5 29 29
0466_0006_0009_0024_0024.jpg 1 6 9 24 24
0467_0013_0010_0031_0031.jpg 1 13 10 31 31
0468_0015_0018_0028_0028.jpg 1 15 18 28 28
0469_0010_0006_0034_0034.jpg 1 10 6 34 34
0470_0004_0013_0025_0025.jpg 1 4 13 25 25
0471_0013_0011_0031_0031.jpg 1 13 11 31 31
0472_0016_0019_0026_0026.jpg 1 16 19 26 26
0473_0018_0007_0025_0025.jpg 1 18 7 25 25
0474_0008_0005_0025_0025.jpg 1 8 5 25 25
0475_0002_0014_0030_0030.jpg 1 2 14 30 30
0476_0007_0005_0031_0031.jpg 1 7 5 31 31
0477_0008_0012_0032_0032.jpg 1 8 12 32 32
0478_0017_0008_0028_0028.jpg 1 17 8 28 28
0479_0012_0005_0032_0032.jpg 1 12 5 32 32
0480_0011_0010_0027_0027.jpg 1 11 10 27 27
0481_0018_0017_0025_0025.jpg 1 18 17 25 25
0482_0014_0022_0024_0024.jpg 1 14 22 24 24
0483_0018_0018_0024_0024.jpg 1 18 18 24 24
0484_0010_0011_0024_0024.jpg 1 10 11 24 24
0485_0021_0017_0025_0025.jpg 1 21 17 25 25
0486_0013_0011_0032_0032.jpg 1 13 11 32 32
0487_0004_0014_0031_0031.jpg 1 4 14 31 31
0488_0013_0010_0027_0027.jpg 1 13 10 27 27
0489_0002_0020_0027_0027.jpg 1 2 20 27 27
0490_0018_0004_0029_0029.jpg 1 18 4 29 29
0491_0006_0012_0025_0025.jpg 1 6 12 25 25
0492_0007_0009_0029_0029.jpg 1 7 9 29 29
0493_0004_0008_0024_0024.jpg 1 4 8 24 24
0494_0002_0007_0027_0027.jpg 1 2 7 27 27
0495_0008_0014_0025_0025.jpg 1 8 14 25 25
0496_0012_0005_0029_0029.jpg 1 12 5 29 29
0497_0004_0011_0025_0025.jpg 1 4 11 25 25
0498_0017_0014_0027_0027.jpg 1 17 14 27 27
0499_0011_0005_0030_0030.jpg 1 11 5 30 30
0500_0012_0004_0030_0030.jpg 1 12 4 30 30
0501_0009_0016_0031_0031.jpg 1 9 16 31 31
0502_0008_0002_0024_0024.jpg 1 8 2 24 24
0503_0013_0008_0031_0031.jpg 1 13 8 31 31
0504_0008_0005_0030_0030.jpg 1 8 5 30 30
0505_0010_0003_0034_0034.jpg 1 10 3 34 34
0506_0010_0006_0034_0034.jpg 1 10 6 34 34
0507_0016_0013_0024_0024.jpg 1 16 13 24 24
0508_0012_0004_0033_0033.jpg 1 12 4 33 33
0509_0015_0011_0027_0027.jpg 1 15 11 27 27
0510_0011_0022_0024_0024.jpg 1 11 22 24 24
0511_0003_0010_0031_0031.jpg 1 3 10 31 31
0512_0017_0008_0028_0028.jpg 1 17 8 28 28
0513_0011_0008_0028_0028.jpg 1 11 8 28 28
0514_0014_0005_0030_0030.jpg 1 14 5 30 30
0515_0014_0005_0032_0032.jpg 1 14 5 32 32
0516_0003_0004_0033_0033.jpg 1 3 4 33 33
0517_0010_0007_0028_0028.jpg 1 10 7 28 28
0518_0008_0006_0032_0032.jpg 1 8 6 32 32
0519_0014_0019_0026_0026.jpg 1 14 19 26 26
0520_0005_0005_0024_0024.jpg 1 5 5 24 24
0521_0010_0015_0029_0029.jpg 1 10 15 29 29
0522_0011_0009_0028_0028.jpg 1 11 9 28 28
0523_0010_0015_0028_0028.jpg 1 10 15 28 28
0524_0002_0011_0032_0032.jpg 1 2 11 32 32
0525_0014_0002_0032_0032.jpg 1 14 2 32 32
0526_0008_0003_0030_0030.jpg 1 8 3 30 30
0527_0016_0012_0028_0028.jpg 1 16 12 28 28
0528_0008_0013_0030_0030.jpg 1 8 13 30 30
0529_0017_0014_0030_0030.jpg 1 17 14 30 30
0530_0010_0002_0033_0033.jpg 1 10 2 33 33
0531_0006_0017_0028_0028.jpg 1 6 17 28 28
0532_0002_0010_0033_0033.jpg 1 2 10 33 33
0533_0003_0017_0024_0024.jpg 1 3 17 24 24
0534_0013_0016_0028_0028.jpg 1 13 16 28 28
0535_0014_0022_0025_0025.jpg 1 14 22 25 25
0536_0002_0007_0032_0032.jpg 1 2 7 32 32
0537_0007_0005_0031_0031.jpg 1 7 5 31 31
0538_0003_0004_0032_0032.jpg 1 3 4 32 32
0539_0011_0007_0031_0031.jpg 1 11 7 31 31
0540_0013_0009_0034_0034.jpg 1 13 9 34 34
0541_0008_0016_0026_0026.jpg 1 8 16 26 26
0542_0009_0011_0029_0029.jpg 1 9 11 29 29
0543_0015_0003_0026_0026.jpg 1 15 3 26 26
0544_0017_0021_0026_0026.jpg 1 17 21 26 26
0545_0004_0012_0031_0031.jpg 1 4 12 31 31
0546_0003_0013_0029_0029.jpg 1 3 13 29 29
0547_0005_0012_0028_0028.jpg 1 5 12 28 28
0548_0008_0006_0031_0031.jpg 1 8 6 31 31
0549_0014_0008_0027_0027.jpg 1 14 8 27 27
0550_0017_0017_0025_0025.jpg 1 17 17 25 25
0551_0002_0006_0034_0034.jpg 1 2 6 34 34
0552_0004_0015_0031_0031.jpg 1 4 15 31 31
0553_0003_0004_0033_0033.jpg 1 3 4 33 33
0554_0011_0013_0030_0030.jpg 1 11 13 30 30
0555_0002_0006_0029_0029.jpg 1 2 6 29 29
0556_0010_0007_0033_0033.jpg 1 10 7 33 33
0557_0010_0014_0031_0031.jpg 1 10 14 31 31
0558_0016_0009_0030_0030.jpg 1 16 9 30 30
0559_0004_0019_0028_0028.jpg 1 4 19 28 28
0560_0013_0016_0028_0028.jpg 1 13 16 28 28
0561_0004_0011_0034_0034.jpg 1 4 11 34 34
0562_0016_0020_0025_0025.jpg 1 16 20 25 25
0563_0017_0012_0030_0030.jpg 1 17 12 30 30
0564_0009_0005_0032_0032.jpg 1 9 5 32 32
0565_0015_0020_0027_0027.jpg 1 15 20 27 27
0566_0021_0015_0024_0024.jpg 1 21 15 24 24
0567_0012_0017_0029_0029.jpg 1 12 17 29 29
0568_0009_0004_0030_0030.jpg 1 9 4 30 30
0569_0017_0014_0030_0030.jpg 1 17 14 30 30
0570_0012_0009_0033_0033.jpg 1 12 9 33 33
0571_0007_0005_0026_0026.jpg 1 7 5 26 26
0572_0007_0002_0027_0027.jpg 1 7 2 27 27
0573_0004_0007_0025_0025.jpg 1 4 7 25 25
0574_0002_0019_0028_0028.jpg 1 2 19 28 28
0575_0005_0006_0032_0032.jpg 1 5 6 32 32
0576_0008_0022_0024_0024.jpg 1 8 22 24 24
0577_0003_0006_0026_0026.jpg 1 3 6 26 26
0578_0007_0009_0024_0024.jpg 1 7 9 24 24
0579_0006_0010_0028_0028.jpg 1 6 10 28 28
0580_0003_0002_0033_0033.jpg 1 3 2 33 33
0581_0004_0013_0028_0028.jpg 1 4 13 28 28
0582_0005_0008_0033_0033.jpg 1 5 8 33 33
0583_0012_0010_0031_0031.jpg 1 12 10 31 31
0584_0017_0007_0024_0024.jpg 1 17 7 24 24
0585_0016_0009_0026_0026.jpg 1 16 9 26 26
0586_0003_0013_0033_0033.jpg 1 3 13 33 33
0587_0011_0003_0031_0031.jpg 1 11 3 31 31
0588_0014_0002_0031_0031.jpg 1 14 2 31 31
0589_0008_0004_0029_0029.jpg 1 8 4 29 29
0590_0013_0017_0026_0026.jpg 1 13 17 26 26
0591_0015_0007_0031_0031.jpg 1 15 7 31 31
0592_0014_0013_0032_0032.jpg 1 14 13 32 32
0593_0003_0005_0031_0031.jpg 1 3 5 31 31
0594_0004_0011_0031_0031.jpg 1 4 11 31 31
0595_0021_0009_0024_0024.jpg 1 21 9 24 24
0596_0005_0004_0033_0033.jpg 1 5 4 33 33
0597_0009_0018_0028_0028.jpg 1 9 18 28 28
0598_0005_0010_0030_0030.jpg 1 5 10 30 30
0599_0009_0010_0033_0033.jpg 1 9 10 33 33
0600_0005_0013_0029_0029.jpg 1 5 13 29 29
0601_0003_0002_0033_0033.jpg 1 3 2 33 33
0602_0010_0019_0028_0028.jpg 1 10 19 28 28
0603_0017_0009_0030_0030.jpg 1 17 9 30 30
0604_0003_0006_0034_0034.jpg 1 3 6 34 34
0605_0020_0003_0025_0025.jpg 1 20 3 25 25
0606_0003_0015_0032_0032.jpg 1 3 15 32 32
0607_0004_0014_0024_0024.jpg 1 4 14 24 24
0608_0011_0005_0029_0029.jpg 1 11 5 29 29
0609_0007_0016_0031_0031.jpg 1 7 16 31 31
0610_0006_0016_0030_0030.jpg 1 6 16 30 30
0611_0016_0017_0025_0025.jpg 1 16 17 25 25
0612_0013_0005_0029_0029.jpg 1 13 5 29 29
0613_0006_0007_0033_0033.jpg 1 6 7 33 33
0614_0016_0012_0031_0031.jpg 1 16 12 31 31
0615_0019_0021_0025_0025.jpg 1 19 21 25 25
0616_0006_0019_0026_0026.jpg 1 6 19 26 26
0617_0006_0006_0033_0033.jpg 1 6 6 33 33
0618_0013_0012_0034_0034.jpg 1 13 12 34 34
0619_0012_0001_0033_0033.jpg 1 12 1 33 33
0620_0009_0011_0033_0033.jpg 1 9 11 33 33
0621_0020_0006_0026_0026.jpg 1 20 6 26 26
0622_0009_0005_0024_0024.jpg 1 9 5 24 24
0623_0007_0014_0030_0030.jpg 1 7 14 30 30
0624_0016_0011_0025_0025.jpg 1 16 11 25 25
0625_0003_0020_0025_0025.jpg 1 3 20 25 25
0626_0002_0011_0034_0034.jpg 1 2 11 34 34
0627_0003_0004_0031_0031.jpg 1 3 4 31 31
0628_0013_0012_0028_0028.jpg 1 13 12 28 28
0629_0012_0019_0024_0024.jpg 1 12 19 24 24
0630_0013_0012_0025_0025.jpg 1 13 12 25 25
0631_0009_0003_0030_0030.jpg 1 9 3 30 30
0632_0005_0016_0024_0024.jpg 1 5 16 24 24
0633_0007_0015_0029_0029.jpg 1 7 15 29 29
0634_0010_0011_0029_0029.jpg 1 10 11 29 29
0635_0017_0008_0030_0030.jpg 1 17 8 30 30
0636_0002_0004_0029_0029.jpg 1 2 4 29 29
0637_0012_0020_0027_0027.jpg 1 12 20 27 27
0638_0016_0017_0026_0026.jpg 1 16 17 26 26
0639_0009_0011_0027_0027.jpg 1 9 11 27 27
0640_0004_0005_0027_0027.jpg 1 4 5 27 27
0641_0021_0020_0025_0025.jpg 1 21 20 25 25
0642_0004_0009_0034_0034.jpg 1 4 9 34 34
0643_0017_0019_0025_0025.jpg 1 17 19 25 25
0644_0005_0002_0030_0030.jpg 1 5 2 30 30
0645_0009_0012_0033_0033.jpg 1 9 12 33 33
0646_0018_0003_0028_0028.jpg 1 18 3 28 28
0647_0005_0016_0031_0031.jpg 1 5 16 31 31
0648_0008_0009_0033_0033.jpg 1 8 9 33 33
0649_0022_0019_0024_0024.jpg 1 22 19 24 24
0650_0005_0002_0029_0029.jpg 1 5 2 29 29
0651_0002_0014_0030_0030.jpg 1 2 14 30 30
0652_0003_0009_0032_0032.jpg 1 3 9 32 32
0653_0018_0017_0024_0024.jpg 1 18 17 24 24
0654_0009_0013_0027_0027.jpg 1 9 13 27 27
0655_0015_0008_0032_0032.jpg 1 15 8 32 32
0656_0012_0016_0031_0031.jpg 1 12 16 31 31
0657_0019_0020_0027_0027.jpg 1 19 20 27 27
0658_0004_0016_0029_0029.jpg 1 4 16 29 29
0659_0017_0010_0030_0030.jpg 1 17 10 30 30
0660_0012_0013_0024_0024.jpg 1 12 13 24 24
0661_0008_0023_0024_0024.jpg 1 8 23 24 24
0662_0012_0004_0030_0030.jpg 1 12 4 30 30
0663_0006_0002_0033_0033.jpg 1 6 2 33 33
0664_0003_0015_0032_0032.jpg 1 3 15 32 32
0665_0006_0013_0033_0033.jpg 1 6 13 33 33
0666_0014_0012_0032_0032.jpg 1 14 12 32 32
0667_0015_0020_0025_0025.jpg 1 15 20 25 25
0668_0007_0010_0032_0032.jpg 1 7 10 32 32
0669_0012_0012_0027_0027.jpg 1 12 12 27 27
0670_0016_0015_0029_0029.jpg 1 16 15 29 29
0671_0008_0002_0027_0027.jpg 1 8 2 27 27
0672_0004_0004_0030_0030.jpg 1 4 4 30 30
0673_0003_0011_0026_0026.jpg 1 3 11 26 26
0674_0004_0007_0024_0024.jpg 1 4 7 24 24
0675_0011_0003_0025_0025.jpg 1 11 3 25 25
0676_0017_0017_0024_0024.jpg 1 17 17 24 24
0677_0014_0018_0028_0028.jpg 1 14 18 28 28
0678_0007_0008_0034_0034.jpg 1 7 8 34 34
0679_0014_0013_0026_0026.jpg 1 14 13 26 26
0680_0010_0014_0033_0033.jpg 1 10 14 33 33
0681_0007_0008_0030_0030.jpg 1 7 8 30 30
0682_0011_0007_0029_0029.jpg 1 11 7 29 29
0683_0010_0013_0032_0032.jpg 1 10 13 32 32
0684_0014_0013_0032_0032.jpg 1 14 13 32 32
0685_0004_0006_0032_0032.jpg 1 4 6 32 32
0686_0004_0008_0026_0026.jpg 1 4 8 26 26
0687_0008_0013_0026_0026.jpg 1 8 13 26 26
0688_0011_0017_0029_0029.jpg 1 11 17 29 29
0689_0003_0018_0027_0027.jpg 1 3 18 27 27
0690_0009_0016_0028_0028.jpg 1 9 16 28 28
0691_0004_0020_0027_0027.jpg 1 4 20 27 27
0692_0003_0007_0033_0033.jpg 1 3 7 33 33
0693_0002_0008_0027_0027.jpg 1 2 8 27 27
0694_0003_0007_0033_0033.jpg 1 3 7 33 33
0695_0008_0010_0030_0030.jpg 1 8 10 30 30
0696_0004_0005_0031_0031.jpg 1 4 5 31 31
0697_0009_0009_0028_0028.jpg 1 9 9 28 28
0698_0004_0002_0034_0034.jpg 1 4 2 34 34
0699_0021_0020_0025_0025.jpg 1 21 20 25 25
0700_0007_0007_0034_0034.jpg 1 7 7 34 34
0701_0020_0007_0025_0025.jpg 1 20 7 25 25
0702_0011_0016_0028_0028.jpg 1 11 16 28 28
0703_0015_0017_0030_0030.jpg 1 15 17 30 30
0704_0004_0016_0025_0025.jpg 1 4 16 25 25
0705_0023_0014_0024_0024.jpg 1 23 14 24 24
0706_0005_0009_0030_0030.jpg 1 5 9 30 30
0707_0016_0018_0028_0028.jpg 1 16 18 28 28
0708_0014_0009_0031_0031.jpg 1 14 9 31 31
0709_0018_0007_0028_0028.jpg 1 18 7 28 28
0710_0009_0009_0032_0032.jpg 1 9 9 32 32
0711_0009_0011_0032_0032.jpg 1 9 11 32 32
0712_0003_0017_0026_0026.jpg 1 3 17 26 26
0713_0022_0011_0024_0024.jpg 1 22 11 24 24
0714_0010_0003_0030_0030.jpg 1 10 3 30 30
0715_0009_0013_0034_0034.jpg 1 9 13 34 34
0716_0014_0009_0025_0025.jpg 1 14 9 25 25
0717_0020_0011_0027_0027.jpg 1 20 11 27 27
0718_0005_0012_0030_0030.jpg 1 5 12 30 30
0719_0007_0016_0027_0027.jpg 1 7 16 27 27
0720_0015_0021_0025_0025.jpg 1 15 21 25 25
0721_0010_0016_0026_0026.jpg 1 10 16 26 26
0722_0001_0006_0034_0034.jpg 1 1 6 34 34
0723_0006_0014_0033_0033.jpg 1 6 14 33 33
0724_0016_0016_0026_0026.jpg 1 16 16 26 26
0725_0007_0023_0024_0024.jpg 1 7 23 24 24
0726_0010_0003_0032_0032.jpg 1 10 3 32 32
0727_0012_0015_0028_0028.jpg 1 12 15 28 28
0728_0015_0003_0027_0027.jpg 1 15 3 27 27
0729_0011_0020_0025_0025.jpg 1 11 20 25 25
0730_0011_0003_0034_0034.jpg 1 11 3 34 34
0731_0008_0006_0028_0028.jpg 1 8 6 28 28
0732_0005_0019_0026_0026.jpg 1 5 19 26 26
0733_0006_0007_0034_0034.jpg 1 6 7 34 34
0734_0004_0013_0028_0028.jpg 1 4 13 28 28
0735_0017_0011_0025_0025.jpg 1 17 11 25 25
0736_0002_0012_0030_0030.jpg 1 2 12 30 30
0737_0010_0015_0032_0032.jpg 1 10 15 32 32
0738_0011_0015_0026_0026.jpg 1 11 15 26 26
0739_0011_0006_0028_0028.jpg 1 11 6 28 28
0740_0004_0007_0029_0029.jpg 1 4 7 29 29
0741_0013_0005_0034_0034.jpg 1 13 5 34 34
0742_0010_0009_0028_0028.jpg 1 10 9 28 28
0743_0017_0004_0028_0028.jpg 1 17 4 28 28
0744_0017_0011_0027_0027.jpg 1 17 11 27 27
0745_0010_0005_0024_0024.jpg 1 10 5 24 24
0746_0007_0004_0027_0027.jpg 1 7 4 27 27
0747_0019_0008_0028_0028.jpg 1 19 8 28 28
0748_0003_0013_0032_0032.jpg 1 3 13 32 32
0749_0007_0005_0025_0025.jpg 1 7 5 25 25
0750_0008_0016_0031_0031.jpg 1 8 16 31 31
0751_0015_0005_0027_0027.jpg 1 15 5 27 27
0752_0006_0014_0029_0029.jpg 1 6 14 29 29
0753_0008_0003_0024_0024.jpg 1 8 3 24 24
0754_0017_0010_0027_0027.jpg 1 17 10 27 27
0755_0007_0006_0030_0030.jpg 1 7 6 30 30
0756_0011_0002_0029_0029.jpg 1 11 2 29 29
0757_0002_0009_0032_0032.jpg 1 2 9 32 32
0758_0005_0020_0024_0024.jpg 1 5 20 24 24
0759_0006_0010_0032_0032.jpg 1 6 10 32 32
0760_0014_0004_0026_0026.jpg 1 14 4 26 26
0761_0007_0004_0028_0028.jpg 1 7 4 28 28
0762_0004_0005_0026_0026.jpg 1 4 5 26 26
0763_0016_0005_0031_0031.jpg 1 16 5 31 31
0764_0018_0008_0028_0028.jpg 1 18 8 28 28
0765_0012_0010_0034_0034.jpg 1 12 10 34 34
0766_0017_0011_0029_0029.jpg 1 17 11 29 29
0767_0010_0022_0025_0025.jpg 1 10 22 25 25
0768_0014_0010_0029_0029.jpg 1 14 10 29 29
0769_0012_0015_0027_0027.jpg 1 12 15 27 27
0770_0008_0008_0025_0025.jpg 1 8 8 25 25
0771_0009_0005_0028_0028.jpg 1 9 5 28 28
0772_0016_0009_0026_0026.jpg 1 16 9 26 26
0773_0010_0014_0028_0028.jpg 1 10 14 28 28
0774_0013_0005_0033_0033.jpg 1 13 5 33 33
0775_0021_0017_0025_0025.jpg 1 21 17 25 25
0776_0021_0010_0026_0026.jpg 1 21 10 26 26
0777_0008_0014_0027_0027.jpg 1 8 14 27 27
0778_0003_0007_0031_0031.jpg 1 3 7 31 31
0779_0015_0016_0024_0024.jpg 1 15 16 24 24
0780_0009_0004_0033_0033.jpg 1 9 4 33 33
0781_0012_0003_0032_0032.jpg 1 12 3 32 32
0782_0010_0003_0025_0025.jpg 1 10 3 25 25
0783_0003_0012_0033_0033.jpg 1 3 12 33 33
0784_0003_0005_0031_0031.jpg 1 3 5 31 31
0785_0006_0015_0028_0028.jpg 1 6 15 28 28
0786_0006_0012_0034_0034.jpg 1 6 12 34 34
0787_0017_0008_0028_0028.jpg 1 17 8 28 28
0788_0012_0018_0029_0029.jpg 1 12 18 29 29
0789_0004_0010_0034_0034.jpg 1 4 10 34 34
0790_0012_0006_0032_0032.jpg 1 12 6 32 32
0791_0020_0013_0027_0027.jpg 1 20 13 27 27
0792_0004_0010_0026_0026.jpg 1 4 10 26 26
0793_0018_0007_0028_0028.jpg 1 18 7 28 28
0794_0003_0012_0028_0028.jpg 1 3 12 28 28
0795_0017_0013_0028_0028.jpg 1 17 13 28 28
0796_0015_0002_0028_0028.jpg 1 15 2 28 28
0797_0023_0018_0024_0024.jpg 1 23 18 24 24
0798_0008_0009_0031_0031.jpg 1 8 9 31 31
0799_0014_0006_0029_0029.jpg 1 14 6 29 29
0800_0018_0007_0024_0024.jpg 1 18 7 24 24
0801_0015_0011_0033_0033.jpg 1 15 11 33 33
0802_0006_0013_0034_0034.jpg 1 6 13 34 34
0803_0012_0015_0028_0028.jpg 1 12 15 28 28
0804_0004_0013_0024_0024.jpg 1 4 13 24 24
0805_0016_0010_0031_0031.jpg 1 16 10 31 31
0806_0010_0016_0029_0029.jpg 1 10 16 29 29
0807_0005_0017_0028_0028.jpg 1 5 17 28 28
0808_0007_0013_0025_0025.jpg 1 7 13 25 25
0809_0009_0017_0025_0025.jpg 1 9 17 25 25
0810_0009_0012_0034_0034.jpg 1 9 12 34 34
0811_0006_0004_0026_0026.jpg 1 6 4 26 26
0812_0003_0015_0028_0028.jpg 1 3 15 28 28
0813_0006_0002_0030_0030.jpg 1 6 2 30 30
0814_0013_0005_0034_0034.jpg 1 13 5 34 34
0815_0002_0013_0027_0027.jpg 1 2 13 27 27
0816_0002_0010_0031_0031.jpg 1 2 10 31 31
0817_0005_0013_0028_0028.jpg 1 5 13 28 28
0818_0018_0019_0024_0024.jpg 1 18 19 24 24
0819_0020_0008_0027_0027.jpg 1 20 8 27 27
0820_0007_0013_0032_0032.jpg 1 7 13 32 32
0821_0011_0010_0031_0031.jpg 1 11 10 31 31
0822_0015_0011_0030_0030.jpg 1 15 11 30 30
0823_0006_0010_0031_0031.jpg 1 6 10 31 31
0824_0020_0011_0026_0026.jpg 1 20 11 26 26
0825_0003_0006_0024_0024.jpg 1 3 6 24 24
0826_0015_0011_0032_0032.jpg 1 15 11 32 32
0827_0006_0005_0029_0029.jpg 1 6 5 29 29
