0001_0005_0007_0033_0033.jpg 1 5 7 33 33
0002_0008_0011_0034_0034.jpg 1 8 11 34 34
0003_0005_0003_0029_0029.jpg 1 5 3 29 29
0004_0005_0018_0026_0026.jpg 1 5 18 26 26
0005_0006_0006_0031_0031.jpg 1 6 6 31 31
0006_0004_0016_0031_0031.jpg 1 4 16 31 31
0007_0012_0020_0024_0024.jpg 1 12 20 24 24
0008_0014_0006_0030_0030.jpg 1 14 6 30 30
0009_0021_0016_0024_0024.jpg 1 21 16 24 24
0010_0010_0001_0034_0034.jpg 1 10 1 34 34
0011_0018_0019_0028_0028.jpg 1 18 19 28 28
0012_0019_0003_0028_0028.jpg 1 19 3 28 28
0013_0008_0017_0029_0029.jpg 1 8 17 29 29
0014_0012_0017_0029_0029.jpg 1 12 17 29 29
0015_0009_0010_0024_0024.jpg 1 9 10 24 24
0016_0002_0006_0027_0027.jpg 1 2 6 27 27
0017_0014_0008_0026_0026.jpg 1 14 8 26 26
0018_0005_0002_0034_0034.jpg 1 5 2 34 34
0019_0008_0021_0024_0024.jpg 1 8 21 24 24
0020_0016_0015_0031_0031.jpg 1 16 15 31 31
0021_0013_0002_0034_0034.jpg 1 13 2 34 34
0022_0009_0012_0024_0024.jpg 1 9 12 24 24
0023_0019_0004_0025_0025.jpg 1 19 4 25 25
0024_0009_0003_0030_0030.jpg 1 9 3 30 30
0025_0005_0006_0031_0031.jpg 1 5 6 31 31
0026_0011_0017_0026_0026.jpg 1 11 17 26 26
0027_0007_0006_0029_0029.jpg 1 7 6 29 29
0028_0004_0019_0028_0028.jpg 1 4 19 28 28
0029_0006_0004_0027_0027.jpg 1 6 4 27 27
0030_0008_0020_0024_0024.jpg 1 8 20 24 24
0031_0011_0011_0029_0029.jpg 1 11 11 29 29
0032_0008_0016_0027_0027.jpg 1 8 16 27 27
0033_0006_0005_0025_0025.jpg 1 6 5 25 25
0034_0013_0008_0028_0028.jpg 1 13 8 28 28
0035_0003_0009_0034_0034.jpg 1 3 9 34 34
0036_0004_0008_0032_0032.jpg 1 4 8 32 32
0037_0020_0005_0027_0027.jpg 1 20 5 27 27
0038_0003_0009_0032_0032.jpg 1 3 9 32 32
0039_0012_0012_0030_0030.jpg 1 12 12 30 30
0040_0010_0005_0032_0032.jpg 1 10 5 32 32
0041_0014_0004_0024_0024.jpg 1 14 4 24 24
0042_0010_0004_0025_0025.jpg 1 10 4 25 25
0043_0008_0006_0030_0030.jpg 1 8 6 30 30
0044_0020_0014_0026_0026.jpg 1 20 14 26 26
0045_0008_0015_0028_0028.jpg 1 8 15 28 28
0046_0004_0021_0025_0025.jpg 1 4 21 25 25
0047_0011_0005_0032_0032.jpg 1 11 5 32 32
0048_0005_0017_0026_0026.jpg 1 5 17 26 26
0049_0012_0010_0028_0028.jpg 1 12 10 28 28
0050_0018_0007_0029_0029.jpg 1 18 7 29 29
0051_0010_0003_0032_0032.jpg 1 10 3 32 32
0052_0009_0017_0027_0027.jpg 1 9 17 27 27
0053_0003_0005_0032_0032.jpg 1 3 5 32 32
0054_0014_0016_0025_0025.jpg 1 14 16 25 25
0055_0016_0016_0026_0026.jpg 1 16 16 26 26
0056_0003_0014_0026_0026.jpg 1 3 14 26 26
0057_0008_0008_0027_0027.jpg 1 8 8 27 27
0058_0011_0004_0034_0034.jpg 1 11 4 34 34
0059_0005_0011_0031_0031.jpg 1 5 11 31 31
0060_0019_0007_0027_0027.jpg 1 19 7 27 27
0061_0017_0019_0025_0025.jpg 1 17 19 25 25
0062_0018_0014_0028_0028.jpg 1 18 14 28 28
0063_0003_0006_0029_0029.jpg 1 3 6 29 29
0064_0018_0004_0025_0025.jpg 1 18 4 25 25
0065_0006_0004_0031_0031.jpg 1 6 4 31 31
0066_0002_0012_0031_0031.jpg 1 2 12 31 31
0067_0008_0013_0027_0027.jpg 1 8 13 27 27
0068_0018_0002_0024_0024.jpg 1 18 2 24 24
0069_0005_0005_0030_0030.jpg 1 5 5 30 30
0070_0009_0011_0024_0024.jpg 1 9 11 24 24
0071_0003_0001_0034_0034.jpg 1 3 1 34 34
0072_0003_0002_0031_0031.jpg 1 3 2 31 31
0073_0016_0019_0027_0027.jpg 1 16 19 27 27
0074_0003_0002_0029_0029.jpg 1 3 2 29 29
0075_0012_0006_0028_0028.jpg 1 12 6 28 28
0076_0005_0010_0031_0031.jpg 1 5 10 31 31
0077_0003_0015_0024_0024.jpg 1 3 15 24 24
0078_0011_0003_0033_0033.jpg 1 11 3 33 33
0079_0002_0009_0031_0031.jpg 1 2 9 31 31
0080_0003_0004_0032_0032.jpg 1 3 4 32 32
0081_0008_0010_0033_0033.jpg 1 8 10 33 33
0082_0010_0005_0027_0027.jpg 1 10 5 27 27
0083_0014_0017_0028_0028.jpg 1 14 17 28 28
0084_0020_0015_0024_0024.jpg 1 20 15 24 24
0085_0009_0006_0032_0032.jpg 1 9 6 32 32
0086_0010_0013_0026_0026.jpg 1 10 13 26 26
0087_0012_0013_0032_0032.jpg 1 12 13 32 32
0088_0004_0005_0034_0034.jpg 1 4 5 34 34
0089_0010_0008_0030_0030.jpg 1 10 8 30 30
0090_0003_0012_0034_0034.jpg 1 3 12 34 34
0091_0014_0018_0024_0024.jpg 1 14 18 24 24
0092_0009_0012_0034_0034.jpg 1 9 12 34 34
0093_0017_0004_0028_0028.jpg 1 17 4 28 28
0094_0004_0003_0026_0026.jpg 1 4 3 26 26
0095_0006_0009_0034_0034.jpg 1 6 9 34 34
0096_0004_0018_0024_0024.jpg 1 4 18 24 24
0097_0006_0014_0027_0027.jpg 1 6 14 27 27
0098_0009_0015_0028_0028.jpg 1 9 15 28 28
0099_0002_0003_0030_0030.jpg 1 2 3 30 30
0100_0012_0013_0030_0030.jpg 1 12 13 30 30
0101_0005_0014_0029_0029.jpg 1 5 14 29 29
0102_0012_0003_0029_0029.jpg 1 12 3 29 29
0103_0017_0007_0029_0029.jpg 1 17 7 29 29
0104_0011_0016_0030_0030.jpg 1 11 16 30 30
0105_0002_0011_0034_0034.jpg 1 2 11 34 34
0106_0005_0011_0025_0025.jpg 1 5 11 25 25
0107_0009_0011_0025_0025.jpg 1 9 11 25 25
0108_0014_0008_0029_0029.jpg 1 14 8 29 29
0109_0011_0004_0031_0031.jpg 1 11 4 31 31
0110_0015_0002_0030_0030.jpg 1 15 2 30 30
0111_0012_0014_0029_0029.jpg 1 12 14 29 29
0112_0012_0011_0025_0025.jpg 1 12 11 25 25
0113_0023_0003_0024_0024.jpg 1 23 3 24 24
0114_0011_0005_0027_0027.jpg 1 11 5 27 27
0115_0010_0019_0028_0028.jpg 1 10 19 28 28
0116_0015_0018_0029_0029.jpg 1 15 18 29 29
0117_0005_0005_0026_0026.jpg 1 5 5 26 26
0118_0005_0007_0027_0027.jpg 1 5 7 27 27
0119_0016_0011_0030_0030.jpg 1 16 11 30 30
0120_0023_0010_0024_0024.jpg 1 23 10 24 24
0121_0016_0013_0030_0030.jpg 1 16 13 30 30
0122_0014_0014_0024_0024.jpg 1 14 14 24 24
0123_0011_0015_0031_0031.jpg 1 11 15 31 31
0124_0013_0020_0025_0025.jpg 1 13 20 25 25
0125_0010_0015_0031_0031.jpg 1 10 15 31 31
0126_0007_0003_0029_0029.jpg 1 7 3 29 29
0127_0002_0015_0032_0032.jpg 1 2 15 32 32
0128_0018_0010_0025_0025.jpg 1 18 10 25 25
0129_0018_0015_0025_0025.jpg 1 18 15 25 25
0130_0014_0007_0032_0032.jpg 1 14 7 32 32
0131_0013_0011_0031_0031.jpg 1 13 11 31 31
0132_0018_0004_0025_0025.jpg 1 18 4 25 25
0133_0012_0012_0032_0032.jpg 1 12 12 32 32
0134_0009_0018_0025_0025.jpg 1 9 18 25 25
0135_0014_0016_0029_0029.jpg 1 14 16 29 29
0136_0010_0006_0034_0034.jpg 1 10 6 34 34
0137_0011_0009_0030_0030.jpg 1 11 9 30 30
0138_0010_0019_0028_0028.jpg 1 10 19 28 28
0139_0009_0020_0024_0024.jpg 1 9 20 24 24
0140_0014_0011_0031_0031.jpg 1 14 11 31 31
0141_0015_0010_0032_0032.jpg 1 15 10 32 32
0142_0006_0006_0031_0031.jpg 1 6 6 31 31
0143_0023_0014_0024_0024.jpg 1 23 14 24 24
0144_0020_0010_0025_0025.jpg 1 20 10 25 25
0145_0006_0004_0032_0032.jpg 1 6 4 32 32
0146_0021_0018_0025_0025.jpg 1 21 18 25 25
0147_0018_0016_0028_0028.jpg 1 18 16 28 28
0148_0006_0007_0034_0034.jpg 1 6 7 34 34
0149_0002_0008_0034_0034.jpg 1 2 8 34 34
0150_0020_0020_0026_0026.jpg 1 20 20 26 26
0151_0002_0005_0027_0027.jpg 1 2 5 27 27
0152_0002_0014_0027_0027.jpg 1 2 14 27 27
0153_0007_0002_0032_0032.jpg 1 7 2 32 32
0154_0021_0006_0025_0025.jpg 1 21 6 25 25
0155_0010_0006_0030_0030.jpg 1 10 6 30 30
0156_0005_0009_0025_0025.jpg 1 5 9 25 25
0157_0008_0005_0024_0024.jpg 1 8 5 24 24
0158_0007_0010_0034_0034.jpg 1 7 10 34 34
0159_0012_0013_0029_0029.jpg 1 12 13 29 29
0160_0005_0010_0031_0031.jpg 1 5 10 31 31
0161_0019_0020_0026_0026.jpg 1 19 20 26 26
0162_0003_0012_0028_0028.jpg 1 3 12 28 28
0163_0010_0007_0027_0027.jpg 1 10 7 27 27
0164_0002_0014_0025_0025.jpg 1 2 14 25 25
0165_0013_0013_0029_0029.jpg 1 13 13 29 29
0166_0008_0014_0030_0030.jpg 1 8 14 30 30
0167_0015_0006_0024_0024.jpg 1 15 6 24 24
0168_0020_0009_0026_0026.jpg 1 20 9 26 26
0169_0004_0005_0033_0033.jpg 1 4 5 33 33
0170_0010_0017_0028_0028.jpg 1 10 17 28 28
0171_0011_0012_0027_0027.jpg 1 11 12 27 27
0172_0010_0002_0027_0027.jpg 1 10 2 27 27
0173_0020_0013_0027_0027.jpg 1 20 13 27 27
0174_0016_0020_0027_0027.jpg 1 16 20 27 27
0175_0011_0001_0033_0033.jpg 1 11 1 33 33
0176_0005_0009_0032_0032.jpg 1 5 9 32 32
0177_0018_0002_0029_0029.jpg 1 18 2 29 29
0178_0002_0008_0033_0033.jpg 1 2 8 33 33
0179_0007_0007_0033_0033.jpg 1 7 7 33 33
0180_0001_0010_0034_0034.jpg 1 1 10 34 34
0181_0006_0016_0024_0024.jpg 1 6 16 24 24
0182_0016_0010_0030_0030.jpg 1 16 10 30 30
0183_0019_0003_0025_0025.jpg 1 19 3 25 25
0184_0007_0004_0030_0030.jpg 1 7 4 30 30
0185_0015_0008_0027_0027.jpg 1 15 8 27 27
0186_0011_0015_0032_0032.jpg 1 11 15 32 32
0187_0012_0004_0030_0030.jpg 1 12 4 30 30
0188_0011_0007_0027_0027.jpg 1 11 7 27 27
0189_0002_0007_0028_0028.jpg 1 2 7 28 28
0190_0014_0016_0031_0031.jpg 1 14 16 31 31
0191_0016_0002_0029_0029.jpg 1 16 2 29 29
0192_0016_0019_0026_0026.jpg 1 16 19 26 26
0193_0002_0005_0030_0030.jpg 1 2 5 30 30
0194_0015_0008_0029_0029.jpg 1 15 8 29 29
0195_0007_0012_0029_0029.jpg 1 7 12 29 29
0196_0014_0009_0030_0030.jpg 1 14 9 30 30
0197_0004_0005_0025_0025.jpg 1 4 5 25 25
0198_0003_0004_0025_0025.jpg 1 3 4 25 25
0199_0013_0020_0027_0027.jpg 1 13 20 27 27
0200_0003_0012_0028_0028.jpg 1 3 12 28 28
0201_0017_0013_0024_0024.jpg 1 17 13 24 24
0202_0007_0016_0025_0025.jpg 1 7 16 25 25
0203_0002_0017_0025_0025.jpg 1 2 17 25 25
0204_0013_0004_0034_0034.jpg 1 13 4 34 34
0205_0016_0013_0030_0030.jpg 1 16 13 30 30
0206_0013_0007_0030_0030.jpg 1 13 7 30 30
0207_0012_0003_0033_0033.jpg 1 12 3 33 33
0208_0007_0017_0025_0025.jpg 1 7 17 25 25
0209_0016_0020_0025_0025.jpg 1 16 20 25 25
0210_0009_0014_0025_0025.jpg 1 9 14 25 25
0211_0004_0006_0034_0034.jpg 1 4 6 34 34
0212_0003_0007_0027_0027.jpg 1 3 7 27 27
0213_0008_0006_0025_0025.jpg 1 8 6 25 25
0214_0004_0012_0026_0026.jpg 1 4 12 26 26
0215_0016_0009_0031_0031.jpg 1 16 9 31 31
0216_0009_0005_0024_0024.jpg 1 9 5 24 24
0217_0010_0016_0027_0027.jpg 1 10 16 27 27
0218_0016_0005_0029_0029.jpg 1 16 5 29 29
0219_0014_0006_0033_0033.jpg 1 14 6 33 33
0220_0003_0005_0029_0029.jpg 1 3 5 29 29
0221_0016_0002_0026_0026.jpg 1 16 2 26 26
0222_0011_0015_0029_0029.jpg 1 11 15 29 29
0223_0006_0002_0029_0029.jpg 1 6 2 29 29
0224_0007_0013_0033_0033.jpg 1 7 13 33 33
0225_0012_0008_0024_0024.jpg 1 12 8 24 24
0226_0008_0008_0028_0028.jpg 1 8 8 28 28
0227_0010_0005_0031_0031.jpg 1 10 5 31 31
0228_0004_0003_0027_0027.jpg 1 4 3 27 27
0229_0012_0019_0028_0028.jpg 1 12 19 28 28
0230_0019_0009_0027_0027.jpg 1 19 9 27 27
0231_0010_0014_0024_0024.jpg 1 10 14 24 24
0232_0010_0017_0028_0028.jpg 1 10 17 28 28
0233_0012_0004_0033_0033.jpg 1 12 4 33 33
0234_0012_0002_0033_0033.jpg 1 12 2 33 33
0235_0018_0004_0025_0025.jpg 1 18 4 25 25
0236_0003_0012_0031_0031.jpg 1 3 12 31 31
0237_0011_0013_0026_0026.jpg 1 11 13 26 26
0238_0020_0015_0026_0026.jpg 1 20 15 26 26
0239_0013_0016_0027_0027.jpg 1 13 16 27 27
0240_0015_0015_0031_0031.jpg 1 15 15 31 31
0241_0003_0014_0031_0031.jpg 1 3 14 31 31
0242_0020_0016_0026_0026.jpg 1 20 16 26 26
0243_0013_0002_0030_0030.jpg 1 13 2 30 30
0244_0008_0019_0027_0027.jpg 1 8 19 27 27
0245_0005_0009_0033_0033.jpg 1 5 9 33 33
0246_0006_0011_0026_0026.jpg 1 6 11 26 26
0247_0007_0015_0032_0032.jpg 1 7 15 32 32
0248_0010_0008_0032_0032.jpg 1 10 8 32 32
0249_0013_0013_0026_0026.jpg 1 13 13 26 26
0250_0014_0008_0029_0029.jpg 1 14 8 29 29
0251_0004_0013_0033_0033.jpg 1 4 13 33 33
0252_0009_0016_0028_0028.jpg 1 9 16 28 28
0253_0003_0012_0027_0027.jpg 1 3 12 27 27
0254_0007_0015_0031_0031.jpg 1 7 15 31 31
0255_0013_0016_0031_0031.jpg 1 13 16 31 31
0256_0015_0002_0031_0031.jpg 1 15 2 31 31
0257_0011_0010_0033_0033.jpg 1 11 10 33 33
0258_0005_0008_0029_0029.jpg 1 5 8 29 29
0259_0010_0018_0027_0027.jpg 1 10 18 27 27
0260_0016_0006_0031_0031.jpg 1 16 6 31 31
0261_0018_0013_0029_0029.jpg 1 18 13 29 29
0262_0011_0002_0029_0029.jpg 1 11 2 29 29
0263_0010_0012_0032_0032.jpg 1 10 12 32 32
0264_0004_0010_0025_0025.jpg 1 4 10 25 25
0265_0021_0020_0025_0025.jpg 1 21 20 25 25
0266_0014_0015_0030_0030.jpg 1 14 15 30 30
0267_0002_0011_0031_0031.jpg 1 2 11 31 31
0268_0016_0009_0031_0031.jpg 1 16 9 31 31
0269_0005_0009_0025_0025.jpg 1 5 9 25 25
0270_0005_0006_0030_0030.jpg 1 5 6 30 30
0271_0006_0008_0032_0032.jpg 1 6 8 32 32
0272_0018_0003_0027_0027.jpg 1 18 3 27 27
0273_0015_0002_0030_0030.jpg 1 15 2 30 30
0274_0003_0009_0030_0030.jpg 1 3 9 30 30
0275_0012_0013_0033_0033.jpg 1 12 13 33 33
0276_0013_0006_0026_0026.jpg 1 13 6 26 26
0277_0009_0011_0033_0033.jpg 1 9 11 33 33
0278_0011_0009_0034_0034.jpg 1 11 9 34 34
0279_0018_0011_0028_0028.jpg 1 18 11 28 28
0280_0003_0021_0024_0024.jpg 1 3 21 24 24
0281_0014_0011_0031_0031.jpg 1 14 11 31 31
0282_0009_0004_0034_0034.jpg 1 9 4 34 34
0283_0007_0012_0034_0034.jpg 1 7 12 34 34
0284_0011_0017_0028_0028.jpg 1 11 17 28 28
0285_0011_0010_0029_0029.jpg 1 11 10 29 29
0286_0008_0003_0034_0034.jpg 1 8 3 34 34
0287_0004_0011_0030_0030.jpg 1 4 11 30 30
0288_0007_0011_0026_0026.jpg 1 7 11 26 26
0289_0015_0009_0030_0030.jpg 1 15 9 30 30
0290_0003_0013_0031_0031.jpg 1 3 13 31 31
0291_0013_0023_0024_0024.jpg 1 13 23 24 24
0292_0010_0009_0029_0029.jpg 1 10 9 29 29
0293_0019_0017_0026_0026.jpg 1 19 17 26 26
0294_0013_0020_0027_0027.jpg 1 13 20 27 27
0295_0006_0006_0031_0031.jpg 1 6 6 31 31
0296_0009_0012_0031_0031.jpg 1 9 12 31 31
0297_0012_0013_0030_0030.jpg 1 12 13 30 30
0298_0014_0009_0029_0029.jpg 1 14 9 29 29
0299_0006_0021_0025_0025.jpg 1 6 21 25 25
0300_0006_0009_0034_0034.jpg 1 6 9 34 34
0301_0016_0014_0029_0029.jpg 1 16 14 29 29
0302_0004_0017_0029_0029.jpg 1 4 17 29 29
0303_0011_0009_0034_0034.jpg 1 11 9 34 34
0304_0004_0013_0032_0032.jpg 1 4 13 32 32
0305_0002_0014_0032_0032.jpg 1 2 14 32 32
0306_0012_0017_0026_0026.jpg 1 12 17 26 26
0307_0011_0007_0025_0025.jpg 1 11 7 25 25
0308_0011_0012_0024_0024.jpg 1 11 12 24 24
0309_0011_0012_0032_0032.jpg 1 11 12 32 32
0310_0006_0013_0030_0030.jpg 1 6 13 30 30
0311_0008_0003_0034_0034.jpg 1 8 3 34 34
0312_0020_0006_0024_0024.jpg 1 20 6 24 24
0313_0004_0005_0024_0024.jpg 1 4 5 24 24
0314_0002_0003_0029_0029.jpg 1 2 3 29 29
0315_0020_0008_0024_0024.jpg 1 20 8 24 24
0316_0014_0003_0024_0024.jpg 1 14 3 24 24
0317_0004_0002_0030_0030.jpg 1 4 2 30 30
0318_0006_0006_0032_0032.jpg 1 6 6 32 32
0319_0009_0009_0031_0031.jpg 1 9 9 31 31
0320_0011_0015_0031_0031.jpg 1 11 15 31 31
0321_0002_0008_0029_0029.jpg 1 2 8 29 29
0322_0002_0007_0032_0032.jpg 1 2 7 32 32
0323_0005_0011_0031_0031.jpg 1 5 11 31 31
0324_0007_0010_0030_0030.jpg 1 7 10 30 30
0325_0004_0013_0028_0028.jpg 1 4 13 28 28
0326_0008_0003_0028_0028.jpg 1 8 3 28 28
0327_0020_0008_0025_0025.jpg 1 20 8 25 25
0328_0012_0012_0030_0030.jpg 1 12 12 30 30
0329_0018_0019_0028_0028.jpg 1 18 19 28 28
0330_0019_0005_0025_0025.jpg 1 19 5 25 25
0331_0012_0008_0034_0034.jpg 1 12 8 34 34
0332_0005_0011_0025_0025.jpg 1 5 11 25 25
0333_0014_0005_0029_0029.jpg 1 14 5 29 29
0334_0011_0003_0032_0032.jpg 1 11 3 32 32
0335_0012_0004_0026_0026.jpg 1 12 4 26 26
0336_0009_0006_0032_0032.jpg 1 9 6 32 32
0337_0016_0016_0027_0027.jpg 1 16 16 27 27
0338_0013_0007_0033_0033.jpg 1 13 7 33 33
0339_0018_0007_0025_0025.jpg 1 18 7 25 25
0340_0013_0008_0034_0034.jpg 1 13 8 34 34
0341_0014_0014_0029_0029.jpg 1 14 14 29 29
0342_0007_0006_0026_0026.jpg 1 7 6 26 26
0343_0012_0017_0029_0029.jpg 1 12 17 29 29
0344_0014_0002_0027_0027.jpg 1 14 2 27 27
0345_0002_0002_0032_0032.jpg 1 2 2 32 32
0346_0003_0018_0025_0025.jpg 1 3 18 25 25
0347_0005_0002_0028_0028.jpg 1 5 2 28 28
0348_0008_0011_0033_0033.jpg 1 8 11 33 33
0349_0007_0010_0024_0024.jpg 1 7 10 24 24
0350_0012_0016_0027_0027.jpg 1 12 16 27 27
0351_0007_0011_0034_0034.jpg 1 7 11 34 34
0352_0012_0014_0027_0027.jpg 1 12 14 27 27
0353_0012_0017_0024_0024.jpg 1 12 17 24 24
0354_0020_0004_0026_0026.jpg 1 20 4 26 26
0355_0002_0019_0027_0027.jpg 1 2 19 27 27
0356_0010_0007_0031_0031.jpg 1 10 7 31 31
0357_0018_0019_0026_0026.jpg 1 18 19 26 26
0358_0017_0013_0028_0028.jpg 1 17 13 28 28
0359_0017_0012_0030_0030.jpg 1 17 12 30 30
0360_0006_0004_0031_0031.jpg 1 6 4 31 31
0361_0013_0007_0027_0027.jpg 1 13 7 27 27
0362_0002_0004_0034_0034.jpg 1 2 4 34 34
0363_0013_0016_0029_0029.jpg 1 13 16 29 29
0364_0009_0004_0028_0028.jpg 1 9 4 28 28
0365_0011_0013_0033_0033.jpg 1 11 13 33 33
0366_0011_0012_0028_0028.jpg 1 11 12 28 28
0367_0016_0011_0029_0029.jpg 1 16 11 29 29
0368_0007_0017_0028_0028.jpg 1 7 17 28 28
0369_0004_0012_0025_0025.jpg 1 4 12 25 25
0370_0004_0008_0033_0033.jpg 1 4 8 33 33
0371_0015_0006_0031_0031.jpg 1 15 6 31 31
0372_0007_0008_0031_0031.jpg 1 7 8 31 31
0373_0011_0002_0031_0031.jpg 1 11 2 31 31
0374_0008_0017_0024_0024.jpg 1 8 17 24 24
0375_0006_0022_0024_0024.jpg 1 6 22 24 24
0376_0013_0013_0032_0032.jpg 1 13 13 32 32
0377_0009_0013_0028_0028.jpg 1 9 13 28 28
0378_0007_0004_0024_0024.jpg 1 7 4 24 24
0379_0019_0012_0024_0024.jpg 1 19 12 24 24
0380_0018_0011_0025_0025.jpg 1 18 11 25 25
0381_0012_0014_0029_0029.jpg 1 12 14 29 29
0382_0015_0006_0024_0024.jpg 1 15 6 24 24
0383_0002_0013_0034_0034.jpg 1 2 13 34 34
0384_0010_0017_0029_0029.jpg 1 10 17 29 29
0385_0012_0012_0026_0026.jpg 1 12 12 26 26
0386_0018_0009_0029_0029.jpg 1 18 9 29 29
0387_0011_0007_0033_0033.jpg 1 11 7 33 33
0388_0010_0018_0024_0024.jpg 1 10 18 24 24
0389_0015_0002_0025_0025.jpg 1 15 2 25 25
0390_0009_0003_0034_0034.jpg 1 9 3 34 34
0391_0008_0003_0031_0031.jpg 1 8 3 31 31
0392_0007_0011_0031_0031.jpg 1 7 11 31 31
0393_0008_0013_0031_0031.jpg 1 8 13 31 31
0394_0019_0006_0027_0027.jpg 1 19 6 27 27
0395_0012_0009_0032_0032.jpg 1 12 9 32 32
0396_0010_0003_0034_0034.jpg 1 10 3 34 34
0397_0003_0003_0025_0025.jpg 1 3 3 25 25
0398_0014_0002_0031_0031.jpg 1 14 2 31 31
0399_0013_0022_0025_0025.jpg 1 13 22 25 25
0400_0002_0015_0030_0030.jpg 1 2 15 30 30
0401_0015_0009_0031_0031.jpg 1 15 9 31 31
0402_0021_0012_0024_0024.jpg 1 21 12 24 24
0403_0012_0004_0033_0033.jpg 1 12 4 33 33
0404_0004_0008_0032_0032.jpg 1 4 8 32 32
0405_0012_0012_0029_0029.jpg 1 12 12 29 29
0406_0011_0004_0028_0028.jpg 1 11 4 28 28
0407_0017_0014_0026_0026.jpg 1 17 14 26 26
0408_0014_0012_0030_0030.jpg 1 14 12 30 30
0409_0003_0002_0025_0025.jpg 1 3 2 25 25
0410_0016_0002_0026_0026.jpg 1 16 2 26 26
0411_0015_0005_0027_0027.jpg 1 15 5 27 27
0412_0016_0014_0029_0029.jpg 1 16 14 29 29
0413_0004_0007_0034_0034.jpg 1 4 7 34 34
0414_0010_0002_0033_0033.jpg 1 10 2 33 33
0415_0007_0008_0033_0033.jpg 1 7 8 33 33
0416_0014_0002_0031_0031.jpg 1 14 2 31 31
0417_0009_0003_0024_0024.jpg 1 9 3 24 24
0418_0006_0007_0031_0031.jpg 1 6 7 31 31
0419_0011_0009_0034_0034.jpg 1 11 9 34 34
0420_0010_0004_0024_0024.jpg 1 10 4 24 24
0421_0013_0007_0032_0032.jpg 1 13 7 32 32
0422_0007_0008_0033_0033.jpg 1 7 8 33 33
0423_0014_0004_0031_0031.jpg 1 14 4 31 31
0424_0004_0019_0026_0026.jpg 1 4 19 26 26
0425_0020_0016_0024_0024.jpg 1 20 16 24 24
0426_0010_0005_0034_0034.jpg 1 10 5 34 34
0427_0009_0018_0027_0027.jpg 1 9 18 27 27
0428_0003_0019_0028_0028.jpg 1 3 19 28 28
0429_0002_0004_0033_0033.jpg 1 2 4 33 33
0430_0010_0003_0027_0027.jpg 1 10 3 27 27
0431_0018_0016_0024_0024.jpg 1 18 16 24 24
0432_0019_0005_0026_0026.jpg 1 19 5 26 26
0433_0010_0018_0024_0024.jpg 1 10 18 24 24
0434_0012_0012_0031_0031.jpg 1 12 12 31 31
0435_0010_0015_0030_0030.jpg 1 10 15 30 30
0436_0004_0002_0032_0032.jpg 1 4 2 32 32
0437_0005_0004_0024_0024.jpg 1 5 4 24 24
0438_0005_0003_0033_0033.jpg 1 5 3 33 33
0439_0008_0009_0034_0034.jpg 1 8 9 34 34
0440_0007_0021_0024_0024.jpg 1 7 21 24 24
0441_0012_0004_0034_0034.jpg 1 12 4 34 34
0442_0010_0002_0034_0034.jpg 1 10 2 34 34
0443_0008_0004_0029_0029.jpg 1 8 4 29 29
0444_0018_0008_0028_0028.jpg 1 18 8 28 28
0445_0009_0012_0026_0026.jpg 1 9 12 26 26
0446_0016_0009_0027_0027.jpg 1 16 9 27 27
0447_0002_0015_0028_0028.jpg 1 2 15 28 28
0448_0012_0014_0032_0032.jpg 1 12 14 32 32
0449_0019_0012_0026_0026.jpg 1 19 12 26 26
0450_0005_0007_0029_0029.jpg 1 5 7 29 29
0451_0015_0015_0029_0029.jpg 1 15 15 29 29
0452_0007_0014_0030_0030.jpg 1 7 14 30 30
0453_0013_0019_0025_0025.jpg 1 13 19 25 25
0454_0009_0002_0034_0034.jpg 1 9 2 34 34
0455_0020_0008_0027_0027.jpg 1 20 8 27 27
0456_0014_0006_0032_0032.jpg 1 14 6 32 32
0457_0009_0003_0031_0031.jpg 1 9 3 31 31
0458_0017_0010_0027_0027.jpg 1 17 10 27 27
0459_0016_0005_0031_0031.jpg 1 16 5 31 31
0460_0017_0016_0030_0030.jpg 1 17 16 30 30
0461_0016_0016_0030_0030.jpg 1 16 16 30 30
0462_0007_0011_0034_0034.jpg 1 7 11 34 34
0463_0014_0007_0026_0026.jpg 1 14 7 26 26
0464_0004_0010_0031_0031.jpg 1 4 10 31 31
0465_0004_0004_0029_0029.jpg 1 4 4 29 29
0466_0013_0016_0024_0024.jpg 1 13 16 24 24
0467_0002_0012_0031_0031.jpg 1 2 12 31 31
0468_0009_0013_0032_0032.jpg 1 9 13 32 32
0469_0008_0007_0032_0032.jpg 1 8 7 32 32
0470_0011_0004_0024_0024.jpg 1 11 4 24 24
0471_0011_0010_0030_0030.jpg 1 11 10 30 30
0472_0008_0005_0024_0024.jpg 1 8 5 24 24
0473_0021_0008_0025_0025.jpg 1 21 8 25 25
0474_0015_0001_0031_0031.jpg 1 15 1 31 31
0475_0007_0012_0033_0033.jpg 1 7 12 33 33
0476_0012_0005_0024_0024.jpg 1 12 5 24 24
0477_0013_0007_0025_0025.jpg 1 13 7 25 25
0478_0015_0016_0025_0025.jpg 1 15 16 25 25
0479_0008_0012_0027_0027.jpg 1 8 12 27 27
0480_0002_0011_0027_0027.jpg 1 2 11 27 27
0481_0006_0015_0029_0029.jpg 1 6 15 29 29
0482_0012_0006_0032_0032.jpg 1 12 6 32 32
0483_0013_0002_0034_0034.jpg 1 13 2 34 34
0484_0012_0012_0027_0027.jpg 1 12 12 27 27
0485_0016_0019_0026_0026.jpg 1 16 19 26 26
0486_0016_0009_0025_0025.jpg 1 16 9 25 25
0487_0010_0002_0033_0033.jpg 1 10 2 33 33
0488_0001_0004_0034_0034.jpg 1 1 4 34 34
0489_0008_0007_0032_0032.jpg 1 8 7 32 32
0490_0013_0007_0032_0032.jpg 1 13 7 32 32
0491_0016_0008_0028_0028.jpg 1 16 8 28 28
0492_0020_0015_0027_0027.jpg 1 20 15 27 27
0493_0020_0021_0025_0025.jpg 1 20 21 25 25
0494_0005_0016_0031_0031.jpg 1 5 16 31 31
0495_0002_0002_0029_0029.jpg 1 2 2 29 29
0496_0015_0005_0028_0028.jpg 1 15 5 28 28
0497_0010_0018_0026_0026.jpg 1 10 18 26 26
0498_0016_0020_0025_0025.jpg 1 16 20 25 25
0499_0011_0012_0025_0025.jpg 1 11 12 25 25
0500_0003_0010_0027_0027.jpg 1 3 10 27 27
0501_0007_0010_0031_0031.jpg 1 7 10 31 31
0502_0016_0004_0028_0028.jpg 1 16 4 28 28
0503_0006_0011_0030_0030.jpg 1 6 11 30 30
0504_0007_0014_0024_0024.jpg 1 7 14 24 24
0505_0019_0011_0026_0026.jpg 1 19 11 26 26
0506_0008_0011_0029_0029.jpg 1 8 11 29 29
0507_0011_0004_0032_0032.jpg 1 11 4 32 32
0508_0006_0003_0033_0033.jpg 1 6 3 33 33
0509_0009_0011_0034_0034.jpg 1 9 11 34 34
0510_0012_0011_0033_0033.jpg 1 12 11 33 33
0511_0009_0015_0031_0031.jpg 1 9 15 31 31
0512_0006_0014_0032_0032.jpg 1 6 14 32 32
0513_0016_0002_0031_0031.jpg 1 16 2 31 31
0514_0016_0018_0029_0029.jpg 1 16 18 29 29
0515_0017_0008_0024_0024.jpg 1 17 8 24 24
0516_0017_0002_0024_0024.jpg 1 17 2 24 24
0517_0010_0006_0024_0024.jpg 1 10 6 24 24
0518_0011_0002_0031_0031.jpg 1 11 2 31 31
0519_0015_0016_0028_0028.jpg 1 15 16 28 28
0520_0013_0013_0026_0026.jpg 1 13 13 26 26
0521_0010_0011_0026_0026.jpg 1 10 11 26 26
0522_0008_0002_0031_0031.jpg 1 8 2 31 31
0523_0012_0012_0034_0034.jpg 1 12 12 34 34
0524_0010_0019_0026_0026.jpg 1 10 19 26 26
0525_0007_0010_0024_0024.jpg 1 7 10 24 24
0526_0017_0020_0025_0025.jpg 1 17 20 25 25
0527_0019_0003_0027_0027.jpg 1 19 3 27 27
0528_0013_0014_0025_0025.jpg 1 13 14 25 25
0529_0013_0018_0024_0024.jpg 1 13 18 24 24
0530_0010_0004_0027_0027.jpg 1 10 4 27 27
0531_0011_0002_0032_0032.jpg 1 11 2 32 32
0532_0013_0008_0024_0024.jpg 1 13 8 24 24
0533_0009_0011_0029_0029.jpg 1 9 11 29 29
0534_0011_0002_0032_0032.jpg 1 11 2 32 32
0535_0008_0014_0033_0033.jpg 1 8 14 33 33
0536_0013_0012_0027_0027.jpg 1 13 12 27 27
0537_0013_0003_0032_0032.jpg 1 13 3 32 32
0538_0006_0009_0031_0031.jpg 1 6 9 31 31
0539_0010_0002_0027_0027.jpg 1 10 2 27 27
0540_0009_0002_0027_0027.jpg 1 9 2 27 27
0541_0010_0002_0032_0032.jpg 1 10 2 32 32
0542_0012_0006_0026_0026.jpg 1 12 6 26 26
0543_0013_0010_0025_0025.jpg 1 13 10 25 25
0544_0005_0017_0029_0029.jpg 1 5 17 29 29
0545_0014_0014_0033_0033.jpg 1 14 14 33 33
0546_0003_0005_0031_0031.jpg 1 3 5 31 31
0547_0004_0003_0028_0028.jpg 1 4 3 28 28
0548_0004_0006_0030_0030.jpg 1 4 6 30 30
0549_0008_0017_0025_0025.jpg 1 8 17 25 25
0550_0011_0011_0033_0033.jpg 1 11 11 33 33
0551_0002_0019_0028_0028.jpg 1 2 19 28 28
0552_0018_0018_0027_0027.jpg 1 18 18 27 27
0553_0018_0018_0024_0024.jpg 1 18 18 24 24
0554_0002_0013_0030_0030.jpg 1 2 13 30 30
0555_0012_0007_0028_0028.jpg 1 12 7 28 28
0556_0011_0015_0028_0028.jpg 1 11 15 28 28
0557_0005_0009_0029_0029.jpg 1 5 9 29 29
0558_0005_0015_0025_0025.jpg 1 5 15 25 25
0559_0017_0003_0025_0025.jpg 1 17 3 25 25
0560_0005_0014_0029_0029.jpg 1 5 14 29 29
0561_0003_0004_0029_0029.jpg 1 3 4 29 29
0562_0004_0006_0028_0028.jpg 1 4 6 28 28
0563_0011_0002_0029_0029.jpg 1 11 2 29 29
0564_0008_0011_0026_0026.jpg 1 8 11 26 26
0565_0015_0021_0025_0025.jpg 1 15 21 25 25
0566_0015_0005_0028_0028.jpg 1 15 5 28 28
0567_0014_0015_0029_0029.jpg 1 14 15 29 29
0568_0004_0008_0024_0024.jpg 1 4 8 24 24
0569_0005_0004_0033_0033.jpg 1 5 4 33 33
0570_0016_0008_0030_0030.jpg 1 16 8 30 30
0571_0011_0002_0026_0026.jpg 1 11 2 26 26
0572_0009_0008_0031_0031.jpg 1 9 8 31 31
0573_0008_0015_0031_0031.jpg 1 8 15 31 31
0574_0002_0017_0029_0029.jpg 1 2 17 29 29
0575_0007_0005_0034_0034.jpg 1 7 5 34 34
0576_0013_0005_0030_0030.jpg 1 13 5 30 30
0577_0016_0014_0025_0025.jpg 1 16 14 25 25
0578_0011_0006_0030_0030.jpg 1 11 6 30 30
0579_0015_0016_0028_0028.jpg 1 15 16 28 28
0580_0016_0014_0025_0025.jpg 1 16 14 25 25
0581_0002_0010_0028_0028.jpg 1 2 10 28 28
0582_0009_0009_0028_0028.jpg 1 9 9 28 28
0583_0014_0010_0026_0026.jpg 1 14 10 26 26
0584_0016_0010_0032_0032.jpg 1 16 10 32 32
0585_0007_0011_0032_0032.jpg 1 7 11 32 32
0586_0020_0015_0024_0024.jpg 1 20 15 24 24
0587_0003_0016_0031_0031.jpg 1 3 16 31 31
0588_0007_0015_0026_0026.jpg 1 7 15 26 26
0589_0011_0016_0031_0031.jpg 1 11 16 31 31
0590_0019_0003_0025_0025.jpg 1 19 3 25 25
0591_0019_0009_0026_0026.jpg 1 19 9 26 26
0592_0009_0023_0024_0024.jpg 1 9 23 24 24
0593_0003_0012_0029_0029.jpg 1 3 12 29 29
0594_0018_0017_0027_0027.jpg 1 18 17 27 27
0595_0007_0008_0034_0034.jpg 1 7 8 34 34
0596_0005_0009_0031_0031.jpg 1 5 9 31 31
0597_0006_0005_0034_0034.jpg 1 6 5 34 34
0598_0005_0002_0032_0032.jpg 1 5 2 32 32
0599_0012_0004_0029_0029.jpg 1 12 4 29 29
0600_0010_0009_0026_0026.jpg 1 10 9 26 26
0601_0010_0010_0034_0034.jpg 1 10 10 34 34
0602_0011_0002_0031_0031.jpg 1 11 2 31 31
0603_0009_0009_0025_0025.jpg 1 9 9 25 25
0604_0003_0012_0027_0027.jpg 1 3 12 27 27
0605_0017_0012_0025_0025.jpg 1 17 12 25 25
0606_0016_0011_0032_0032.jpg 1 16 11 32 32
0607_0013_0009_0032_0032.jpg 1 13 9 32 32
0608_0015_0016_0029_0029.jpg 1 15 16 29 29
0609_0009_0005_0030_0030.jpg 1 9 5 30 30
0610_0004_0016_0029_0029.jpg 1 4 16 29 29
0611_0013_0012_0030_0030.jpg 1 13 12 30 30
0612_0015_0004_0026_0026.jpg 1 15 4 26 26
0613_0010_0015_0032_0032.jpg 1 10 15 32 32
0614_0011_0013_0031_0031.jpg 1 11 13 31 31
0615_0015_0006_0024_0024.jpg 1 15 6 24 24
0616_0004_0006_0032_0032.jpg 1 4 6 32 32
0617_0002_0016_0030_0030.jpg 1 2 16 30 30
0618_0016_0008_0031_0031.jpg 1 16 8 31 31
0619_0007_0013_0027_0027.jpg 1 7 13 27 27
0620_0003_0009_0026_0026.jpg 1 3 9 26 26
0621_0021_0017_0025_0025.jpg 1 21 17 25 25
0622_0010_0006_0034_0034.jpg 1 10 6 34 34
0623_0014_0019_0024_0024.jpg 1 14 19 24 24
0624_0007_0018_0027_0027.jpg 1 7 18 27 27
0625_0007_0016_0026_0026.jpg 1 7 16 26 26
0626_0008_0016_0027_0027.jpg 1 8 16 27 27
0627_0004_0001_0034_0034.jpg 1 4 1 34 34
0628_0021_0021_0026_0026.jpg 1 21 21 26 26
0629_0016_0004_0025_0025.jpg 1 16 4 25 25
0630_0002_0012_0032_0032.jpg 1 2 12 32 32
0631_0009_0013_0031_0031.jpg 1 9 13 31 31
0632_0017_0021_0025_0025.jpg 1 17 21 25 25
0633_0010_0012_0031_0031.jpg 1 10 12 31 31
0634_0008_0014_0027_0027.jpg 1 8 14 27 27
0635_0006_0003_0031_0031.jpg 1 6 3 31 31
0636_0005_0008_0027_0027.jpg 1 5 8 27 27
0637_0007_0009_0026_0026.jpg 1 7 9 26 26
0638_0005_0006_0025_0025.jpg 1 5 6 25 25
0639_0009_0009_0031_0031.jpg 1 9 9 31 31
0640_0011_0011_0031_0031.jpg 1 11 11 31 31
0641_0014_0018_0025_0025.jpg 1 14 18 25 25
0642_0019_0002_0025_0025.jpg 1 19 2 25 25
0643_0012_0011_0028_0028.jpg 1 12 11 28 28
0644_0011_0003_0032_0032.jpg 1 11 3 32 32
0645_0004_0016_0031_0031.jpg 1 4 16 31 31
0646_0015_0006_0032_0032.jpg 1 15 6 32 32
0647_0010_0013_0028_0028.jpg 1 10 13 28 28
0648_0004_0015_0029_0029.jpg 1 4 15 29 29
0649_0008_0008_0026_0026.jpg 1 8 8 26 26
0650_0016_0014_0026_0026.jpg 1 16 14 26 26
0651_0004_0019_0027_0027.jpg 1 4 19 27 27
0652_0004_0002_0029_0029.jpg 1 4 2 29 29
0653_0014_0011_0034_0034.jpg 1 14 11 34 34
0654_0003_0011_0026_0026.jpg 1 3 11 26 26
0655_0010_0003_0033_0033.jpg 1 10 3 33 33
0656_0016_0003_0030_0030.jpg 1 16 3 30 30
0657_0010_0014_0027_0027.jpg 1 10 14 27 27
0658_0021_0006_0025_0025.jpg 1 21 6 25 25
0659_0015_0009_0025_0025.jpg 1 15 9 25 25
0660_0019_0012_0026_0026.jpg 1 19 12 26 26
0661_0005_0009_0034_0034.jpg 1 5 9 34 34
0662_0015_0008_0027_0027.jpg 1 15 8 27 27
0663_0002_0006_0030_0030.jpg 1 2 6 30 30
0664_0014_0020_0026_0026.jpg 1 14 20 26 26
0665_0011_0007_0034_0034.jpg 1 11 7 34 34
0666_0012_0013_0033_0033.jpg 1 12 13 33 33
0667_0011_0002_0033_0033.jpg 1 11 2 33 33
0668_0008_0014_0027_0027.jpg 1 8 14 27 27
0669_0007_0011_0028_0028.jpg 1 7 11 28 28
0670_0003_0009_0025_0025.jpg 1 3 9 25 25
0671_0022_0022_0024_0024.jpg 1 22 22 24 24
0672_0016_0002_0026_0026.jpg 1 16 2 26 26
0673_0015_0012_0031_0031.jpg 1 15 12 31 31
0674_0015_0010_0027_0027.jpg 1 15 10 27 27
0675_0015_0012_0025_0025.jpg 1 15 12 25 25
0676_0006_0009_0034_0034.jpg 1 6 9 34 34
0677_0013_0012_0033_0033.jpg 1 13 12 33 33
0678_0017_0011_0027_0027.jpg 1 17 11 27 27
0679_0014_0007_0031_0031.jpg 1 14 7 31 31
0680_0008_0008_0034_0034.jpg 1 8 8 34 34
0681_0002_0014_0030_0030.jpg 1 2 14 30 30
0682_0006_0020_0027_0027.jpg 1 6 20 27 27
0683_0005_0001_0031_0031.jpg 1 5 1 31 31
0684_0007_0012_0029_0029.jpg 1 7 12 29 29
0685_0007_0008_0030_0030.jpg 1 7 8 30 30
0686_0009_0006_0033_0033.jpg 1 9 6 33 33
0687_0012_0018_0025_0025.jpg 1 12 18 25 25
0688_0006_0006_0028_0028.jpg 1 6 6 28 28
0689_0017_0015_0027_0027.jpg 1 17 15 27 27
0690_0006_0014_0032_0032.jpg 1 6 14 32 32
0691_0005_0002_0028_0028.jpg 1 5 2 28 28
0692_0013_0014_0029_0029.jpg 1 13 14 29 29
0693_0003_0005_0028_0028.jpg 1 3 5 28 28
0694_0013_0007_0034_0034.jpg 1 13 7 34 34
0695_0011_0011_0030_0030.jpg 1 11 11 30 30
0696_0005_0007_0028_0028.jpg 1 5 7 28 28
0697_0011_0005_0028_0028.jpg 1 11 5 28 28
0698_0010_0007_0034_0034.jpg 1 10 7 34 34
0699_0002_0009_0029_0029.jpg 1 2 9 29 29
0700_0003_0004_0031_0031.jpg 1 3 4 31 31
0701_0003_0018_0026_0026.jpg 1 3 18 26 26
0702_0013_0002_0034_0034.jpg 1 13 2 34 34
0703_0014_0018_0026_0026.jpg 1 14 18 26 26
0704_0012_0004_0032_0032.jpg 1 12 4 32 32
0705_0012_0010_0025_0025.jpg 1 12 10 25 25
0706_0015_0005_0031_0031.jpg 1 15 5 31 31
0707_0008_0006_0032_0032.jpg 1 8 6 32 32
0708_0013_0004_0033_0033.jpg 1 13 4 33 33
0709_0019_0008_0026_0026.jpg 1 19 8 26 26
0710_0015_0011_0028_0028.jpg 1 15 11 28 28
0711_0007_0009_0030_0030.jpg 1 7 9 30 30
0712_0012_0005_0028_0028.jpg 1 12 5 28 28
0713_0011_0012_0026_0026.jpg 1 11 12 26 26
0714_0010_0017_0028_0028.jpg 1 10 17 28 28
0715_0007_0001_0033_0033.jpg 1 7 1 33 33
0716_0011_0004_0024_0024.jpg 1 11 4 24 24
0717_0018_0011_0027_0027.jpg 1 18 11 27 27
0718_0002_0020_0024_0024.jpg 1 2 20 24 24
0719_0004_0009_0031_0031.jpg 1 4 9 31 31
0720_0011_0014_0026_0026.jpg 1 11 14 26 26
0721_0009_0012_0028_0028.jpg 1 9 12 28 28
0722_0022_0002_0024_0024.jpg 1 22 2 24 24
0723_0010_0009_0034_0034.jpg 1 10 9 34 34
0724_0017_0012_0028_0028.jpg 1 17 12 28 28
0725_0013_0013_0026_0026.jpg 1 13 13 26 26
0726_0007_0009_0026_0026.jpg 1 7 9 26 26
0727_0002_0008_0027_0027.jpg 1 2 8 27 27
0728_0005_0006_0033_0033.jpg 1 5 6 33 33
0729_0017_0017_0024_0024.jpg 1 17 17 24 24
0730_0005_0008_0033_0033.jpg 1 5 8 33 33
0731_0008_0006_0029_0029.jpg 1 8 6 29 29
0732_0012_0021_0025_0025.jpg 1 12 21 25 25
0733_0002_0013_0031_0031.jpg 1 2 13 31 31
0734_0013_0014_0032_0032.jpg 1 13 14 32 32
0735_0008_0010_0033_0033.jpg 1 8 10 33 33
0736_0012_0009_0026_0026.jpg 1 12 9 26 26
0737_0016_0005_0027_0027.jpg 1 16 5 27 27
0738_0013_0005_0031_0031.jpg 1 13 5 31 31
0739_0003_0007_0030_0030.jpg 1 3 7 30 30
0740_0007_0009_0029_0029.jpg 1 7 9 29 29
0741_0011_0008_0032_0032.jpg 1 11 8 32 32
0742_0003_0002_0029_0029.jpg 1 3 2 29 29
0743_0016_0005_0027_0027.jpg 1 16 5 27 27
0744_0019_0005_0028_0028.jpg 1 19 5 28 28
0745_0003_0010_0024_0024.jpg 1 3 10 24 24
0746_0006_0008_0029_0029.jpg 1 6 8 29 29
0747_0003_0012_0034_0034.jpg 1 3 12 34 34
0748_0005_0002_0034_0034.jpg 1 5 2 34 34
0749_0013_0005_0031_0031.jpg 1 13 5 31 31
0750_0016_0007_0028_0028.jpg 1 16 7 28 28
0751_0012_0002_0033_0033.jpg 1 12 2 33 33
0752_0006_0018_0028_0028.jpg 1 6 18 28 28
0753_0016_0019_0027_0027.jpg 1 16 19 27 27
0754_0016_0011_0030_0030.jpg 1 16 11 30 30
0755_0007_0008_0024_0024.jpg 1 7 8 24 24
0756_0013_0008_0029_0029.jpg 1 13 8 29 29
0757_0019_0005_0027_0027.jpg 1 19 5 27 27
0758_0018_0004_0028_0028.jpg 1 18 4 28 28
0759_0012_0013_0025_0025.jpg 1 12 13 25 25
0760_0013_0009_0034_0034.jpg 1 13 9 34 34
0761_0011_0016_0029_0029.jpg 1 11 16 29 29
0762_0011_0014_0028_0028.jpg 1 11 14 28 28
0763_0009_0011_0028_0028.jpg 1 9 11 28 28
0764_0014_0012_0025_0025.jpg 1 14 12 25 25
0765_0002_0008_0031_0031.jpg 1 2 8 31 31
0766_0010_0009_0031_0031.jpg 1 10 9 31 31
0767_0019_0007_0027_0027.jpg 1 19 7 27 27
0768_0012_0008_0026_0026.jpg 1 12 8 26 26
0769_0009_0014_0025_0025.jpg 1 9 14 25 25
0770_0008_0002_0033_0033.jpg 1 8 2 33 33
0771_0003_0011_0031_0031.jpg 1 3 11 31 31
0772_0016_0016_0028_0028.jpg 1 16 16 28 28
0773_0004_0011_0028_0028.jpg 1 4 11 28 28
0774_0011_0013_0028_0028.jpg 1 11 13 28 28
0775_0005_0020_0027_0027.jpg 1 5 20 27 27
0776_0003_0011_0033_0033.jpg 1 3 11 33 33
0777_0009_0004_0032_0032.jpg 1 9 4 32 32
0778_0007_0018_0027_0027.jpg 1 7 18 27 27
0779_0003_0003_0033_0033.jpg 1 3 3 33 33
0780_0006_0002_0031_0031.jpg 1 6 2 31 31
0781_0023_0007_0024_0024.jpg 1 23 7 24 24
0782_0012_0003_0033_0033.jpg 1 12 3 33 33
0783_0005_0008_0034_0034.jpg 1 5 8 34 34
0784_0007_0007_0033_0033.jpg 1 7 7 33 33
0785_0011_0007_0024_0024.jpg 1 11 7 24 24
0786_0019_0008_0028_0028.jpg 1 19 8 28 28
0787_0019_0002_0028_0028.jpg 1 19 2 28 28
0788_0005_0010_0033_0033.jpg 1 5 10 33 33
0789_0004_0007_0029_0029.jpg 1 4 7 29 29
0790_0013_0019_0026_0026.jpg 1 13 19 26 26
0791_0013_0009_0027_0027.jpg 1 13 9 27 27
0792_0004_0017_0029_0029.jpg 1 4 17 29 29
0793_0011_0011_0034_0034.jpg 1 11 11 34 34
0794_0001_0012_0034_0034.jpg 1 1 12 34 34
0795_0009_0006_0027_0027.jpg 1 9 6 27 27
0796_0003_0010_0031_0031.jpg 1 3 10 31 31
0797_0009_0002_0032_0032.jpg 1 9 2 32 32
0798_0014_0007_0026_0026.jpg 1 14 7 26 26
0799_0016_0005_0028_0028.jpg 1 16 5 28 28
0800_0003_0013_0029_0029.jpg 1 3 13 29 29
0801_0002_0004_0032_0032.jpg 1 2 4 32 32
0802_0003_0010_0025_0025.jpg 1 3 10 25 25
0803_0010_0002_0033_0033.jpg 1 10 2 33 33
0804_0014_0008_0027_0027.jpg 1 14 8 27 27
0805_0006_0021_0026_0026.jpg 1 6 21 26 26
0806_0003_0011_0030_0030.jpg 1 3 11 30 30
0807_0016_0010_0025_0025.jpg 1 16 10 25 25
0808_0006_0003_0028_0028.jpg 1 6 3 28 28
0809_0004_0015_0028_0028.jpg 1 4 15 28 28
0810_0003_0010_0033_0033.jpg 1 3 10 33 33
0811_0003_0003_0029_0029.jpg 1 3 3 29 29
0812_0011_0018_0024_0024.jpg 1 11 18 24 24
0813_0004_0004_0025_0025.jpg 1 4 4 25 25
0814_0008_0003_0034_0034.jpg 1 8 3 34 34
0815_0016_0002_0027_0027.jpg 1 16 2 27 27
0816_0003_0020_0025_0025.jpg 1 3 20 25 25
0817_0006_0007_0028_0028.jpg 1 6 7 28 28
0818_0009_0009_0025_0025.jpg 1 9 9 25 25
0819_0016_0010_0028_0028.jpg 1 16 10 28 28
0820_0006_0008_0031_0031.jpg 1 6 8 31 31
0821_0015_0004_0028_0028.jpg 1 15 4 28 28
0822_0007_0004_0033_0033.jpg 1 7 4 33 33
0823_0011_0009_0032_0032.jpg 1 11 9 32 32
0824_0015_0015_0029_0029.jpg 1 15 15 29 29
0825_0005_0010_0031_0031.jpg 1 5 10 31 31
0826_0009_0012_0032_0032.jpg 1 9 12 32 32
0827_0012_0009_0034_0034.jpg 1 12 9 34 34
