0001_0007_0002_0031_0031.jpg 1 7 2 31 31
0002_0002_0007_0024_0024.jpg 1 2 7 24 24
0003_0010_0014_0034_0034.jpg 1 10 14 34 34
0004_0003_0006_0029_0029.jpg 1 3 6 29 29
0005_0014_0016_0027_0027.jpg 1 14 16 27 27
0006_0003_0008_0025_0025.jpg 1 3 8 25 25
0007_0002_0009_0034_0034.jpg 1 2 9 34 34
0008_0005_0007_0026_0026.jpg 1 5 7 26 26
0009_0019_0004_0025_0025.jpg 1 19 4 25 25
0010_0003_0020_0026_0026.jpg 1 3 20 26 26
0011_0012_0010_0032_0032.jpg 1 12 10 32 32
0012_0001_0005_0034_0034.jpg 1 1 5 34 34
0013_0009_0010_0033_0033.jpg 1 9 10 33 33
0014_0015_0019_0024_0024.jpg 1 15 19 24 24
0015_0002_0019_0028_0028.jpg 1 2 19 28 28
0016_0011_0018_0026_0026.jpg 1 11 18 26 26
0017_0010_0001_0034_0034.jpg 1 10 1 34 34
0018_0008_0006_0033_0033.jpg 1 8 6 33 33
0019_0015_0010_0028_0028.jpg 1 15 10 28 28
0020_0009_0011_0024_0024.jpg 1 9 11 24 24
0021_0004_0007_0033_0033.jpg 1 4 7 33 33
0022_0011_0005_0029_0029.jpg 1 11 5 29 29
0023_0005_0021_0024_0024.jpg 1 5 21 24 24
0024_0005_0009_0034_0034.jpg 1 5 9 34 34
0025_0015_0010_0030_0030.jpg 1 15 10 30 30
0026_0013_0005_0028_0028.jpg 1 13 5 28 28
0027_0013_0013_0031_0031.jpg 1 13 13 31 31
0028_0015_0007_0032_0032.jpg 1 15 7 32 32
0029_0017_0002_0026_0026.jpg 1 17 2 26 26
0030_0006_0011_0032_0032.jpg 1 6 11 32 32
0031_0009_0016_0024_0024.jpg 1 9 16 24 24
0032_0018_0002_0029_0029.jpg 1 18 2 29 29
0033_0005_0005_0028_0028.jpg 1 5 5 28 28
0034_0005_0014_0024_0024.jpg 1 5 14 24 24
0035_0008_0009_0031_0031.jpg 1 8 9 31 31
0036_0005_0022_0024_0024.jpg 1 5 22 24 24
0037_0010_0004_0026_0026.jpg 1 10 4 26 26
0038_0010_0012_0031_0031.jpg 1 10 12 31 31
0039_0009_0003_0034_0034.jpg 1 9 3 34 34
0040_0009_0015_0033_0033.jpg 1 9 15 33 33
0041_0015_0009_0032_0032.jpg 1 15 9 32 32
0042_0007_0004_0028_0028.jpg 1 7 4 28 28
0043_0004_0014_0028_0028.jpg 1 4 14 28 28
0044_0013_0008_0032_0032.jpg 1 13 8 32 32
0045_0005_0003_0028_0028.jpg 1 5 3 28 28
0046_0017_0014_0025_0025.jpg 1 17 14 25 25
0047_0011_0009_0033_0033.jpg 1 11 9 33 33
0048_0010_0007_0030_0030.jpg 1 10 7 30 30
0049_0017_0018_0028_0028.jpg 1 17 18 28 28
0050_0018_0011_0028_0028.jpg 1 18 11 28 28
0051_0006_0003_0030_0030.jpg 1 6 3 30 30
0052_0017_0011_0027_0027.jpg 1 17 11 27 27
0053_0003_0002_0031_0031.jpg 1 3 2 31 31
0054_0007_0004_0027_0027.jpg 1 7 4 27 27
0055_0003_0012_0026_0026.jpg 1 3 12 26 26
0056_0003_0002_0034_0034.jpg 1 3 2 34 34
0057_0005_0003_0034_0034.jpg 1 5 3 34 34
0058_0003_0005_0027_0027.jpg 1 3 5 27 27
0059_0014_0008_0033_0033.jpg 1 14 8 33 33
0060_0014_0010_0024_0024.jpg 1 14 10 24 24
0061_0017_0017_0028_0028.jpg 1 17 17 28 28
0062_0012_0006_0024_0024.jpg 1 12 6 24 24
0063_0013_0015_0031_0031.jpg 1 13 15 31 31
0064_0002_0010_0034_0034.jpg 1 2 10 34 34
0065_0009_0010_0030_0030.jpg 1 9 10 30 30
0066_0007_0010_0032_0032.jpg 1 7 10 32 32
0067_0012_0002_0034_0034.jpg 1 12 2 34 34
0068_0008_0004_0032_0032.jpg 1 8 4 32 32
0069_0005_0006_0034_0034.jpg 1 5 6 34 34
0070_0014_0009_0032_0032.jpg 1 14 9 32 32
0071_0014_0005_0030_0030.jpg 1 14 5 30 30
0072_0012_0009_0034_0034.jpg 1 12 9 34 34
0073_0008_0004_0031_0031.jpg 1 8 4 31 31
0074_0011_0004_0032_0032.jpg 1 11 4 32 32
0075_0014_0011_0031_0031.jpg 1 14 11 31 31
0076_0004_0003_0024_0024.jpg 1 4 3 24 24
0077_0011_0012_0026_0026.jpg 1 11 12 26 26
0078_0003_0002_0033_0033.jpg 1 3 2 33 33
0079_0002_0008_0030_0030.jpg 1 2 8 30 30
0080_0005_0002_0034_0034.jpg 1 5 2 34 34
0081_0005_0010_0031_0031.jpg 1 5 10 31 31
0082_0005_0004_0027_0027.jpg 1 5 4 27 27
0083_0003_0007_0034_0034.jpg 1 3 7 34 34
0084_0021_0017_0026_0026.jpg 1 21 17 26 26
0085_0018_0021_0026_0026.jpg 1 18 21 26 26
0086_0019_0010_0026_0026.jpg 1 19 10 26 26
0087_0001_0006_0031_0031.jpg 1 1 6 31 31
0088_0010_0003_0034_0034.jpg 1 10 3 34 34
0089_0019_0004_0027_0027.jpg 1 19 4 27 27
0090_0005_0003_0032_0032.jpg 1 5 3 32 32
0091_0011_0002_0027_0027.jpg 1 11 2 27 27
0092_0005_0013_0027_0027.jpg 1 5 13 27 27
0093_0012_0015_0028_0028.jpg 1 12 15 28 28
0094_0017_0006_0029_0029.jpg 1 17 6 29 29
0095_0022_0002_0024_0024.jpg 1 22 2 24 24
0096_0016_0007_0026_0026.jpg 1 16 7 26 26
0097_0014_0017_0028_0028.jpg 1 14 17 28 28
0098_0011_0010_0031_0031.jpg 1 11 10 31 31
0099_0010_0015_0029_0029.jpg 1 10 15 29 29
0100_0005_0009_0031_0031.jpg 1 5 9 31 31
0101_0007_0005_0034_0034.jpg 1 7 5 34 34
0102_0005_0014_0028_0028.jpg 1 5 14 28 28
0103_0004_0013_0030_0030.jpg 1 4 13 30 30
0104_0010_0006_0030_0030.jpg 1 10 6 30 30
0105_0015_0011_0031_0031.jpg 1 15 11 31 31
0106_0005_0008_0028_0028.jpg 1 5 8 28 28
0107_0012_0005_0030_0030.jpg 1 12 5 30 30
0108_0022_0020_0025_0025.jpg 1 22 20 25 25
0109_0018_0016_0024_0024.jpg 1 18 16 24 24
0110_0009_0015_0027_0027.jpg 1 9 15 27 27
0111_0010_0013_0027_0027.jpg 1 10 13 27 27
0112_0012_0018_0024_0024.jpg 1 12 18 24 24
0113_0014_0011_0028_0028.jpg 1 14 11 28 28
0114_0006_0014_0028_0028.jpg 1 6 14 28 28
0115_0002_0013_0032_0032.jpg 1 2 13 32 32
0116_0013_0003_0025_0025.jpg 1 13 3 25 25
0117_0004_0013_0033_0033.jpg 1 4 13 33 33
0118_0007_0015_0029_0029.jpg 1 7 15 29 29
0119_0015_0004_0025_0025.jpg 1 15 4 25 25
0120_0005_0002_0030_0030.jpg 1 5 2 30 30
0121_0010_0011_0033_0033.jpg 1 10 11 33 33
0122_0005_0019_0026_0026.jpg 1 5 19 26 26
0123_0003_0006_0033_0033.jpg 1 3 6 33 33
0124_0012_0005_0029_0029.jpg 1 12 5 29 29
0125_0004_0004_0033_0033.jpg 1 4 4 33 33
0126_0021_0009_0024_0024.jpg 1 21 9 24 24
0127_0008_0013_0030_0030.jpg 1 8 13 30 30
0128_0020_0005_0027_0027.jpg 1 20 5 27 27
0129_0015_0013_0024_0024.jpg 1 15 13 24 24
0130_0008_0004_0030_0030.jpg 1 8 4 30 30
0131_0008_0010_0034_0034.jpg 1 8 10 34 34
0132_0013_0001_0033_0033.jpg 1 13 1 33 33
0133_0006_0003_0031_0031.jpg 1 6 3 31 31
0134_0017_0003_0028_0028.jpg 1 17 3 28 28
0135_0003_0006_0033_0033.jpg 1 3 6 33 33
0136_0009_0005_0031_0031.jpg 1 9 5 31 31
0137_0016_0008_0026_0026.jpg 1 16 8 26 26
0138_0012_0003_0029_0029.jpg 1 12 3 29 29
0139_0013_0002_0032_0032.jpg 1 13 2 32 32
0140_0004_0003_0030_0030.jpg 1 4 3 30 30
0141_0005_0009_0024_0024.jpg 1 5 9 24 24
0142_0008_0011_0029_0029.jpg 1 8 11 29 29
0143_0014_0005_0030_0030.jpg 1 14 5 30 30
0144_0006_0006_0029_0029.jpg 1 6 6 29 29
0145_0006_0004_0032_0032.jpg 1 6 4 32 32
0146_0010_0007_0026_0026.jpg 1 10 7 26 26
0147_0007_0020_0024_0024.jpg 1 7 20 24 24
0148_0018_0015_0027_0027.jpg 1 18 15 27 27
0149_0002_0012_0024_0024.jpg 1 2 12 24 24
0150_0010_0020_0024_0024.jpg 1 10 20 24 24
0151_0010_0003_0030_0030.jpg 1 10 3 30 30
0152_0015_0017_0029_0029.jpg 1 15 17 29 29
0153_0016_0002_0027_0027.jpg 1 16 2 27 27
0154_0015_0014_0030_0030.jpg 1 15 14 30 30
0155_0009_0012_0027_0027.jpg 1 9 12 27 27
0156_0013_0004_0033_0033.jpg 1 13 4 33 33
0157_0008_0011_0033_0033.jpg 1 8 11 33 33
0158_0006_0003_0031_0031.jpg 1 6 3 31 31
0159_0014_0003_0027_0027.jpg 1 14 3 27 27
0160_0006_0002_0030_0030.jpg 1 6 2 30 30
0161_0017_0012_0030_0030.jpg 1 17 12 30 30
0162_0008_0007_0028_0028.jpg 1 8 7 28 28
0163_0009_0009_0034_0034.jpg 1 9 9 34 34
0164_0014_0005_0031_0031.jpg 1 14 5 31 31
0165_0012_0005_0029_0029.jpg 1 12 5 29 29
0166_0020_0011_0025_0025.jpg 1 20 11 25 25
0167_0009_0002_0033_0033.jpg 1 9 2 33 33
0168_0005_0016_0026_0026.jpg 1 5 16 26 26
0169_0006_0007_0032_0032.jpg 1 6 7 32 32
0170_0010_0008_0034_0034.jpg 1 10 8 34 34
0171_0015_0010_0029_0029.jpg 1 15 10 29 29
0172_0002_0020_0026_0026.jpg 1 2 20 26 26
0173_0012_0012_0030_0030.jpg 1 12 12 30 30
0174_0012_0002_0034_0034.jpg 1 12 2 34 34
0175_0008_0007_0030_0030.jpg 1 8 7 30 30
0176_0012_0007_0025_0025.jpg 1 12 7 25 25
0177_0003_0006_0034_0034.jpg 1 3 6 34 34
0178_0011_0018_0025_0025.jpg 1 11 18 25 25
0179_0015_0021_0026_0026.jpg 1 15 21 26 26
0180_0009_0007_0028_0028.jpg 1 9 7 28 28
0181_0005_0008_0028_0028.jpg 1 5 8 28 28
0182_0004_0003_0028_0028.jpg 1 4 3 28 28
0183_0006_0008_0033_0033.jpg 1 6 8 33 33
0184_0011_0011_0034_0034.jpg 1 11 11 34 34
0185_0014_0002_0030_0030.jpg 1 14 2 30 30
0186_0008_0003_0031_0031.jpg 1 8 3 31 31
0187_0017_0007_0028_0028.jpg 1 17 7 28 28
0188_0005_0010_0029_0029.jpg 1 5 10 29 29
0189_0013_0009_0024_0024.jpg 1 13 9 24 24
0190_0011_0011_0027_0027.jpg 1 11 11 27 27
0191_0002_0004_0027_0027.jpg 1 2 4 27 27
0192_0010_0007_0030_0030.jpg 1 10 7 30 30
0193_0016_0008_0030_0030.jpg 1 16 8 30 30
0194_0008_0012_0029_0029.jpg 1 8 12 29 29
0195_0013_0007_0031_0031.jpg 1 13 7 31 31
0196_0015_0016_0028_0028.jpg 1 15 16 28 28
0197_0003_0016_0025_0025.jpg 1 3 16 25 25
0198_0020_0003_0025_0025.jpg 1 20 3 25 25
0199_0004_0015_0026_0026.jpg 1 4 15 26 26
0200_0003_0007_0029_0029.jpg 1 3 7 29 29
0201_0015_0009_0028_0028.jpg 1 15 9 28 28
0202_0015_0004_0031_0031.jpg 1 15 4 31 31
0203_0010_0006_0030_0030.jpg 1 10 6 30 30
0204_0001_0008_0034_0034.jpg 1 1 8 34 34
0205_0007_0016_0028_0028.jpg 1 7 16 28 28
0206_0020_0002_0027_0027.jpg 1 20 2 27 27
0207_0019_0011_0024_0024.jpg 1 19 11 24 24
0208_0009_0004_0033_0033.jpg 1 9 4 33 33
0209_0009_0015_0027_0027.jpg 1 9 15 27 27
0210_0013_0014_0029_0029.jpg 1 13 14 29 29
0211_0009_0007_0028_0028.jpg 1 9 7 28 28
0212_0002_0002_0029_0029.jpg 1 2 2 29 29
0213_0011_0007_0032_0032.jpg 1 11 7 32 32
0214_0003_0003_0033_0033.jpg 1 3 3 33 33
0215_0011_0008_0027_0027.jpg 1 11 8 27 27
0216_0005_0013_0033_0033.jpg 1 5 13 33 33
0217_0004_0006_0033_0033.jpg 1 4 6 33 33
0218_0005_0015_0031_0031.jpg 1 5 15 31 31
0219_0007_0008_0034_0034.jpg 1 7 8 34 34
0220_0003_0011_0032_0032.jpg 1 3 11 32 32
0221_0002_0008_0034_0034.jpg 1 2 8 34 34
0222_0014_0015_0025_0025.jpg 1 14 15 25 25
0223_0003_0010_0031_0031.jpg 1 3 10 31 31
0224_0015_0015_0031_0031.jpg 1 15 15 31 31
0225_0018_0010_0027_0027.jpg 1 18 10 27 27
0226_0007_0007_0028_0028.jpg 1 7 7 28 28
0227_0016_0016_0026_0026.jpg 1 16 16 26 26
0228_0003_0009_0034_0034.jpg 1 3 9 34 34
0229_0020_0018_0027_0027.jpg 1 20 18 27 27
0230_0002_0008_0025_0025.jpg 1 2 8 25 25
0231_0012_0015_0029_0029.jpg 1 12 15 29 29
0232_0018_0008_0024_0024.jpg 1 18 8 24 24
0233_0008_0018_0026_0026.jpg 1 8 18 26 26
0234_0013_0017_0030_0030.jpg 1 13 17 30 30
0235_0010_0018_0025_0025.jpg 1 10 18 25 25
0236_0020_0002_0025_0025.jpg 1 20 2 25 25
0237_0020_0004_0026_0026.jpg 1 20 4 26 26
0238_0020_0013_0025_0025.jpg 1 20 13 25 25
0239_0012_0014_0033_0033.jpg 1 12 14 33 33
0240_0015_0014_0027_0027.jpg 1 15 14 27 27
0241_0005_0012_0027_0027.jpg 1 5 12 27 27
0242_0002_0010_0031_0031.jpg 1 2 10 31 31
0243_0006_0011_0034_0034.jpg 1 6 11 34 34
0244_0009_0018_0027_0027.jpg 1 9 18 27 27
0245_0010_0003_0034_0034.jpg 1 10 3 34 34
0246_0016_0004_0025_0025.jpg 1 16 4 25 25
0247_0004_0006_0033_0033.jpg 1 4 6 33 33
0248_0013_0008_0034_0034.jpg 1 13 8 34 34
0249_0007_0019_0027_0027.jpg 1 7 19 27 27
0250_0004_0011_0027_0027.jpg 1 4 11 27 27
0251_0008_0003_0027_0027.jpg 1 8 3 27 27
0252_0016_0012_0030_0030.jpg 1 16 12 30 30
0253_0003_0014_0026_0026.jpg 1 3 14 26 26
0254_0017_0010_0027_0027.jpg 1 17 10 27 27
0255_0002_0008_0026_0026.jpg 1 2 8 26 26
0256_0007_0010_0034_0034.jpg 1 7 10 34 34
0257_0011_0008_0031_0031.jpg 1 11 8 31 31
0258_0015_0004_0029_0029.jpg 1 15 4 29 29
0259_0018_0006_0027_0027.jpg 1 18 6 27 27
0260_0003_0005_0034_0034.jpg 1 3 5 34 34
0261_0002_0017_0026_0026.jpg 1 2 17 26 26
0262_0003_0017_0027_0027.jpg 1 3 17 27 27
0263_0005_0002_0033_0033.jpg 1 5 2 33 33
0264_0012_0004_0024_0024.jpg 1 12 4 24 24
0265_0011_0010_0034_0034.jpg 1 11 10 34 34
0266_0016_0013_0027_0027.jpg 1 16 13 27 27
0267_0006_0007_0031_0031.jpg 1 6 7 31 31
0268_0013_0010_0032_0032.jpg 1 13 10 32 32
0269_0011_0003_0025_0025.jpg 1 11 3 25 25
0270_0017_0008_0029_0029.jpg 1 17 8 29 29
0271_0004_0009_0034_0034.jpg 1 4 9 34 34
0272_0018_0021_0026_0026.jpg 1 18 21 26 26
0273_0013_0006_0028_0028.jpg 1 13 6 28 28
0274_0009_0003_0031_0031.jpg 1 9 3 31 31
0275_0010_0007_0034_0034.jpg 1 10 7 34 34
0276_0016_0020_0025_0025.jpg 1 16 20 25 25
0277_0018_0010_0024_0024.jpg 1 18 10 24 24
0278_0014_0018_0025_0025.jpg 1 14 18 25 25
0279_0018_0009_0029_0029.jpg 1 18 9 29 29
0280_0004_0014_0032_0032.jpg 1 4 14 32 32
0281_0012_0015_0031_0031.jpg 1 12 15 31 31
0282_0005_0013_0032_0032.jpg 1 5 13 32 32
0283_0009_0016_0028_0028.jpg 1 9 16 28 28
0284_0012_0007_0029_0029.jpg 1 12 7 29 29
0285_0013_0011_0025_0025.jpg 1 13 11 25 25
0286_0020_0015_0024_0024.jpg 1 20 15 24 24
0287_0018_0009_0024_0024.jpg 1 18 9 24 24
0288_0008_0011_0032_0032.jpg 1 8 11 32 32
0289_0002_0014_0033_0033.jpg 1 2 14 33 33
0290_0005_0007_0028_0028.jpg 1 5 7 28 28
0291_0012_0019_0027_0027.jpg 1 12 19 27 27
0292_0015_0014_0029_0029.jpg 1 15 14 29 29
0293_0005_0017_0030_0030.jpg 1 5 17 30 30
0294_0009_0015_0028_0028.jpg 1 9 15 28 28
0295_0009_0006_0025_0025.jpg 1 9 6 25 25
0296_0016_0009_0027_0027.jpg 1 16 9 27 27
0297_0005_0013_0028_0028.jpg 1 5 13 28 28
0298_0005_0018_0026_0026.jpg 1 5 18 26 26
0299_0018_0008_0029_0029.jpg 1 18 8 29 29
0300_0007_0014_0033_0033.jpg 1 7 14 33 33
0301_0012_0003_0033_0033.jpg 1 12 3 33 33
0302_0009_0006_0033_0033.jpg 1 9 6 33 33
0303_0003_0012_0033_0033.jpg 1 3 12 33 33
0304_0011_0015_0027_0027.jpg 1 11 15 27 27
0305_0007_0002_0033_0033.jpg 1 7 2 33 33
0306_0012_0018_0025_0025.jpg 1 12 18 25 25
0307_0010_0011_0028_0028.jpg 1 10 11 28 28
0308_0018_0006_0026_0026.jpg 1 18 6 26 26
0309_0007_0018_0029_0029.jpg 1 7 18 29 29
0310_0015_0008_0027_0027.jpg 1 15 8 27 27
0311_0006_0019_0024_0024.jpg 1 6 19 24 24
0312_0008_0010_0025_0025.jpg 1 8 10 25 25
0313_0003_0003_0031_0031.jpg 1 3 3 31 31
0314_0009_0009_0030_0030.jpg 1 9 9 30 30
0315_0018_0003_0028_0028.jpg 1 18 3 28 28
0316_0018_0009_0027_0027.jpg 1 18 9 27 27
0317_0007_0005_0033_0033.jpg 1 7 5 33 33
0318_0013_0015_0032_0032.jpg 1 13 15 32 32
0319_0007_0010_0034_0034.jpg 1 7 10 34 34
0320_0007_0020_0027_0027.jpg 1 7 20 27 27
0321_0008_0005_0024_0024.jpg 1 8 5 24 24
0322_0002_0008_0030_0030.jpg 1 2 8 30 30
0323_0002_0009_0029_0029.jpg 1 2 9 29 29
0324_0006_0015_0028_0028.jpg 1 6 15 28 28
0325_0013_0006_0024_0024.jpg 1 13 6 24 24
0326_0004_0010_0026_0026.jpg 1 4 10 26 26
0327_0011_0010_0029_0029.jpg 1 11 10 29 29
0328_0010_0005_0026_0026.jpg 1 10 5 26 26
0329_0018_0015_0026_0026.jpg 1 18 15 26 26
0330_0012_0011_0025_0025.jpg 1 12 11 25 25
0331_0011_0013_0032_0032.jpg 1 11 13 32 32
0332_0007_0010_0031_0031.jpg 1 7 10 31 31
0333_0018_0006_0026_0026.jpg 1 18 6 26 26
0334_0015_0009_0027_0027.jpg 1 15 9 27 27
0335_0018_0015_0025_0025.jpg 1 18 15 25 25
0336_0006_0010_0030_0030.jpg 1 6 10 30 30
0337_0010_0003_0033_0033.jpg 1 10 3 33 33
0338_0006_0002_0032_0032.jpg 1 6 2 32 32
0339_0022_0010_0024_0024.jpg 1 22 10 24 24
0340_0003_0012_0030_0030.jpg 1 3 12 30 30
0341_0003_0017_0024_0024.jpg 1 3 17 24 24
0342_0013_0009_0033_0033.jpg 1 13 9 33 33
0343_0006_0007_0030_0030.jpg 1 6 7 30 30
0344_0010_0008_0033_0033.jpg 1 10 8 33 33
0345_0017_0017_0026_0026.jpg 1 17 17 26 26
0346_0014_0019_0026_0026.jpg 1 14 19 26 26
0347_0005_0004_0034_0034.jpg 1 5 4 34 34
0348_0006_0004_0027_0027.jpg 1 6 4 27 27
0349_0003_0012_0032_0032.jpg 1 3 12 32 32
0350_0005_0009_0030_0030.jpg 1 5 9 30 30
0351_0002_0010_0034_0034.jpg 1 2 10 34 34
0352_0006_0003_0033_0033.jpg 1 6 3 33 33
0353_0019_0009_0026_0026.jpg 1 19 9 26 26
0354_0014_0013_0024_0024.jpg 1 14 13 24 24
0355_0011_0005_0029_0029.jpg 1 11 5 29 29
0356_0017_0014_0029_0029.jpg 1 17 14 29 29
0357_0015_0014_0024_0024.jpg 1 15 14 24 24
0358_0012_0007_0026_0026.jpg 1 12 7 26 26
0359_0020_0022_0025_0025.jpg 1 20 22 25 25
0360_0004_0016_0027_0027.jpg 1 4 16 27 27
0361_0005_0008_0029_0029.jpg 1 5 8 29 29
0362_0020_0021_0024_0024.jpg 1 20 21 24 24
0363_0015_0015_0032_0032.jpg 1 15 15 32 32
0364_0009_0015_0025_0025.jpg 1 9 15 25 25
0365_0019_0008_0026_0026.jpg 1 19 8 26 26
0366_0004_0012_0033_0033.jpg 1 4 12 33 33
0367_0014_0002_0029_0029.jpg 1 14 2 29 29
0368_0010_0014_0032_0032.jpg 1 10 14 32 32
0369_0008_0001_0033_0033.jpg 1 8 1 33 33
0370_0015_0003_0027_0027.jpg 1 15 3 27 27
0371_0015_0007_0031_0031.jpg 1 15 7 31 31
0372_0020_0011_0025_0025.jpg 1 20 11 25 25
0373_0017_0011_0026_0026.jpg 1 17 11 26 26
0374_0009_0005_0027_0027.jpg 1 9 5 27 27
0375_0004_0006_0034_0034.jpg 1 4 6 34 34
0376_0013_0014_0031_0031.jpg 1 13 14 31 31
0377_0013_0006_0024_0024.jpg 1 13 6 24 24
0378_0018_0003_0026_0026.jpg 1 18 3 26 26
0379_0016_0007_0026_0026.jpg 1 16 7 26 26
0380_0008_0009_0028_0028.jpg 1 8 9 28 28
0381_0007_0003_0034_0034.jpg 1 7 3 34 34
0382_0002_0009_0031_0031.jpg 1 2 9 31 31
0383_0020_0012_0024_0024.jpg 1 20 12 24 24
0384_0008_0002_0033_0033.jpg 1 8 2 33 33
0385_0003_0005_0033_0033.jpg 1 3 5 33 33
0386_0020_0008_0024_0024.jpg 1 20 8 24 24
0387_0012_0008_0027_0027.jpg 1 12 8 27 27
0388_0018_0018_0027_0027.jpg 1 18 18 27 27
0389_0006_0009_0024_0024.jpg 1 6 9 24 24
0390_0010_0016_0026_0026.jpg 1 10 16 26 26
0391_0003_0011_0032_0032.jpg 1 3 11 32 32
0392_0008_0010_0026_0026.jpg 1 8 10 26 26
0393_0023_0006_0024_0024.jpg 1 23 6 24 24
0394_0008_0007_0025_0025.jpg 1 8 7 25 25
0395_0009_0014_0031_0031.jpg 1 9 14 31 31
0396_0016_0006_0025_0025.jpg 1 16 6 25 25
0397_0013_0008_0034_0034.jpg 1 13 8 34 34
0398_0003_0004_0030_0030.jpg 1 3 4 30 30
0399_0006_0012_0030_0030.jpg 1 6 12 30 30
0400_0008_0015_0028_0028.jpg 1 8 15 28 28
0401_0003_0004_0032_0032.jpg 1 3 4 32 32
0402_0004_0006_0031_0031.jpg 1 4 6 31 31
0403_0016_0016_0028_0028.jpg 1 16 16 28 28
0404_0014_0009_0033_0033.jpg 1 14 9 33 33
0405_0011_0011_0028_0028.jpg 1 11 11 28 28
0406_0014_0014_0029_0029.jpg 1 14 14 29 29
0407_0003_0015_0029_0029.jpg 1 3 15 29 29
0408_0010_0006_0026_0026.jpg 1 10 6 26 26
0409_0002_0004_0033_0033.jpg 1 2 4 33 33
0410_0019_0021_0026_0026.jpg 1 19 21 26 26
0411_0013_0010_0033_0033.jpg 1 13 10 33 33
0412_0019_0008_0028_0028.jpg 1 19 8 28 28
0413_0011_0006_0033_0033.jpg 1 11 6 33 33
0414_0008_0018_0027_0027.jpg 1 8 18 27 27
0415_0012_0003_0031_0031.jpg 1 12 3 31 31
0416_0018_0019_0026_0026.jpg 1 18 19 26 26
0417_0004_0006_0030_0030.jpg 1 4 6 30 30
0418_0005_0002_0032_0032.jpg 1 5 2 32 32
0419_0007_0003_0024_0024.jpg 1 7 3 24 24
0420_0009_0006_0031_0031.jpg 1 9 6 31 31
0421_0016_0011_0028_0028.jpg 1 16 11 28 28
0422_0020_0006_0025_0025.jpg 1 20 6 25 25
0423_0005_0010_0031_0031.jpg 1 5 10 31 31
0424_0008_0014_0030_0030.jpg 1 8 14 30 30
0425_0017_0004_0029_0029.jpg 1 17 4 29 29
0426_0017_0004_0031_0031.jpg 1 17 4 31 31
0427_0019_0020_0027_0027.jpg 1 19 20 27 27
0428_0010_0012_0034_0034.jpg 1 10 12 34 34
0429_0017_0006_0028_0028.jpg 1 17 6 28 28
0430_0017_0019_0028_0028.jpg 1 17 19 28 28
0431_0018_0009_0024_0024.jpg 1 18 9 24 24
0432_0014_0004_0033_0033.jpg 1 14 4 33 33
0433_0006_0002_0024_0024.jpg 1 6 2 24 24
0434_0022_0012_0025_0025.jpg 1 22 12 25 25
0435_0015_0004_0031_0031.jpg 1 15 4 31 31
0436_0012_0014_0029_0029.jpg 1 12 14 29 29
0437_0006_0009_0034_0034.jpg 1 6 9 34 34
0438_0016_0011_0026_0026.jpg 1 16 11 26 26
0439_0012_0021_0024_0024.jpg 1 12 21 24 24
0440_0003_0003_0024_0024.jpg 1 3 3 24 24
0441_0003_0003_0025_0025.jpg 1 3 3 25 25
0442_0009_0012_0028_0028.jpg 1 9 12 28 28
0443_0016_0004_0028_0028.jpg 1 16 4 28 28
0444_0008_0002_0032_0032.jpg 1 8 2 32 32
0445_0004_0017_0030_0030.jpg 1 4 17 30 30
0446_0018_0018_0027_0027.jpg 1 18 18 27 27
0447_0003_0013_0031_0031.jpg 1 3 13 31 31
0448_0006_0015_0028_0028.jpg 1 6 15 28 28
0449_0017_0020_0025_0025.jpg 1 17 20 25 25
0450_0012_0009_0026_0026.jpg 1 12 9 26 26
0451_0003_0004_0033_0033.jpg 1 3 4 33 33
0452_0012_0009_0028_0028.jpg 1 12 9 28 28
0453_0010_0002_0032_0032.jpg 1 10 2 32 32
0454_0018_0003_0027_0027.jpg 1 18 3 27 27
0455_0006_0011_0027_0027.jpg 1 6 11 27 27
0456_0011_0014_0026_0026.jpg 1 11 14 26 26
0457_0010_0003_0029_0029.jpg 1 10 3 29 29
0458_0006_0008_0033_0033.jpg 1 6 8 33 33
0459_0010_0015_0029_0029.jpg 1 10 15 29 29
0460_0005_0002_0029_0029.jpg 1 5 2 29 29
0461_0009_0003_0034_0034.jpg 1 9 3 34 34
0462_0005_0003_0033_0033.jpg 1 5 3 33 33
0463_0005_0008_0025_0025.jpg 1 5 8 25 25
0464_0007_0013_0034_0034.jpg 1 7 13 34 34
0465_0019_0019_0024_0024.jpg 1 19 19 24 24
0466_0007_0013_0025_0025.jpg 1 7 13 25 25
0467_0017_0017_0026_0026.jpg 1 17 17 26 26
0468_0010_0011_0024_0024.jpg 1 10 11 24 24
0469_0011_0005_0028_0028.jpg 1 11 5 28 28
0470_0012_0001_0032_0032.jpg 1 12 1 32 32
0471_0013_0006_0030_0030.jpg 1 13 6 30 30
0472_0004_0016_0025_0025.jpg 1 4 16 25 25
0473_0005_0013_0031_0031.jpg 1 5 13 31 31
0474_0007_0003_0030_0030.jpg 1 7 3 30 30
0475_0003_0009_0027_0027.jpg 1 3 9 27 27
0476_0004_0012_0031_0031.jpg 1 4 12 31 31
0477_0018_0020_0027_0027.jpg 1 18 20 27 27
0478_0020_0011_0024_0024.jpg 1 20 11 24 24
0479_0006_0015_0033_0033.jpg 1 6 15 33 33
0480_0009_0011_0032_0032.jpg 1 9 11 32 32
0481_0003_0012_0024_0024.jpg 1 3 12 24 24
0482_0002_0003_0032_0032.jpg 1 2 3 32 32
0483_0003_0005_0027_0027.jpg 1 3 5 27 27
0484_0020_0020_0025_0025.jpg 1 20 20 25 25
0485_0007_0002_0033_0033.jpg 1 7 2 33 33
0486_0021_0020_0025_0025.jpg 1 21 20 25 25
0487_0014_0010_0034_0034.jpg 1 14 10 34 34
0488_0003_0008_0028_0028.jpg 1 3 8 28 28
0489_0013_0013_0032_0032.jpg 1 13 13 32 32
0490_0015_0003_0024_0024.jpg 1 15 3 24 24
0491_0006_0011_0034_0034.jpg 1 6 11 34 34
0492_0004_0013_0032_0032.jpg 1 4 13 32 32
0493_0014_0013_0028_0028.jpg 1 14 13 28 28
0494_0020_0011_0025_0025.jpg 1 20 11 25 25
0495_0009_0003_0030_0030.jpg 1 9 3 30 30
0496_0011_0011_0029_0029.jpg 1 11 11 29 29
0497_0014_0014_0032_0032.jpg 1 14 14 32 32
0498_0011_0009_0029_0029.jpg 1 11 9 29 29
0499_0016_0007_0028_0028.jpg 1 16 7 28 28
0500_0016_0009_0028_0028.jpg 1 16 9 28 28
0501_0012_0014_0032_0032.jpg 1 12 14 32 32
0502_0006_0002_0029_0029.jpg 1 6 2 29 29
0503_0005_0010_0026_0026.jpg 1 5 10 26 26
0504_0007_0010_0030_0030.jpg 1 7 10 30 30
0505_0014_0003_0033_0033.jpg 1 14 3 33 33
0506_0013_0016_0026_0026.jpg 1 13 16 26 26
0507_0016_0009_0029_0029.jpg 1 16 9 29 29
0508_0009_0007_0028_0028.jpg 1 9 7 28 28
0509_0012_0009_0026_0026.jpg 1 12 9 26 26
0510_0009_0006_0033_0033.jpg 1 9 6 33 33
0511_0017_0009_0028_0028.jpg 1 17 9 28 28
0512_0005_0016_0029_0029.jpg 1 5 16 29 29
0513_0004_0003_0032_0032.jpg 1 4 3 32 32
0514_0008_0005_0028_0028.jpg 1 8 5 28 28
0515_0009_0014_0033_0033.jpg 1 9 14 33 33
0516_0005_0003_0032_0032.jpg 1 5 3 32 32
0517_0011_0003_0032_0032.jpg 1 11 3 32 32
0518_0005_0001_0033_0033.jpg 1 5 1 33 33
0519_0015_0016_0030_0030.jpg 1 15 16 30 30
0520_0012_0019_0028_0028.jpg 1 12 19 28 28
0521_0017_0010_0029_0029.jpg 1 17 10 29 29
0522_0008_0007_0034_0034.jpg 1 8 7 34 34
0523_0007_0022_0025_0025.jpg 1 7 22 25 25
0524_0004_0016_0030_0030.jpg 1 4 16 30 30
0525_0004_0004_0033_0033.jpg 1 4 4 33 33
0526_0015_0012_0032_0032.jpg 1 15 12 32 32
0527_0002_0007_0033_0033.jpg 1 2 7 33 33
0528_0009_0013_0031_0031.jpg 1 9 13 31 31
0529_0012_0003_0032_0032.jpg 1 12 3 32 32
0530_0018_0016_0029_0029.jpg 1 18 16 29 29
0531_0015_0003_0028_0028.jpg 1 15 3 28 28
0532_0002_0016_0029_0029.jpg 1 2 16 29 29
0533_0010_0015_0033_0033.jpg 1 10 15 33 33
0534_0010_0012_0032_0032.jpg 1 10 12 32 32
0535_0008_0017_0028_0028.jpg 1 8 17 28 28
0536_0005_0006_0031_0031.jpg 1 5 6 31 31
0537_0017_0009_0030_0030.jpg 1 17 9 30 30
0538_0011_0009_0026_0026.jpg 1 11 9 26 26
0539_0002_0022_0025_0025.jpg 1 2 22 25 25
0540_0013_0016_0028_0028.jpg 1 13 16 28 28
0541_0015_0015_0025_0025.jpg 1 15 15 25 25
0542_0015_0012_0029_0029.jpg 1 15 12 29 29
0543_0009_0017_0028_0028.jpg 1 9 17 28 28
0544_0005_0004_0031_0031.jpg 1 5 4 31 31
0545_0007_0022_0024_0024.jpg 1 7 22 24 24
0546_0007_0014_0024_0024.jpg 1 7 14 24 24
0547_0008_0005_0031_0031.jpg 1 8 5 31 31
0548_0007_0013_0034_0034.jpg 1 7 13 34 34
0549_0014_0004_0031_0031.jpg 1 14 4 31 31
0550_0006_0002_0034_0034.jpg 1 6 2 34 34
0551_0005_0005_0032_0032.jpg 1 5 5 32 32
0552_0005_0005_0034_0034.jpg 1 5 5 34 34
0553_0011_0009_0027_0027.jpg 1 11 9 27 27
0554_0009_0017_0025_0025.jpg 1 9 17 25 25
0555_0012_0007_0033_0033.jpg 1 12 7 33 33
0556_0011_0019_0028_0028.jpg 1 11 19 28 28
0557_0004_0017_0030_0030.jpg 1 4 17 30 30
0558_0016_0010_0031_0031.jpg 1 16 10 31 31
0559_0021_0014_0024_0024.jpg 1 21 14 24 24
0560_0007_0003_0029_0029.jpg 1 7 3 29 29
0561_0014_0015_0030_0030.jpg 1 14 15 30 30
0562_0003_0003_0034_0034.jpg 1 3 3 34 34
0563_0011_0004_0034_0034.jpg 1 11 4 34 34
0564_0004_0010_0029_0029.jpg 1 4 10 29 29
0565_0017_0006_0027_0027.jpg 1 17 6 27 27
0566_0003_0008_0031_0031.jpg 1 3 8 31 31
0567_0009_0003_0029_0029.jpg 1 9 3 29 29
0568_0003_0008_0026_0026.jpg 1 3 8 26 26
0569_0003_0009_0030_0030.jpg 1 3 9 30 30
0570_0003_0012_0032_0032.jpg 1 3 12 32 32
0571_0006_0008_0032_0032.jpg 1 6 8 32 32
0572_0012_0007_0034_0034.jpg 1 12 7 34 34
0573_0010_0003_0030_0030.jpg 1 10 3 30 30
0574_0016_0016_0024_0024.jpg 1 16 16 24 24
0575_0009_0009_0028_0028.jpg 1 9 9 28 28
0576_0008_0010_0030_0030.jpg 1 8 10 30 30
0577_0008_0011_0032_0032.jpg 1 8 11 32 32
0578_0013_0015_0031_0031.jpg 1 13 15 31 31
0579_0007_0014_0027_0027.jpg 1 7 14 27 27
0580_0009_0015_0025_0025.jpg 1 9 15 25 25
0581_0005_0011_0024_0024.jpg 1 5 11 24 24
0582_0013_0019_0025_0025.jpg 1 13 19 25 25
0583_0007_0012_0030_0030.jpg 1 7 12 30 30
0584_0013_0011_0033_0033.jpg 1 13 11 33 33
0585_0002_0002_0032_0032.jpg 1 2 2 32 32
0586_0013_0009_0025_0025.jpg 1 13 9 25 25
0587_0002_0004_0033_0033.jpg 1 2 4 33 33
0588_0014_0012_0028_0028.jpg 1 14 12 28 28
0589_0015_0011_0031_0031.jpg 1 15 11 31 31
0590_0003_0021_0026_0026.jpg 1 3 21 26 26
0591_0013_0015_0032_0032.jpg 1 13 15 32 32
0592_0012_0006_0034_0034.jpg 1 12 6 34 34
0593_0012_0005_0030_0030.jpg 1 12 5 30 30
0594_0009_0014_0033_0033.jpg 1 9 14 33 33
0595_0007_0006_0025_0025.jpg 1 7 6 25 25
0596_0007_0013_0029_0029.jpg 1 7 13 29 29
0597_0002_0007_0030_0030.jpg 1 2 7 30 30
0598_0002_0012_0030_0030.jpg 1 2 12 30 30
0599_0008_0007_0031_0031.jpg 1 8 7 31 31
0600_0011_0014_0029_0029.jpg 1 11 14 29 29
0601_0016_0005_0029_0029.jpg 1 16 5 29 29
0602_0019_0010_0025_0025.jpg 1 19 10 25 25
0603_0003_0005_0027_0027.jpg 1 3 5 27 27
0604_0011_0009_0029_0029.jpg 1 11 9 29 29
0605_0007_0008_0030_0030.jpg 1 7 8 30 30
0606_0006_0003_0026_0026.jpg 1 6 3 26 26
0607_0001_0014_0033_0033.jpg 1 1 14 33 33
0608_0008_0009_0026_0026.jpg 1 8 9 26 26
0609_0007_0002_0030_0030.jpg 1 7 2 30 30
0610_0013_0008_0027_0027.jpg 1 13 8 27 27
0611_0016_0016_0031_0031.jpg 1 16 16 31 31
0612_0013_0015_0026_0026.jpg 1 13 15 26 26
0613_0012_0003_0025_0025.jpg 1 12 3 25 25
0614_0016_0007_0026_0026.jpg 1 16 7 26 26
0615_0008_0005_0032_0032.jpg 1 8 5 32 32
0616_0015_0006_0026_0026.jpg 1 15 6 26 26
0617_0007_0008_0030_0030.jpg 1 7 8 30 30
0618_0002_0020_0027_0027.jpg 1 2 20 27 27
0619_0008_0009_0027_0027.jpg 1 8 9 27 27
0620_0009_0007_0031_0031.jpg 1 9 7 31 31
0621_0021_0013_0026_0026.jpg 1 21 13 26 26
0622_0006_0015_0028_0028.jpg 1 6 15 28 28
0623_0015_0005_0032_0032.jpg 1 15 5 32 32
0624_0004_0005_0031_0031.jpg 1 4 5 31 31
0625_0008_0005_0029_0029.jpg 1 8 5 29 29
0626_0012_0009_0026_0026.jpg 1 12 9 26 26
0627_0009_0005_0025_0025.jpg 1 9 5 25 25
0628_0001_0014_0033_0033.jpg 1 1 14 33 33
0629_0009_0011_0034_0034.jpg 1 9 11 34 34
0630_0012_0007_0034_0034.jpg 1 12 7 34 34
0631_0011_0004_0027_0027.jpg 1 11 4 27 27
0632_0013_0002_0026_0026.jpg 1 13 2 26 26
0633_0014_0008_0024_0024.jpg 1 14 8 24 24
0634_0013_0017_0029_0029.jpg 1 13 17 29 29
0635_0012_0010_0027_0027.jpg 1 12 10 27 27
0636_0008_0019_0024_0024.jpg 1 8 19 24 24
0637_0009_0014_0031_0031.jpg 1 9 14 31 31
0638_0006_0018_0027_0027.jpg 1 6 18 27 27
0639_0005_0008_0024_0024.jpg 1 5 8 24 24
0640_0009_0013_0029_0029.jpg 1 9 13 29 29
0641_0003_0003_0034_0034.jpg 1 3 3 34 34
0642_0005_0011_0031_0031.jpg 1 5 11 31 31
0643_0016_0006_0027_0027.jpg 1 16 6 27 27
0644_0013_0019_0025_0025.jpg 1 13 19 25 25
0645_0011_0006_0034_0034.jpg 1 11 6 34 34
0646_0015_0010_0032_0032.jpg 1 15 10 32 32
0647_0007_0019_0026_0026.jpg 1 7 19 26 26
0648_0003_0007_0034_0034.jpg 1 3 7 34 34
0649_0006_0015_0026_0026.jpg 1 6 15 26 26
0650_0014_0016_0031_0031.jpg 1 14 16 31 31
0651_0016_0008_0027_0027.jpg 1 16 8 27 27
0652_0011_0008_0034_0034.jpg 1 11 8 34 34
0653_0006_0012_0026_0026.jpg 1 6 12 26 26
0654_0004_0009_0024_0024.jpg 1 4 9 24 24
0655_0018_0013_0027_0027.jpg 1 18 13 27 27
0656_0008_0004_0033_0033.jpg 1 8 4 33 33
0657_0014_0013_0034_0034.jpg 1 14 13 34 34
0658_0002_0004_0029_0029.jpg 1 2 4 29 29
0659_0017_0013_0025_0025.jpg 1 17 13 25 25
0660_0014_0016_0032_0032.jpg 1 14 16 32 32
0661_0004_0007_0026_0026.jpg 1 4 7 26 26
0662_0008_0005_0029_0029.jpg 1 8 5 29 29
0663_0015_0003_0030_0030.jpg 1 15 3 30 30
0664_0008_0010_0034_0034.jpg 1 8 10 34 34
0665_0020_0018_0024_0024.jpg 1 20 18 24 24
0666_0012_0016_0031_0031.jpg 1 12 16 31 31
0667_0017_0006_0024_0024.jpg 1 17 6 24 24
0668_0012_0003_0034_0034.jpg 1 12 3 34 34
0669_0015_0007_0032_0032.jpg 1 15 7 32 32
0670_0005_0003_0031_0031.jpg 1 5 3 31 31
0671_0014_0008_0029_0029.jpg 1 14 8 29 29
0672_0003_0012_0032_0032.jpg 1 3 12 32 32
0673_0007_0013_0034_0034.jpg 1 7 13 34 34
0674_0006_0012_0026_0026.jpg 1 6 12 26 26
0675_0002_0008_0029_0029.jpg 1 2 8 29 29
0676_0007_0013_0025_0025.jpg 1 7 13 25 25
0677_0006_0009_0031_0031.jpg 1 6 9 31 31
0678_0008_0011_0033_0033.jpg 1 8 11 33 33
0679_0012_0004_0029_0029.jpg 1 12 4 29 29
0680_0012_0017_0030_0030.jpg 1 12 17 30 30
0681_0012_0009_0025_0025.jpg 1 12 9 25 25
0682_0013_0009_0032_0032.jpg 1 13 9 32 32
0683_0009_0010_0034_0034.jpg 1 9 10 34 34
0684_0017_0004_0028_0028.jpg 1 17 4 28 28
0685_0008_0007_0031_0031.jpg 1 8 7 31 31
0686_0018_0008_0028_0028.jpg 1 18 8 28 28
0687_0013_0012_0030_0030.jpg 1 13 12 30 30
0688_0015_0005_0027_0027.jpg 1 15 5 27 27
0689_0005_0014_0033_0033.jpg 1 5 14 33 33
0690_0012_0010_0028_0028.jpg 1 12 10 28 28
0691_0003_0009_0025_0025.jpg 1 3 9 25 25
0692_0004_0005_0025_0025.jpg 1 4 5 25 25
0693_0012_0011_0030_0030.jpg 1 12 11 30 30
0694_0010_0006_0027_0027.jpg 1 10 6 27 27
0695_0018_0018_0029_0029.jpg 1 18 18 29 29
0696_0011_0003_0032_0032.jpg 1 11 3 32 32
0697_0007_0007_0029_0029.jpg 1 7 7 29 29
0698_0020_0005_0027_0027.jpg 1 20 5 27 27
0699_0017_0005_0026_0026.jpg 1 17 5 26 26
0700_0004_0016_0028_0028.jpg 1 4 16 28 28
0701_0012_0002_0033_0033.jpg 1 12 2 33 33
0702_0014_0011_0033_0033.jpg 1 14 11 33 33
0703_0005_0006_0032_0032.jpg 1 5 6 32 32
0704_0004_0012_0033_0033.jpg 1 4 12 33 33
0705_0015_0016_0029_0029.jpg 1 15 16 29 29
0706_0011_0005_0030_0030.jpg 1 11 5 30 30
0707_0009_0003_0032_0032.jpg 1 9 3 32 32
0708_0008_0007_0026_0026.jpg 1 8 7 26 26
0709_0003_0006_0028_0028.jpg 1 3 6 28 28
0710_0018_0020_0024_0024.jpg 1 18 20 24 24
0711_0008_0008_0025_0025.jpg 1 8 8 25 25
0712_0006_0006_0031_0031.jpg 1 6 6 31 31
0713_0009_0011_0033_0033.jpg 1 9 11 33 33
0714_0013_0004_0030_0030.jpg 1 13 4 30 30
0715_0007_0007_0024_0024.jpg 1 7 7 24 24
0716_0009_0014_0026_0026.jpg 1 9 14 26 26
0717_0009_0022_0024_0024.jpg 1 9 22 24 24
0718_0008_0010_0025_0025.jpg 1 8 10 25 25
0719_0007_0010_0024_0024.jpg 1 7 10 24 24
0720_0007_0012_0026_0026.jpg 1 7 12 26 26
0721_0013_0009_0026_0026.jpg 1 13 9 26 26
0722_0007_0009_0033_0033.jpg 1 7 9 33 33
0723_0015_0019_0024_0024.jpg 1 15 19 24 24
0724_0009_0015_0027_0027.jpg 1 9 15 27 27
0725_0021_0014_0026_0026.jpg 1 21 14 26 26
0726_0013_0008_0026_0026.jpg 1 13 8 26 26
0727_0007_0011_0024_0024.jpg 1 7 11 24 24
0728_0011_0003_0025_0025.jpg 1 11 3 25 25
0729_0014_0011_0031_0031.jpg 1 14 11 31 31
0730_0013_0004_0034_0034.jpg 1 13 4 34 34
0731_0014_0009_0024_0024.jpg 1 14 9 24 24
0732_0017_0008_0024_0024.jpg 1 17 8 24 24
0733_0009_0002_0025_0025.jpg 1 9 2 25 25
0734_0002_0001_0034_0034.jpg 1 2 1 34 34
0735_0017_0009_0028_0028.jpg 1 17 9 28 28
0736_0006_0013_0031_0031.jpg 1 6 13 31 31
0737_0013_0008_0025_0025.jpg 1 13 8 25 25
0738_0003_0014_0033_0033.jpg 1 3 14 33 33
0739_0017_0009_0029_0029.jpg 1 17 9 29 29
0740_0007_0002_0034_0034.jpg 1 7 2 34 34
0741_0010_0018_0028_0028.jpg 1 10 18 28 28
0742_0002_0017_0030_0030.jpg 1 2 17 30 30
0743_0009_0013_0032_0032.jpg 1 9 13 32 32
0744_0014_0012_0031_0031.jpg 1 14 12 31 31
0745_0005_0005_0032_0032.jpg 1 5 5 32 32
0746_0016_0009_0025_0025.jpg 1 16 9 25 25
0747_0007_0018_0027_0027.jpg 1 7 18 27 27
0748_0003_0014_0028_0028.jpg 1 3 14 28 28
0749_0014_0006_0030_0030.jpg 1 14 6 30 30
0750_0019_0020_0025_0025.jpg 1 19 20 25 25
0751_0012_0002_0026_0026.jpg 1 12 2 26 26
0752_0009_0017_0026_0026.jpg 1 9 17 26 26
0753_0008_0009_0027_0027.jpg 1 8 9 27 27
0754_0019_0014_0027_0027.jpg 1 19 14 27 27
0755_0005_0006_0030_0030.jpg 1 5 6 30 30
0756_0011_0010_0027_0027.jpg 1 11 10 27 27
0757_0009_0001_0033_0033.jpg 1 9 1 33 33
0758_0002_0006_0030_0030.jpg 1 2 6 30 30
0759_0018_0022_0024_0024.jpg 1 18 22 24 24
0760_0011_0012_0029_0029.jpg 1 11 12 29 29
0761_0014_0010_0032_0032.jpg 1 14 10 32 32
0762_0009_0004_0031_0031.jpg 1 9 4 31 31
0763_0006_0008_0028_0028.jpg 1 6 8 28 28
0764_0011_0022_0025_0025.jpg 1 11 22 25 25
0765_0016_0004_0029_0029.jpg 1 16 4 29 29
0766_0014_0013_0026_0026.jpg 1 14 13 26 26
0767_0008_0010_0025_0025.jpg 1 8 10 25 25
0768_0008_0010_0027_0027.jpg 1 8 10 27 27
0769_0009_0017_0027_0027.jpg 1 9 17 27 27
0770_0005_0007_0024_0024.jpg 1 5 7 24 24
0771_0008_0007_0034_0034.jpg 1 8 7 34 34
0772_0006_0011_0030_0030.jpg 1 6 11 30 30
0773_0006_0015_0024_0024.jpg 1 6 15 24 24
0774_0015_0011_0028_0028.jpg 1 15 11 28 28
0775_0002_0017_0028_0028.jpg 1 2 17 28 28
0776_0004_0009_0027_0027.jpg 1 4 9 27 27
0777_0011_0010_0034_0034.jpg 1 11 10 34 34
0778_0014_0011_0032_0032.jpg 1 14 11 32 32
0779_0007_0018_0028_0028.jpg 1 7 18 28 28
0780_0002_0008_0032_0032.jpg 1 2 8 32 32
0781_0012_0009_0025_0025.jpg 1 12 9 25 25
0782_0003_0005_0031_0031.jpg 1 3 5 31 31
0783_0016_0014_0025_0025.jpg 1 16 14 25 25
0784_0006_0012_0031_0031.jpg 1 6 12 31 31
0785_0004_0018_0028_0028.jpg 1 4 18 28 28
0786_0013_0007_0033_0033.jpg 1 13 7 33 33
0787_0012_0005_0030_0030.jpg 1 12 5 30 30
0788_0003_0012_0032_0032.jpg 1 3 12 32 32
0789_0016_0016_0031_0031.jpg 1 16 16 31 31
0790_0007_0003_0031_0031.jpg 1 7 3 31 31
0791_0002_0020_0025_0025.jpg 1 2 20 25 25
0792_0009_0008_0033_0033.jpg 1 9 8 33 33
0793_0002_0005_0034_0034.jpg 1 2 5 34 34
0794_0006_0010_0025_0025.jpg 1 6 10 25 25
0795_0009_0016_0030_0030.jpg 1 9 16 30 30
0796_0014_0008_0024_0024.jpg 1 14 8 24 24
0797_0008_0011_0033_0033.jpg 1 8 11 33 33
0798_0016_0012_0027_0027.jpg 1 16 12 27 27
0799_0011_0017_0025_0025.jpg 1 11 17 25 25
0800_0005_0004_0034_0034.jpg 1 5 4 34 34
0801_0009_0015_0029_0029.jpg 1 9 15 29 29
0802_0004_0017_0029_0029.jpg 1 4 17 29 29
0803_0006_0013_0031_0031.jpg 1 6 13 31 31
0804_0008_0008_0030_0030.jpg 1 8 8 30 30
0805_0015_0005_0032_0032.jpg 1 15 5 32 32
0806_0021_0003_0024_0024.jpg 1 21 3 24 24
0807_0009_0014_0032_0032.jpg 1 9 14 32 32
0808_0004_0004_0034_0034.jpg 1 4 4 34 34
0809_0012_0006_0027_0027.jpg 1 12 6 27 27
0810_0022_0008_0025_0025.jpg 1 22 8 25 25
0811_0004_0016_0029_0029.jpg 1 4 16 29 29
0812_0007_0009_0033_0033.jpg 1 7 9 33 33
0813_0004_0020_0027_0027.jpg 1 4 20 27 27
0814_0011_0014_0034_0034.jpg 1 11 14 34 34
0815_0015_0012_0026_0026.jpg 1 15 12 26 26
0816_0009_0004_0033_0033.jpg 1 9 4 33 33
0817_0004_0022_0025_0025.jpg 1 4 22 25 25
0818_0005_0007_0034_0034.jpg 1 5 7 34 34
0819_0015_0005_0030_0030.jpg 1 15 5 30 30
0820_0019_0021_0024_0024.jpg 1 19 21 24 24
0821_0007_0014_0025_0025.jpg 1 7 14 25 25
0822_0012_0013_0033_0033.jpg 1 12 13 33 33
0823_0014_0005_0032_0032.jpg 1 14 5 32 32
0824_0008_0012_0031_0031.jpg 1 8 12 31 31
0825_0008_0014_0033_0033.jpg 1 8 14 33 33
0826_0012_0017_0029_0029.jpg 1 12 17 29 29
0827_0020_0006_0025_0025.jpg 1 20 6 25 25
