0001_0010_0011_0031_0031.jpg 1 10 11 31 31
0002_0012_0020_0026_0026.jpg 1 12 20 26 26
0003_0010_0019_0024_0024.jpg 1 10 19 24 24
0004_0014_0003_0031_0031.jpg 1 14 3 31 31
0005_0010_0004_0026_0026.jpg 1 10 4 26 26
0006_0010_0017_0028_0028.jpg 1 10 17 28 28
0007_0018_0010_0029_0029.jpg 1 18 10 29 29
0008_0004_0019_0028_0028.jpg 1 4 19 28 28
0009_0014_0012_0028_0028.jpg 1 14 12 28 28
0010_0006_0011_0033_0033.jpg 1 6 11 33 33
0011_0012_0019_0024_0024.jpg 1 12 19 24 24
0012_0008_0021_0024_0024.jpg 1 8 21 24 24
0013_0012_0009_0033_0033.jpg 1 12 9 33 33
0014_0006_0002_0034_0034.jpg 1 6 2 34 34
0015_0002_0014_0032_0032.jpg 1 2 14 32 32
0016_0003_0007_0032_0032.jpg 1 3 7 32 32
0017_0021_0004_0026_0026.jpg 1 21 4 26 26
0018_0008_0008_0031_0031.jpg 1 8 8 31 31
0019_0009_0012_0034_0034.jpg 1 9 12 34 34
0020_0004_0012_0031_0031.jpg 1 4 12 31 31
0021_0012_0013_0034_0034.jpg 1 12 13 34 34
0022_0007_0012_0025_0025.jpg 1 7 12 25 25
0023_0013_0005_0029_0029.jpg 1 13 5 29 29
0024_0007_0005_0032_0032.jpg 1 7 5 32 32
0025_0007_0009_0024_0024.jpg 1 7 9 24 24
0026_0003_0003_0030_0030.jpg 1 3 3 30 30
0027_0010_0007_0029_0029.jpg 1 10 7 29 29
0028_0003_0012_0029_0029.jpg 1 3 12 29 29
0029_0010_0009_0027_0027.jpg 1 10 9 27 27
0030_0009_0014_0033_0033.jpg 1 9 14 33 33
0031_0007_0012_0028_0028.jpg 1 7 12 28 28
0032_0002_0004_0034_0034.jpg 1 2 4 34 34
0033_0021_0021_0025_0025.jpg 1 21 21 25 25
0034_0009_0008_0027_0027.jpg 1 9 8 27 27
0035_0003_0014_0024_0024.jpg 1 3 14 24 24
0036_0014_0002_0032_0032.jpg 1 14 2 32 32
0037_0020_0009_0024_0024.jpg 1 20 9 24 24
0038_0018_0021_0025_0025.jpg 1 18 21 25 25
0039_0004_0011_0025_0025.jpg 1 4 11 25 25
0040_0008_0013_0032_0032.jpg 1 8 13 32 32
0041_0009_0014_0031_0031.jpg 1 9 14 31 31
0042_0015_0014_0028_0028.jpg 1 15 14 28 28
0043_0012_0019_0028_0028.jpg 1 12 19 28 28
0044_0008_0014_0033_0033.jpg 1 8 14 33 33
0045_0014_0003_0029_0029.jpg 1 14 3 29 29
0046_0010_0006_0029_0029.jpg 1 10 6 29 29
0047_0014_0012_0032_0032.jpg 1 14 12 32 32
0048_0009_0002_0032_0032.jpg 1 9 2 32 32
0049_0003_0006_0029_0029.jpg 1 3 6 29 29
0050_0011_0010_0024_0024.jpg 1 11 10 24 24
0051_0015_0009_0032_0032.jpg 1 15 9 32 32
0052_0021_0004_0025_0025.jpg 1 21 4 25 25
0053_0012_0004_0030_0030.jpg 1 12 4 30 30
0054_0003_0007_0033_0033.jpg 1 3 7 33 33
0055_0011_0018_0025_0025.jpg 1 11 18 25 25
0056_0011_0003_0034_0034.jpg 1 11 3 34 34
0057_0009_0015_0029_0029.jpg 1 9 15 29 29
0058_0011_0018_0026_0026.jpg 1 11 18 26 26
0059_0003_0007_0024_0024.jpg 1 3 7 24 24
0060_0008_0003_0030_0030.jpg 1 8 3 30 30
0061_0019_0012_0024_0024.jpg 1 19 12 24 24
0062_0015_0019_0024_0024.jpg 1 15 19 24 24
0063_0016_0020_0026_0026.jpg 1 16 20 26 26
0064_0013_0011_0034_0034.jpg 1 13 11 34 34
0065_0010_0004_0024_0024.jpg 1 10 4 24 24
0066_0003_0014_0025_0025.jpg 1 3 14 25 25
0067_0016_0016_0030_0030.jpg 1 16 16 30 30
0068_0003_0010_0030_0030.jpg 1 3 10 30 30
0069_0006_0006_0029_0029.jpg 1 6 6 29 29
0070_0005_0009_0032_0032.jpg 1 5 9 32 32
0071_0008_0013_0026_0026.jpg 1 8 13 26 26
0072_0013_0011_0034_0034.jpg 1 13 11 34 34
0073_0008_0002_0030_0030.jpg 1 8 2 30 30
0074_0009_0006_0034_0034.jpg 1 9 6 34 34
0075_0006_0003_0027_0027.jpg 1 6 3 27 27
0076_0015_0016_0028_0028.jpg 1 15 16 28 28
0077_0018_0005_0028_0028.jpg 1 18 5 28 28
0078_0014_0017_0026_0026.jpg 1 14 17 26 26
0079_0009_0013_0024_0024.jpg 1 9 13 24 24
0080_0017_0019_0028_0028.jpg 1 17 19 28 28
0081_0004_0013_0029_0029.jpg 1 4 13 29 29
0082_0011_0005_0031_0031.jpg 1 11 5 31 31
0083_0022_0015_0024_0024.jpg 1 22 15 24 24
0084_0018_0002_0027_0027.jpg 1 18 2 27 27
0085_0001_0002_0031_0031.jpg 1 1 2 31 31
0086_0009_0014_0028_0028.jpg 1 9 14 28 28
0087_0008_0012_0033_0033.jpg 1 8 12 33 33
0088_0009_0014_0032_0032.jpg 1 9 14 32 32
0089_0018_0002_0025_0025.jpg 1 18 2 25 25
0090_0012_0019_0026_0026.jpg 1 12 19 26 26
0091_0009_0018_0028_0028.jpg 1 9 18 28 28
0092_0009_0003_0026_0026.jpg 1 9 3 26 26
0093_0002_0012_0027_0027.jpg 1 2 12 27 27
0094_0003_0009_0024_0024.jpg 1 3 9 24 24
0095_0008_0011_0027_0027.jpg 1 8 11 27 27
0096_0006_0012_0030_0030.jpg 1 6 12 30 30
0097_0011_0008_0026_0026.jpg 1 11 8 26 26
0098_0018_0002_0026_0026.jpg 1 18 2 26 26
0099_0017_0009_0027_0027.jpg 1 17 9 27 27
0100_0018_0003_0024_0024.jpg 1 18 3 24 24
0101_0020_0018_0024_0024.jpg 1 20 18 24 24
0102_0006_0016_0026_0026.jpg 1 6 16 26 26
0103_0014_0017_0030_0030.jpg 1 14 17 30 30
0104_0006_0010_0025_0025.jpg 1 6 10 25 25
0105_0014_0008_0030_0030.jpg 1 14 8 30 30
0106_0015_0011_0031_0031.jpg 1 15 11 31 31
0107_0008_0008_0031_0031.jpg 1 8 8 31 31
0108_0008_0015_0026_0026.jpg 1 8 15 26 26
0109_0005_0012_0027_0027.jpg 1 5 12 27 27
0110_0004_0019_0024_0024.jpg 1 4 19 24 24
0111_0011_0004_0025_0025.jpg 1 11 4 25 25
0112_0011_0004_0030_0030.jpg 1 11 4 30 30
0113_0004_0006_0024_0024.jpg 1 4 6 24 24
0114_0015_0014_0027_0027.jpg 1 15 14 27 27
0115_0007_0016_0029_0029.jpg 1 7 16 29 29
0116_0011_0002_0033_0033.jpg 1 11 2 33 33
0117_0010_0019_0027_0027.jpg 1 10 19 27 27
0118_0018_0006_0029_0029.jpg 1 18 6 29 29
0119_0006_0010_0028_0028.jpg 1 6 10 28 28
0120_0019_0018_0026_0026.jpg 1 19 18 26 26
0121_0006_0019_0026_0026.jpg 1 6 19 26 26
0122_0012_0017_0025_0025.jpg 1 12 17 25 25
0123_0008_0014_0029_0029.jpg 1 8 14 29 29
0124_0006_0020_0024_0024.jpg 1 6 20 24 24
0125_0014_0008_0031_0031.jpg 1 14 8 31 31
0126_0012_0016_0027_0027.jpg 1 12 16 27 27
0127_0005_0015_0033_0033.jpg 1 5 15 33 33
0128_0009_0007_0034_0034.jpg 1 9 7 34 34
0129_0015_0013_0029_0029.jpg 1 15 13 29 29
0130_0015_0008_0025_0025.jpg 1 15 8 25 25
0131_0017_0015_0030_0030.jpg 1 17 15 30 30
0132_0018_0017_0025_0025.jpg 1 18 17 25 25
0133_0006_0013_0033_0033.jpg 1 6 13 33 33
0134_0018_0002_0024_0024.jpg 1 18 2 24 24
0135_0009_0008_0034_0034.jpg 1 9 8 34 34
0136_0009_0019_0026_0026.jpg 1 9 19 26 26
0137_0016_0010_0027_0027.jpg 1 16 10 27 27
0138_0018_0008_0028_0028.jpg 1 18 8 28 28
0139_0005_0005_0034_0034.jpg 1 5 5 34 34
0140_0006_0005_0031_0031.jpg 1 6 5 31 31
0141_0009_0010_0027_0027.jpg 1 9 10 27 27
0142_0004_0008_0034_0034.jpg 1 4 8 34 34
0143_0013_0012_0028_0028.jpg 1 13 12 28 28
0144_0021_0006_0026_0026.jpg 1 21 6 26 26
0145_0004_0018_0024_0024.jpg 1 4 18 24 24
0146_0012_0005_0034_0034.jpg 1 12 5 34 34
0147_0014_0012_0032_0032.jpg 1 14 12 32 32
0148_0005_0009_0032_0032.jpg 1 5 9 32 32
0149_0015_0015_0030_0030.jpg 1 15 15 30 30
0150_0016_0007_0026_0026.jpg 1 16 7 26 26
0151_0017_0007_0025_0025.jpg 1 17 7 25 25
0152_0011_0004_0032_0032.jpg 1 11 4 32 32
0153_0011_0018_0024_0024.jpg 1 11 18 24 24
0154_0018_0002_0028_0028.jpg 1 18 2 28 28
0155_0005_0010_0033_0033.jpg 1 5 10 33 33
0156_0002_0011_0028_0028.jpg 1 2 11 28 28
0157_0006_0017_0026_0026.jpg 1 6 17 26 26
0158_0010_0012_0034_0034.jpg 1 10 12 34 34
0159_0007_0005_0032_0032.jpg 1 7 5 32 32
0160_0017_0011_0030_0030.jpg 1 17 11 30 30
0161_0009_0011_0025_0025.jpg 1 9 11 25 25
0162_0012_0002_0030_0030.jpg 1 12 2 30 30
0163_0012_0011_0024_0024.jpg 1 12 11 24 24
0164_0013_0013_0031_0031.jpg 1 13 13 31 31
0165_0002_0010_0029_0029.jpg 1 2 10 29 29
0166_0002_0020_0025_0025.jpg 1 2 20 25 25
0167_0018_0018_0029_0029.jpg 1 18 18 29 29
0168_0007_0011_0032_0032.jpg 1 7 11 32 32
0169_0010_0008_0034_0034.jpg 1 10 8 34 34
0170_0016_0009_0029_0029.jpg 1 16 9 29 29
0171_0004_0004_0025_0025.jpg 1 4 4 25 25
0172_0014_0004_0025_0025.jpg 1 14 4 25 25
0173_0005_0008_0029_0029.jpg 1 5 8 29 29
0174_0007_0016_0027_0027.jpg 1 7 16 27 27
0175_0021_0014_0025_0025.jpg 1 21 14 25 25
0176_0014_0013_0030_0030.jpg 1 14 13 30 30
0177_0011_0012_0030_0030.jpg 1 11 12 30 30
0178_0002_0003_0031_0031.jpg 1 2 3 31 31
0179_0005_0010_0028_0028.jpg 1 5 10 28 28
0180_0014_0005_0033_0033.jpg 1 14 5 33 33
0181_0016_0021_0025_0025.jpg 1 16 21 25 25
0182_0004_0004_0033_0033.jpg 1 4 4 33 33
0183_0020_0004_0025_0025.jpg 1 20 4 25 25
0184_0015_0009_0024_0024.jpg 1 15 9 24 24
0185_0006_0007_0029_0029.jpg 1 6 7 29 29
0186_0003_0006_0027_0027.jpg 1 3 6 27 27
0187_0019_0020_0027_0027.jpg 1 19 20 27 27
0188_0006_0009_0026_0026.jpg 1 6 9 26 26
0189_0004_0012_0034_0034.jpg 1 4 12 34 34
0190_0021_0020_0025_0025.jpg 1 21 20 25 25
0191_0002_0005_0031_0031.jpg 1 2 5 31 31
0192_0017_0008_0029_0029.jpg 1 17 8 29 29
0193_0012_0013_0033_0033.jpg 1 12 13 33 33
0194_0002_0016_0027_0027.jpg 1 2 16 27 27
0195_0002_0003_0032_0032.jpg 1 2 3 32 32
0196_0016_0015_0027_0027.jpg 1 16 15 27 27
0197_0016_0007_0025_0025.jpg 1 16 7 25 25
0198_0015_0014_0031_0031.jpg 1 15 14 31 31
0199_0022_0014_0025_0025.jpg 1 22 14 25 25
0200_0006_0016_0025_0025.jpg 1 6 16 25 25
0201_0016_0007_0030_0030.jpg 1 16 7 30 30
0202_0012_0019_0028_0028.jpg 1 12 19 28 28
0203_0009_0013_0024_0024.jpg 1 9 13 24 24
0204_0006_0013_0028_0028.jpg 1 6 13 28 28
0205_0020_0021_0024_0024.jpg 1 20 21 24 24
0206_0015_0017_0025_0025.jpg 1 15 17 25 25
0207_0017_0018_0024_0024.jpg 1 17 18 24 24
0208_0002_0006_0026_0026.jpg 1 2 6 26 26
0209_0012_0012_0032_0032.jpg 1 12 12 32 32
0210_0015_0007_0030_0030.jpg 1 15 7 30 30
0211_0006_0013_0029_0029.jpg 1 6 13 29 29
0212_0011_0007_0034_0034.jpg 1 11 7 34 34
0213_0011_0004_0033_0033.jpg 1 11 4 33 33
0214_0008_0015_0031_0031.jpg 1 8 15 31 31
0215_0007_0019_0026_0026.jpg 1 7 19 26 26
0216_0003_0018_0028_0028.jpg 1 3 18 28 28
0217_0013_0013_0026_0026.jpg 1 13 13 26 26
0218_0003_0009_0032_0032.jpg 1 3 9 32 32
0219_0006_0015_0030_0030.jpg 1 6 15 30 30
0220_0008_0014_0034_0034.jpg 1 8 14 34 34
0221_0009_0009_0030_0030.jpg 1 9 9 30 30
0222_0005_0004_0034_0034.jpg 1 5 4 34 34
0223_0002_0014_0026_0026.jpg 1 2 14 26 26
0224_0004_0013_0030_0030.jpg 1 4 13 30 30
0225_0012_0016_0028_0028.jpg 1 12 16 28 28
0226_0008_0003_0030_0030.jpg 1 8 3 30 30
0227_0014_0015_0027_0027.jpg 1 14 15 27 27
0228_0006_0011_0027_0027.jpg 1 6 11 27 27
0229_0011_0010_0033_0033.jpg 1 11 10 33 33
0230_0006_0007_0026_0026.jpg 1 6 7 26 26
0231_0002_0012_0034_0034.jpg 1 2 12 34 34
0232_0005_0021_0024_0024.jpg 1 5 21 24 24
0233_0015_0015_0031_0031.jpg 1 15 15 31 31
0234_0009_0005_0028_0028.jpg 1 9 5 28 28
0235_0019_0015_0025_0025.jpg 1 19 15 25 25
0236_0007_0014_0029_0029.jpg 1 7 14 29 29
0237_0010_0013_0034_0034.jpg 1 10 13 34 34
0238_0005_0006_0025_0025.jpg 1 5 6 25 25
0239_0009_0016_0028_0028.jpg 1 9 16 28 28
0240_0020_0003_0026_0026.jpg 1 20 3 26 26
0241_0006_0010_0030_0030.jpg 1 6 10 30 30
0242_0021_0007_0025_0025.jpg 1 21 7 25 25
0243_0015_0017_0029_0029.jpg 1 15 17 29 29
0244_0019_0016_0026_0026.jpg 1 19 16 26 26
0245_0013_0013_0033_0033.jpg 1 13 13 33 33
0246_0002_0006_0027_0027.jpg 1 2 6 27 27
0247_0003_0010_0031_0031.jpg 1 3 10 31 31
0248_0014_0013_0026_0026.jpg 1 14 13 26 26
0249_0003_0010_0027_0027.jpg 1 3 10 27 27
0250_0011_0003_0034_0034.jpg 1 11 3 34 34
0251_0012_0020_0026_0026.jpg 1 12 20 26 26
0252_0007_0010_0029_0029.jpg 1 7 10 29 29
0253_0014_0013_0026_0026.jpg 1 14 13 26 26
0254_0016_0012_0025_0025.jpg 1 16 12 25 25
0255_0013_0014_0030_0030.jpg 1 13 14 30 30
0256_0011_0005_0025_0025.jpg 1 11 5 25 25
0257_0011_0014_0027_0027.jpg 1 11 14 27 27
0258_0013_0009_0025_0025.jpg 1 13 9 25 25
0259_0007_0012_0029_0029.jpg 1 7 12 29 29
0260_0016_0013_0032_0032.jpg 1 16 13 32 32
0261_0022_0020_0024_0024.jpg 1 22 20 24 24
0262_0004_0006_0030_0030.jpg 1 4 6 30 30
0263_0012_0008_0031_0031.jpg 1 12 8 31 31
0264_0019_0021_0026_0026.jpg 1 19 21 26 26
0265_0005_0021_0025_0025.jpg 1 5 21 25 25
0266_0014_0014_0033_0033.jpg 1 14 14 33 33
0267_0001_0011_0034_0034.jpg 1 1 11 34 34
0268_0006_0016_0029_0029.jpg 1 6 16 29 29
0269_0018_0017_0026_0026.jpg 1 18 17 26 26
0270_0004_0013_0026_0026.jpg 1 4 13 26 26
0271_0005_0005_0032_0032.jpg 1 5 5 32 32
0272_0011_0010_0029_0029.jpg 1 11 10 29 29
0273_0010_0010_0033_0033.jpg 1 10 10 33 33
0274_0021_0018_0026_0026.jpg 1 21 18 26 26
0275_0014_0007_0033_0033.jpg 1 14 7 33 33
0276_0012_0014_0031_0031.jpg 1 12 14 31 31
0277_0007_0012_0034_0034.jpg 1 7 12 34 34
0278_0006_0004_0032_0032.jpg 1 6 4 32 32
0279_0004_0015_0024_0024.jpg 1 4 15 24 24
0280_0015_0006_0032_0032.jpg 1 15 6 32 32
0281_0006_0012_0032_0032.jpg 1 6 12 32 32
0282_0016_0002_0031_0031.jpg 1 16 2 31 31
0283_0017_0017_0028_0028.jpg 1 17 17 28 28
0284_0003_0005_0029_0029.jpg 1 3 5 29 29
0285_0002_0003_0027_0027.jpg 1 2 3 27 27
0286_0018_0007_0029_0029.jpg 1 18 7 29 29
0287_0005_0009_0034_0034.jpg 1 5 9 34 34
0288_0008_0006_0025_0025.jpg 1 8 6 25 25
0289_0005_0006_0032_0032.jpg 1 5 6 32 32
0290_0013_0010_0034_0034.jpg 1 13 10 34 34
0291_0009_0006_0024_0024.jpg 1 9 6 24 24
0292_0016_0010_0031_0031.jpg 1 16 10 31 31
0293_0015_0004_0032_0032.jpg 1 15 4 32 32
0294_0014_0022_0025_0025.jpg 1 14 22 25 25
0295_0004_0008_0026_0026.jpg 1 4 8 26 26
0296_0007_0011_0031_0031.jpg 1 7 11 31 31
0297_0017_0019_0028_0028.jpg 1 17 19 28 28
0298_0015_0019_0026_0026.jpg 1 15 19 26 26
0299_0022_0009_0024_0024.jpg 1 22 9 24 24
0300_0019_0022_0025_0025.jpg 1 19 22 25 25
0301_0005_0005_0024_0024.jpg 1 5 5 24 24
0302_0004_0003_0033_0033.jpg 1 4 3 33 33
0303_0004_0014_0033_0033.jpg 1 4 14 33 33
0304_0013_0012_0032_0032.jpg 1 13 12 32 32
0305_0013_0013_0030_0030.jpg 1 13 13 30 30
0306_0011_0018_0024_0024.jpg 1 11 18 24 24
0307_0011_0012_0034_0034.jpg 1 11 12 34 34
0308_0005_0018_0029_0029.jpg 1 5 18 29 29
0309_0017_0002_0030_0030.jpg 1 17 2 30 30
0310_0007_0003_0027_0027.jpg 1 7 3 27 27
0311_0009_0016_0024_0024.jpg 1 9 16 24 24
0312_0007_0008_0032_0032.jpg 1 7 8 32 32
0313_0020_0015_0026_0026.jpg 1 20 15 26 26
0314_0011_0011_0028_0028.jpg 1 11 11 28 28
0315_0004_0008_0032_0032.jpg 1 4 8 32 32
0316_0010_0004_0033_0033.jpg 1 10 4 33 33
0317_0014_0003_0025_0025.jpg 1 14 3 25 25
0318_0018_0014_0029_0029.jpg 1 18 14 29 29
0319_0017_0015_0026_0026.jpg 1 17 15 26 26
0320_0002_0009_0033_0033.jpg 1 2 9 33 33
0321_0011_0004_0031_0031.jpg 1 11 4 31 31
0322_0016_0009_0031_0031.jpg 1 16 9 31 31
0323_0018_0016_0026_0026.jpg 1 18 16 26 26
0324_0019_0003_0027_0027.jpg 1 19 3 27 27
0325_0006_0005_0030_0030.jpg 1 6 5 30 30
0326_0002_0014_0031_0031.jpg 1 2 14 31 31
0327_0017_0004_0026_0026.jpg 1 17 4 26 26
0328_0010_0011_0026_0026.jpg 1 10 11 26 26
0329_0009_0009_0030_0030.jpg 1 9 9 30 30
0330_0003_0005_0034_0034.jpg 1 3 5 34 34
0331_0004_0017_0028_0028.jpg 1 4 17 28 28
0332_0017_0009_0027_0027.jpg 1 17 9 27 27
0333_0009_0011_0031_0031.jpg 1 9 11 31 31
0334_0012_0017_0026_0026.jpg 1 12 17 26 26
0335_0011_0006_0033_0033.jpg 1 11 6 33 33
0336_0011_0008_0028_0028.jpg 1 11 8 28 28
0337_0009_0007_0034_0034.jpg 1 9 7 34 34
0338_0014_0019_0028_0028.jpg 1 14 19 28 28
0339_0014_0012_0024_0024.jpg 1 14 12 24 24
0340_0017_0011_0028_0028.jpg 1 17 11 28 28
0341_0017_0009_0031_0031.jpg 1 17 9 31 31
0342_0003_0017_0029_0029.jpg 1 3 17 29 29
0343_0013_0008_0026_0026.jpg 1 13 8 26 26
0344_0002_0008_0034_0034.jpg 1 2 8 34 34
0345_0008_0015_0024_0024.jpg 1 8 15 24 24
0346_0016_0004_0025_0025.jpg 1 16 4 25 25
0347_0007_0016_0029_0029.jpg 1 7 16 29 29
0348_0009_0006_0031_0031.jpg 1 9 6 31 31
0349_0009_0002_0029_0029.jpg 1 9 2 29 29
0350_0007_0007_0032_0032.jpg 1 7 7 32 32
0351_0002_0003_0034_0034.jpg 1 2 3 34 34
0352_0007_0002_0033_0033.jpg 1 7 2 33 33
0353_0013_0013_0031_0031.jpg 1 13 13 31 31
0354_0014_0018_0028_0028.jpg 1 14 18 28 28
0355_0014_0014_0033_0033.jpg 1 14 14 33 33
0356_0017_0004_0029_0029.jpg 1 17 4 29 29
0357_0007_0007_0032_0032.jpg 1 7 7 32 32
0358_0012_0002_0024_0024.jpg 1 12 2 24 24
0359_0005_0017_0024_0024.jpg 1 5 17 24 24
0360_0014_0002_0030_0030.jpg 1 14 2 30 30
0361_0004_0017_0030_0030.jpg 1 4 17 30 30
0362_0007_0006_0025_0025.jpg 1 7 6 25 25
0363_0003_0006_0026_0026.jpg 1 3 6 26 26
0364_0019_0014_0025_0025.jpg 1 19 14 25 25
0365_0011_0009_0030_0030.jpg 1 11 9 30 30
0366_0003_0005_0033_0033.jpg 1 3 5 33 33
0367_0015_0008_0032_0032.jpg 1 15 8 32 32
0368_0006_0019_0027_0027.jpg 1 6 19 27 27
0369_0010_0012_0034_0034.jpg 1 10 12 34 34
0370_0016_0002_0025_0025.jpg 1 16 2 25 25
0371_0005_0002_0033_0033.jpg 1 5 2 33 33
0372_0012_0013_0028_0028.jpg 1 12 13 28 28
0373_0019_0021_0026_0026.jpg 1 19 21 26 26
0374_0013_0004_0034_0034.jpg 1 13 4 34 34
0375_0021_0006_0026_0026.jpg 1 21 6 26 26
0376_0011_0010_0033_0033.jpg 1 11 10 33 33
0377_0017_0011_0027_0027.jpg 1 17 11 27 27
0378_0009_0008_0032_0032.jpg 1 9 8 32 32
0379_0007_0004_0026_0026.jpg 1 7 4 26 26
0380_0007_0010_0034_0034.jpg 1 7 10 34 34
0381_0013_0010_0033_0033.jpg 1 13 10 33 33
0382_0007_0009_0024_0024.jpg 1 7 9 24 24
0383_0003_0002_0026_0026.jpg 1 3 2 26 26
0384_0018_0004_0029_0029.jpg 1 18 4 29 29
0385_0007_0011_0033_0033.jpg 1 7 11 33 33
0386_0010_0018_0025_0025.jpg 1 10 18 25 25
0387_0012_0008_0030_0030.jpg 1 12 8 30 30
0388_0010_0003_0027_0027.jpg 1 10 3 27 27
0389_0009_0008_0029_0029.jpg 1 9 8 29 29
0390_0010_0020_0025_0025.jpg 1 10 20 25 25
0391_0015_0007_0031_0031.jpg 1 15 7 31 31
0392_0014_0014_0030_0030.jpg 1 14 14 30 30
0393_0012_0005_0025_0025.jpg 1 12 5 25 25
0394_0006_0006_0033_0033.jpg 1 6 6 33 33
0395_0006_0016_0027_0027.jpg 1 6 16 27 27
0396_0009_0012_0028_0028.jpg 1 9 12 28 28
0397_0014_0016_0031_0031.jpg 1 14 16 31 31
0398_0020_0006_0025_0025.jpg 1 20 6 25 25
0399_0017_0021_0026_0026.jpg 1 17 21 26 26
0400_0009_0008_0032_0032.jpg 1 9 8 32 32
0401_0013_0007_0029_0029.jpg 1 13 7 29 29
0402_0015_0011_0029_0029.jpg 1 15 11 29 29
0403_0013_0012_0026_0026.jpg 1 13 12 26 26
0404_0011_0012_0031_0031.jpg 1 11 12 31 31
0405_0002_0015_0030_0030.jpg 1 2 15 30 30
0406_0007_0006_0031_0031.jpg 1 7 6 31 31
0407_0007_0007_0028_0028.jpg 1 7 7 28 28
0408_0013_0010_0034_0034.jpg 1 13 10 34 34
0409_0011_0007_0034_0034.jpg 1 11 7 34 34
0410_0014_0010_0027_0027.jpg 1 14 10 27 27
0411_0015_0018_0027_0027.jpg 1 15 18 27 27
0412_0019_0007_0026_0026.jpg 1 19 7 26 26
0413_0006_0007_0032_0032.jpg 1 6 7 32 32
0414_0010_0010_0031_0031.jpg 1 10 10 31 31
0415_0016_0014_0027_0027.jpg 1 16 14 27 27
0416_0007_0003_0026_0026.jpg 1 7 3 26 26
0417_0003_0011_0030_0030.jpg 1 3 11 30 30
0418_0003_0007_0033_0033.jpg 1 3 7 33 33
0419_0017_0007_0030_0030.jpg 1 17 7 30 30
0420_0005_0007_0032_0032.jpg 1 5 7 32 32
0421_0015_0008_0031_0031.jpg 1 15 8 31 31
0422_0010_0007_0025_0025.jpg 1 10 7 25 25
0423_0013_0006_0024_0024.jpg 1 13 6 24 24
0424_0005_0010_0026_0026.jpg 1 5 10 26 26
0425_0020_0003_0025_0025.jpg 1 20 3 25 25
0426_0017_0013_0029_0029.jpg 1 17 13 29 29
0427_0006_0007_0033_0033.jpg 1 6 7 33 33
0428_0002_0005_0031_0031.jpg 1 2 5 31 31
0429_0006_0015_0025_0025.jpg 1 6 15 25 25
0430_0004_0015_0029_0029.jpg 1 4 15 29 29
0431_0015_0017_0030_0030.jpg 1 15 17 30 30
0432_0008_0003_0034_0034.jpg 1 8 3 34 34
0433_0021_0013_0024_0024.jpg 1 21 13 24 24
0434_0017_0005_0028_0028.jpg 1 17 5 28 28
0435_0014_0016_0027_0027.jpg 1 14 16 27 27
0436_0017_0011_0025_0025.jpg 1 17 11 25 25
0437_0001_0009_0031_0031.jpg 1 1 9 31 31
0438_0009_0006_0028_0028.jpg 1 9 6 28 28
0439_0014_0011_0028_0028.jpg 1 14 11 28 28
0440_0019_0004_0027_0027.jpg 1 19 4 27 27
0441_0018_0006_0028_0028.jpg 1 18 6 28 28
0442_0004_0002_0031_0031.jpg 1 4 2 31 31
0443_0019_0010_0027_0027.jpg 1 19 10 27 27
0444_0008_0007_0034_0034.jpg 1 8 7 34 34
0445_0011_0010_0028_0028.jpg 1 11 10 28 28
0446_0009_0006_0033_0033.jpg 1 9 6 33 33
0447_0007_0013_0033_0033.jpg 1 7 13 33 33
0448_0010_0008_0033_0033.jpg 1 10 8 33 33
0449_0006_0003_0026_0026.jpg 1 6 3 26 26
0450_0003_0007_0032_0032.jpg 1 3 7 32 32
0451_0006_0017_0025_0025.jpg 1 6 17 25 25
0452_0013_0004_0033_0033.jpg 1 13 4 33 33
0453_0003_0009_0028_0028.jpg 1 3 9 28 28
0454_0011_0013_0028_0028.jpg 1 11 13 28 28
0455_0010_0014_0032_0032.jpg 1 10 14 32 32
0456_0003_0012_0028_0028.jpg 1 3 12 28 28
0457_0016_0007_0027_0027.jpg 1 16 7 27 27
0458_0006_0002_0031_0031.jpg 1 6 2 31 31
0459_0008_0019_0025_0025.jpg 1 8 19 25 25
0460_0006_0008_0033_0033.jpg 1 6 8 33 33
0461_0005_0003_0029_0029.jpg 1 5 3 29 29
0462_0016_0014_0026_0026.jpg 1 16 14 26 26
0463_0022_0014_0024_0024.jpg 1 22 14 24 24
0464_0011_0011_0032_0032.jpg 1 11 11 32 32
0465_0014_0010_0033_0033.jpg 1 14 10 33 33
0466_0005_0002_0033_0033.jpg 1 5 2 33 33
0467_0012_0019_0026_0026.jpg 1 12 19 26 26
0468_0016_0009_0024_0024.jpg 1 16 9 24 24
0469_0006_0009_0032_0032.jpg 1 6 9 32 32
0470_0016_0004_0025_0025.jpg 1 16 4 25 25
0471_0017_0006_0026_0026.jpg 1 17 6 26 26
0472_0003_0013_0032_0032.jpg 1 3 13 32 32
0473_0016_0018_0024_0024.jpg 1 16 18 24 24
0474_0007_0014_0031_0031.jpg 1 7 14 31 31
0475_0008_0006_0034_0034.jpg 1 8 6 34 34
0476_0007_0008_0024_0024.jpg 1 7 8 24 24
0477_0005_0005_0024_0024.jpg 1 5 5 24 24
0478_0011_0004_0025_0025.jpg 1 11 4 25 25
0479_0015_0016_0031_0031.jpg 1 15 16 31 31
0480_0003_0013_0026_0026.jpg 1 3 13 26 26
0481_0008_0014_0028_0028.jpg 1 8 14 28 28
0482_0010_0007_0030_0030.jpg 1 10 7 30 30
0483_0012_0009_0026_0026.jpg 1 12 9 26 26
0484_0020_0009_0027_0027.jpg 1 20 9 27 27
0485_0007_0018_0026_0026.jpg 1 7 18 26 26
0486_0017_0007_0029_0029.jpg 1 17 7 29 29
0487_0016_0014_0030_0030.jpg 1 16 14 30 30
0488_0006_0010_0031_0031.jpg 1 6 10 31 31
0489_0007_0006_0032_0032.jpg 1 7 6 32 32
0490_0015_0007_0031_0031.jpg 1 15 7 31 31
0491_0012_0016_0025_0025.jpg 1 12 16 25 25
0492_0007_0016_0025_0025.jpg 1 7 16 25 25
0493_0005_0014_0033_0033.jpg 1 5 14 33 33
0494_0007_0010_0030_0030.jpg 1 7 10 30 30
0495_0006_0005_0025_0025.jpg 1 6 5 25 25
0496_0002_0002_0033_0033.jpg 1 2 2 33 33
0497_0006_0003_0028_0028.jpg 1 6 3 28 28
0498_0006_0003_0024_0024.jpg 1 6 3 24 24
0499_0015_0007_0024_0024.jpg 1 15 7 24 24
0500_0007_0021_0024_0024.jpg 1 7 21 24 24
0501_0002_0019_0028_0028.jpg 1 2 19 28 28
0502_0015_0011_0026_0026.jpg 1 15 11 26 26
0503_0005_0012_0033_0033.jpg 1 5 12 33 33
0504_0005_0010_0025_0025.jpg 1 5 10 25 25
0505_0011_0013_0029_0029.jpg 1 11 13 29 29
0506_0005_0006_0030_0030.jpg 1 5 6 30 30
0507_0014_0005_0024_0024.jpg 1 14 5 24 24
0508_0013_0009_0030_0030.jpg 1 13 9 30 30
0509_0007_0010_0025_0025.jpg 1 7 10 25 25
0510_0007_0010_0026_0026.jpg 1 7 10 26 26
0511_0007_0013_0034_0034.jpg 1 7 13 34 34
0512_0019_0014_0025_0025.jpg 1 19 14 25 25
0513_0013_0011_0032_0032.jpg 1 13 11 32 32
0514_0005_0005_0031_0031.jpg 1 5 5 31 31
0515_0015_0004_0031_0031.jpg 1 15 4 31 31
0516_0005_0004_0027_0027.jpg 1 5 4 27 27
0517_0016_0005_0030_0030.jpg 1 16 5 30 30
0518_0020_0004_0024_0024.jpg 1 20 4 24 24
0519_0008_0010_0030_0030.jpg 1 8 10 30 30
0520_0009_0008_0032_0032.jpg 1 9 8 32 32
0521_0015_0005_0027_0027.jpg 1 15 5 27 27
0522_0016_0019_0027_0027.jpg 1 16 19 27 27
0523_0006_0021_0026_0026.jpg 1 6 21 26 26
0524_0005_0019_0026_0026.jpg 1 5 19 26 26
0525_0002_0007_0030_0030.jpg 1 2 7 30 30
0526_0009_0004_0024_0024.jpg 1 9 4 24 24
0527_0004_0014_0032_0032.jpg 1 4 14 32 32
0528_0003_0010_0024_0024.jpg 1 3 10 24 24
0529_0009_0003_0025_0025.jpg 1 9 3 25 25
0530_0016_0002_0031_0031.jpg 1 16 2 31 31
0531_0003_0001_0031_0031.jpg 1 3 1 31 31
0532_0012_0010_0027_0027.jpg 1 12 10 27 27
0533_0016_0011_0026_0026.jpg 1 16 11 26 26
0534_0013_0002_0033_0033.jpg 1 13 2 33 33
0535_0014_0009_0030_0030.jpg 1 14 9 30 30
0536_0007_0002_0029_0029.jpg 1 7 2 29 29
0537_0012_0013_0028_0028.jpg 1 12 13 28 28
0538_0006_0010_0032_0032.jpg 1 6 10 32 32
0539_0010_0014_0030_0030.jpg 1 10 14 30 30
0540_0010_0014_0030_0030.jpg 1 10 14 30 30
0541_0002_0014_0030_0030.jpg 1 2 14 30 30
0542_0018_0018_0029_0029.jpg 1 18 18 29 29
0543_0009_0006_0024_0024.jpg 1 9 6 24 24
0544_0016_0008_0029_0029.jpg 1 16 8 29 29
0545_0002_0009_0029_0029.jpg 1 2 9 29 29
0546_0011_0010_0027_0027.jpg 1 11 10 27 27
0547_0013_0008_0033_0033.jpg 1 13 8 33 33
0548_0005_0012_0027_0027.jpg 1 5 12 27 27
0549_0007_0008_0031_0031.jpg 1 7 8 31 31
0550_0012_0008_0034_0034.jpg 1 12 8 34 34
0551_0011_0006_0028_0028.jpg 1 11 6 28 28
0552_0013_0018_0026_0026.jpg 1 13 18 26 26
0553_0004_0006_0034_0034.jpg 1 4 6 34 34
0554_0018_0012_0027_0027.jpg 1 18 12 27 27
0555_0009_0016_0028_0028.jpg 1 9 16 28 28
0556_0003_0014_0032_0032.jpg 1 3 14 32 32
0557_0006_0006_0030_0030.jpg 1 6 6 30 30
0558_0005_0014_0033_0033.jpg 1 5 14 33 33
0559_0003_0014_0033_0033.jpg 1 3 14 33 33
0560_0007_0018_0029_0029.jpg 1 7 18 29 29
0561_0004_0009_0034_0034.jpg 1 4 9 34 34
0562_0005_0021_0025_0025.jpg 1 5 21 25 25
0563_0010_0007_0033_0033.jpg 1 10 7 33 33
0564_0012_0021_0025_0025.jpg 1 12 21 25 25
0565_0010_0002_0034_0034.jpg 1 10 2 34 34
0566_0007_0008_0027_0027.jpg 1 7 8 27 27
0567_0006_0004_0028_0028.jpg 1 6 4 28 28
0568_0020_0006_0024_0024.jpg 1 20 6 24 24
0569_0016_0009_0024_0024.jpg 1 16 9 24 24
0570_0015_0011_0032_0032.jpg 1 15 11 32 32
0571_0008_0011_0033_0033.jpg 1 8 11 33 33
0572_0008_0008_0032_0032.jpg 1 8 8 32 32
0573_0010_0005_0033_0033.jpg 1 10 5 33 33
0574_0014_0012_0034_0034.jpg 1 14 12 34 34
0575_0009_0003_0033_0033.jpg 1 9 3 33 33
0576_0009_0004_0033_0033.jpg 1 9 4 33 33
0577_0003_0017_0029_0029.jpg 1 3 17 29 29
0578_0004_0010_0027_0027.jpg 1 4 10 27 27
0579_0015_0016_0024_0024.jpg 1 15 16 24 24
0580_0016_0012_0031_0031.jpg 1 16 12 31 31
0581_0012_0003_0033_0033.jpg 1 12 3 33 33
0582_0007_0009_0025_0025.jpg 1 7 9 25 25
0583_0018_0009_0027_0027.jpg 1 18 9 27 27
0584_0014_0003_0031_0031.jpg 1 14 3 31 31
0585_0010_0017_0030_0030.jpg 1 10 17 30 30
0586_0020_0008_0026_0026.jpg 1 20 8 26 26
0587_0018_0016_0027_0027.jpg 1 18 16 27 27
0588_0007_0004_0026_0026.jpg 1 7 4 26 26
0589_0002_0016_0031_0031.jpg 1 2 16 31 31
0590_0011_0003_0026_0026.jpg 1 11 3 26 26
0591_0013_0014_0034_0034.jpg 1 13 14 34 34
0592_0007_0015_0025_0025.jpg 1 7 15 25 25
0593_0016_0023_0024_0024.jpg 1 16 23 24 24
0594_0005_0003_0024_0024.jpg 1 5 3 24 24
0595_0014_0008_0028_0028.jpg 1 14 8 28 28
0596_0005_0004_0029_0029.jpg 1 5 4 29 29
0597_0006_0010_0029_0029.jpg 1 6 10 29 29
0598_0009_0016_0030_0030.jpg 1 9 16 30 30
0599_0011_0019_0026_0026.jpg 1 11 19 26 26
0600_0010_0014_0024_0024.jpg 1 10 14 24 24
0601_0006_0014_0026_0026.jpg 1 6 14 26 26
0602_0012_0009_0032_0032.jpg 1 12 9 32 32
0603_0015_0011_0029_0029.jpg 1 15 11 29 29
0604_0007_0007_0032_0032.jpg 1 7 7 32 32
0605_0014_0020_0025_0025.jpg 1 14 20 25 25
0606_0004_0008_0034_0034.jpg 1 4 8 34 34
0607_0003_0010_0031_0031.jpg 1 3 10 31 31
0608_0004_0003_0027_0027.jpg 1 4 3 27 27
0609_0018_0011_0029_0029.jpg 1 18 11 29 29
0610_0009_0004_0034_0034.jpg 1 9 4 34 34
0611_0002_0013_0033_0033.jpg 1 2 13 33 33
0612_0011_0017_0029_0029.jpg 1 11 17 29 29
0613_0013_0009_0034_0034.jpg 1 13 9 34 34
0614_0020_0007_0027_0027.jpg 1 20 7 27 27
0615_0005_0007_0025_0025.jpg 1 5 7 25 25
0616_0010_0003_0030_0030.jpg 1 10 3 30 30
0617_0018_0014_0029_0029.jpg 1 18 14 29 29
0618_0002_0013_0024_0024.jpg 1 2 13 24 24
0619_0021_0021_0025_0025.jpg 1 21 21 25 25
0620_0012_0011_0028_0028.jpg 1 12 11 28 28
0621_0015_0008_0030_0030.jpg 1 15 8 30 30
0622_0014_0006_0025_0025.jpg 1 14 6 25 25
0623_0008_0014_0028_0028.jpg 1 8 14 28 28
0624_0006_0009_0032_0032.jpg 1 6 9 32 32
0625_0004_0006_0032_0032.jpg 1 4 6 32 32
0626_0006_0009_0030_0030.jpg 1 6 9 30 30
0627_0020_0016_0027_0027.jpg 1 20 16 27 27
0628_0011_0006_0027_0027.jpg 1 11 6 27 27
0629_0006_0002_0028_0028.jpg 1 6 2 28 28
0630_0007_0012_0030_0030.jpg 1 7 12 30 30
0631_0010_0005_0033_0033.jpg 1 10 5 33 33
0632_0008_0012_0032_0032.jpg 1 8 12 32 32
0633_0009_0013_0032_0032.jpg 1 9 13 32 32
0634_0014_0012_0027_0027.jpg 1 14 12 27 27
0635_0007_0012_0033_0033.jpg 1 7 12 33 33
0636_0020_0012_0024_0024.jpg 1 20 12 24 24
0637_0015_0005_0031_0031.jpg 1 15 5 31 31
0638_0010_0012_0029_0029.jpg 1 10 12 29 29
0639_0015_0015_0027_0027.jpg 1 15 15 27 27
0640_0011_0004_0033_0033.jpg 1 11 4 33 33
0641_0018_0014_0026_0026.jpg 1 18 14 26 26
0642_0003_0015_0025_0025.jpg 1 3 15 25 25
0643_0019_0005_0026_0026.jpg 1 19 5 26 26
0644_0002_0012_0032_0032.jpg 1 2 12 32 32
0645_0010_0014_0027_0027.jpg 1 10 14 27 27
0646_0012_0009_0032_0032.jpg 1 12 9 32 32
0647_0012_0012_0032_0032.jpg 1 12 12 32 32
0648_0002_0004_0029_0029.jpg 1 2 4 29 29
0649_0014_0009_0032_0032.jpg 1 14 9 32 32
0650_0004_0003_0034_0034.jpg 1 4 3 34 34
0651_0013_0015_0030_0030.jpg 1 13 15 30 30
0652_0006_0006_0026_0026.jpg 1 6 6 26 26
0653_0004_0015_0031_0031.jpg 1 4 15 31 31
0654_0017_0016_0028_0028.jpg 1 17 16 28 28
0655_0003_0004_0034_0034.jpg 1 3 4 34 34
0656_0016_0011_0028_0028.jpg 1 16 11 28 28
0657_0009_0014_0024_0024.jpg 1 9 14 24 24
0658_0011_0002_0027_0027.jpg 1 11 2 27 27
0659_0011_0013_0034_0034.jpg 1 11 13 34 34
0660_0008_0004_0027_0027.jpg 1 8 4 27 27
0661_0010_0007_0031_0031.jpg 1 10 7 31 31
0662_0004_0010_0031_0031.jpg 1 4 10 31 31
0663_0010_0013_0033_0033.jpg 1 10 13 33 33
0664_0006_0008_0031_0031.jpg 1 6 8 31 31
0665_0017_0013_0026_0026.jpg 1 17 13 26 26
0666_0006_0012_0024_0024.jpg 1 6 12 24 24
0667_0006_0003_0027_0027.jpg 1 6 3 27 27
0668_0003_0008_0028_0028.jpg 1 3 8 28 28
0669_0013_0002_0033_0033.jpg 1 13 2 33 33
0670_0005_0010_0026_0026.jpg 1 5 10 26 26
0671_0008_0007_0031_0031.jpg 1 8 7 31 31
0672_0015_0003_0031_0031.jpg 1 15 3 31 31
0673_0009_0006_0029_0029.jpg 1 9 6 29 29
0674_0005_0008_0026_0026.jpg 1 5 8 26 26
0675_0002_0007_0034_0034.jpg 1 2 7 34 34
0676_0005_0013_0034_0034.jpg 1 5 13 34 34
0677_0011_0015_0031_0031.jpg 1 11 15 31 31
0678_0006_0019_0027_0027.jpg 1 6 19 27 27
0679_0006_0003_0029_0029.jpg 1 6 3 29 29
0680_0006_0011_0028_0028.jpg 1 6 11 28 28
0681_0008_0007_0034_0034.jpg 1 8 7 34 34
0682_0004_0010_0027_0027.jpg 1 4 10 27 27
0683_0010_0013_0034_0034.jpg 1 10 13 34 34
0684_0004_0006_0030_0030.jpg 1 4 6 30 30
0685_0019_0002_0028_0028.jpg 1 19 2 28 28
0686_0002_0005_0030_0030.jpg 1 2 5 30 30
0687_0010_0012_0026_0026.jpg 1 10 12 26 26
0688_0013_0010_0032_0032.jpg 1 13 10 32 32
0689_0014_0006_0027_0027.jpg 1 14 6 27 27
0690_0017_0014_0025_0025.jpg 1 17 14 25 25
0691_0014_0006_0032_0032.jpg 1 14 6 32 32
0692_0010_0007_0024_0024.jpg 1 10 7 24 24
0693_0007_0010_0029_0029.jpg 1 7 10 29 29
0694_0005_0016_0031_0031.jpg 1 5 16 31 31
0695_0005_0017_0028_0028.jpg 1 5 17 28 28
0696_0011_0012_0027_0027.jpg 1 11 12 27 27
0697_0020_0013_0024_0024.jpg 1 20 13 24 24
0698_0007_0007_0031_0031.jpg 1 7 7 31 31
0699_0006_0009_0031_0031.jpg 1 6 9 31 31
0700_0020_0010_0027_0027.jpg 1 20 10 27 27
0701_0005_0011_0031_0031.jpg 1 5 11 31 31
0702_0003_0016_0030_0030.jpg 1 3 16 30 30
0703_0009_0006_0030_0030.jpg 1 9 6 30 30
0704_0004_0002_0034_0034.jpg 1 4 2 34 34
0705_0014_0009_0026_0026.jpg 1 14 9 26 26
0706_0003_0003_0029_0029.jpg 1 3 3 29 29
0707_0014_0018_0028_0028.jpg 1 14 18 28 28
0708_0006_0016_0024_0024.jpg 1 6 16 24 24
0709_0012_0013_0029_0029.jpg 1 12 13 29 29
0710_0002_0001_0033_0033.jpg 1 2 1 33 33
0711_0002_0008_0032_0032.jpg 1 2 8 32 32
0712_0014_0004_0027_0027.jpg 1 14 4 27 27
0713_0010_0005_0033_0033.jpg 1 10 5 33 33
0714_0020_0009_0024_0024.jpg 1 20 9 24 24
0715_0017_0016_0028_0028.jpg 1 17 16 28 28
0716_0015_0005_0029_0029.jpg 1 15 5 29 29
0717_0016_0004_0027_0027.jpg 1 16 4 27 27
0718_0007_0014_0032_0032.jpg 1 7 14 32 32
0719_0014_0004_0034_0034.jpg 1 14 4 34 34
0720_0016_0005_0026_0026.jpg 1 16 5 26 26
0721_0006_0002_0032_0032.jpg 1 6 2 32 32
0722_0009_0015_0032_0032.jpg 1 9 15 32 32
0723_0011_0012_0026_0026.jpg 1 11 12 26 26
0724_0009_0013_0030_0030.jpg 1 9 13 30 30
0725_0007_0016_0029_0029.jpg 1 7 16 29 29
0726_0016_0017_0028_0028.jpg 1 16 17 28 28
0727_0017_0020_0025_0025.jpg 1 17 20 25 25
0728_0008_0010_0030_0030.jpg 1 8 10 30 30
0729_0010_0003_0030_0030.jpg 1 10 3 30 30
0730_0007_0009_0030_0030.jpg 1 7 9 30 30
0731_0014_0004_0032_0032.jpg 1 14 4 32 32
0732_0009_0008_0029_0029.jpg 1 9 8 29 29
0733_0017_0022_0024_0024.jpg 1 17 22 24 24
0734_0009_0002_0027_0027.jpg 1 9 2 27 27
0735_0014_0007_0030_0030.jpg 1 14 7 30 30
0736_0008_0007_0031_0031.jpg 1 8 7 31 31
0737_0003_0003_0034_0034.jpg 1 3 3 34 34
0738_0003_0007_0033_0033.jpg 1 3 7 33 33
0739_0010_0011_0034_0034.jpg 1 10 11 34 34
0740_0012_0003_0033_0033.jpg 1 12 3 33 33
0741_0014_0008_0026_0026.jpg 1 14 8 26 26
0742_0004_0014_0029_0029.jpg 1 4 14 29 29
0743_0012_0010_0027_0027.jpg 1 12 10 27 27
0744_0012_0004_0033_0033.jpg 1 12 4 33 33
0745_0009_0002_0031_0031.jpg 1 9 2 31 31
0746_0002_0007_0034_0034.jpg 1 2 7 34 34
0747_0012_0016_0028_0028.jpg 1 12 16 28 28
0748_0010_0010_0026_0026.jpg 1 10 10 26 26
0749_0018_0010_0026_0026.jpg 1 18 10 26 26
0750_0013_0004_0033_0033.jpg 1 13 4 33 33
0751_0013_0008_0032_0032.jpg 1 13 8 32 32
0752_0019_0017_0024_0024.jpg 1 19 17 24 24
0753_0007_0007_0026_0026.jpg 1 7 7 26 26
0754_0011_0005_0025_0025.jpg 1 11 5 25 25
0755_0008_0015_0027_0027.jpg 1 8 15 27 27
0756_0012_0011_0029_0029.jpg 1 12 11 29 29
0757_0007_0019_0026_0026.jpg 1 7 19 26 26
0758_0016_0002_0028_0028.jpg 1 16 2 28 28
0759_0018_0018_0024_0024.jpg 1 18 18 24 24
0760_0005_0003_0032_0032.jpg 1 5 3 32 32
0761_0018_0002_0029_0029.jpg 1 18 2 29 29
0762_0014_0013_0024_0024.jpg 1 14 13 24 24
0763_0009_0008_0029_0029.jpg 1 9 8 29 29
0764_0010_0018_0027_0027.jpg 1 10 18 27 27
0765_0002_0018_0024_0024.jpg 1 2 18 24 24
0766_0008_0003_0034_0034.jpg 1 8 3 34 34
0767_0017_0007_0026_0026.jpg 1 17 7 26 26
0768_0012_0004_0031_0031.jpg 1 12 4 31 31
0769_0009_0020_0025_0025.jpg 1 9 20 25 25
0770_0007_0010_0034_0034.jpg 1 7 10 34 34
0771_0003_0016_0025_0025.jpg 1 3 16 25 25
0772_0006_0014_0032_0032.jpg 1 6 14 32 32
0773_0019_0014_0024_0024.jpg 1 19 14 24 24
0774_0011_0008_0032_0032.jpg 1 11 8 32 32
0775_0007_0017_0026_0026.jpg 1 7 17 26 26
0776_0003_0007_0025_0025.jpg 1 3 7 25 25
0777_0015_0010_0027_0027.jpg 1 15 10 27 27
0778_0002_0006_0029_0029.jpg 1 2 6 29 29
0779_0020_0016_0025_0025.jpg 1 20 16 25 25
0780_0011_0007_0034_0034.jpg 1 11 7 34 34
0781_0018_0022_0024_0024.jpg 1 18 22 24 24
0782_0002_0006_0033_0033.jpg 1 2 6 33 33
0783_0007_0004_0030_0030.jpg 1 7 4 30 30
0784_0002_0013_0028_0028.jpg 1 2 13 28 28
0785_0002_0014_0030_0030.jpg 1 2 14 30 30
0786_0016_0003_0030_0030.jpg 1 16 3 30 30
0787_0016_0003_0029_0029.jpg 1 16 3 29 29
0788_0010_0008_0032_0032.jpg 1 10 8 32 32
0789_0010_0010_0031_0031.jpg 1 10 10 31 31
0790_0005_0018_0029_0029.jpg 1 5 18 29 29
0791_0020_0015_0026_0026.jpg 1 20 15 26 26
0792_0001_0014_0033_0033.jpg 1 1 14 33 33
0793_0005_0007_0024_0024.jpg 1 5 7 24 24
0794_0009_0016_0030_0030.jpg 1 9 16 30 30
0795_0009_0012_0032_0032.jpg 1 9 12 32 32
0796_0008_0002_0030_0030.jpg 1 8 2 30 30
0797_0012_0010_0031_0031.jpg 1 12 10 31 31
0798_0007_0008_0031_0031.jpg 1 7 8 31 31
0799_0015_0016_0031_0031.jpg 1 15 16 31 31
0800_0006_0006_0034_0034.jpg 1 6 6 34 34
0801_0012_0005_0024_0024.jpg 1 12 5 24 24
0802_0005_0021_0025_0025.jpg 1 5 21 25 25
0803_0008_0003_0031_0031.jpg 1 8 3 31 31
0804_0008_0010_0031_0031.jpg 1 8 10 31 31
0805_0007_0006_0024_0024.jpg 1 7 6 24 24
0806_0015_0010_0032_0032.jpg 1 15 10 32 32
0807_0005_0015_0032_0032.jpg 1 5 15 32 32
0808_0012_0012_0034_0034.jpg 1 12 12 34 34
0809_0006_0005_0025_0025.jpg 1 6 5 25 25
0810_0012_0009_0031_0031.jpg 1 12 9 31 31
0811_0015_0013_0032_0032.jpg 1 15 13 32 32
0812_0019_0004_0026_0026.jpg 1 19 4 26 26
0813_0012_0007_0025_0025.jpg 1 12 7 25 25
0814_0012_0004_0032_0032.jpg 1 12 4 32 32
0815_0018_0008_0029_0029.jpg 1 18 8 29 29
0816_0011_0008_0031_0031.jpg 1 11 8 31 31
0817_0016_0017_0030_0030.jpg 1 16 17 30 30
0818_0004_0004_0033_0033.jpg 1 4 4 33 33
0819_0013_0012_0027_0027.jpg 1 13 12 27 27
0820_0006_0012_0031_0031.jpg 1 6 12 31 31
0821_0006_0019_0025_0025.jpg 1 6 19 25 25
0822_0017_0014_0028_0028.jpg 1 17 14 28 28
0823_0007_0015_0024_0024.jpg 1 7 15 24 24
0824_0007_0006_0027_0027.jpg 1 7 6 27 27
0825_0003_0007_0028_0028.jpg 1 3 7 28 28
0826_0017_0005_0027_0027.jpg 1 17 5 27 27
0827_0003_0016_0030_0030.jpg 1 3 16 30 30
