0001_0005_0013_0032_0032.jpg 1 5 13 32 32
0002_0002_0009_0031_0031.jpg 1 2 9 31 31
0003_0012_0011_0030_0030.jpg 1 12 11 30 30
0004_0009_0014_0024_0024.jpg 1 9 14 24 24
0005_0001_0003_0033_0033.jpg 1 1 3 33 33
0006_0006_0016_0025_0025.jpg 1 6 16 25 25
0007_0005_0008_0034_0034.jpg 1 5 8 34 34
0008_0018_0010_0028_0028.jpg 1 18 10 28 28
0009_0011_0008_0026_0026.jpg 1 11 8 26 26
0010_0016_0007_0031_0031.jpg 1 16 7 31 31
0011_0007_0012_0024_0024.jpg 1 7 12 24 24
0012_0017_0007_0029_0029.jpg 1 17 7 29 29
0013_0004_0005_0031_0031.jpg 1 4 5 31 31
0014_0005_0005_0025_0025.jpg 1 5 5 25 25
0015_0003_0010_0025_0025.jpg 1 3 10 25 25
0016_0016_0007_0027_0027.jpg 1 16 7 27 27
0017_0014_0010_0032_0032.jpg 1 14 10 32 32
0018_0007_0009_0026_0026.jpg 1 7 9 26 26
0019_0017_0003_0026_0026.jpg 1 17 3 26 26
0020_0010_0011_0029_0029.jpg 1 10 11 29 29
0021_0011_0013_0025_0025.jpg 1 11 13 25 25
0022_0014_0004_0027_0027.jpg 1 14 4 27 27
0023_0007_0011_0029_0029.jpg 1 7 11 29 29
0024_0013_0006_0033_0033.jpg 1 13 6 33 33
0025_0019_0020_0025_0025.jpg 1 19 20 25 25
0026_0022_0010_0025_0025.jpg 1 22 10 25 25
0027_0008_0016_0031_0031.jpg 1 8 16 31 31
0028_0013_0004_0033_0033.jpg 1 13 4 33 33
0029_0007_0008_0033_0033.jpg 1 7 8 33 33
0030_0003_0007_0029_0029.jpg 1 3 7 29 29
0031_0011_0015_0028_0028.jpg 1 11 15 28 28
0032_0014_0012_0029_0029.jpg 1 14 12 29 29
0033_0008_0011_0030_0030.jpg 1 8 11 30 30
0034_0009_0015_0032_0032.jpg 1 9 15 32 32
0035_0002_0004_0031_0031.jpg 1 2 4 31 31
0036_0004_0015_0030_0030.jpg 1 4 15 30 30
0037_0003_0009_0024_0024.jpg 1 3 9 24 24
0038_0010_0010_0028_0028.jpg 1 10 10 28 28
0039_0012_0011_0034_0034.jpg 1 12 11 34 34
0040_0009_0016_0031_0031.jpg 1 9 16 31 31
0041_0014_0002_0031_0031.jpg 1 14 2 31 31
0042_0020_0011_0024_0024.jpg 1 20 11 24 24
0043_0004_0004_0027_0027.jpg 1 4 4 27 27
0044_0002_0017_0029_0029.jpg 1 2 17 29 29
0045_0014_0010_0024_0024.jpg 1 14 10 24 24
0046_0015_0017_0025_0025.jpg 1 15 17 25 25
0047_0008_0004_0031_0031.jpg 1 8 4 31 31
0048_0017_0003_0026_0026.jpg 1 17 3 26 26
0049_0011_0014_0034_0034.jpg 1 11 14 34 34
0050_0008_0002_0029_0029.jpg 1 8 2 29 29
0051_0006_0006_0029_0029.jpg 1 6 6 29 29
0052_0003_0018_0024_0024.jpg 1 3 18 24 24
0053_0010_0013_0034_0034.jpg 1 10 13 34 34
0054_0015_0008_0033_0033.jpg 1 15 8 33 33
0055_0008_0008_0034_0034.jpg 1 8 8 34 34
0056_0009_0008_0028_0028.jpg 1 9 8 28 28
0057_0006_0009_0031_0031.jpg 1 6 9 31 31
0058_0016_0010_0029_0029.jpg 1 16 10 29 29
0059_0017_0015_0025_0025.jpg 1 17 15 25 25
0060_0004_0018_0026_0026.jpg 1 4 18 26 26
0061_0021_0016_0024_0024.jpg 1 21 16 24 24
0062_0006_0020_0025_0025.jpg 1 6 20 25 25
0063_0006_0004_0027_0027.jpg 1 6 4 27 27
0064_0017_0007_0029_0029.jpg 1 17 7 29 29
0065_0012_0004_0029_0029.jpg 1 12 4 29 29
0066_0004_0018_0029_0029.jpg 1 4 18 29 29
0067_0007_0004_0027_0027.jpg 1 7 4 27 27
0068_0013_0011_0030_0030.jpg 1 13 11 30 30
0069_0009_0016_0028_0028.jpg 1 9 16 28 28
0070_0011_0021_0025_0025.jpg 1 11 21 25 25
0071_0003_0010_0033_0033.jpg 1 3 10 33 33
0072_0009_0010_0030_0030.jpg 1 9 10 30 30
0073_0018_0020_0026_0026.jpg 1 18 20 26 26
0074_0003_0011_0029_0029.jpg 1 3 11 29 29
0075_0010_0003_0031_0031.jpg 1 10 3 31 31
0076_0017_0015_0030_0030.jpg 1 17 15 30 30
0077_0013_0014_0031_0031.jpg 1 13 14 31 31
0078_0010_0011_0033_0033.jpg 1 10 11 33 33
0079_0017_0006_0030_0030.jpg 1 17 6 30 30
0080_0011_0004_0029_0029.jpg 1 11 4 29 29
0081_0005_0010_0033_0033.jpg 1 5 10 33 33
0082_0004_0013_0025_0025.jpg 1 4 13 25 25
0083_0010_0016_0031_0031.jpg 1 10 16 31 31
0084_0014_0015_0031_0031.jpg 1 14 15 31 31
0085_0019_0007_0028_0028.jpg 1 19 7 28 28
0086_0010_0005_0024_0024.jpg 1 10 5 24 24
0087_0004_0001_0034_0034.jpg 1 4 1 34 34
0088_0005_0012_0034_0034.jpg 1 5 12 34 34
0089_0011_0002_0034_0034.jpg 1 11 2 34 34
0090_0020_0008_0024_0024.jpg 1 20 8 24 24
0091_0020_0018_0027_0027.jpg 1 20 18 27 27
0092_0018_0013_0026_0026.jpg 1 18 13 26 26
0093_0014_0014_0032_0032.jpg 1 14 14 32 32
0094_0020_0016_0027_0027.jpg 1 20 16 27 27
0095_0003_0003_0032_0032.jpg 1 3 3 32 32
0096_0006_0015_0030_0030.jpg 1 6 15 30 30
0097_0019_0021_0024_0024.jpg 1 19 21 24 24
0098_0008_0012_0033_0033.jpg 1 8 12 33 33
0099_0002_0016_0028_0028.jpg 1 2 16 28 28
0100_0016_0021_0026_0026.jpg 1 16 21 26 26
0101_0016_0022_0024_0024.jpg 1 16 22 24 24
0102_0010_0009_0024_0024.jpg 1 10 9 24 24
0103_0015_0004_0030_0030.jpg 1 15 4 30 30
0104_0015_0007_0032_0032.jpg 1 15 7 32 32
0105_0009_0009_0029_0029.jpg 1 9 9 29 29
0106_0005_0006_0032_0032.jpg 1 5 6 32 32
0107_0008_0006_0027_0027.jpg 1 8 6 27 27
0108_0015_0002_0030_0030.jpg 1 15 2 30 30
0109_0006_0005_0034_0034.jpg 1 6 5 34 34
0110_0006_0010_0032_0032.jpg 1 6 10 32 32
0111_0015_0006_0031_0031.jpg 1 15 6 31 31
0112_0004_0010_0028_0028.jpg 1 4 10 28 28
0113_0020_0019_0025_0025.jpg 1 20 19 25 25
0114_0006_0002_0032_0032.jpg 1 6 2 32 32
0115_0006_0004_0032_0032.jpg 1 6 4 32 32
0116_0013_0008_0033_0033.jpg 1 13 8 33 33
0117_0013_0006_0027_0027.jpg 1 13 6 27 27
0118_0009_0005_0026_0026.jpg 1 9 5 26 26
0119_0010_0012_0028_0028.jpg 1 10 12 28 28
0120_0007_0011_0032_0032.jpg 1 7 11 32 32
0121_0003_0014_0033_0033.jpg 1 3 14 33 33
0122_0019_0015_0027_0027.jpg 1 19 15 27 27
0123_0012_0013_0028_0028.jpg 1 12 13 28 28
0124_0009_0010_0034_0034.jpg 1 9 10 34 34
0125_0004_0002_0031_0031.jpg 1 4 2 31 31
0126_0018_0014_0028_0028.jpg 1 18 14 28 28
0127_0017_0005_0029_0029.jpg 1 17 5 29 29
0128_0014_0012_0026_0026.jpg 1 14 12 26 26
0129_0006_0004_0034_0034.jpg 1 6 4 34 34
0130_0013_0019_0024_0024.jpg 1 13 19 24 24
0131_0007_0006_0032_0032.jpg 1 7 6 32 32
0132_0012_0009_0024_0024.jpg 1 12 9 24 24
0133_0017_0009_0026_0026.jpg 1 17 9 26 26
0134_0005_0013_0034_0034.jpg 1 5 13 34 34
0135_0010_0014_0030_0030.jpg 1 10 14 30 30
0136_0001_0011_0033_0033.jpg 1 1 11 33 33
0137_0006_0010_0032_0032.jpg 1 6 10 32 32
0138_0016_0020_0024_0024.jpg 1 16 20 24 24
0139_0013_0016_0029_0029.jpg 1 13 16 29 29
0140_0002_0005_0033_0033.jpg 1 2 5 33 33
0141_0015_0012_0033_0033.jpg 1 15 12 33 33
0142_0005_0003_0031_0031.jpg 1 5 3 31 31
0143_0019_0013_0025_0025.jpg 1 19 13 25 25
0144_0004_0011_0029_0029.jpg 1 4 11 29 29
0145_0014_0004_0024_0024.jpg 1 14 4 24 24
0146_0014_0008_0032_0032.jpg 1 14 8 32 32
0147_0010_0003_0028_0028.jpg 1 10 3 28 28
0148_0006_0004_0031_0031.jpg 1 6 4 31 31
0149_0003_0020_0024_0024.jpg 1 3 20 24 24
0150_0015_0007_0027_0027.jpg 1 15 7 27 27
0151_0005_0005_0029_0029.jpg 1 5 5 29 29
0152_0005_0009_0028_0028.jpg 1 5 9 28 28
0153_0005_0004_0026_0026.jpg 1 5 4 26 26
0154_0005_0013_0026_0026.jpg 1 5 13 26 26
0155_0018_0013_0028_0028.jpg 1 18 13 28 28
0156_0004_0012_0031_0031.jpg 1 4 12 31 31
0157_0013_0006_0029_0029.jpg 1 13 6 29 29
0158_0012_0019_0025_0025.jpg 1 12 19 25 25
0159_0009_0004_0033_0033.jpg 1 9 4 33 33
0160_0005_0004_0031_0031.jpg 1 5 4 31 31
0161_0014_0014_0032_0032.jpg 1 14 14 32 32
0162_0002_0016_0027_0027.jpg 1 2 16 27 27
0163_0006_0004_0033_0033.jpg 1 6 4 33 33
0164_0017_0002_0028_0028.jpg 1 17 2 28 28
0165_0008_0009_0031_0031.jpg 1 8 9 31 31
0166_0009_0012_0027_0027.jpg 1 9 12 27 27
0167_0004_0016_0028_0028.jpg 1 4 16 28 28
0168_0009_0010_0030_0030.jpg 1 9 10 30 30
0169_0013_0005_0032_0032.jpg 1 13 5 32 32
0170_0007_0016_0030_0030.jpg 1 7 16 30 30
0171_0009_0016_0025_0025.jpg 1 9 16 25 25
0172_0013_0002_0034_0034.jpg 1 13 2 34 34
0173_0014_0012_0027_0027.jpg 1 14 12 27 27
0174_0016_0018_0027_0027.jpg 1 16 18 27 27
0175_0019_0007_0028_0028.jpg 1 19 7 28 28
0176_0002_0012_0034_0034.jpg 1 2 12 34 34
0177_0004_0011_0034_0034.jpg 1 4 11 34 34
0178_0003_0016_0030_0030.jpg 1 3 16 30 30
0179_0014_0012_0033_0033.jpg 1 14 12 33 33
0180_0010_0007_0034_0034.jpg 1 10 7 34 34
0181_0012_0008_0028_0028.jpg 1 12 8 28 28
0182_0011_0007_0027_0027.jpg 1 11 7 27 27
0183_0010_0003_0028_0028.jpg 1 10 3 28 28
0184_0017_0013_0024_0024.jpg 1 17 13 24 24
0185_0008_0007_0034_0034.jpg 1 8 7 34 34
0186_0018_0015_0028_0028.jpg 1 18 15 28 28
0187_0012_0006_0033_0033.jpg 1 12 6 33 33
0188_0009_0013_0031_0031.jpg 1 9 13 31 31
0189_0005_0007_0025_0025.jpg 1 5 7 25 25
0190_0010_0010_0032_0032.jpg 1 10 10 32 32
0191_0013_0003_0030_0030.jpg 1 13 3 30 30
0192_0002_0008_0032_0032.jpg 1 2 8 32 32
0193_0021_0017_0026_0026.jpg 1 21 17 26 26
0194_0018_0002_0025_0025.jpg 1 18 2 25 25
0195_0008_0012_0032_0032.jpg 1 8 12 32 32
0196_0009_0020_0025_0025.jpg 1 9 20 25 25
0197_0014_0012_0026_0026.jpg 1 14 12 26 26
0198_0002_0009_0033_0033.jpg 1 2 9 33 33
0199_0012_0002_0028_0028.jpg 1 12 2 28 28
0200_0016_0019_0025_0025.jpg 1 16 19 25 25
0201_0004_0008_0027_0027.jpg 1 4 8 27 27
0202_0007_0005_0030_0030.jpg 1 7 5 30 30
0203_0015_0014_0031_0031.jpg 1 15 14 31 31
0204_0012_0007_0031_0031.jpg 1 12 7 31 31
0205_0011_0008_0028_0028.jpg 1 11 8 28 28
0206_0009_0016_0029_0029.jpg 1 9 16 29 29
0207_0013_0017_0030_0030.jpg 1 13 17 30 30
0208_0006_0002_0028_0028.jpg 1 6 2 28 28
0209_0011_0016_0029_0029.jpg 1 11 16 29 29
0210_0019_0010_0027_0027.jpg 1 19 10 27 27
0211_0010_0004_0034_0034.jpg 1 10 4 34 34
0212_0007_0013_0028_0028.jpg 1 7 13 28 28
0213_0001_0012_0033_0033.jpg 1 1 12 33 33
0214_0002_0008_0031_0031.jpg 1 2 8 31 31
0215_0008_0006_0030_0030.jpg 1 8 6 30 30
0216_0017_0014_0026_0026.jpg 1 17 14 26 26
0217_0005_0015_0029_0029.jpg 1 5 15 29 29
0218_0007_0008_0033_0033.jpg 1 7 8 33 33
0219_0008_0004_0032_0032.jpg 1 8 4 32 32
0220_0018_0013_0025_0025.jpg 1 18 13 25 25
0221_0012_0015_0026_0026.jpg 1 12 15 26 26
0222_0007_0008_0033_0033.jpg 1 7 8 33 33
0223_0004_0015_0026_0026.jpg 1 4 15 26 26
0224_0010_0013_0034_0034.jpg 1 10 13 34 34
0225_0014_0013_0031_0031.jpg 1 14 13 31 31
0226_0014_0009_0024_0024.jpg 1 14 9 24 24
0227_0009_0012_0025_0025.jpg 1 9 12 25 25
0228_0012_0006_0025_0025.jpg 1 12 6 25 25
0229_0014_0013_0025_0025.jpg 1 14 13 25 25
0230_0019_0005_0024_0024.jpg 1 19 5 24 24
0231_0003_0015_0031_0031.jpg 1 3 15 31 31
0232_0011_0011_0034_0034.jpg 1 11 11 34 34
0233_0005_0002_0028_0028.jpg 1 5 2 28 28
0234_0012_0002_0028_0028.jpg 1 12 2 28 28
0235_0011_0009_0033_0033.jpg 1 11 9 33 33
0236_0020_0015_0027_0027.jpg 1 20 15 27 27
0237_0012_0016_0031_0031.jpg 1 12 16 31 31
0238_0005_0013_0027_0027.jpg 1 5 13 27 27
0239_0015_0008_0026_0026.jpg 1 15 8 26 26
0240_0001_0007_0034_0034.jpg 1 1 7 34 34
0241_0008_0011_0029_0029.jpg 1 8 11 29 29
0242_0016_0009_0031_0031.jpg 1 16 9 31 31
0243_0007_0008_0033_0033.jpg 1 7 8 33 33
0244_0004_0020_0024_0024.jpg 1 4 20 24 24
0245_0010_0012_0033_0033.jpg 1 10 12 33 33
0246_0005_0003_0027_0027.jpg 1 5 3 27 27
0247_0010_0016_0027_0027.jpg 1 10 16 27 27
0248_0002_0003_0032_0032.jpg 1 2 3 32 32
0249_0008_0011_0028_0028.jpg 1 8 11 28 28
0250_0016_0012_0028_0028.jpg 1 16 12 28 28
0251_0014_0006_0030_0030.jpg 1 14 6 30 30
0252_0003_0013_0031_0031.jpg 1 3 13 31 31
0253_0002_0017_0029_0029.jpg 1 2 17 29 29
0254_0008_0013_0030_0030.jpg 1 8 13 30 30
0255_0002_0005_0032_0032.jpg 1 2 5 32 32
0256_0003_0013_0034_0034.jpg 1 3 13 34 34
0257_0005_0011_0031_0031.jpg 1 5 11 31 31
0258_0002_0011_0034_0034.jpg 1 2 11 34 34
0259_0003_0003_0028_0028.jpg 1 3 3 28 28
0260_0013_0007_0027_0027.jpg 1 13 7 27 27
0261_0003_0003_0029_0029.jpg 1 3 3 29 29
0262_0011_0013_0034_0034.jpg 1 11 13 34 34
0263_0006_0006_0024_0024.jpg 1 6 6 24 24
0264_0009_0011_0024_0024.jpg 1 9 11 24 24
0265_0013_0007_0025_0025.jpg 1 13 7 25 25
0266_0014_0008_0032_0032.jpg 1 14 8 32 32
0267_0004_0009_0027_0027.jpg 1 4 9 27 27
0268_0005_0005_0032_0032.jpg 1 5 5 32 32
0269_0014_0020_0027_0027.jpg 1 14 20 27 27
0270_0014_0007_0032_0032.jpg 1 14 7 32 32
0271_0016_0009_0030_0030.jpg 1 16 9 30 30
0272_0017_0006_0026_0026.jpg 1 17 6 26 26
0273_0017_0010_0029_0029.jpg 1 17 10 29 29
0274_0014_0003_0026_0026.jpg 1 14 3 26 26
0275_0014_0004_0033_0033.jpg 1 14 4 33 33
0276_0004_0005_0034_0034.jpg 1 4 5 34 34
0277_0008_0004_0034_0034.jpg 1 8 4 34 34
0278_0010_0015_0032_0032.jpg 1 10 15 32 32
0279_0002_0010_0030_0030.jpg 1 2 10 30 30
0280_0006_0013_0034_0034.jpg 1 6 13 34 34
0281_0004_0002_0031_0031.jpg 1 4 2 31 31
0282_0017_0017_0028_0028.jpg 1 17 17 28 28
0283_0019_0012_0025_0025.jpg 1 19 12 25 25
0284_0015_0016_0030_0030.jpg 1 15 16 30 30
0285_0012_0001_0034_0034.jpg 1 12 1 34 34
0286_0013_0017_0031_0031.jpg 1 13 17 31 31
0287_0007_0012_0031_0031.jpg 1 7 12 31 31
0288_0013_0004_0031_0031.jpg 1 13 4 31 31
0289_0004_0002_0034_0034.jpg 1 4 2 34 34
0290_0002_0017_0024_0024.jpg 1 2 17 24 24
0291_0016_0015_0027_0027.jpg 1 16 15 27 27
0292_0011_0007_0031_0031.jpg 1 11 7 31 31
0293_0013_0002_0033_0033.jpg 1 13 2 33 33
0294_0006_0014_0034_0034.jpg 1 6 14 34 34
0295_0011_0003_0026_0026.jpg 1 11 3 26 26
0296_0010_0009_0026_0026.jpg 1 10 9 26 26
0297_0002_0007_0033_0033.jpg 1 2 7 33 33
0298_0003_0013_0026_0026.jpg 1 3 13 26 26
0299_0019_0007_0024_0024.jpg 1 19 7 24 24
0300_0009_0016_0030_0030.jpg 1 9 16 30 30
0301_0011_0009_0034_0034.jpg 1 11 9 34 34
0302_0006_0003_0032_0032.jpg 1 6 3 32 32
0303_0012_0021_0026_0026.jpg 1 12 21 26 26
0304_0008_0006_0034_0034.jpg 1 8 6 34 34
0305_0008_0004_0027_0027.jpg 1 8 4 27 27
0306_0009_0007_0031_0031.jpg 1 9 7 31 31
0307_0008_0007_0025_0025.jpg 1 8 7 25 25
0308_0005_0007_0030_0030.jpg 1 5 7 30 30
0309_0003_0021_0024_0024.jpg 1 3 21 24 24
0310_0008_0015_0028_0028.jpg 1 8 15 28 28
0311_0005_0016_0024_0024.jpg 1 5 16 24 24
0312_0001_0014_0033_0033.jpg 1 1 14 33 33
0313_0013_0016_0029_0029.jpg 1 13 16 29 29
0314_0003_0010_0031_0031.jpg 1 3 10 31 31
0315_0007_0015_0025_0025.jpg 1 7 15 25 25
0316_0006_0006_0030_0030.jpg 1 6 6 30 30
0317_0021_0023_0024_0024.jpg 1 21 23 24 24
0318_0014_0008_0027_0027.jpg 1 14 8 27 27
0319_0011_0017_0027_0027.jpg 1 11 17 27 27
0320_0003_0002_0029_0029.jpg 1 3 2 29 29
0321_0003_0016_0032_0032.jpg 1 3 16 32 32
0322_0019_0005_0025_0025.jpg 1 19 5 25 25
0323_0014_0013_0026_0026.jpg 1 14 13 26 26
0324_0006_0006_0032_0032.jpg 1 6 6 32 32
0325_0003_0010_0033_0033.jpg 1 3 10 33 33
0326_0012_0013_0033_0033.jpg 1 12 13 33 33
0327_0010_0021_0026_0026.jpg 1 10 21 26 26
0328_0019_0012_0027_0027.jpg 1 19 12 27 27
0329_0022_0018_0024_0024.jpg 1 22 18 24 24
0330_0002_0009_0030_0030.jpg 1 2 9 30 30
0331_0014_0004_0027_0027.jpg 1 14 4 27 27
0332_0007_0008_0027_0027.jpg 1 7 8 27 27
0333_0019_0010_0026_0026.jpg 1 19 10 26 26
0334_0017_0002_0026_0026.jpg 1 17 2 26 26
0335_0009_0016_0028_0028.jpg 1 9 16 28 28
0336_0009_0007_0032_0032.jpg 1 9 7 32 32
0337_0008_0009_0032_0032.jpg 1 8 9 32 32
0338_0004_0008_0034_0034.jpg 1 4 8 34 34
0339_0014_0015_0026_0026.jpg 1 14 15 26 26
0340_0010_0014_0031_0031.jpg 1 10 14 31 31
0341_0006_0013_0025_0025.jpg 1 6 13 25 25
0342_0006_0010_0026_0026.jpg 1 6 10 26 26
0343_0014_0011_0028_0028.jpg 1 14 11 28 28
0344_0003_0006_0024_0024.jpg 1 3 6 24 24
0345_0003_0008_0033_0033.jpg 1 3 8 33 33
0346_0009_0009_0030_0030.jpg 1 9 9 30 30
0347_0002_0017_0028_0028.jpg 1 2 17 28 28
0348_0007_0007_0031_0031.jpg 1 7 7 31 31
0349_0017_0009_0026_0026.jpg 1 17 9 26 26
0350_0007_0016_0029_0029.jpg 1 7 16 29 29
0351_0002_0002_0032_0032.jpg 1 2 2 32 32
0352_0011_0007_0029_0029.jpg 1 11 7 29 29
0353_0016_0007_0025_0025.jpg 1 16 7 25 25
0354_0016_0008_0029_0029.jpg 1 16 8 29 29
0355_0014_0013_0027_0027.jpg 1 14 13 27 27
0356_0005_0008_0032_0032.jpg 1 5 8 32 32
0357_0012_0011_0032_0032.jpg 1 12 11 32 32
0358_0001_0007_0034_0034.jpg 1 1 7 34 34
0359_0007_0015_0033_0033.jpg 1 7 15 33 33
0360_0022_0006_0025_0025.jpg 1 22 6 25 25
0361_0003_0009_0033_0033.jpg 1 3 9 33 33
0362_0017_0014_0030_0030.jpg 1 17 14 30 30
0363_0013_0011_0029_0029.jpg 1 13 11 29 29
0364_0011_0009_0031_0031.jpg 1 11 9 31 31
0365_0009_0005_0025_0025.jpg 1 9 5 25 25
0366_0005_0004_0028_0028.jpg 1 5 4 28 28
0367_0020_0013_0024_0024.jpg 1 20 13 24 24
0368_0014_0002_0032_0032.jpg 1 14 2 32 32
0369_0007_0011_0034_0034.jpg 1 7 11 34 34
0370_0017_0005_0030_0030.jpg 1 17 5 30 30
0371_0006_0015_0028_0028.jpg 1 6 15 28 28
0372_0003_0013_0032_0032.jpg 1 3 13 32 32
0373_0008_0006_0034_0034.jpg 1 8 6 34 34
0374_0012_0018_0026_0026.jpg 1 12 18 26 26
0375_0020_0007_0027_0027.jpg 1 20 7 27 27
0376_0008_0006_0028_0028.jpg 1 8 6 28 28
0377_0012_0004_0032_0032.jpg 1 12 4 32 32
0378_0007_0011_0034_0034.jpg 1 7 11 34 34
0379_0010_0011_0027_0027.jpg 1 10 11 27 27
0380_0004_0010_0031_0031.jpg 1 4 10 31 31
0381_0012_0007_0027_0027.jpg 1 12 7 27 27
0382_0013_0018_0027_0027.jpg 1 13 18 27 27
0383_0010_0007_0030_0030.jpg 1 10 7 30 30
0384_0008_0010_0029_0029.jpg 1 8 10 29 29
0385_0012_0012_0028_0028.jpg 1 12 12 28 28
0386_0014_0011_0028_0028.jpg 1 14 11 28 28
0387_0006_0003_0028_0028.jpg 1 6 3 28 28
0388_0010_0014_0033_0033.jpg 1 10 14 33 33
0389_0015_0011_0026_0026.jpg 1 15 11 26 26
0390_0013_0006_0027_0027.jpg 1 13 6 27 27
0391_0004_0020_0025_0025.jpg 1 4 20 25 25
0392_0010_0008_0027_0027.jpg 1 10 8 27 27
0393_0009_0015_0031_0031.jpg 1 9 15 31 31
0394_0009_0004_0032_0032.jpg 1 9 4 32 32
0395_0007_0014_0028_0028.jpg 1 7 14 28 28
0396_0008_0002_0034_0034.jpg 1 8 2 34 34
0397_0011_0004_0034_0034.jpg 1 11 4 34 34
0398_0001_0004_0034_0034.jpg 1 1 4 34 34
0399_0006_0009_0034_0034.jpg 1 6 9 34 34
0400_0008_0018_0028_0028.jpg 1 8 18 28 28
0401_0017_0007_0029_0029.jpg 1 17 7 29 29
0402_0011_0008_0031_0031.jpg 1 11 8 31 31
0403_0006_0017_0026_0026.jpg 1 6 17 26 26
0404_0004_0020_0025_0025.jpg 1 4 20 25 25
0405_0010_0007_0034_0034.jpg 1 10 7 34 34
0406_0020_0008_0024_0024.jpg 1 20 8 24 24
0407_0018_0011_0028_0028.jpg 1 18 11 28 28
0408_0017_0007_0026_0026.jpg 1 17 7 26 26
0409_0004_0022_0025_0025.jpg 1 4 22 25 25
0410_0003_0011_0033_0033.jpg 1 3 11 33 33
0411_0011_0004_0028_0028.jpg 1 11 4 28 28
0412_0015_0017_0030_0030.jpg 1 15 17 30 30
0413_0013_0014_0032_0032.jpg 1 13 14 32 32
0414_0018_0020_0027_0027.jpg 1 18 20 27 27
0415_0015_0004_0031_0031.jpg 1 15 4 31 31
0416_0006_0017_0028_0028.jpg 1 6 17 28 28
0417_0002_0015_0031_0031.jpg 1 2 15 31 31
0418_0018_0006_0024_0024.jpg 1 18 6 24 24
0419_0006_0015_0030_0030.jpg 1 6 15 30 30
0420_0013_0011_0025_0025.jpg 1 13 11 25 25
0421_0010_0005_0028_0028.jpg 1 10 5 28 28
0422_0012_0011_0033_0033.jpg 1 12 11 33 33
0423_0002_0013_0034_0034.jpg 1 2 13 34 34
0424_0008_0003_0034_0034.jpg 1 8 3 34 34
0425_0015_0016_0031_0031.jpg 1 15 16 31 31
0426_0009_0022_0024_0024.jpg 1 9 22 24 24
0427_0012_0010_0029_0029.jpg 1 12 10 29 29
0428_0001_0009_0034_0034.jpg 1 1 9 34 34
0429_0010_0005_0032_0032.jpg 1 10 5 32 32
0430_0017_0004_0026_0026.jpg 1 17 4 26 26
0431_0014_0010_0033_0033.jpg 1 14 10 33 33
0432_0003_0023_0024_0024.jpg 1 3 23 24 24
0433_0010_0014_0032_0032.jpg 1 10 14 32 32
0434_0013_0015_0024_0024.jpg 1 13 15 24 24
0435_0012_0003_0027_0027.jpg 1 12 3 27 27
0436_0005_0014_0030_0030.jpg 1 5 14 30 30
0437_0009_0010_0031_0031.jpg 1 9 10 31 31
0438_0007_0001_0033_0033.jpg 1 7 1 33 33
0439_0013_0008_0029_0029.jpg 1 13 8 29 29
0440_0003_0006_0026_0026.jpg 1 3 6 26 26
0441_0012_0008_0034_0034.jpg 1 12 8 34 34
0442_0019_0018_0024_0024.jpg 1 19 18 24 24
0443_0003_0005_0030_0030.jpg 1 3 5 30 30
0444_0005_0005_0034_0034.jpg 1 5 5 34 34
0445_0016_0012_0031_0031.jpg 1 16 12 31 31
0446_0013_0014_0033_0033.jpg 1 13 14 33 33
0447_0016_0007_0027_0027.jpg 1 16 7 27 27
0448_0019_0020_0026_0026.jpg 1 19 20 26 26
0449_0006_0006_0024_0024.jpg 1 6 6 24 24
0450_0016_0018_0025_0025.jpg 1 16 18 25 25
0451_0009_0014_0030_0030.jpg 1 9 14 30 30
0452_0007_0009_0026_0026.jpg 1 7 9 26 26
0453_0006_0012_0025_0025.jpg 1 6 12 25 25
0454_0011_0009_0026_0026.jpg 1 11 9 26 26
0455_0013_0016_0025_0025.jpg 1 13 16 25 25
0456_0003_0010_0034_0034.jpg 1 3 10 34 34
0457_0008_0011_0032_0032.jpg 1 8 11 32 32
0458_0003_0007_0031_0031.jpg 1 3 7 31 31
0459_0013_0004_0031_0031.jpg 1 13 4 31 31
0460_0007_0004_0026_0026.jpg 1 7 4 26 26
0461_0018_0005_0024_0024.jpg 1 18 5 24 24
0462_0007_0004_0028_0028.jpg 1 7 4 28 28
0463_0002_0015_0032_0032.jpg 1 2 15 32 32
0464_0006_0009_0027_0027.jpg 1 6 9 27 27
0465_0003_0004_0028_0028.jpg 1 3 4 28 28
0466_0003_0013_0025_0025.jpg 1 3 13 25 25
0467_0011_0006_0027_0027.jpg 1 11 6 27 27
0468_0011_0009_0033_0033.jpg 1 11 9 33 33
0469_0007_0016_0031_0031.jpg 1 7 16 31 31
0470_0012_0007_0029_0029.jpg 1 12 7 29 29
0471_0014_0005_0025_0025.jpg 1 14 5 25 25
0472_0020_0021_0024_0024.jpg 1 20 21 24 24
0473_0019_0013_0028_0028.jpg 1 19 13 28 28
0474_0019_0003_0026_0026.jpg 1 19 3 26 26
0475_0008_0011_0031_0031.jpg 1 8 11 31 31
0476_0008_0008_0026_0026.jpg 1 8 8 26 26
0477_0011_0005_0031_0031.jpg 1 11 5 31 31
0478_0021_0020_0025_0025.jpg 1 21 20 25 25
0479_0003_0012_0030_0030.jpg 1 3 12 30 30
0480_0007_0003_0028_0028.jpg 1 7 3 28 28
0481_0003_0003_0032_0032.jpg 1 3 3 32 32
0482_0007_0005_0025_0025.jpg 1 7 5 25 25
0483_0005_0015_0032_0032.jpg 1 5 15 32 32
0484_0008_0003_0027_0027.jpg 1 8 3 27 27
0485_0014_0003_0031_0031.jpg 1 14 3 31 31
0486_0019_0004_0027_0027.jpg 1 19 4 27 27
0487_0005_0011_0029_0029.jpg 1 5 11 29 29
0488_0006_0004_0031_0031.jpg 1 6 4 31 31
0489_0016_0003_0031_0031.jpg 1 16 3 31 31
0490_0009_0008_0028_0028.jpg 1 9 8 28 28
0491_0006_0015_0024_0024.jpg 1 6 15 24 24
0492_0007_0016_0028_0028.jpg 1 7 16 28 28
0493_0014_0013_0033_0033.jpg 1 14 13 33 33
0494_0006_0002_0034_0034.jpg 1 6 2 34 34
0495_0013_0016_0024_0024.jpg 1 13 16 24 24
0496_0012_0009_0029_0029.jpg 1 12 9 29 29
0497_0007_0003_0026_0026.jpg 1 7 3 26 26
0498_0003_0007_0029_0029.jpg 1 3 7 29 29
0499_0010_0010_0025_0025.jpg 1 10 10 25 25
0500_0004_0013_0032_0032.jpg 1 4 13 32 32
0501_0017_0011_0027_0027.jpg 1 17 11 27 27
0502_0006_0002_0034_0034.jpg 1 6 2 34 34
0503_0010_0008_0032_0032.jpg 1 10 8 32 32
0504_0018_0020_0026_0026.jpg 1 18 20 26 26
0505_0007_0004_0027_0027.jpg 1 7 4 27 27
0506_0004_0014_0034_0034.jpg 1 4 14 34 34
0507_0003_0014_0030_0030.jpg 1 3 14 30 30
0508_0020_0012_0026_0026.jpg 1 20 12 26 26
0509_0013_0004_0034_0034.jpg 1 13 4 34 34
0510_0014_0014_0032_0032.jpg 1 14 14 32 32
0511_0023_0005_0024_0024.jpg 1 23 5 24 24
0512_0019_0009_0025_0025.jpg 1 19 9 25 25
0513_0010_0005_0031_0031.jpg 1 10 5 31 31
0514_0004_0017_0026_0026.jpg 1 4 17 26 26
0515_0004_0013_0030_0030.jpg 1 4 13 30 30
0516_0006_0005_0034_0034.jpg 1 6 5 34 34
0517_0015_0013_0024_0024.jpg 1 15 13 24 24
0518_0008_0003_0028_0028.jpg 1 8 3 28 28
0519_0016_0004_0028_0028.jpg 1 16 4 28 28
0520_0008_0012_0026_0026.jpg 1 8 12 26 26
0521_0005_0010_0031_0031.jpg 1 5 10 31 31
0522_0004_0001_0033_0033.jpg 1 4 1 33 33
0523_0009_0018_0024_0024.jpg 1 9 18 24 24
0524_0011_0014_0027_0027.jpg 1 11 14 27 27
0525_0010_0007_0026_0026.jpg 1 10 7 26 26
0526_0003_0013_0030_0030.jpg 1 3 13 30 30
0527_0008_0013_0028_0028.jpg 1 8 13 28 28
0528_0006_0006_0027_0027.jpg 1 6 6 27 27
0529_0011_0004_0029_0029.jpg 1 11 4 29 29
0530_0012_0007_0034_0034.jpg 1 12 7 34 34
0531_0005_0006_0030_0030.jpg 1 5 6 30 30
0532_0006_0017_0026_0026.jpg 1 6 17 26 26
0533_0014_0016_0025_0025.jpg 1 14 16 25 25
0534_0009_0010_0032_0032.jpg 1 9 10 32 32
0535_0014_0015_0024_0024.jpg 1 14 15 24 24
0536_0006_0006_0031_0031.jpg 1 6 6 31 31
0537_0008_0003_0034_0034.jpg 1 8 3 34 34
0538_0014_0008_0029_0029.jpg 1 14 8 29 29
0539_0011_0018_0025_0025.jpg 1 11 18 25 25
0540_0009_0002_0029_0029.jpg 1 9 2 29 29
0541_0016_0009_0025_0025.jpg 1 16 9 25 25
0542_0006_0003_0026_0026.jpg 1 6 3 26 26
0543_0009_0008_0029_0029.jpg 1 9 8 29 29
0544_0010_0015_0029_0029.jpg 1 10 15 29 29
0545_0010_0002_0027_0027.jpg 1 10 2 27 27
0546_0010_0012_0033_0033.jpg 1 10 12 33 33
0547_0005_0018_0029_0029.jpg 1 5 18 29 29
0548_0002_0005_0034_0034.jpg 1 2 5 34 34
0549_0015_0003_0025_0025.jpg 1 15 3 25 25
0550_0002_0013_0034_0034.jpg 1 2 13 34 34
0551_0002_0006_0033_0033.jpg 1 2 6 33 33
0552_0007_0011_0024_0024.jpg 1 7 11 24 24
0553_0020_0010_0025_0025.jpg 1 20 10 25 25
0554_0008_0015_0029_0029.jpg 1 8 15 29 29
0555_0007_0002_0027_0027.jpg 1 7 2 27 27
0556_0006_0011_0027_0027.jpg 1 6 11 27 27
0557_0011_0011_0025_0025.jpg 1 11 11 25 25
0558_0011_0006_0024_0024.jpg 1 11 6 24 24
0559_0004_0013_0031_0031.jpg 1 4 13 31 31
0560_0007_0012_0034_0034.jpg 1 7 12 34 34
0561_0003_0012_0031_0031.jpg 1 3 12 31 31
0562_0019_0018_0025_0025.jpg 1 19 18 25 25
0563_0009_0005_0031_0031.jpg 1 9 5 31 31
0564_0003_0023_0024_0024.jpg 1 3 23 24 24
0565_0008_0011_0032_0032.jpg 1 8 11 32 32
0566_0005_0008_0024_0024.jpg 1 5 8 24 24
0567_0011_0006_0030_0030.jpg 1 11 6 30 30
0568_0008_0019_0026_0026.jpg 1 8 19 26 26
0569_0013_0003_0025_0025.jpg 1 13 3 25 25
0570_0003_0001_0034_0034.jpg 1 3 1 34 34
0571_0002_0011_0033_0033.jpg 1 2 11 33 33
0572_0018_0010_0029_0029.jpg 1 18 10 29 29
0573_0008_0011_0027_0027.jpg 1 8 11 27 27
0574_0003_0001_0034_0034.jpg 1 3 1 34 34
0575_0005_0021_0025_0025.jpg 1 5 21 25 25
0576_0011_0002_0030_0030.jpg 1 11 2 30 30
0577_0015_0004_0033_0033.jpg 1 15 4 33 33
0578_0012_0004_0032_0032.jpg 1 12 4 32 32
0579_0018_0018_0028_0028.jpg 1 18 18 28 28
0580_0016_0002_0032_0032.jpg 1 16 2 32 32
0581_0013_0012_0033_0033.jpg 1 13 12 33 33
0582_0009_0010_0031_0031.jpg 1 9 10 31 31
0583_0016_0015_0029_0029.jpg 1 16 15 29 29
0584_0014_0002_0028_0028.jpg 1 14 2 28 28
0585_0011_0007_0033_0033.jpg 1 11 7 33 33
0586_0008_0017_0030_0030.jpg 1 8 17 30 30
0587_0014_0003_0032_0032.jpg 1 14 3 32 32
0588_0017_0018_0024_0024.jpg 1 17 18 24 24
0589_0018_0015_0027_0027.jpg 1 18 15 27 27
0590_0001_0008_0034_0034.jpg 1 1 8 34 34
0591_0009_0002_0030_0030.jpg 1 9 2 30 30
0592_0002_0012_0032_0032.jpg 1 2 12 32 32
0593_0013_0004_0029_0029.jpg 1 13 4 29 29
0594_0011_0016_0024_0024.jpg 1 11 16 24 24
0595_0014_0003_0026_0026.jpg 1 14 3 26 26
0596_0007_0019_0027_0027.jpg 1 7 19 27 27
0597_0006_0008_0033_0033.jpg 1 6 8 33 33
0598_0003_0013_0027_0027.jpg 1 3 13 27 27
0599_0002_0009_0029_0029.jpg 1 2 9 29 29
0600_0006_0013_0028_0028.jpg 1 6 13 28 28
0601_0019_0013_0024_0024.jpg 1 19 13 24 24
0602_0013_0008_0028_0028.jpg 1 13 8 28 28
0603_0011_0007_0026_0026.jpg 1 11 7 26 26
0604_0005_0012_0030_0030.jpg 1 5 12 30 30
0605_0015_0010_0026_0026.jpg 1 15 10 26 26
0606_0011_0016_0026_0026.jpg 1 11 16 26 26
0607_0003_0009_0025_0025.jpg 1 3 9 25 25
0608_0014_0007_0031_0031.jpg 1 14 7 31 31
0609_0006_0012_0034_0034.jpg 1 6 12 34 34
0610_0016_0017_0029_0029.jpg 1 16 17 29 29
0611_0014_0011_0031_0031.jpg 1 14 11 31 31
0612_0012_0007_0034_0034.jpg 1 12 7 34 34
0613_0011_0015_0028_0028.jpg 1 11 15 28 28
0614_0020_0020_0027_0027.jpg 1 20 20 27 27
0615_0010_0012_0028_0028.jpg 1 10 12 28 28
0616_0003_0013_0029_0029.jpg 1 3 13 29 29
0617_0010_0009_0026_0026.jpg 1 10 9 26 26
0618_0005_0021_0026_0026.jpg 1 5 21 26 26
0619_0015_0015_0026_0026.jpg 1 15 15 26 26
0620_0010_0017_0024_0024.jpg 1 10 17 24 24
0621_0017_0004_0024_0024.jpg 1 17 4 24 24
0622_0016_0010_0025_0025.jpg 1 16 10 25 25
0623_0022_0012_0024_0024.jpg 1 22 12 24 24
0624_0011_0020_0024_0024.jpg 1 11 20 24 24
0625_0006_0013_0029_0029.jpg 1 6 13 29 29
0626_0019_0002_0027_0027.jpg 1 19 2 27 27
0627_0003_0010_0031_0031.jpg 1 3 10 31 31
0628_0012_0003_0030_0030.jpg 1 12 3 30 30
0629_0022_0014_0024_0024.jpg 1 22 14 24 24
0630_0008_0009_0033_0033.jpg 1 8 9 33 33
0631_0001_0005_0031_0031.jpg 1 1 5 31 31
0632_0022_0020_0025_0025.jpg 1 22 20 25 25
0633_0011_0012_0033_0033.jpg 1 11 12 33 33
0634_0021_0019_0024_0024.jpg 1 21 19 24 24
0635_0004_0008_0024_0024.jpg 1 4 8 24 24
0636_0007_0014_0033_0033.jpg 1 7 14 33 33
0637_0002_0002_0032_0032.jpg 1 2 2 32 32
0638_0015_0004_0032_0032.jpg 1 15 4 32 32
0639_0007_0010_0029_0029.jpg 1 7 10 29 29
0640_0002_0007_0031_0031.jpg 1 2 7 31 31
0641_0014_0014_0033_0033.jpg 1 14 14 33 33
0642_0009_0004_0034_0034.jpg 1 9 4 34 34
0643_0021_0003_0025_0025.jpg 1 21 3 25 25
0644_0006_0006_0032_0032.jpg 1 6 6 32 32
0645_0002_0016_0029_0029.jpg 1 2 16 29 29
0646_0016_0021_0024_0024.jpg 1 16 21 24 24
0647_0018_0017_0024_0024.jpg 1 18 17 24 24
0648_0009_0008_0026_0026.jpg 1 9 8 26 26
0649_0014_0017_0027_0027.jpg 1 14 17 27 27
0650_0004_0007_0030_0030.jpg 1 4 7 30 30
0651_0008_0003_0034_0034.jpg 1 8 3 34 34
0652_0012_0009_0029_0029.jpg 1 12 9 29 29
0653_0005_0013_0033_0033.jpg 1 5 13 33 33
0654_0004_0015_0029_0029.jpg 1 4 15 29 29
0655_0003_0002_0031_0031.jpg 1 3 2 31 31
0656_0018_0015_0025_0025.jpg 1 18 15 25 25
0657_0006_0018_0025_0025.jpg 1 6 18 25 25
0658_0021_0013_0026_0026.jpg 1 21 13 26 26
0659_0015_0005_0026_0026.jpg 1 15 5 26 26
0660_0005_0014_0029_0029.jpg 1 5 14 29 29
0661_0009_0004_0028_0028.jpg 1 9 4 28 28
0662_0016_0005_0027_0027.jpg 1 16 5 27 27
0663_0010_0002_0030_0030.jpg 1 10 2 30 30
0664_0016_0011_0028_0028.jpg 1 16 11 28 28
0665_0010_0005_0034_0034.jpg 1 10 5 34 34
0666_0016_0007_0025_0025.jpg 1 16 7 25 25
0667_0017_0005_0024_0024.jpg 1 17 5 24 24
0668_0016_0017_0026_0026.jpg 1 16 17 26 26
0669_0006_0012_0026_0026.jpg 1 6 12 26 26
0670_0004_0011_0034_0034.jpg 1 4 11 34 34
0671_0009_0012_0032_0032.jpg 1 9 12 32 32
0672_0016_0010_0029_0029.jpg 1 16 10 29 29
0673_0003_0007_0031_0031.jpg 1 3 7 31 31
0674_0003_0009_0025_0025.jpg 1 3 9 25 25
0675_0008_0014_0030_0030.jpg 1 8 14 30 30
0676_0007_0006_0033_0033.jpg 1 7 6 33 33
0677_0015_0019_0027_0027.jpg 1 15 19 27 27
0678_0004_0003_0032_0032.jpg 1 4 3 32 32
0679_0018_0017_0025_0025.jpg 1 18 17 25 25
0680_0007_0011_0032_0032.jpg 1 7 11 32 32
0681_0001_0011_0034_0034.jpg 1 1 11 34 34
0682_0003_0009_0032_0032.jpg 1 3 9 32 32
0683_0007_0006_0032_0032.jpg 1 7 6 32 32
0684_0014_0008_0031_0031.jpg 1 14 8 31 31
0685_0011_0005_0032_0032.jpg 1 11 5 32 32
0686_0016_0008_0030_0030.jpg 1 16 8 30 30
0687_0013_0003_0032_0032.jpg 1 13 3 32 32
0688_0009_0011_0032_0032.jpg 1 9 11 32 32
0689_0018_0008_0028_0028.jpg 1 18 8 28 28
0690_0015_0010_0026_0026.jpg 1 15 10 26 26
0691_0007_0020_0024_0024.jpg 1 7 20 24 24
0692_0009_0014_0028_0028.jpg 1 9 14 28 28
0693_0008_0001_0034_0034.jpg 1 8 1 34 34
0694_0015_0023_0024_0024.jpg 1 15 23 24 24
0695_0001_0004_0034_0034.jpg 1 1 4 34 34
0696_0012_0011_0025_0025.jpg 1 12 11 25 25
0697_0014_0019_0025_0025.jpg 1 14 19 25 25
0698_0015_0007_0029_0029.jpg 1 15 7 29 29
0699_0006_0005_0026_0026.jpg 1 6 5 26 26
0700_0002_0014_0033_0033.jpg 1 2 14 33 33
0701_0009_0014_0033_0033.jpg 1 9 14 33 33
0702_0007_0010_0032_0032.jpg 1 7 10 32 32
0703_0010_0003_0030_0030.jpg 1 10 3 30 30
0704_0009_0003_0032_0032.jpg 1 9 3 32 32
0705_0004_0011_0034_0034.jpg 1 4 11 34 34
0706_0003_0003_0033_0033.jpg 1 3 3 33 33
0707_0008_0005_0034_0034.jpg 1 8 5 34 34
0708_0002_0006_0032_0032.jpg 1 2 6 32 32
0709_0005_0002_0031_0031.jpg 1 5 2 31 31
0710_0009_0002_0034_0034.jpg 1 9 2 34 34
0711_0007_0003_0026_0026.jpg 1 7 3 26 26
0712_0008_0003_0032_0032.jpg 1 8 3 32 32
0713_0009_0003_0032_0032.jpg 1 9 3 32 32
0714_0009_0021_0025_0025.jpg 1 9 21 25 25
0715_0009_0007_0027_0027.jpg 1 9 7 27 27
0716_0009_0003_0033_0033.jpg 1 9 3 33 33
0717_0015_0008_0028_0028.jpg 1 15 8 28 28
0718_0010_0005_0029_0029.jpg 1 10 5 29 29
0719_0006_0007_0028_0028.jpg 1 6 7 28 28
0720_0009_0012_0027_0027.jpg 1 9 12 27 27
0721_0004_0003_0027_0027.jpg 1 4 3 27 27
0722_0004_0003_0029_0029.jpg 1 4 3 29 29
0723_0011_0015_0032_0032.jpg 1 11 15 32 32
0724_0021_0021_0024_0024.jpg 1 21 21 24 24
0725_0007_0015_0032_0032.jpg 1 7 15 32 32
0726_0010_0007_0033_0033.jpg 1 10 7 33 33
0727_0012_0021_0025_0025.jpg 1 12 21 25 25
0728_0018_0016_0025_0025.jpg 1 18 16 25 25
0729_0006_0014_0030_0030.jpg 1 6 14 30 30
0730_0009_0008_0028_0028.jpg 1 9 8 28 28
0731_0003_0003_0034_0034.jpg 1 3 3 34 34
0732_0004_0013_0031_0031.jpg 1 4 13 31 31
0733_0006_0002_0027_0027.jpg 1 6 2 27 27
0734_0019_0015_0027_0027.jpg 1 19 15 27 27
0735_0018_0005_0029_0029.jpg 1 18 5 29 29
0736_0003_0012_0034_0034.jpg 1 3 12 34 34
0737_0008_0015_0032_0032.jpg 1 8 15 32 32
0738_0011_0006_0033_0033.jpg 1 11 6 33 33
0739_0012_0020_0024_0024.jpg 1 12 20 24 24
0740_0014_0018_0029_0029.jpg 1 14 18 29 29
0741_0004_0005_0031_0031.jpg 1 4 5 31 31
0742_0004_0014_0033_0033.jpg 1 4 14 33 33
0743_0011_0014_0034_0034.jpg 1 11 14 34 34
0744_0015_0016_0028_0028.jpg 1 15 16 28 28
0745_0012_0003_0027_0027.jpg 1 12 3 27 27
0746_0005_0019_0025_0025.jpg 1 5 19 25 25
0747_0003_0007_0033_0033.jpg 1 3 7 33 33
0748_0010_0005_0026_0026.jpg 1 10 5 26 26
0749_0020_0019_0025_0025.jpg 1 20 19 25 25
0750_0003_0002_0029_0029.jpg 1 3 2 29 29
0751_0014_0007_0033_0033.jpg 1 14 7 33 33
0752_0014_0008_0032_0032.jpg 1 14 8 32 32
0753_0005_0010_0034_0034.jpg 1 5 10 34 34
0754_0007_0019_0026_0026.jpg 1 7 19 26 26
0755_0012_0007_0032_0032.jpg 1 12 7 32 32
0756_0008_0006_0032_0032.jpg 1 8 6 32 32
0757_0008_0005_0026_0026.jpg 1 8 5 26 26
0758_0012_0001_0031_0031.jpg 1 12 1 31 31
0759_0006_0010_0030_0030.jpg 1 6 10 30 30
0760_0018_0016_0028_0028.jpg 1 18 16 28 28
0761_0019_0012_0026_0026.jpg 1 19 12 26 26
0762_0005_0018_0029_0029.jpg 1 5 18 29 29
0763_0007_0003_0033_0033.jpg 1 7 3 33 33
0764_0003_0012_0032_0032.jpg 1 3 12 32 32
0765_0009_0012_0028_0028.jpg 1 9 12 28 28
0766_0008_0013_0032_0032.jpg 1 8 13 32 32
0767_0012_0007_0029_0029.jpg 1 12 7 29 29
0768_0007_0020_0025_0025.jpg 1 7 20 25 25
0769_0013_0011_0028_0028.jpg 1 13 11 28 28
0770_0007_0016_0029_0029.jpg 1 7 16 29 29
0771_0005_0005_0026_0026.jpg 1 5 5 26 26
0772_0005_0019_0027_0027.jpg 1 5 19 27 27
0773_0016_0008_0025_0025.jpg 1 16 8 25 25
0774_0006_0003_0030_0030.jpg 1 6 3 30 30
0775_0006_0009_0034_0034.jpg 1 6 9 34 34
0776_0013_0006_0032_0032.jpg 1 13 6 32 32
0777_0014_0002_0031_0031.jpg 1 14 2 31 31
0778_0002_0002_0030_0030.jpg 1 2 2 30 30
0779_0013_0003_0026_0026.jpg 1 13 3 26 26
0780_0004_0017_0027_0027.jpg 1 4 17 27 27
0781_0002_0008_0031_0031.jpg 1 2 8 31 31
0782_0011_0012_0031_0031.jpg 1 11 12 31 31
0783_0007_0006_0032_0032.jpg 1 7 6 32 32
0784_0015_0003_0027_0027.jpg 1 15 3 27 27
0785_0012_0011_0028_0028.jpg 1 12 11 28 28
0786_0012_0008_0032_0032.jpg 1 12 8 32 32
0787_0006_0010_0031_0031.jpg 1 6 10 31 31
0788_0007_0007_0030_0030.jpg 1 7 7 30 30
0789_0005_0004_0031_0031.jpg 1 5 4 31 31
0790_0009_0008_0029_0029.jpg 1 9 8 29 29
0791_0015_0013_0032_0032.jpg 1 15 13 32 32
0792_0013_0021_0024_0024.jpg 1 13 21 24 24
0793_0011_0014_0033_0033.jpg 1 11 14 33 33
0794_0006_0017_0026_0026.jpg 1 6 17 26 26
0795_0005_0007_0026_0026.jpg 1 5 7 26 26
0796_0002_0011_0032_0032.jpg 1 2 11 32 32
0797_0008_0008_0032_0032.jpg 1 8 8 32 32
0798_0014_0006_0029_0029.jpg 1 14 6 29 29
0799_0012_0004_0031_0031.jpg 1 12 4 31 31
0800_0002_0010_0027_0027.jpg 1 2 10 27 27
0801_0016_0009_0030_0030.jpg 1 16 9 30 30
0802_0013_0006_0030_0030.jpg 1 13 6 30 30
0803_0016_0020_0024_0024.jpg 1 16 20 24 24
0804_0013_0003_0028_0028.jpg 1 13 3 28 28
0805_0010_0019_0026_0026.jpg 1 10 19 26 26
0806_0012_0010_0030_0030.jpg 1 12 10 30 30
0807_0011_0005_0034_0034.jpg 1 11 5 34 34
0808_0004_0008_0034_0034.jpg 1 4 8 34 34
0809_0010_0012_0034_0034.jpg 1 10 12 34 34
0810_0012_0015_0032_0032.jpg 1 12 15 32 32
0811_0015_0016_0030_0030.jpg 1 15 16 30 30
0812_0015_0012_0026_0026.jpg 1 15 12 26 26
0813_0015_0015_0030_0030.jpg 1 15 15 30 30
0814_0004_0014_0030_0030.jpg 1 4 14 30 30
0815_0012_0008_0029_0029.jpg 1 12 8 29 29
0816_0005_0010_0033_0033.jpg 1 5 10 33 33
0817_0021_0003_0024_0024.jpg 1 21 3 24 24
0818_0018_0020_0027_0027.jpg 1 18 20 27 27
0819_0007_0008_0032_0032.jpg 1 7 8 32 32
0820_0005_0014_0030_0030.jpg 1 5 14 30 30
0821_0002_0009_0034_0034.jpg 1 2 9 34 34
0822_0013_0016_0025_0025.jpg 1 13 16 25 25
0823_0008_0011_0031_0031.jpg 1 8 11 31 31
0824_0007_0007_0026_0026.jpg 1 7 7 26 26
0825_0010_0017_0030_0030.jpg 1 10 17 30 30
0826_0003_0006_0029_0029.jpg 1 3 6 29 29
0827_0007_0012_0033_0033.jpg 1 7 12 33 33
