0001_0005_0014_0028_0028.jpg 1 5 14 28 28
0002_0014_0014_0024_0024.jpg 1 14 14 24 24
0003_0007_0007_0025_0025.jpg 1 7 7 25 25
0004_0010_0015_0027_0027.jpg 1 10 15 27 27
0005_0008_0017_0027_0027.jpg 1 8 17 27 27
0006_0016_0016_0024_0024.jpg 1 16 16 24 24
0007_0007_0008_0032_0032.jpg 1 7 8 32 32
0008_0007_0015_0029_0029.jpg 1 7 15 29 29
0009_0006_0010_0029_0029.jpg 1 6 10 29 29
0010_0003_0015_0032_0032.jpg 1 3 15 32 32
0011_0010_0016_0027_0027.jpg 1 10 16 27 27
0012_0014_0013_0030_0030.jpg 1 14 13 30 30
0013_0019_0007_0025_0025.jpg 1 19 7 25 25
0014_0003_0011_0024_0024.jpg 1 3 11 24 24
0015_0004_0012_0028_0028.jpg 1 4 12 28 28
0016_0012_0009_0029_0029.jpg 1 12 9 29 29
0017_0015_0013_0031_0031.jpg 1 15 13 31 31
0018_0009_0007_0025_0025.jpg 1 9 7 25 25
0019_0015_0005_0025_0025.jpg 1 15 5 25 25
0020_0003_0013_0024_0024.jpg 1 3 13 24 24
0021_0002_0002_0031_0031.jpg 1 2 2 31 31
0022_0015_0010_0029_0029.jpg 1 15 10 29 29
0023_0009_0014_0027_0027.jpg 1 9 14 27 27
0024_0004_0010_0032_0032.jpg 1 4 10 32 32
0025_0012_0011_0030_0030.jpg 1 12 11 30 30
0026_0009_0011_0030_0030.jpg 1 9 11 30 30
0027_0013_0010_0030_0030.jpg 1 13 10 30 30
0028_0011_0009_0029_0029.jpg 1 11 9 29 29
0029_0004_0011_0029_0029.jpg 1 4 11 29 29
0030_0005_0005_0027_0027.jpg 1 5 5 27 27
0031_0008_0010_0024_0024.jpg 1 8 10 24 24
0032_0013_0013_0029_0029.jpg 1 13 13 29 29
0033_0009_0005_0028_0028.jpg 1 9 5 28 28
0034_0016_0008_0029_0029.jpg 1 16 8 29 29
0035_0015_0007_0024_0024.jpg 1 15 7 24 24
0036_0016_0002_0031_0031.jpg 1 16 2 31 31
0037_0011_0004_0029_0029.jpg 1 11 4 29 29
0038_0002_0015_0029_0029.jpg 1 2 15 29 29
0039_0004_0006_0031_0031.jpg 1 4 6 31 31
0040_0004_0015_0026_0026.jpg 1 4 15 26 26
0041_0012_0007_0027_0027.jpg 1 12 7 27 27
0042_0004_0004_0032_0032.jpg 1 4 4 32 32
0043_0017_0004_0024_0024.jpg 1 17 4 24 24
0044_0003_0013_0029_0029.jpg 1 3 13 29 29
0045_0017_0014_0029_0029.jpg 1 17 14 29 29
0046_0014_0016_0025_0025.jpg 1 14 16 25 25
0047_0003_0019_0027_0027.jpg 1 3 19 27 27
0048_0018_0021_0024_0024.jpg 1 18 21 24 24
0049_0008_0002_0029_0029.jpg 1 8 2 29 29
0050_0008_0012_0034_0034.jpg 1 8 12 34 34
0051_0020_0009_0024_0024.jpg 1 20 9 24 24
0052_0014_0021_0026_0026.jpg 1 14 21 26 26
0053_0010_0015_0030_0030.jpg 1 10 15 30 30
0054_0003_0012_0032_0032.jpg 1 3 12 32 32
0055_0014_0002_0033_0033.jpg 1 14 2 33 33
0056_0018_0007_0028_0028.jpg 1 18 7 28 28
0057_0002_0017_0028_0028.jpg 1 2 17 28 28
0058_0015_0019_0027_0027.jpg 1 15 19 27 27
0059_0004_0007_0033_0033.jpg 1 4 7 33 33
0060_0010_0010_0034_0034.jpg 1 10 10 34 34
0061_0018_0018_0029_0029.jpg 1 18 18 29 29
0062_0002_0019_0028_0028.jpg 1 2 19 28 28
0063_0015_0016_0031_0031.jpg 1 15 16 31 31
0064_0004_0005_0031_0031.jpg 1 4 5 31 31
0065_0006_0007_0032_0032.jpg 1 6 7 32 32
0066_0015_0006_0031_0031.jpg 1 15 6 31 31
0067_0019_0004_0024_0024.jpg 1 19 4 24 24
0068_0007_0008_0032_0032.jpg 1 7 8 32 32
0069_0008_0012_0031_0031.jpg 1 8 12 31 31
0070_0018_0010_0026_0026.jpg 1 18 10 26 26
0071_0012_0006_0033_0033.jpg 1 12 6 33 33
0072_0013_0010_0032_0032.jpg 1 13 10 32 32
0073_0012_0010_0034_0034.jpg 1 12 10 34 34
0074_0015_0003_0028_0028.jpg 1 15 3 28 28
0075_0006_0012_0029_0029.jpg 1 6 12 29 29
0076_0018_0015_0029_0029.jpg 1 18 15 29 29
0077_0005_0007_0032_0032.jpg 1 5 7 32 32
0078_0011_0011_0032_0032.jpg 1 11 11 32 32
0079_0007_0014_0033_0033.jpg 1 7 14 33 33
0080_0005_0006_0027_0027.jpg 1 5 6 27 27
0081_0008_0016_0030_0030.jpg 1 8 16 30 30
0082_0006_0003_0029_0029.jpg 1 6 3 29 29
0083_0015_0007_0032_0032.jpg 1 15 7 32 32
0084_0008_0006_0034_0034.jpg 1 8 6 34 34
0085_0017_0018_0029_0029.jpg 1 17 18 29 29
0086_0003_0004_0032_0032.jpg 1 3 4 32 32
0087_0005_0007_0032_0032.jpg 1 5 7 32 32
0088_0010_0007_0024_0024.jpg 1 10 7 24 24
0089_0007_0012_0033_0033.jpg 1 7 12 33 33
0090_0012_0003_0033_0033.jpg 1 12 3 33 33
0091_0013_0015_0028_0028.jpg 1 13 15 28 28
0092_0010_0006_0030_0030.jpg 1 10 6 30 30
0093_0002_0003_0034_0034.jpg 1 2 3 34 34
0094_0017_0013_0030_0030.jpg 1 17 13 30 30
0095_0011_0006_0034_0034.jpg 1 11 6 34 34
0096_0003_0010_0033_0033.jpg 1 3 10 33 33
0097_0010_0002_0033_0033.jpg 1 10 2 33 33
0098_0019_0007_0027_0027.jpg 1 19 7 27 27
0099_0002_0014_0032_0032.jpg 1 2 14 32 32
0100_0011_0008_0027_0027.jpg 1 11 8 27 27
0101_0008_0021_0026_0026.jpg 1 8 21 26 26
0102_0020_0008_0026_0026.jpg 1 20 8 26 26
0103_0007_0016_0026_0026.jpg 1 7 16 26 26
0104_0005_0004_0026_0026.jpg 1 5 4 26 26
0105_0016_0015_0025_0025.jpg 1 16 15 25 25
0106_0010_0004_0026_0026.jpg 1 10 4 26 26
0107_0016_0015_0026_0026.jpg 1 16 15 26 26
0108_0001_0012_0033_0033.jpg 1 1 12 33 33
0109_0009_0015_0030_0030.jpg 1 9 15 30 30
0110_0018_0020_0026_0026.jpg 1 18 20 26 26
0111_0002_0002_0027_0027.jpg 1 2 2 27 27
0112_0010_0014_0024_0024.jpg 1 10 14 24 24
0113_0002_0002_0032_0032.jpg 1 2 2 32 32
0114_0008_0007_0027_0027.jpg 1 8 7 27 27
0115_0007_0016_0029_0029.jpg 1 7 16 29 29
0116_0016_0006_0028_0028.jpg 1 16 6 28 28
0117_0015_0008_0024_0024.jpg 1 15 8 24 24
0118_0013_0010_0027_0027.jpg 1 13 10 27 27
0119_0009_0002_0030_0030.jpg 1 9 2 30 30
0120_0016_0015_0026_0026.jpg 1 16 15 26 26
0121_0008_0005_0031_0031.jpg 1 8 5 31 31
0122_0002_0006_0031_0031.jpg 1 2 6 31 31
0123_0006_0019_0028_0028.jpg 1 6 19 28 28
0124_0007_0010_0032_0032.jpg 1 7 10 32 32
0125_0002_0002_0034_0034.jpg 1 2 2 34 34
0126_0006_0010_0032_0032.jpg 1 6 10 32 32
0127_0016_0007_0024_0024.jpg 1 16 7 24 24
0128_0010_0012_0027_0027.jpg 1 10 12 27 27
0129_0016_0014_0024_0024.jpg 1 16 14 24 24
0130_0003_0006_0027_0027.jpg 1 3 6 27 27
0131_0020_0002_0025_0025.jpg 1 20 2 25 25
0132_0004_0008_0027_0027.jpg 1 4 8 27 27
0133_0020_0005_0027_0027.jpg 1 20 5 27 27
0134_0016_0018_0025_0025.jpg 1 16 18 25 25
0135_0003_0017_0027_0027.jpg 1 3 17 27 27
0136_0007_0014_0033_0033.jpg 1 7 14 33 33
0137_0007_0007_0030_0030.jpg 1 7 7 30 30
0138_0012_0014_0033_0033.jpg 1 12 14 33 33
0139_0012_0013_0032_0032.jpg 1 12 13 32 32
0140_0009_0011_0034_0034.jpg 1 9 11 34 34
0141_0011_0009_0024_0024.jpg 1 11 9 24 24
0142_0004_0004_0028_0028.jpg 1 4 4 28 28
0143_0015_0009_0026_0026.jpg 1 15 9 26 26
0144_0009_0017_0027_0027.jpg 1 9 17 27 27
0145_0016_0014_0032_0032.jpg 1 16 14 32 32
0146_0013_0004_0034_0034.jpg 1 13 4 34 34
0147_0010_0016_0030_0030.jpg 1 10 16 30 30
0148_0008_0016_0029_0029.jpg 1 8 16 29 29
0149_0004_0014_0033_0033.jpg 1 4 14 33 33
0150_0015_0004_0028_0028.jpg 1 15 4 28 28
0151_0003_0005_0034_0034.jpg 1 3 5 34 34
0152_0015_0016_0030_0030.jpg 1 15 16 30 30
0153_0019_0018_0025_0025.jpg 1 19 18 25 25
0154_0012_0013_0033_0033.jpg 1 12 13 33 33
0155_0012_0006_0029_0029.jpg 1 12 6 29 29
0156_0013_0003_0034_0034.jpg 1 13 3 34 34
0157_0010_0004_0025_0025.jpg 1 10 4 25 25
0158_0003_0004_0031_0031.jpg 1 3 4 31 31
0159_0010_0005_0028_0028.jpg 1 10 5 28 28
0160_0002_0015_0024_0024.jpg 1 2 15 24 24
0161_0010_0018_0029_0029.jpg 1 10 18 29 29
0162_0006_0006_0028_0028.jpg 1 6 6 28 28
0163_0010_0010_0034_0034.jpg 1 10 10 34 34
0164_0010_0016_0026_0026.jpg 1 10 16 26 26
0165_0018_0010_0029_0029.jpg 1 18 10 29 29
0166_0019_0002_0028_0028.jpg 1 19 2 28 28
0167_0006_0012_0033_0033.jpg 1 6 12 33 33
0168_0013_0014_0032_0032.jpg 1 13 14 32 32
0169_0006_0004_0031_0031.jpg 1 6 4 31 31
0170_0004_0017_0028_0028.jpg 1 4 17 28 28
0171_0013_0020_0026_0026.jpg 1 13 20 26 26
0172_0017_0007_0027_0027.jpg 1 17 7 27 27
0173_0019_0012_0025_0025.jpg 1 19 12 25 25
0174_0010_0003_0024_0024.jpg 1 10 3 24 24
0175_0009_0007_0024_0024.jpg 1 9 7 24 24
0176_0002_0006_0034_0034.jpg 1 2 6 34 34
0177_0015_0007_0030_0030.jpg 1 15 7 30 30
0178_0003_0002_0031_0031.jpg 1 3 2 31 31
0179_0003_0003_0024_0024.jpg 1 3 3 24 24
0180_0013_0008_0030_0030.jpg 1 13 8 30 30
0181_0003_0011_0030_0030.jpg 1 3 11 30 30
0182_0017_0020_0025_0025.jpg 1 17 20 25 25
0183_0018_0016_0028_0028.jpg 1 18 16 28 28
0184_0010_0017_0024_0024.jpg 1 10 17 24 24
0185_0002_0005_0028_0028.jpg 1 2 5 28 28
0186_0014_0013_0025_0025.jpg 1 14 13 25 25
0187_0014_0020_0024_0024.jpg 1 14 20 24 24
0188_0011_0010_0030_0030.jpg 1 11 10 30 30
0189_0003_0009_0027_0027.jpg 1 3 9 27 27
0190_0009_0017_0026_0026.jpg 1 9 17 26 26
0191_0008_0014_0029_0029.jpg 1 8 14 29 29
0192_0010_0010_0027_0027.jpg 1 10 10 27 27
0193_0004_0006_0033_0033.jpg 1 4 6 33 33
0194_0006_0012_0029_0029.jpg 1 6 12 29 29
0195_0009_0006_0031_0031.jpg 1 9 6 31 31
0196_0019_0022_0024_0024.jpg 1 19 22 24 24
0197_0004_0015_0030_0030.jpg 1 4 15 30 30
0198_0001_0001_0034_0034.jpg 1 1 1 34 34
0199_0006_0006_0029_0029.jpg 1 6 6 29 29
0200_0016_0006_0028_0028.jpg 1 16 6 28 28
0201_0008_0008_0027_0027.jpg 1 8 8 27 27
0202_0002_0013_0033_0033.jpg 1 2 13 33 33
0203_0006_0002_0034_0034.jpg 1 6 2 34 34
0204_0003_0016_0030_0030.jpg 1 3 16 30 30
0205_0012_0009_0030_0030.jpg 1 12 9 30 30
0206_0003_0012_0031_0031.jpg 1 3 12 31 31
0207_0007_0007_0034_0034.jpg 1 7 7 34 34
0208_0011_0006_0031_0031.jpg 1 11 6 31 31
0209_0005_0012_0026_0026.jpg 1 5 12 26 26
0210_0013_0013_0034_0034.jpg 1 13 13 34 34
0211_0004_0013_0033_0033.jpg 1 4 13 33 33
0212_0006_0011_0024_0024.jpg 1 6 11 24 24
0213_0007_0013_0024_0024.jpg 1 7 13 24 24
0214_0014_0017_0028_0028.jpg 1 14 17 28 28
0215_0008_0008_0031_0031.jpg 1 8 8 31 31
0216_0011_0009_0034_0034.jpg 1 11 9 34 34
0217_0016_0008_0030_0030.jpg 1 16 8 30 30
0218_0006_0005_0033_0033.jpg 1 6 5 33 33
0219_0006_0015_0033_0033.jpg 1 6 15 33 33
0220_0010_0015_0032_0032.jpg 1 10 15 32 32
0221_0006_0004_0030_0030.jpg 1 6 4 30 30
0222_0005_0016_0028_0028.jpg 1 5 16 28 28
0223_0015_0011_0027_0027.jpg 1 15 11 27 27
0224_0010_0009_0034_0034.jpg 1 10 9 34 34
0225_0005_0008_0034_0034.jpg 1 5 8 34 34
0226_0013_0010_0028_0028.jpg 1 13 10 28 28
0227_0014_0013_0033_0033.jpg 1 14 13 33 33
0228_0009_0019_0025_0025.jpg 1 9 19 25 25
0229_0012_0014_0029_0029.jpg 1 12 14 29 29
0230_0007_0005_0034_0034.jpg 1 7 5 34 34
0231_0011_0012_0033_0033.jpg 1 11 12 33 33
0232_0009_0008_0024_0024.jpg 1 9 8 24 24
0233_0003_0009_0025_0025.jpg 1 3 9 25 25
0234_0003_0017_0029_0029.jpg 1 3 17 29 29
0235_0007_0008_0024_0024.jpg 1 7 8 24 24
0236_0019_0015_0027_0027.jpg 1 19 15 27 27
0237_0004_0006_0030_0030.jpg 1 4 6 30 30
0238_0017_0018_0028_0028.jpg 1 17 18 28 28
0239_0012_0019_0026_0026.jpg 1 12 19 26 26
0240_0004_0006_0031_0031.jpg 1 4 6 31 31
0241_0018_0018_0028_0028.jpg 1 18 18 28 28
0242_0009_0008_0031_0031.jpg 1 9 8 31 31
0243_0008_0008_0032_0032.jpg 1 8 8 32 32
0244_0012_0006_0025_0025.jpg 1 12 6 25 25
0245_0007_0008_0026_0026.jpg 1 7 8 26 26
0246_0005_0002_0024_0024.jpg 1 5 2 24 24
0247_0014_0006_0031_0031.jpg 1 14 6 31 31
0248_0007_0008_0026_0026.jpg 1 7 8 26 26
0249_0003_0012_0024_0024.jpg 1 3 12 24 24
0250_0007_0008_0033_0033.jpg 1 7 8 33 33
0251_0017_0004_0030_0030.jpg 1 17 4 30 30
0252_0002_0003_0024_0024.jpg 1 2 3 24 24
0253_0009_0011_0029_0029.jpg 1 9 11 29 29
0254_0007_0017_0025_0025.jpg 1 7 17 25 25
0255_0002_0013_0031_0031.jpg 1 2 13 31 31
0256_0009_0005_0025_0025.jpg 1 9 5 25 25
0257_0011_0002_0031_0031.jpg 1 11 2 31 31
0258_0010_0014_0027_0027.jpg 1 10 14 27 27
0259_0014_0002_0026_0026.jpg 1 14 2 26 26
0260_0013_0005_0029_0029.jpg 1 13 5 29 29
0261_0013_0012_0030_0030.jpg 1 13 12 30 30
0262_0021_0022_0024_0024.jpg 1 21 22 24 24
0263_0016_0009_0031_0031.jpg 1 16 9 31 31
0264_0009_0012_0029_0029.jpg 1 9 12 29 29
0265_0009_0002_0029_0029.jpg 1 9 2 29 29
0266_0006_0005_0031_0031.jpg 1 6 5 31 31
0267_0006_0006_0033_0033.jpg 1 6 6 33 33
0268_0014_0009_0034_0034.jpg 1 14 9 34 34
0269_0011_0003_0030_0030.jpg 1 11 3 30 30
0270_0008_0011_0033_0033.jpg 1 8 11 33 33
0271_0005_0014_0033_0033.jpg 1 5 14 33 33
0272_0008_0007_0031_0031.jpg 1 8 7 31 31
0273_0004_0013_0030_0030.jpg 1 4 13 30 30
0274_0004_0014_0030_0030.jpg 1 4 14 30 30
0275_0003_0002_0034_0034.jpg 1 3 2 34 34
0276_0002_0010_0028_0028.jpg 1 2 10 28 28
0277_0012_0017_0028_0028.jpg 1 12 17 28 28
0278_0011_0008_0024_0024.jpg 1 11 8 24 24
0279_0004_0012_0033_0033.jpg 1 4 12 33 33
0280_0005_0002_0032_0032.jpg 1 5 2 32 32
0281_0008_0003_0033_0033.jpg 1 8 3 33 33
0282_0018_0006_0028_0028.jpg 1 18 6 28 28
0283_0016_0021_0026_0026.jpg 1 16 21 26 26
0284_0012_0012_0031_0031.jpg 1 12 12 31 31
0285_0013_0009_0031_0031.jpg 1 13 9 31 31
0286_0006_0005_0031_0031.jpg 1 6 5 31 31
0287_0018_0010_0029_0029.jpg 1 18 10 29 29
0288_0008_0004_0027_0027.jpg 1 8 4 27 27
0289_0009_0002_0033_0033.jpg 1 9 2 33 33
0290_0015_0009_0033_0033.jpg 1 15 9 33 33
0291_0016_0009_0030_0030.jpg 1 16 9 30 30
0292_0006_0007_0031_0031.jpg 1 6 7 31 31
0293_0005_0010_0034_0034.jpg 1 5 10 34 34
0294_0008_0011_0027_0027.jpg 1 8 11 27 27
0295_0002_0001_0032_0032.jpg 1 2 1 32 32
0296_0018_0010_0028_0028.jpg 1 18 10 28 28
0297_0009_0013_0028_0028.jpg 1 9 13 28 28
0298_0003_0014_0024_0024.jpg 1 3 14 24 24
0299_0009_0004_0026_0026.jpg 1 9 4 26 26
0300_0005_0005_0031_0031.jpg 1 5 5 31 31
0301_0007_0007_0031_0031.jpg 1 7 7 31 31
0302_0005_0009_0033_0033.jpg 1 5 9 33 33
0303_0009_0012_0033_0033.jpg 1 9 12 33 33
0304_0011_0008_0033_0033.jpg 1 11 8 33 33
0305_0007_0007_0032_0032.jpg 1 7 7 32 32
0306_0003_0010_0034_0034.jpg 1 3 10 34 34
0307_0015_0017_0029_0029.jpg 1 15 17 29 29
0308_0004_0006_0030_0030.jpg 1 4 6 30 30
0309_0010_0009_0030_0030.jpg 1 10 9 30 30
0310_0013_0009_0025_0025.jpg 1 13 9 25 25
0311_0016_0010_0026_0026.jpg 1 16 10 26 26
0312_0013_0003_0031_0031.jpg 1 13 3 31 31
0313_0004_0005_0031_0031.jpg 1 4 5 31 31
0314_0010_0002_0029_0029.jpg 1 10 2 29 29
0315_0015_0012_0031_0031.jpg 1 15 12 31 31
0316_0009_0013_0027_0027.jpg 1 9 13 27 27
0317_0021_0021_0024_0024.jpg 1 21 21 24 24
0318_0008_0008_0029_0029.jpg 1 8 8 29 29
0319_0016_0015_0028_0028.jpg 1 16 15 28 28
0320_0006_0014_0025_0025.jpg 1 6 14 25 25
0321_0003_0012_0034_0034.jpg 1 3 12 34 34
0322_0012_0012_0034_0034.jpg 1 12 12 34 34
0323_0006_0003_0029_0029.jpg 1 6 3 29 29
0324_0010_0014_0024_0024.jpg 1 10 14 24 24
0325_0011_0013_0032_0032.jpg 1 11 13 32 32
0326_0014_0013_0030_0030.jpg 1 14 13 30 30
0327_0002_0009_0030_0030.jpg 1 2 9 30 30
0328_0003_0012_0030_0030.jpg 1 3 12 30 30
0329_0011_0011_0031_0031.jpg 1 11 11 31 31
0330_0003_0007_0033_0033.jpg 1 3 7 33 33
0331_0020_0009_0025_0025.jpg 1 20 9 25 25
0332_0003_0004_0034_0034.jpg 1 3 4 34 34
0333_0018_0017_0025_0025.jpg 1 18 17 25 25
0334_0002_0004_0032_0032.jpg 1 2 4 32 32
0335_0013_0014_0028_0028.jpg 1 13 14 28 28
0336_0007_0015_0025_0025.jpg 1 7 15 25 25
0337_0001_0015_0032_0032.jpg 1 1 15 32 32
0338_0014_0008_0030_0030.jpg 1 14 8 30 30
0339_0003_0016_0031_0031.jpg 1 3 16 31 31
0340_0007_0011_0031_0031.jpg 1 7 11 31 31
0341_0005_0015_0029_0029.jpg 1 5 15 29 29
0342_0007_0014_0026_0026.jpg 1 7 14 26 26
0343_0008_0015_0027_0027.jpg 1 8 15 27 27
0344_0003_0017_0029_0029.jpg 1 3 17 29 29
0345_0006_0009_0032_0032.jpg 1 6 9 32 32
0346_0019_0015_0027_0027.jpg 1 19 15 27 27
0347_0011_0004_0028_0028.jpg 1 11 4 28 28
0348_0005_0011_0031_0031.jpg 1 5 11 31 31
0349_0013_0010_0024_0024.jpg 1 13 10 24 24
0350_0012_0007_0033_0033.jpg 1 12 7 33 33
0351_0010_0002_0034_0034.jpg 1 10 2 34 34
0352_0021_0016_0025_0025.jpg 1 21 16 25 25
0353_0011_0005_0029_0029.jpg 1 11 5 29 29
0354_0014_0014_0033_0033.jpg 1 14 14 33 33
0355_0002_0014_0033_0033.jpg 1 2 14 33 33
0356_0004_0002_0029_0029.jpg 1 4 2 29 29
0357_0013_0006_0030_0030.jpg 1 13 6 30 30
0358_0020_0007_0025_0025.jpg 1 20 7 25 25
0359_0018_0005_0025_0025.jpg 1 18 5 25 25
0360_0013_0009_0033_0033.jpg 1 13 9 33 33
0361_0017_0003_0027_0027.jpg 1 17 3 27 27
0362_0013_0009_0031_0031.jpg 1 13 9 31 31
0363_0008_0009_0033_0033.jpg 1 8 9 33 33
0364_0016_0020_0027_0027.jpg 1 16 20 27 27
0365_0005_0017_0028_0028.jpg 1 5 17 28 28
0366_0012_0014_0028_0028.jpg 1 12 14 28 28
0367_0004_0020_0024_0024.jpg 1 4 20 24 24
0368_0009_0005_0031_0031.jpg 1 9 5 31 31
0369_0014_0022_0024_0024.jpg 1 14 22 24 24
0370_0018_0014_0028_0028.jpg 1 18 14 28 28
0371_0012_0014_0025_0025.jpg 1 12 14 25 25
0372_0009_0011_0034_0034.jpg 1 9 11 34 34
0373_0004_0006_0030_0030.jpg 1 4 6 30 30
0374_0002_0015_0029_0029.jpg 1 2 15 29 29
0375_0016_0010_0030_0030.jpg 1 16 10 30 30
0376_0019_0020_0024_0024.jpg 1 19 20 24 24
0377_0007_0008_0031_0031.jpg 1 7 8 31 31
0378_0006_0007_0024_0024.jpg 1 6 7 24 24
0379_0012_0018_0024_0024.jpg 1 12 18 24 24
0380_0014_0001_0032_0032.jpg 1 14 1 32 32
0381_0007_0007_0031_0031.jpg 1 7 7 31 31
0382_0010_0004_0030_0030.jpg 1 10 4 30 30
0383_0016_0016_0027_0027.jpg 1 16 16 27 27
0384_0013_0003_0034_0034.jpg 1 13 3 34 34
0385_0006_0002_0030_0030.jpg 1 6 2 30 30
0386_0011_0006_0033_0033.jpg 1 11 6 33 33
0387_0005_0007_0032_0032.jpg 1 5 7 32 32
0388_0003_0005_0025_0025.jpg 1 3 5 25 25
0389_0015_0003_0032_0032.jpg 1 15 3 32 32
0390_0006_0006_0028_0028.jpg 1 6 6 28 28
0391_0017_0019_0026_0026.jpg 1 17 19 26 26
0392_0014_0012_0029_0029.jpg 1 14 12 29 29
0393_0019_0003_0026_0026.jpg 1 19 3 26 26
0394_0011_0004_0028_0028.jpg 1 11 4 28 28
0395_0020_0021_0025_0025.jpg 1 20 21 25 25
0396_0008_0009_0032_0032.jpg 1 8 9 32 32
0397_0014_0012_0025_0025.jpg 1 14 12 25 25
0398_0015_0017_0025_0025.jpg 1 15 17 25 25
0399_0013_0007_0030_0030.jpg 1 13 7 30 30
0400_0016_0003_0026_0026.jpg 1 16 3 26 26
0401_0007_0017_0029_0029.jpg 1 7 17 29 29
0402_0014_0016_0030_0030.jpg 1 14 16 30 30
0403_0015_0018_0027_0027.jpg 1 15 18 27 27
0404_0019_0005_0027_0027.jpg 1 19 5 27 27
0405_0004_0010_0031_0031.jpg 1 4 10 31 31
0406_0008_0014_0026_0026.jpg 1 8 14 26 26
0407_0012_0002_0034_0034.jpg 1 12 2 34 34
0408_0001_0002_0034_0034.jpg 1 1 2 34 34
0409_0001_0015_0033_0033.jpg 1 1 15 33 33
0410_0019_0015_0027_0027.jpg 1 19 15 27 27
0411_0010_0003_0031_0031.jpg 1 10 3 31 31
0412_0001_0007_0031_0031.jpg 1 1 7 31 31
0413_0014_0011_0032_0032.jpg 1 14 11 32 32
0414_0022_0002_0025_0025.jpg 1 22 2 25 25
0415_0008_0007_0032_0032.jpg 1 8 7 32 32
0416_0016_0012_0026_0026.jpg 1 16 12 26 26
0417_0014_0022_0024_0024.jpg 1 14 22 24 24
0418_0003_0017_0027_0027.jpg 1 3 17 27 27
0419_0004_0019_0027_0027.jpg 1 4 19 27 27
0420_0013_0006_0026_0026.jpg 1 13 6 26 26
0421_0015_0010_0025_0025.jpg 1 15 10 25 25
0422_0004_0013_0031_0031.jpg 1 4 13 31 31
0423_0016_0012_0028_0028.jpg 1 16 12 28 28
0424_0012_0014_0029_0029.jpg 1 12 14 29 29
0425_0009_0002_0032_0032.jpg 1 9 2 32 32
0426_0008_0013_0026_0026.jpg 1 8 13 26 26
0427_0017_0010_0026_0026.jpg 1 17 10 26 26
0428_0005_0010_0028_0028.jpg 1 5 10 28 28
0429_0008_0008_0032_0032.jpg 1 8 8 32 32
0430_0008_0019_0027_0027.jpg 1 8 19 27 27
0431_0003_0011_0027_0027.jpg 1 3 11 27 27
0432_0006_0004_0028_0028.jpg 1 6 4 28 28
0433_0006_0015_0033_0033.jpg 1 6 15 33 33
0434_0002_0018_0025_0025.jpg 1 2 18 25 25
0435_0005_0002_0032_0032.jpg 1 5 2 32 32
0436_0019_0005_0024_0024.jpg 1 19 5 24 24
0437_0002_0003_0029_0029.jpg 1 2 3 29 29
0438_0012_0006_0026_0026.jpg 1 12 6 26 26
0439_0011_0008_0029_0029.jpg 1 11 8 29 29
0440_0012_0011_0033_0033.jpg 1 12 11 33 33
0441_0008_0011_0030_0030.jpg 1 8 11 30 30
0442_0014_0002_0028_0028.jpg 1 14 2 28 28
0443_0015_0015_0028_0028.jpg 1 15 15 28 28
0444_0006_0018_0029_0029.jpg 1 6 18 29 29
0445_0008_0008_0033_0033.jpg 1 8 8 33 33
0446_0016_0014_0030_0030.jpg 1 16 14 30 30
0447_0008_0014_0029_0029.jpg 1 8 14 29 29
0448_0002_0010_0033_0033.jpg 1 2 10 33 33
0449_0013_0009_0034_0034.jpg 1 13 9 34 34
0450_0006_0011_0025_0025.jpg 1 6 11 25 25
0451_0015_0010_0024_0024.jpg 1 15 10 24 24
0452_0004_0016_0031_0031.jpg 1 4 16 31 31
0453_0018_0020_0024_0024.jpg 1 18 20 24 24
0454_0006_0015_0032_0032.jpg 1 6 15 32 32
0455_0008_0012_0027_0027.jpg 1 8 12 27 27
0456_0006_0009_0033_0033.jpg 1 6 9 33 33
0457_0003_0009_0026_0026.jpg 1 3 9 26 26
0458_0011_0004_0030_0030.jpg 1 11 4 30 30
0459_0010_0002_0029_0029.jpg 1 10 2 29 29
0460_0011_0011_0034_0034.jpg 1 11 11 34 34
0461_0019_0006_0027_0027.jpg 1 19 6 27 27
0462_0005_0002_0033_0033.jpg 1 5 2 33 33
0463_0018_0006_0028_0028.jpg 1 18 6 28 28
0464_0008_0005_0031_0031.jpg 1 8 5 31 31
0465_0014_0007_0030_0030.jpg 1 14 7 30 30
0466_0013_0002_0031_0031.jpg 1 13 2 31 31
0467_0009_0020_0025_0025.jpg 1 9 20 25 25
0468_0017_0015_0025_0025.jpg 1 17 15 25 25
0469_0008_0003_0030_0030.jpg 1 8 3 30 30
0470_0015_0005_0030_0030.jpg 1 15 5 30 30
0471_0008_0006_0024_0024.jpg 1 8 6 24 24
0472_0004_0002_0029_0029.jpg 1 4 2 29 29
0473_0013_0002_0033_0033.jpg 1 13 2 33 33
0474_0013_0002_0028_0028.jpg 1 13 2 28 28
0475_0002_0013_0025_0025.jpg 1 2 13 25 25
0476_0016_0011_0024_0024.jpg 1 16 11 24 24
0477_0004_0010_0034_0034.jpg 1 4 10 34 34
0478_0004_0011_0029_0029.jpg 1 4 11 29 29
0479_0016_0006_0030_0030.jpg 1 16 6 30 30
0480_0011_0008_0032_0032.jpg 1 11 8 32 32
0481_0003_0018_0029_0029.jpg 1 3 18 29 29
0482_0008_0006_0027_0027.jpg 1 8 6 27 27
0483_0015_0005_0028_0028.jpg 1 15 5 28 28
0484_0007_0004_0032_0032.jpg 1 7 4 32 32
0485_0012_0011_0027_0027.jpg 1 12 11 27 27
0486_0007_0007_0024_0024.jpg 1 7 7 24 24
0487_0014_0006_0025_0025.jpg 1 14 6 25 25
0488_0014_0014_0032_0032.jpg 1 14 14 32 32
0489_0009_0019_0028_0028.jpg 1 9 19 28 28
0490_0004_0003_0029_0029.jpg 1 4 3 29 29
0491_0007_0012_0033_0033.jpg 1 7 12 33 33
0492_0012_0003_0024_0024.jpg 1 12 3 24 24
0493_0012_0012_0029_0029.jpg 1 12 12 29 29
0494_0003_0011_0027_0027.jpg 1 3 11 27 27
0495_0003_0019_0024_0024.jpg 1 3 19 24 24
0496_0002_0005_0034_0034.jpg 1 2 5 34 34
0497_0008_0003_0030_0030.jpg 1 8 3 30 30
0498_0014_0005_0032_0032.jpg 1 14 5 32 32
0499_0015_0002_0028_0028.jpg 1 15 2 28 28
0500_0013_0009_0032_0032.jpg 1 13 9 32 32
0501_0004_0015_0024_0024.jpg 1 4 15 24 24
0502_0004_0013_0032_0032.jpg 1 4 13 32 32
0503_0009_0005_0029_0029.jpg 1 9 5 29 29
0504_0015_0015_0030_0030.jpg 1 15 15 30 30
0505_0008_0003_0026_0026.jpg 1 8 3 26 26
0506_0021_0009_0025_0025.jpg 1 21 9 25 25
0507_0005_0016_0024_0024.jpg 1 5 16 24 24
0508_0011_0008_0028_0028.jpg 1 11 8 28 28
0509_0003_0010_0026_0026.jpg 1 3 10 26 26
0510_0005_0006_0032_0032.jpg 1 5 6 32 32
0511_0013_0013_0032_0032.jpg 1 13 13 32 32
0512_0009_0020_0025_0025.jpg 1 9 20 25 25
0513_0007_0010_0025_0025.jpg 1 7 10 25 25
0514_0009_0010_0027_0027.jpg 1 9 10 27 27
0515_0002_0017_0027_0027.jpg 1 2 17 27 27
0516_0009_0015_0028_0028.jpg 1 9 15 28 28
0517_0007_0002_0033_0033.jpg 1 7 2 33 33
0518_0010_0014_0030_0030.jpg 1 10 14 30 30
0519_0004_0016_0030_0030.jpg 1 4 16 30 30
0520_0002_0012_0034_0034.jpg 1 2 12 34 34
0521_0008_0002_0034_0034.jpg 1 8 2 34 34
0522_0008_0012_0034_0034.jpg 1 8 12 34 34
0523_0021_0011_0025_0025.jpg 1 21 11 25 25
0524_0013_0005_0034_0034.jpg 1 13 5 34 34
0525_0019_0011_0027_0027.jpg 1 19 11 27 27
0526_0008_0007_0025_0025.jpg 1 8 7 25 25
0527_0014_0011_0032_0032.jpg 1 14 11 32 32
0528_0004_0020_0024_0024.jpg 1 4 20 24 24
0529_0008_0006_0030_0030.jpg 1 8 6 30 30
0530_0016_0009_0029_0029.jpg 1 16 9 29 29
0531_0003_0021_0026_0026.jpg 1 3 21 26 26
0532_0012_0006_0033_0033.jpg 1 12 6 33 33
0533_0010_0007_0033_0033.jpg 1 10 7 33 33
0534_0011_0012_0031_0031.jpg 1 11 12 31 31
0535_0002_0012_0031_0031.jpg 1 2 12 31 31
0536_0007_0014_0026_0026.jpg 1 7 14 26 26
0537_0009_0010_0032_0032.jpg 1 9 10 32 32
0538_0016_0011_0031_0031.jpg 1 16 11 31 31
0539_0006_0019_0028_0028.jpg 1 6 19 28 28
0540_0014_0008_0025_0025.jpg 1 14 8 25 25
0541_0018_0016_0025_0025.jpg 1 18 16 25 25
0542_0011_0010_0024_0024.jpg 1 11 10 24 24
0543_0003_0017_0028_0028.jpg 1 3 17 28 28
0544_0004_0005_0033_0033.jpg 1 4 5 33 33
0545_0004_0005_0033_0033.jpg 1 4 5 33 33
0546_0021_0006_0025_0025.jpg 1 21 6 25 25
0547_0007_0008_0034_0034.jpg 1 7 8 34 34
0548_0012_0008_0034_0034.jpg 1 12 8 34 34
0549_0014_0006_0031_0031.jpg 1 14 6 31 31
0550_0010_0007_0034_0034.jpg 1 10 7 34 34
0551_0020_0017_0027_0027.jpg 1 20 17 27 27
0552_0007_0012_0029_0029.jpg 1 7 12 29 29
0553_0005_0004_0032_0032.jpg 1 5 4 32 32
0554_0009_0015_0027_0027.jpg 1 9 15 27 27
0555_0008_0011_0034_0034.jpg 1 8 11 34 34
0556_0011_0004_0028_0028.jpg 1 11 4 28 28
0557_0019_0019_0026_0026.jpg 1 19 19 26 26
0558_0017_0015_0029_0029.jpg 1 17 15 29 29
0559_0012_0016_0025_0025.jpg 1 12 16 25 25
0560_0005_0002_0030_0030.jpg 1 5 2 30 30
0561_0011_0015_0031_0031.jpg 1 11 15 31 31
0562_0013_0014_0033_0033.jpg 1 13 14 33 33
0563_0008_0009_0030_0030.jpg 1 8 9 30 30
0564_0015_0002_0033_0033.jpg 1 15 2 33 33
0565_0009_0007_0032_0032.jpg 1 9 7 32 32
0566_0005_0009_0029_0029.jpg 1 5 9 29 29
0567_0010_0015_0030_0030.jpg 1 10 15 30 30
0568_0012_0009_0030_0030.jpg 1 12 9 30 30
0569_0015_0017_0030_0030.jpg 1 15 17 30 30
0570_0006_0003_0027_0027.jpg 1 6 3 27 27
0571_0005_0013_0032_0032.jpg 1 5 13 32 32
0572_0004_0013_0031_0031.jpg 1 4 13 31 31
0573_0006_0018_0024_0024.jpg 1 6 18 24 24
0574_0003_0002_0030_0030.jpg 1 3 2 30 30
0575_0015_0014_0027_0027.jpg 1 15 14 27 27
0576_0013_0013_0030_0030.jpg 1 13 13 30 30
0577_0015_0009_0024_0024.jpg 1 15 9 24 24
0578_0011_0008_0030_0030.jpg 1 11 8 30 30
0579_0011_0012_0031_0031.jpg 1 11 12 31 31
0580_0015_0009_0028_0028.jpg 1 15 9 28 28
0581_0010_0016_0025_0025.jpg 1 10 16 25 25
0582_0008_0006_0034_0034.jpg 1 8 6 34 34
0583_0004_0002_0031_0031.jpg 1 4 2 31 31
0584_0009_0008_0031_0031.jpg 1 9 8 31 31
0585_0019_0015_0025_0025.jpg 1 19 15 25 25
0586_0002_0019_0028_0028.jpg 1 2 19 28 28
0587_0014_0008_0034_0034.jpg 1 14 8 34 34
0588_0013_0008_0029_0029.jpg 1 13 8 29 29
0589_0018_0003_0029_0029.jpg 1 18 3 29 29
0590_0002_0004_0029_0029.jpg 1 2 4 29 29
0591_0018_0018_0029_0029.jpg 1 18 18 29 29
0592_0009_0008_0025_0025.jpg 1 9 8 25 25
0593_0017_0015_0030_0030.jpg 1 17 15 30 30
0594_0021_0010_0024_0024.jpg 1 21 10 24 24
0595_0011_0011_0031_0031.jpg 1 11 11 31 31
0596_0017_0004_0029_0029.jpg 1 17 4 29 29
0597_0018_0010_0027_0027.jpg 1 18 10 27 27
0598_0002_0003_0032_0032.jpg 1 2 3 32 32
0599_0002_0011_0031_0031.jpg 1 2 11 31 31
0600_0003_0003_0029_0029.jpg 1 3 3 29 29
0601_0005_0010_0033_0033.jpg 1 5 10 33 33
0602_0010_0009_0028_0028.jpg 1 10 9 28 28
0603_0016_0015_0030_0030.jpg 1 16 15 30 30
0604_0010_0014_0028_0028.jpg 1 10 14 28 28
0605_0006_0003_0032_0032.jpg 1 6 3 32 32
0606_0010_0003_0033_0033.jpg 1 10 3 33 33
0607_0012_0015_0031_0031.jpg 1 12 15 31 31
0608_0017_0010_0027_0027.jpg 1 17 10 27 27
0609_0014_0009_0028_0028.jpg 1 14 9 28 28
0610_0018_0009_0027_0027.jpg 1 18 9 27 27
0611_0011_0023_0024_0024.jpg 1 11 23 24 24
0612_0003_0021_0024_0024.jpg 1 3 21 24 24
0613_0005_0011_0031_0031.jpg 1 5 11 31 31
0614_0008_0018_0026_0026.jpg 1 8 18 26 26
0615_0019_0018_0028_0028.jpg 1 19 18 28 28
0616_0012_0022_0024_0024.jpg 1 12 22 24 24
0617_0004_0007_0033_0033.jpg 1 4 7 33 33
0618_0008_0009_0034_0034.jpg 1 8 9 34 34
0619_0005_0010_0028_0028.jpg 1 5 10 28 28
0620_0020_0022_0024_0024.jpg 1 20 22 24 24
0621_0011_0009_0027_0027.jpg 1 11 9 27 27
0622_0005_0013_0027_0027.jpg 1 5 13 27 27
0623_0009_0016_0027_0027.jpg 1 9 16 27 27
0624_0010_0015_0025_0025.jpg 1 10 15 25 25
0625_0009_0006_0033_0033.jpg 1 9 6 33 33
0626_0002_0012_0034_0034.jpg 1 2 12 34 34
0627_0008_0003_0033_0033.jpg 1 8 3 33 33
0628_0007_0013_0028_0028.jpg 1 7 13 28 28
0629_0003_0004_0025_0025.jpg 1 3 4 25 25
0630_0009_0014_0031_0031.jpg 1 9 14 31 31
0631_0017_0018_0024_0024.jpg 1 17 18 24 24
0632_0011_0015_0024_0024.jpg 1 11 15 24 24
0633_0018_0007_0024_0024.jpg 1 18 7 24 24
0634_0016_0009_0031_0031.jpg 1 16 9 31 31
0635_0003_0015_0032_0032.jpg 1 3 15 32 32
0636_0004_0003_0034_0034.jpg 1 4 3 34 34
0637_0013_0006_0034_0034.jpg 1 13 6 34 34
0638_0004_0006_0025_0025.jpg 1 4 6 25 25
0639_0002_0013_0034_0034.jpg 1 2 13 34 34
0640_0012_0005_0031_0031.jpg 1 12 5 31 31
0641_0015_0008_0028_0028.jpg 1 15 8 28 28
0642_0019_0003_0026_0026.jpg 1 19 3 26 26
0643_0006_0005_0033_0033.jpg 1 6 5 33 33
0644_0021_0007_0025_0025.jpg 1 21 7 25 25
0645_0005_0009_0033_0033.jpg 1 5 9 33 33
0646_0012_0002_0030_0030.jpg 1 12 2 30 30
0647_0011_0018_0028_0028.jpg 1 11 18 28 28
0648_0016_0015_0031_0031.jpg 1 16 15 31 31
0649_0017_0021_0025_0025.jpg 1 17 21 25 25
0650_0014_0012_0024_0024.jpg 1 14 12 24 24
0651_0008_0008_0029_0029.jpg 1 8 8 29 29
0652_0009_0015_0025_0025.jpg 1 9 15 25 25
0653_0013_0012_0025_0025.jpg 1 13 12 25 25
0654_0017_0014_0025_0025.jpg 1 17 14 25 25
0655_0003_0008_0034_0034.jpg 1 3 8 34 34
0656_0008_0016_0026_0026.jpg 1 8 16 26 26
0657_0005_0002_0033_0033.jpg 1 5 2 33 33
0658_0004_0020_0024_0024.jpg 1 4 20 24 24
0659_0004_0020_0025_0025.jpg 1 4 20 25 25
0660_0008_0006_0026_0026.jpg 1 8 6 26 26
0661_0003_0002_0025_0025.jpg 1 3 2 25 25
0662_0012_0011_0026_0026.jpg 1 12 11 26 26
0663_0003_0004_0033_0033.jpg 1 3 4 33 33
0664_0012_0020_0026_0026.jpg 1 12 20 26 26
0665_0003_0010_0031_0031.jpg 1 3 10 31 31
0666_0017_0022_0024_0024.jpg 1 17 22 24 24
0667_0003_0002_0028_0028.jpg 1 3 2 28 28
0668_0015_0005_0032_0032.jpg 1 15 5 32 32
0669_0011_0010_0025_0025.jpg 1 11 10 25 25
0670_0010_0018_0029_0029.jpg 1 10 18 29 29
0671_0007_0012_0034_0034.jpg 1 7 12 34 34
0672_0009_0006_0028_0028.jpg 1 9 6 28 28
0673_0011_0010_0033_0033.jpg 1 11 10 33 33
0674_0014_0006_0024_0024.jpg 1 14 6 24 24
0675_0013_0007_0025_0025.jpg 1 13 7 25 25
0676_0007_0011_0029_0029.jpg 1 7 11 29 29
0677_0011_0004_0030_0030.jpg 1 11 4 30 30
0678_0012_0011_0032_0032.jpg 1 12 11 32 32
0679_0012_0003_0025_0025.jpg 1 12 3 25 25
0680_0014_0011_0032_0032.jpg 1 14 11 32 32
0681_0009_0013_0029_0029.jpg 1 9 13 29 29
0682_0019_0009_0026_0026.jpg 1 19 9 26 26
0683_0011_0008_0032_0032.jpg 1 11 8 32 32
0684_0017_0020_0027_0027.jpg 1 17 20 27 27
0685_0004_0003_0025_0025.jpg 1 4 3 25 25
0686_0006_0018_0026_0026.jpg 1 6 18 26 26
0687_0005_0011_0032_0032.jpg 1 5 11 32 32
0688_0016_0003_0030_0030.jpg 1 16 3 30 30
0689_0010_0016_0025_0025.jpg 1 10 16 25 25
0690_0009_0007_0028_0028.jpg 1 9 7 28 28
0691_0015_0015_0026_0026.jpg 1 15 15 26 26
0692_0017_0010_0024_0024.jpg 1 17 10 24 24
0693_0002_0011_0030_0030.jpg 1 2 11 30 30
0694_0020_0019_0027_0027.jpg 1 20 19 27 27
0695_0016_0007_0031_0031.jpg 1 16 7 31 31
0696_0011_0015_0032_0032.jpg 1 11 15 32 32
0697_0014_0009_0025_0025.jpg 1 14 9 25 25
0698_0018_0003_0025_0025.jpg 1 18 3 25 25
0699_0003_0005_0034_0034.jpg 1 3 5 34 34
0700_0013_0010_0031_0031.jpg 1 13 10 31 31
0701_0003_0005_0034_0034.jpg 1 3 5 34 34
0702_0009_0008_0032_0032.jpg 1 9 8 32 32
0703_0014_0012_0029_0029.jpg 1 14 12 29 29
0704_0005_0015_0032_0032.jpg 1 5 15 32 32
0705_0010_0007_0025_0025.jpg 1 10 7 25 25
0706_0003_0004_0034_0034.jpg 1 3 4 34 34
0707_0010_0014_0029_0029.jpg 1 10 14 29 29
0708_0007_0005_0027_0027.jpg 1 7 5 27 27
0709_0019_0016_0025_0025.jpg 1 19 16 25 25
0710_0003_0010_0032_0032.jpg 1 3 10 32 32
0711_0006_0009_0031_0031.jpg 1 6 9 31 31
0712_0016_0015_0032_0032.jpg 1 16 15 32 32
0713_0008_0008_0027_0027.jpg 1 8 8 27 27
0714_0004_0013_0024_0024.jpg 1 4 13 24 24
0715_0009_0016_0028_0028.jpg 1 9 16 28 28
0716_0008_0017_0028_0028.jpg 1 8 17 28 28
0717_0018_0004_0025_0025.jpg 1 18 4 25 25
0718_0006_0019_0026_0026.jpg 1 6 19 26 26
0719_0019_0004_0028_0028.jpg 1 19 4 28 28
0720_0006_0005_0034_0034.jpg 1 6 5 34 34
0721_0007_0005_0032_0032.jpg 1 7 5 32 32
0722_0009_0010_0030_0030.jpg 1 9 10 30 30
0723_0003_0017_0024_0024.jpg 1 3 17 24 24
0724_0002_0010_0027_0027.jpg 1 2 10 27 27
0725_0018_0005_0029_0029.jpg 1 18 5 29 29
0726_0013_0010_0025_0025.jpg 1 13 10 25 25
0727_0007_0009_0031_0031.jpg 1 7 9 31 31
0728_0016_0010_0025_0025.jpg 1 16 10 25 25
0729_0011_0008_0033_0033.jpg 1 11 8 33 33
0730_0009_0012_0028_0028.jpg 1 9 12 28 28
0731_0004_0008_0030_0030.jpg 1 4 8 30 30
0732_0008_0002_0033_0033.jpg 1 8 2 33 33
0733_0002_0005_0033_0033.jpg 1 2 5 33 33
0734_0017_0016_0025_0025.jpg 1 17 16 25 25
0735_0003_0019_0025_0025.jpg 1 3 19 25 25
0736_0003_0014_0031_0031.jpg 1 3 14 31 31
0737_0020_0003_0026_0026.jpg 1 20 3 26 26
0738_0004_0012_0029_0029.jpg 1 4 12 29 29
0739_0009_0017_0029_0029.jpg 1 9 17 29 29
0740_0011_0009_0034_0034.jpg 1 11 9 34 34
0741_0012_0012_0033_0033.jpg 1 12 12 33 33
0742_0007_0006_0028_0028.jpg 1 7 6 28 28
0743_0011_0016_0025_0025.jpg 1 11 16 25 25
0744_0015_0015_0024_0024.jpg 1 15 15 24 24
0745_0014_0016_0031_0031.jpg 1 14 16 31 31
0746_0009_0007_0030_0030.jpg 1 9 7 30 30
0747_0010_0005_0032_0032.jpg 1 10 5 32 32
0748_0009_0005_0028_0028.jpg 1 9 5 28 28
0749_0008_0012_0033_0033.jpg 1 8 12 33 33
0750_0012_0018_0027_0027.jpg 1 12 18 27 27
0751_0020_0009_0027_0027.jpg 1 20 9 27 27
0752_0004_0014_0031_0031.jpg 1 4 14 31 31
0753_0008_0017_0026_0026.jpg 1 8 17 26 26
0754_0013_0002_0032_0032.jpg 1 13 2 32 32
0755_0010_0017_0024_0024.jpg 1 10 17 24 24
0756_0007_0004_0033_0033.jpg 1 7 4 33 33
0757_0005_0012_0034_0034.jpg 1 5 12 34 34
0758_0005_0008_0028_0028.jpg 1 5 8 28 28
0759_0011_0008_0029_0029.jpg 1 11 8 29 29
0760_0017_0014_0024_0024.jpg 1 17 14 24 24
0761_0010_0013_0032_0032.jpg 1 10 13 32 32
0762_0014_0013_0033_0033.jpg 1 14 13 33 33
0763_0012_0010_0034_0034.jpg 1 12 10 34 34
0764_0011_0006_0033_0033.jpg 1 11 6 33 33
0765_0007_0010_0032_0032.jpg 1 7 10 32 32
0766_0017_0003_0029_0029.jpg 1 17 3 29 29
0767_0008_0010_0029_0029.jpg 1 8 10 29 29
0768_0007_0017_0026_0026.jpg 1 7 17 26 26
0769_0003_0008_0029_0029.jpg 1 3 8 29 29
0770_0004_0018_0025_0025.jpg 1 4 18 25 25
0771_0006_0008_0031_0031.jpg 1 6 8 31 31
0772_0014_0010_0032_0032.jpg 1 14 10 32 32
0773_0007_0004_0034_0034.jpg 1 7 4 34 34
0774_0009_0012_0032_0032.jpg 1 9 12 32 32
0775_0005_0023_0024_0024.jpg 1 5 23 24 24
0776_0012_0003_0033_0033.jpg 1 12 3 33 33
0777_0012_0019_0026_0026.jpg 1 12 19 26 26
0778_0007_0012_0033_0033.jpg 1 7 12 33 33
0779_0019_0006_0024_0024.jpg 1 19 6 24 24
0780_0010_0017_0028_0028.jpg 1 10 17 28 28
0781_0015_0016_0028_0028.jpg 1 15 16 28 28
0782_0002_0003_0026_0026.jpg 1 2 3 26 26
0783_0002_0015_0032_0032.jpg 1 2 15 32 32
0784_0015_0011_0027_0027.jpg 1 15 11 27 27
0785_0004_0004_0032_0032.jpg 1 4 4 32 32
0786_0004_0015_0029_0029.jpg 1 4 15 29 29
0787_0006_0019_0028_0028.jpg 1 6 19 28 28
0788_0007_0009_0030_0030.jpg 1 7 9 30 30
0789_0007_0004_0031_0031.jpg 1 7 4 31 31
0790_0012_0011_0024_0024.jpg 1 12 11 24 24
0791_0009_0006_0026_0026.jpg 1 9 6 26 26
0792_0007_0017_0030_0030.jpg 1 7 17 30 30
0793_0002_0009_0034_0034.jpg 1 2 9 34 34
0794_0004_0011_0025_0025.jpg 1 4 11 25 25
0795_0002_0002_0029_0029.jpg 1 2 2 29 29
0796_0009_0014_0029_0029.jpg 1 9 14 29 29
0797_0007_0013_0025_0025.jpg 1 7 13 25 25
0798_0005_0010_0027_0027.jpg 1 5 10 27 27
0799_0002_0003_0033_0033.jpg 1 2 3 33 33
0800_0013_0010_0024_0024.jpg 1 13 10 24 24
0801_0005_0019_0024_0024.jpg 1 5 19 24 24
0802_0012_0004_0032_0032.jpg 1 12 4 32 32
0803_0017_0007_0024_0024.jpg 1 17 7 24 24
0804_0010_0012_0033_0033.jpg 1 10 12 33 33
0805_0008_0013_0028_0028.jpg 1 8 13 28 28
0806_0015_0009_0031_0031.jpg 1 15 9 31 31
0807_0010_0006_0030_0030.jpg 1 10 6 30 30
0808_0014_0009_0032_0032.jpg 1 14 9 32 32
0809_0002_0014_0031_0031.jpg 1 2 14 31 31
0810_0005_0017_0027_0027.jpg 1 5 17 27 27
0811_0015_0006_0028_0028.jpg 1 15 6 28 28
0812_0018_0014_0029_0029.jpg 1 18 14 29 29
0813_0015_0006_0031_0031.jpg 1 15 6 31 31
0814_0006_0005_0033_0033.jpg 1 6 5 33 33
0815_0006_0013_0030_0030.jpg 1 6 13 30 30
0816_0010_0008_0034_0034.jpg 1 10 8 34 34
0817_0003_0012_0028_0028.jpg 1 3 12 28 28
0818_0003_0004_0027_0027.jpg 1 3 4 27 27
0819_0005_0013_0026_0026.jpg 1 5 13 26 26
0820_0004_0010_0027_0027.jpg 1 4 10 27 27
0821_0004_0006_0030_0030.jpg 1 4 6 30 30
0822_0002_0007_0032_0032.jpg 1 2 7 32 32
0823_0007_0006_0026_0026.jpg 1 7 6 26 26
0824_0020_0008_0024_0024.jpg 1 20 8 24 24
0825_0013_0013_0029_0029.jpg 1 13 13 29 29
0826_0006_0013_0026_0026.jpg 1 6 13 26 26
0827_0014_0005_0030_0030.jpg 1 14 5 30 30
