0001_0008_0009_0033_0033.jpg 1 8 9 33 33
0002_0008_0006_0033_0033.jpg 1 8 6 33 33
0003_0010_0016_0029_0029.jpg 1 10 16 29 29
0004_0016_0010_0024_0024.jpg 1 16 10 24 24
0005_0018_0017_0028_0028.jpg 1 18 17 28 28
0006_0002_0008_0030_0030.jpg 1 2 8 30 30
0007_0003_0013_0027_0027.jpg 1 3 13 27 27
0008_0002_0010_0034_0034.jpg 1 2 10 34 34
0009_0006_0006_0031_0031.jpg 1 6 6 31 31
0010_0020_0014_0026_0026.jpg 1 20 14 26 26
0011_0018_0023_0024_0024.jpg 1 18 23 24 24
0012_0014_0004_0032_0032.jpg 1 14 4 32 32
0013_0006_0015_0031_0031.jpg 1 6 15 31 31
0014_0010_0014_0031_0031.jpg 1 10 14 31 31
0015_0002_0003_0031_0031.jpg 1 2 3 31 31
0016_0007_0007_0031_0031.jpg 1 7 7 31 31
0017_0005_0019_0028_0028.jpg 1 5 19 28 28
0018_0012_0003_0027_0027.jpg 1 12 3 27 27
0019_0017_0015_0024_0024.jpg 1 17 15 24 24
0020_0007_0017_0030_0030.jpg 1 7 17 30 30
0021_0011_0003_0028_0028.jpg 1 11 3 28 28
0022_0013_0006_0034_0034.jpg 1 13 6 34 34
0023_0012_0010_0034_0034.jpg 1 12 10 34 34
0024_0009_0012_0029_0029.jpg 1 9 12 29 29
0025_0010_0011_0026_0026.jpg 1 10 11 26 26
0026_0020_0013_0025_0025.jpg 1 20 13 25 25
0027_0018_0014_0024_0024.jpg 1 18 14 24 24
0028_0014_0002_0033_0033.jpg 1 14 2 33 33
0029_0011_0009_0026_0026.jpg 1 11 9 26 26
0030_0014_0014_0033_0033.jpg 1 14 14 33 33
0031_0004_0010_0024_0024.jpg 1 4 10 24 24
0032_0009_0004_0029_0029.jpg 1 9 4 29 29
0033_0012_0003_0028_0028.jpg 1 12 3 28 28
0034_0006_0009_0034_0034.jpg 1 6 9 34 34
0035_0014_0013_0025_0025.jpg 1 14 13 25 25
0036_0014_0005_0033_0033.jpg 1 14 5 33 33
0037_0009_0011_0034_0034.jpg 1 9 11 34 34
0038_0007_0007_0028_0028.jpg 1 7 7 28 28
0039_0007_0004_0030_0030.jpg 1 7 4 30 30
0040_0013_0005_0026_0026.jpg 1 13 5 26 26
0041_0017_0018_0026_0026.jpg 1 17 18 26 26
0042_0015_0015_0029_0029.jpg 1 15 15 29 29
0043_0013_0009_0034_0034.jpg 1 13 9 34 34
0044_0007_0004_0026_0026.jpg 1 7 4 26 26
0045_0002_0017_0027_0027.jpg 1 2 17 27 27
0046_0019_0008_0025_0025.jpg 1 19 8 25 25
0047_0003_0019_0026_0026.jpg 1 3 19 26 26
0048_0002_0013_0034_0034.jpg 1 2 13 34 34
0049_0005_0013_0031_0031.jpg 1 5 13 31 31
0050_0021_0004_0024_0024.jpg 1 21 4 24 24
0051_0004_0004_0029_0029.jpg 1 4 4 29 29
0052_0012_0013_0028_0028.jpg 1 12 13 28 28
0053_0015_0002_0032_0032.jpg 1 15 2 32 32
0054_0022_0015_0024_0024.jpg 1 22 15 24 24
0055_0005_0012_0030_0030.jpg 1 5 12 30 30
0056_0005_0003_0031_0031.jpg 1 5 3 31 31
0057_0004_0017_0025_0025.jpg 1 4 17 25 25
0058_0016_0013_0024_0024.jpg 1 16 13 24 24
0059_0007_0007_0025_0025.jpg 1 7 7 25 25
0060_0006_0004_0032_0032.jpg 1 6 4 32 32
0061_0006_0016_0025_0025.jpg 1 6 16 25 25
0062_0011_0006_0033_0033.jpg 1 11 6 33 33
0063_0016_0023_0024_0024.jpg 1 16 23 24 24
0064_0005_0002_0026_0026.jpg 1 5 2 26 26
0065_0017_0010_0024_0024.jpg 1 17 10 24 24
0066_0010_0012_0026_0026.jpg 1 10 12 26 26
0067_0008_0008_0026_0026.jpg 1 8 8 26 26
0068_0010_0008_0031_0031.jpg 1 10 8 31 31
0069_0006_0017_0025_0025.jpg 1 6 17 25 25
0070_0007_0013_0032_0032.jpg 1 7 13 32 32
0071_0016_0004_0029_0029.jpg 1 16 4 29 29
0072_0018_0021_0025_0025.jpg 1 18 21 25 25
0073_0020_0010_0024_0024.jpg 1 20 10 24 24
0074_0006_0017_0028_0028.jpg 1 6 17 28 28
0075_0010_0011_0033_0033.jpg 1 10 11 33 33
0076_0018_0019_0025_0025.jpg 1 18 19 25 25
0077_0007_0013_0034_0034.jpg 1 7 13 34 34
0078_0012_0015_0032_0032.jpg 1 12 15 32 32
0079_0012_0009_0029_0029.jpg 1 12 9 29 29
0080_0003_0004_0032_0032.jpg 1 3 4 32 32
0081_0006_0008_0027_0027.jpg 1 6 8 27 27
0082_0021_0008_0024_0024.jpg 1 21 8 24 24
0083_0001_0011_0031_0031.jpg 1 1 11 31 31
0084_0012_0014_0026_0026.jpg 1 12 14 26 26
0085_0002_0018_0025_0025.jpg 1 2 18 25 25
0086_0010_0002_0032_0032.jpg 1 10 2 32 32
0087_0006_0017_0028_0028.jpg 1 6 17 28 28
0088_0016_0017_0030_0030.jpg 1 16 17 30 30
0089_0011_0003_0032_0032.jpg 1 11 3 32 32
0090_0013_0014_0033_0033.jpg 1 13 14 33 33
0091_0010_0012_0032_0032.jpg 1 10 12 32 32
0092_0010_0006_0032_0032.jpg 1 10 6 32 32
0093_0004_0003_0034_0034.jpg 1 4 3 34 34
0094_0010_0009_0033_0033.jpg 1 10 9 33 33
0095_0009_0013_0030_0030.jpg 1 9 13 30 30
0096_0021_0009_0026_0026.jpg 1 21 9 26 26
0097_0009_0009_0026_0026.jpg 1 9 9 26 26
0098_0005_0005_0034_0034.jpg 1 5 5 34 34
0099_0003_0007_0030_0030.jpg 1 3 7 30 30
0100_0015_0006_0024_0024.jpg 1 15 6 24 24
0101_0009_0002_0029_0029.jpg 1 9 2 29 29
0102_0001_0005_0033_0033.jpg 1 1 5 33 33
0103_0005_0006_0032_0032.jpg 1 5 6 32 32
0104_0011_0002_0033_0033.jpg 1 11 2 33 33
0105_0003_0002_0026_0026.jpg 1 3 2 26 26
0106_0015_0014_0033_0033.jpg 1 15 14 33 33
0107_0017_0011_0026_0026.jpg 1 17 11 26 26
0108_0011_0006_0025_0025.jpg 1 11 6 25 25
0109_0011_0007_0032_0032.jpg 1 11 7 32 32
0110_0003_0014_0027_0027.jpg 1 3 14 27 27
0111_0003_0008_0027_0027.jpg 1 3 8 27 27
0112_0001_0011_0033_0033.jpg 1 1 11 33 33
0113_0006_0017_0026_0026.jpg 1 6 17 26 26
0114_0010_0015_0032_0032.jpg 1 10 15 32 32
0115_0015_0018_0029_0029.jpg 1 15 18 29 29
0116_0019_0019_0025_0025.jpg 1 19 19 25 25
0117_0007_0004_0034_0034.jpg 1 7 4 34 34
0118_0014_0018_0028_0028.jpg 1 14 18 28 28
0119_0004_0011_0027_0027.jpg 1 4 11 27 27
0120_0009_0018_0027_0027.jpg 1 9 18 27 27
0121_0007_0006_0029_0029.jpg 1 7 6 29 29
0122_0009_0005_0034_0034.jpg 1 9 5 34 34
0123_0004_0017_0026_0026.jpg 1 4 17 26 26
0124_0012_0009_0029_0029.jpg 1 12 9 29 29
0125_0013_0013_0025_0025.jpg 1 13 13 25 25
0126_0013_0002_0032_0032.jpg 1 13 2 32 32
0127_0002_0008_0034_0034.jpg 1 2 8 34 34
0128_0005_0004_0032_0032.jpg 1 5 4 32 32
0129_0005_0002_0026_0026.jpg 1 5 2 26 26
0130_0012_0010_0034_0034.jpg 1 12 10 34 34
0131_0016_0006_0030_0030.jpg 1 16 6 30 30
0132_0001_0002_0033_0033.jpg 1 1 2 33 33
0133_0010_0016_0025_0025.jpg 1 10 16 25 25
0134_0005_0005_0030_0030.jpg 1 5 5 30 30
0135_0010_0002_0032_0032.jpg 1 10 2 32 32
0136_0011_0014_0027_0027.jpg 1 11 14 27 27
0137_0007_0019_0026_0026.jpg 1 7 19 26 26
0138_0003_0009_0032_0032.jpg 1 3 9 32 32
0139_0014_0017_0026_0026.jpg 1 14 17 26 26
0140_0012_0012_0033_0033.jpg 1 12 12 33 33
0141_0011_0008_0032_0032.jpg 1 11 8 32 32
0142_0016_0008_0026_0026.jpg 1 16 8 26 26
0143_0009_0018_0027_0027.jpg 1 9 18 27 27
0144_0013_0004_0027_0027.jpg 1 13 4 27 27
0145_0019_0003_0024_0024.jpg 1 19 3 24 24
0146_0003_0015_0032_0032.jpg 1 3 15 32 32
0147_0015_0011_0025_0025.jpg 1 15 11 25 25
0148_0003_0015_0031_0031.jpg 1 3 15 31 31
0149_0014_0023_0024_0024.jpg 1 14 23 24 24
0150_0009_0006_0032_0032.jpg 1 9 6 32 32
0151_0013_0008_0033_0033.jpg 1 13 8 33 33
0152_0012_0009_0034_0034.jpg 1 12 9 34 34
0153_0004_0005_0032_0032.jpg 1 4 5 32 32
0154_0005_0012_0028_0028.jpg 1 5 12 28 28
0155_0005_0014_0033_0033.jpg 1 5 14 33 33
0156_0002_0011_0030_0030.jpg 1 2 11 30 30
0157_0011_0012_0028_0028.jpg 1 11 12 28 28
0158_0012_0009_0033_0033.jpg 1 12 9 33 33
0159_0006_0009_0028_0028.jpg 1 6 9 28 28
0160_0007_0007_0034_0034.jpg 1 7 7 34 34
0161_0016_0016_0025_0025.jpg 1 16 16 25 25
0162_0004_0020_0026_0026.jpg 1 4 20 26 26
0163_0008_0013_0024_0024.jpg 1 8 13 24 24
0164_0008_0007_0033_0033.jpg 1 8 7 33 33
0165_0004_0016_0029_0029.jpg 1 4 16 29 29
0166_0004_0008_0033_0033.jpg 1 4 8 33 33
0167_0006_0004_0029_0029.jpg 1 6 4 29 29
0168_0017_0004_0025_0025.jpg 1 17 4 25 25
0169_0013_0003_0029_0029.jpg 1 13 3 29 29
0170_0013_0014_0030_0030.jpg 1 13 14 30 30
0171_0005_0004_0032_0032.jpg 1 5 4 32 32
0172_0014_0015_0032_0032.jpg 1 14 15 32 32
0173_0003_0002_0032_0032.jpg 1 3 2 32 32
0174_0005_0008_0030_0030.jpg 1 5 8 30 30
0175_0012_0008_0029_0029.jpg 1 12 8 29 29
0176_0019_0007_0026_0026.jpg 1 19 7 26 26
0177_0012_0011_0029_0029.jpg 1 12 11 29 29
0178_0009_0007_0032_0032.jpg 1 9 7 32 32
0179_0013_0004_0034_0034.jpg 1 13 4 34 34
0180_0008_0008_0034_0034.jpg 1 8 8 34 34
0181_0010_0011_0032_0032.jpg 1 10 11 32 32
0182_0011_0013_0034_0034.jpg 1 11 13 34 34
0183_0011_0015_0028_0028.jpg 1 11 15 28 28
0184_0015_0006_0029_0029.jpg 1 15 6 29 29
0185_0017_0014_0027_0027.jpg 1 17 14 27 27
0186_0006_0014_0024_0024.jpg 1 6 14 24 24
0187_0018_0007_0024_0024.jpg 1 18 7 24 24
0188_0016_0007_0030_0030.jpg 1 16 7 30 30
0189_0012_0010_0030_0030.jpg 1 12 10 30 30
0190_0011_0015_0031_0031.jpg 1 11 15 31 31
0191_0014_0015_0031_0031.jpg 1 14 15 31 31
0192_0004_0002_0033_0033.jpg 1 4 2 33 33
0193_0008_0010_0027_0027.jpg 1 8 10 27 27
0194_0020_0007_0025_0025.jpg 1 20 7 25 25
0195_0012_0017_0027_0027.jpg 1 12 17 27 27
0196_0005_0003_0026_0026.jpg 1 5 3 26 26
0197_0013_0015_0031_0031.jpg 1 13 15 31 31
0198_0019_0016_0026_0026.jpg 1 19 16 26 26
0199_0003_0003_0027_0027.jpg 1 3 3 27 27
0200_0018_0004_0027_0027.jpg 1 18 4 27 27
0201_0013_0003_0030_0030.jpg 1 13 3 30 30
0202_0016_0007_0029_0029.jpg 1 16 7 29 29
0203_0016_0008_0031_0031.jpg 1 16 8 31 31
0204_0002_0007_0032_0032.jpg 1 2 7 32 32
0205_0007_0002_0032_0032.jpg 1 7 2 32 32
0206_0017_0012_0025_0025.jpg 1 17 12 25 25
0207_0002_0011_0026_0026.jpg 1 2 11 26 26
0208_0008_0019_0028_0028.jpg 1 8 19 28 28
0209_0005_0009_0026_0026.jpg 1 5 9 26 26
0210_0013_0009_0032_0032.jpg 1 13 9 32 32
0211_0006_0004_0025_0025.jpg 1 6 4 25 25
0212_0007_0009_0031_0031.jpg 1 7 9 31 31
0213_0022_0007_0025_0025.jpg 1 22 7 25 25
0214_0002_0010_0032_0032.jpg 1 2 10 32 32
0215_0021_0012_0024_0024.jpg 1 21 12 24 24
0216_0015_0007_0030_0030.jpg 1 15 7 30 30
0217_0009_0011_0030_0030.jpg 1 9 11 30 30
0218_0010_0005_0034_0034.jpg 1 10 5 34 34
0219_0004_0021_0025_0025.jpg 1 4 21 25 25
0220_0001_0005_0033_0033.jpg 1 1 5 33 33
0221_0019_0009_0028_0028.jpg 1 19 9 28 28
0222_0020_0003_0027_0027.jpg 1 20 3 27 27
0223_0012_0019_0025_0025.jpg 1 12 19 25 25
0224_0012_0011_0033_0033.jpg 1 12 11 33 33
0225_0004_0006_0032_0032.jpg 1 4 6 32 32
0226_0014_0009_0027_0027.jpg 1 14 9 27 27
0227_0012_0012_0034_0034.jpg 1 12 12 34 34
0228_0017_0009_0026_0026.jpg 1 17 9 26 26
0229_0013_0016_0031_0031.jpg 1 13 16 31 31
0230_0013_0009_0033_0033.jpg 1 13 9 33 33
0231_0005_0005_0034_0034.jpg 1 5 5 34 34
0232_0003_0022_0024_0024.jpg 1 3 22 24 24
0233_0013_0008_0034_0034.jpg 1 13 8 34 34
0234_0006_0014_0027_0027.jpg 1 6 14 27 27
0235_0014_0006_0033_0033.jpg 1 14 6 33 33
0236_0013_0014_0026_0026.jpg 1 13 14 26 26
0237_0010_0007_0028_0028.jpg 1 10 7 28 28
0238_0003_0013_0029_0029.jpg 1 3 13 29 29
0239_0015_0002_0033_0033.jpg 1 15 2 33 33
0240_0003_0003_0025_0025.jpg 1 3 3 25 25
0241_0016_0017_0025_0025.jpg 1 16 17 25 25
0242_0013_0007_0033_0033.jpg 1 13 7 33 33
0243_0014_0016_0025_0025.jpg 1 14 16 25 25
0244_0006_0018_0028_0028.jpg 1 6 18 28 28
0245_0010_0007_0031_0031.jpg 1 10 7 31 31
0246_0016_0013_0026_0026.jpg 1 16 13 26 26
0247_0007_0002_0033_0033.jpg 1 7 2 33 33
0248_0012_0009_0033_0033.jpg 1 12 9 33 33
0249_0011_0004_0031_0031.jpg 1 11 4 31 31
0250_0002_0002_0033_0033.jpg 1 2 2 33 33
0251_0006_0017_0030_0030.jpg 1 6 17 30 30
0252_0017_0013_0030_0030.jpg 1 17 13 30 30
0253_0011_0007_0030_0030.jpg 1 11 7 30 30
0254_0008_0005_0034_0034.jpg 1 8 5 34 34
0255_0013_0006_0033_0033.jpg 1 13 6 33 33
0256_0007_0003_0033_0033.jpg 1 7 3 33 33
0257_0006_0013_0031_0031.jpg 1 6 13 31 31
0258_0015_0017_0028_0028.jpg 1 15 17 28 28
0259_0004_0010_0030_0030.jpg 1 4 10 30 30
0260_0021_0007_0024_0024.jpg 1 21 7 24 24
0261_0018_0014_0024_0024.jpg 1 18 14 24 24
0262_0012_0003_0034_0034.jpg 1 12 3 34 34
0263_0014_0013_0026_0026.jpg 1 14 13 26 26
0264_0003_0012_0031_0031.jpg 1 3 12 31 31
0265_0002_0007_0034_0034.jpg 1 2 7 34 34
0266_0008_0011_0027_0027.jpg 1 8 11 27 27
0267_0014_0012_0033_0033.jpg 1 14 12 33 33
0268_0005_0014_0029_0029.jpg 1 5 14 29 29
0269_0005_0013_0032_0032.jpg 1 5 13 32 32
0270_0010_0002_0032_0032.jpg 1 10 2 32 32
0271_0010_0019_0027_0027.jpg 1 10 19 27 27
0272_0014_0011_0027_0027.jpg 1 14 11 27 27
0273_0008_0006_0024_0024.jpg 1 8 6 24 24
0274_0015_0009_0025_0025.jpg 1 15 9 25 25
0275_0013_0007_0028_0028.jpg 1 13 7 28 28
0276_0005_0011_0028_0028.jpg 1 5 11 28 28
0277_0008_0006_0029_0029.jpg 1 8 6 29 29
0278_0010_0006_0025_0025.jpg 1 10 6 25 25
0279_0020_0008_0024_0024.jpg 1 20 8 24 24
0280_0007_0010_0034_0034.jpg 1 7 10 34 34
0281_0009_0004_0034_0034.jpg 1 9 4 34 34
0282_0006_0015_0026_0026.jpg 1 6 15 26 26
0283_0012_0017_0025_0025.jpg 1 12 17 25 25
0284_0012_0016_0025_0025.jpg 1 12 16 25 25
0285_0018_0003_0029_0029.jpg 1 18 3 29 29
0286_0010_0004_0028_0028.jpg 1 10 4 28 28
0287_0016_0013_0030_0030.jpg 1 16 13 30 30
0288_0015_0013_0029_0029.jpg 1 15 13 29 29
0289_0011_0014_0029_0029.jpg 1 11 14 29 29
0290_0004_0012_0028_0028.jpg 1 4 12 28 28
0291_0020_0015_0025_0025.jpg 1 20 15 25 25
0292_0006_0015_0029_0029.jpg 1 6 15 29 29
0293_0011_0011_0024_0024.jpg 1 11 11 24 24
0294_0014_0012_0026_0026.jpg 1 14 12 26 26
0295_0019_0019_0027_0027.jpg 1 19 19 27 27
0296_0007_0003_0025_0025.jpg 1 7 3 25 25
0297_0008_0013_0032_0032.jpg 1 8 13 32 32
0298_0010_0011_0034_0034.jpg 1 10 11 34 34
0299_0002_0009_0033_0033.jpg 1 2 9 33 33
0300_0006_0009_0034_0034.jpg 1 6 9 34 34
0301_0003_0013_0028_0028.jpg 1 3 13 28 28
0302_0016_0013_0025_0025.jpg 1 16 13 25 25
0303_0009_0010_0027_0027.jpg 1 9 10 27 27
0304_0008_0004_0033_0033.jpg 1 8 4 33 33
0305_0002_0015_0033_0033.jpg 1 2 15 33 33
0306_0004_0008_0030_0030.jpg 1 4 8 30 30
0307_0019_0012_0025_0025.jpg 1 19 12 25 25
0308_0013_0010_0034_0034.jpg 1 13 10 34 34
0309_0003_0017_0030_0030.jpg 1 3 17 30 30
0310_0013_0005_0030_0030.jpg 1 13 5 30 30
0311_0002_0008_0034_0034.jpg 1 2 8 34 34
0312_0012_0022_0024_0024.jpg 1 12 22 24 24
0313_0003_0006_0033_0033.jpg 1 3 6 33 33
0314_0007_0012_0034_0034.jpg 1 7 12 34 34
0315_0003_0008_0031_0031.jpg 1 3 8 31 31
0316_0012_0007_0029_0029.jpg 1 12 7 29 29
0317_0022_0009_0024_0024.jpg 1 22 9 24 24
0318_0005_0009_0033_0033.jpg 1 5 9 33 33
0319_0012_0004_0026_0026.jpg 1 12 4 26 26
0320_0010_0001_0034_0034.jpg 1 10 1 34 34
0321_0017_0021_0026_0026.jpg 1 17 21 26 26
0322_0013_0012_0030_0030.jpg 1 13 12 30 30
0323_0003_0015_0032_0032.jpg 1 3 15 32 32
0324_0008_0006_0030_0030.jpg 1 8 6 30 30
0325_0007_0012_0029_0029.jpg 1 7 12 29 29
0326_0014_0002_0030_0030.jpg 1 14 2 30 30
0327_0003_0007_0033_0033.jpg 1 3 7 33 33
0328_0015_0014_0026_0026.jpg 1 15 14 26 26
0329_0011_0005_0030_0030.jpg 1 11 5 30 30
0330_0008_0020_0024_0024.jpg 1 8 20 24 24
0331_0004_0007_0030_0030.jpg 1 4 7 30 30
0332_0010_0010_0026_0026.jpg 1 10 10 26 26
0333_0006_0012_0024_0024.jpg 1 6 12 24 24
0334_0011_0014_0032_0032.jpg 1 11 14 32 32
0335_0007_0007_0033_0033.jpg 1 7 7 33 33
0336_0007_0011_0028_0028.jpg 1 7 11 28 28
0337_0010_0012_0029_0029.jpg 1 10 12 29 29
0338_0013_0003_0030_0030.jpg 1 13 3 30 30
0339_0006_0013_0029_0029.jpg 1 6 13 29 29
0340_0015_0009_0032_0032.jpg 1 15 9 32 32
0341_0011_0003_0032_0032.jpg 1 11 3 32 32
0342_0016_0014_0028_0028.jpg 1 16 14 28 28
0343_0014_0014_0033_0033.jpg 1 14 14 33 33
0344_0011_0020_0026_0026.jpg 1 11 20 26 26
0345_0011_0008_0024_0024.jpg 1 11 8 24 24
0346_0010_0008_0032_0032.jpg 1 10 8 32 32
0347_0002_0017_0029_0029.jpg 1 2 17 29 29
0348_0003_0002_0028_0028.jpg 1 3 2 28 28
0349_0016_0015_0026_0026.jpg 1 16 15 26 26
0350_0007_0016_0027_0027.jpg 1 7 16 27 27
0351_0005_0011_0028_0028.jpg 1 5 11 28 28
0352_0013_0013_0030_0030.jpg 1 13 13 30 30
0353_0013_0013_0034_0034.jpg 1 13 13 34 34
0354_0008_0006_0033_0033.jpg 1 8 6 33 33
0355_0011_0019_0027_0027.jpg 1 11 19 27 27
0356_0005_0010_0031_0031.jpg 1 5 10 31 31
0357_0008_0010_0026_0026.jpg 1 8 10 26 26
0358_0018_0005_0028_0028.jpg 1 18 5 28 28
0359_0006_0020_0025_0025.jpg 1 6 20 25 25
0360_0013_0010_0034_0034.jpg 1 13 10 34 34
0361_0005_0003_0031_0031.jpg 1 5 3 31 31
0362_0019_0020_0027_0027.jpg 1 19 20 27 27
0363_0006_0005_0030_0030.jpg 1 6 5 30 30
0364_0011_0014_0027_0027.jpg 1 11 14 27 27
0365_0008_0020_0027_0027.jpg 1 8 20 27 27
0366_0004_0004_0024_0024.jpg 1 4 4 24 24
0367_0018_0005_0029_0029.jpg 1 18 5 29 29
0368_0009_0003_0026_0026.jpg 1 9 3 26 26
0369_0015_0003_0030_0030.jpg 1 15 3 30 30
0370_0004_0020_0027_0027.jpg 1 4 20 27 27
0371_0015_0009_0031_0031.jpg 1 15 9 31 31
0372_0005_0011_0032_0032.jpg 1 5 11 32 32
0373_0004_0004_0034_0034.jpg 1 4 4 34 34
0374_0011_0009_0027_0027.jpg 1 11 9 27 27
0375_0004_0010_0030_0030.jpg 1 4 10 30 30
0376_0001_0009_0034_0034.jpg 1 1 9 34 34
0377_0019_0022_0024_0024.jpg 1 19 22 24 24
0378_0002_0011_0033_0033.jpg 1 2 11 33 33
0379_0004_0010_0033_0033.jpg 1 4 10 33 33
0380_0016_0018_0027_0027.jpg 1 16 18 27 27
0381_0003_0003_0031_0031.jpg 1 3 3 31 31
0382_0016_0018_0027_0027.jpg 1 16 18 27 27
0383_0009_0002_0031_0031.jpg 1 9 2 31 31
0384_0012_0003_0032_0032.jpg 1 12 3 32 32
0385_0014_0015_0029_0029.jpg 1 14 15 29 29
0386_0011_0015_0024_0024.jpg 1 11 15 24 24
0387_0005_0009_0028_0028.jpg 1 5 9 28 28
0388_0018_0002_0027_0027.jpg 1 18 2 27 27
0389_0006_0010_0025_0025.jpg 1 6 10 25 25
0390_0002_0010_0033_0033.jpg 1 2 10 33 33
0391_0013_0011_0032_0032.jpg 1 13 11 32 32
0392_0015_0019_0026_0026.jpg 1 15 19 26 26
0393_0002_0015_0030_0030.jpg 1 2 15 30 30
0394_0004_0002_0029_0029.jpg 1 4 2 29 29
0395_0014_0003_0032_0032.jpg 1 14 3 32 32
0396_0008_0015_0031_0031.jpg 1 8 15 31 31
0397_0012_0013_0034_0034.jpg 1 12 13 34 34
0398_0014_0004_0031_0031.jpg 1 14 4 31 31
0399_0009_0011_0031_0031.jpg 1 9 11 31 31
0400_0010_0012_0024_0024.jpg 1 10 12 24 24
0401_0013_0017_0025_0025.jpg 1 13 17 25 25
0402_0015_0010_0031_0031.jpg 1 15 10 31 31
0403_0005_0009_0028_0028.jpg 1 5 9 28 28
0404_0007_0006_0033_0033.jpg 1 7 6 33 33
0405_0012_0003_0029_0029.jpg 1 12 3 29 29
0406_0007_0009_0031_0031.jpg 1 7 9 31 31
0407_0015_0008_0030_0030.jpg 1 15 8 30 30
0408_0003_0009_0031_0031.jpg 1 3 9 31 31
0409_0013_0002_0031_0031.jpg 1 13 2 31 31
0410_0021_0011_0024_0024.jpg 1 21 11 24 24
0411_0002_0009_0033_0033.jpg 1 2 9 33 33
0412_0008_0003_0029_0029.jpg 1 8 3 29 29
0413_0004_0004_0031_0031.jpg 1 4 4 31 31
0414_0015_0013_0032_0032.jpg 1 15 13 32 32
0415_0010_0002_0030_0030.jpg 1 10 2 30 30
0416_0015_0015_0028_0028.jpg 1 15 15 28 28
0417_0013_0016_0032_0032.jpg 1 13 16 32 32
0418_0010_0020_0024_0024.jpg 1 10 20 24 24
0419_0010_0015_0024_0024.jpg 1 10 15 24 24
0420_0002_0010_0033_0033.jpg 1 2 10 33 33
0421_0017_0017_0026_0026.jpg 1 17 17 26 26
0422_0011_0009_0026_0026.jpg 1 11 9 26 26
0423_0009_0012_0027_0027.jpg 1 9 12 27 27
0424_0014_0010_0034_0034.jpg 1 14 10 34 34
0425_0003_0018_0029_0029.jpg 1 3 18 29 29
0426_0003_0003_0034_0034.jpg 1 3 3 34 34
0427_0003_0015_0030_0030.jpg 1 3 15 30 30
0428_0006_0010_0026_0026.jpg 1 6 10 26 26
0429_0006_0005_0027_0027.jpg 1 6 5 27 27
0430_0004_0013_0025_0025.jpg 1 4 13 25 25
0431_0009_0016_0031_0031.jpg 1 9 16 31 31
0432_0007_0006_0024_0024.jpg 1 7 6 24 24
0433_0004_0011_0029_0029.jpg 1 4 11 29 29
0434_0010_0006_0030_0030.jpg 1 10 6 30 30
0435_0008_0012_0034_0034.jpg 1 8 12 34 34
0436_0016_0006_0030_0030.jpg 1 16 6 30 30
0437_0013_0013_0034_0034.jpg 1 13 13 34 34
0438_0015_0005_0033_0033.jpg 1 15 5 33 33
0439_0011_0003_0024_0024.jpg 1 11 3 24 24
0440_0015_0003_0031_0031.jpg 1 15 3 31 31
0441_0015_0001_0032_0032.jpg 1 15 1 32 32
0442_0018_0009_0024_0024.jpg 1 18 9 24 24
0443_0005_0001_0032_0032.jpg 1 5 1 32 32
0444_0009_0013_0030_0030.jpg 1 9 13 30 30
0445_0008_0009_0024_0024.jpg 1 8 9 24 24
0446_0016_0013_0027_0027.jpg 1 16 13 27 27
0447_0020_0019_0026_0026.jpg 1 20 19 26 26
0448_0012_0016_0027_0027.jpg 1 12 16 27 27
0449_0014_0017_0026_0026.jpg 1 14 17 26 26
0450_0012_0005_0026_0026.jpg 1 12 5 26 26
0451_0005_0006_0033_0033.jpg 1 5 6 33 33
0452_0009_0013_0032_0032.jpg 1 9 13 32 32
0453_0004_0005_0031_0031.jpg 1 4 5 31 31
0454_0015_0012_0028_0028.jpg 1 15 12 28 28
0455_0006_0009_0033_0033.jpg 1 6 9 33 33
0456_0002_0012_0027_0027.jpg 1 2 12 27 27
0457_0013_0002_0034_0034.jpg 1 13 2 34 34
0458_0007_0016_0026_0026.jpg 1 7 16 26 26
0459_0016_0006_0024_0024.jpg 1 16 6 24 24
0460_0014_0009_0030_0030.jpg 1 14 9 30 30
0461_0019_0009_0028_0028.jpg 1 19 9 28 28
0462_0008_0009_0029_0029.jpg 1 8 9 29 29
0463_0013_0010_0029_0029.jpg 1 13 10 29 29
0464_0008_0019_0024_0024.jpg 1 8 19 24 24
0465_0004_0012_0030_0030.jpg 1 4 12 30 30
0466_0010_0007_0033_0033.jpg 1 10 7 33 33
0467_0019_0013_0028_0028.jpg 1 19 13 28 28
0468_0014_0006_0027_0027.jpg 1 14 6 27 27
0469_0005_0009_0029_0029.jpg 1 5 9 29 29
0470_0005_0008_0032_0032.jpg 1 5 8 32 32
0471_0009_0006_0026_0026.jpg 1 9 6 26 26
0472_0014_0014_0033_0033.jpg 1 14 14 33 33
0473_0005_0014_0034_0034.jpg 1 5 14 34 34
0474_0008_0012_0024_0024.jpg 1 8 12 24 24
0475_0008_0015_0033_0033.jpg 1 8 15 33 33
0476_0006_0012_0034_0034.jpg 1 6 12 34 34
0477_0002_0005_0033_0033.jpg 1 2 5 33 33
0478_0003_0010_0032_0032.jpg 1 3 10 32 32
0479_0003_0002_0034_0034.jpg 1 3 2 34 34
0480_0005_0006_0028_0028.jpg 1 5 6 28 28
0481_0010_0018_0028_0028.jpg 1 10 18 28 28
0482_0014_0005_0028_0028.jpg 1 14 5 28 28
0483_0009_0004_0034_0034.jpg 1 9 4 34 34
0484_0016_0009_0027_0027.jpg 1 16 9 27 27
0485_0007_0001_0034_0034.jpg 1 7 1 34 34
0486_0014_0010_0026_0026.jpg 1 14 10 26 26
0487_0010_0007_0032_0032.jpg 1 10 7 32 32
0488_0008_0008_0030_0030.jpg 1 8 8 30 30
0489_0016_0004_0026_0026.jpg 1 16 4 26 26
0490_0017_0015_0027_0027.jpg 1 17 15 27 27
0491_0006_0013_0032_0032.jpg 1 6 13 32 32
0492_0006_0008_0031_0031.jpg 1 6 8 31 31
0493_0019_0011_0028_0028.jpg 1 19 11 28 28
0494_0013_0003_0027_0027.jpg 1 13 3 27 27
0495_0019_0018_0025_0025.jpg 1 19 18 25 25
0496_0017_0015_0027_0027.jpg 1 17 15 27 27
0497_0003_0015_0029_0029.jpg 1 3 15 29 29
0498_0009_0011_0027_0027.jpg 1 9 11 27 27
0499_0008_0020_0027_0027.jpg 1 8 20 27 27
0500_0002_0020_0026_0026.jpg 1 2 20 26 26
0501_0012_0003_0033_0033.jpg 1 12 3 33 33
0502_0010_0008_0034_0034.jpg 1 10 8 34 34
0503_0009_0012_0029_0029.jpg 1 9 12 29 29
0504_0011_0015_0024_0024.jpg 1 11 15 24 24
0505_0010_0007_0032_0032.jpg 1 10 7 32 32
0506_0011_0010_0024_0024.jpg 1 11 10 24 24
0507_0009_0009_0034_0034.jpg 1 9 9 34 34
0508_0018_0010_0025_0025.jpg 1 18 10 25 25
0509_0001_0006_0034_0034.jpg 1 1 6 34 34
0510_0010_0005_0033_0033.jpg 1 10 5 33 33
0511_0012_0009_0034_0034.jpg 1 12 9 34 34
0512_0008_0005_0031_0031.jpg 1 8 5 31 31
0513_0007_0011_0034_0034.jpg 1 7 11 34 34
0514_0016_0005_0027_0027.jpg 1 16 5 27 27
0515_0018_0009_0025_0025.jpg 1 18 9 25 25
0516_0017_0021_0024_0024.jpg 1 17 21 24 24
0517_0021_0007_0025_0025.jpg 1 21 7 25 25
0518_0018_0010_0029_0029.jpg 1 18 10 29 29
0519_0011_0009_0024_0024.jpg 1 11 9 24 24
0520_0010_0019_0024_0024.jpg 1 10 19 24 24
0521_0013_0004_0033_0033.jpg 1 13 4 33 33
0522_0017_0018_0028_0028.jpg 1 17 18 28 28
0523_0005_0015_0027_0027.jpg 1 5 15 27 27
0524_0009_0007_0031_0031.jpg 1 9 7 31 31
0525_0006_0007_0032_0032.jpg 1 6 7 32 32
0526_0011_0007_0031_0031.jpg 1 11 7 31 31
0527_0015_0010_0028_0028.jpg 1 15 10 28 28
0528_0006_0011_0025_0025.jpg 1 6 11 25 25
0529_0019_0011_0026_0026.jpg 1 19 11 26 26
0530_0012_0015_0029_0029.jpg 1 12 15 29 29
0531_0004_0009_0027_0027.jpg 1 4 9 27 27
0532_0010_0003_0024_0024.jpg 1 10 3 24 24
0533_0011_0006_0025_0025.jpg 1 11 6 25 25
0534_0017_0009_0030_0030.jpg 1 17 9 30 30
0535_0002_0008_0029_0029.jpg 1 2 8 29 29
0536_0011_0011_0026_0026.jpg 1 11 11 26 26
0537_0009_0008_0033_0033.jpg 1 9 8 33 33
0538_0008_0008_0024_0024.jpg 1 8 8 24 24
0539_0018_0013_0024_0024.jpg 1 18 13 24 24
0540_0017_0021_0025_0025.jpg 1 17 21 25 25
0541_0010_0009_0025_0025.jpg 1 10 9 25 25
0542_0014_0018_0024_0024.jpg 1 14 18 24 24
0543_0014_0010_0029_0029.jpg 1 14 10 29 29
0544_0006_0006_0026_0026.jpg 1 6 6 26 26
0545_0013_0012_0031_0031.jpg 1 13 12 31 31
0546_0017_0005_0029_0029.jpg 1 17 5 29 29
0547_0010_0015_0030_0030.jpg 1 10 15 30 30
0548_0013_0004_0028_0028.jpg 1 13 4 28 28
0549_0005_0001_0033_0033.jpg 1 5 1 33 33
0550_0012_0014_0031_0031.jpg 1 12 14 31 31
0551_0018_0007_0024_0024.jpg 1 18 7 24 24
0552_0011_0014_0033_0033.jpg 1 11 14 33 33
0553_0020_0017_0024_0024.jpg 1 20 17 24 24
0554_0012_0022_0025_0025.jpg 1 12 22 25 25
0555_0014_0006_0031_0031.jpg 1 14 6 31 31
0556_0013_0005_0033_0033.jpg 1 13 5 33 33
0557_0010_0014_0033_0033.jpg 1 10 14 33 33
0558_0004_0005_0026_0026.jpg 1 4 5 26 26
0559_0015_0006_0028_0028.jpg 1 15 6 28 28
0560_0005_0015_0029_0029.jpg 1 5 15 29 29
0561_0014_0006_0027_0027.jpg 1 14 6 27 27
0562_0004_0007_0033_0033.jpg 1 4 7 33 33
0563_0015_0003_0028_0028.jpg 1 15 3 28 28
0564_0012_0014_0030_0030.jpg 1 12 14 30 30
0565_0004_0015_0029_0029.jpg 1 4 15 29 29
0566_0006_0015_0027_0027.jpg 1 6 15 27 27
0567_0011_0014_0025_0025.jpg 1 11 14 25 25
0568_0009_0008_0034_0034.jpg 1 9 8 34 34
0569_0015_0009_0026_0026.jpg 1 15 9 26 26
0570_0007_0005_0025_0025.jpg 1 7 5 25 25
0571_0019_0014_0026_0026.jpg 1 19 14 26 26
0572_0006_0006_0031_0031.jpg 1 6 6 31 31
0573_0015_0014_0025_0025.jpg 1 15 14 25 25
0574_0012_0013_0034_0034.jpg 1 12 13 34 34
0575_0002_0010_0034_0034.jpg 1 2 10 34 34
0576_0007_0008_0031_0031.jpg 1 7 8 31 31
0577_0018_0008_0024_0024.jpg 1 18 8 24 24
0578_0012_0011_0029_0029.jpg 1 12 11 29 29
0579_0009_0010_0031_0031.jpg 1 9 10 31 31
0580_0013_0004_0034_0034.jpg 1 13 4 34 34
0581_0004_0009_0029_0029.jpg 1 4 9 29 29
0582_0003_0006_0034_0034.jpg 1 3 6 34 34
0583_0008_0003_0031_0031.jpg 1 8 3 31 31
0584_0007_0007_0031_0031.jpg 1 7 7 31 31
0585_0007_0009_0033_0033.jpg 1 7 9 33 33
0586_0007_0005_0027_0027.jpg 1 7 5 27 27
0587_0004_0015_0029_0029.jpg 1 4 15 29 29
0588_0013_0014_0030_0030.jpg 1 13 14 30 30
0589_0007_0012_0032_0032.jpg 1 7 12 32 32
0590_0006_0004_0025_0025.jpg 1 6 4 25 25
0591_0010_0014_0026_0026.jpg 1 10 14 26 26
0592_0009_0013_0034_0034.jpg 1 9 13 34 34
0593_0005_0017_0026_0026.jpg 1 5 17 26 26
0594_0016_0014_0026_0026.jpg 1 16 14 26 26
0595_0005_0010_0024_0024.jpg 1 5 10 24 24
0596_0014_0011_0026_0026.jpg 1 14 11 26 26
0597_0019_0009_0028_0028.jpg 1 19 9 28 28
0598_0016_0014_0027_0027.jpg 1 16 14 27 27
0599_0020_0018_0026_0026.jpg 1 20 18 26 26
0600_0014_0015_0032_0032.jpg 1 14 15 32 32
0601_0002_0002_0033_0033.jpg 1 2 2 33 33
0602_0016_0014_0026_0026.jpg 1 16 14 26 26
0603_0005_0007_0032_0032.jpg 1 5 7 32 32
0604_0009_0023_0024_0024.jpg 1 9 23 24 24
0605_0007_0013_0032_0032.jpg 1 7 13 32 32
0606_0008_0001_0033_0033.jpg 1 8 1 33 33
0607_0007_0004_0025_0025.jpg 1 7 4 25 25
0608_0006_0011_0033_0033.jpg 1 6 11 33 33
0609_0008_0002_0034_0034.jpg 1 8 2 34 34
0610_0011_0010_0032_0032.jpg 1 11 10 32 32
0611_0019_0013_0028_0028.jpg 1 19 13 28 28
0612_0014_0012_0028_0028.jpg 1 14 12 28 28
0613_0015_0018_0028_0028.jpg 1 15 18 28 28
0614_0004_0006_0026_0026.jpg 1 4 6 26 26
0615_0007_0009_0030_0030.jpg 1 7 9 30 30
0616_0018_0017_0028_0028.jpg 1 18 17 28 28
0617_0017_0012_0026_0026.jpg 1 17 12 26 26
0618_0006_0005_0033_0033.jpg 1 6 5 33 33
0619_0010_0007_0028_0028.jpg 1 10 7 28 28
0620_0006_0002_0033_0033.jpg 1 6 2 33 33
0621_0021_0020_0024_0024.jpg 1 21 20 24 24
0622_0010_0004_0030_0030.jpg 1 10 4 30 30
0623_0017_0003_0029_0029.jpg 1 17 3 29 29
0624_0012_0002_0031_0031.jpg 1 12 2 31 31
0625_0008_0012_0026_0026.jpg 1 8 12 26 26
0626_0010_0005_0028_0028.jpg 1 10 5 28 28
0627_0004_0005_0027_0027.jpg 1 4 5 27 27
0628_0017_0005_0024_0024.jpg 1 17 5 24 24
0629_0013_0011_0031_0031.jpg 1 13 11 31 31
0630_0015_0013_0030_0030.jpg 1 15 13 30 30
0631_0005_0007_0034_0034.jpg 1 5 7 34 34
0632_0004_0003_0026_0026.jpg 1 4 3 26 26
0633_0013_0002_0032_0032.jpg 1 13 2 32 32
0634_0004_0019_0024_0024.jpg 1 4 19 24 24
0635_0017_0006_0029_0029.jpg 1 17 6 29 29
0636_0002_0003_0034_0034.jpg 1 2 3 34 34
0637_0021_0002_0024_0024.jpg 1 21 2 24 24
0638_0011_0017_0026_0026.jpg 1 11 17 26 26
0639_0003_0006_0032_0032.jpg 1 3 6 32 32
0640_0020_0017_0024_0024.jpg 1 20 17 24 24
0641_0012_0013_0030_0030.jpg 1 12 13 30 30
0642_0005_0005_0027_0027.jpg 1 5 5 27 27
0643_0009_0017_0028_0028.jpg 1 9 17 28 28
0644_0019_0020_0027_0027.jpg 1 19 20 27 27
0645_0008_0016_0028_0028.jpg 1 8 16 28 28
0646_0007_0018_0024_0024.jpg 1 7 18 24 24
0647_0013_0003_0034_0034.jpg 1 13 3 34 34
0648_0003_0020_0026_0026.jpg 1 3 20 26 26
0649_0017_0019_0025_0025.jpg 1 17 19 25 25
0650_0005_0003_0025_0025.jpg 1 5 3 25 25
0651_0016_0020_0026_0026.jpg 1 16 20 26 26
0652_0004_0012_0033_0033.jpg 1 4 12 33 33
0653_0001_0012_0034_0034.jpg 1 1 12 34 34
0654_0011_0011_0034_0034.jpg 1 11 11 34 34
0655_0005_0005_0024_0024.jpg 1 5 5 24 24
0656_0007_0009_0031_0031.jpg 1 7 9 31 31
0657_0017_0005_0025_0025.jpg 1 17 5 25 25
0658_0010_0009_0034_0034.jpg 1 10 9 34 34
0659_0013_0004_0034_0034.jpg 1 13 4 34 34
0660_0011_0013_0029_0029.jpg 1 11 13 29 29
0661_0015_0012_0025_0025.jpg 1 15 12 25 25
0662_0006_0009_0029_0029.jpg 1 6 9 29 29
0663_0016_0018_0027_0027.jpg 1 16 18 27 27
0664_0008_0010_0032_0032.jpg 1 8 10 32 32
0665_0012_0005_0029_0029.jpg 1 12 5 29 29
0666_0005_0007_0032_0032.jpg 1 5 7 32 32
0667_0006_0004_0032_0032.jpg 1 6 4 32 32
0668_0010_0003_0033_0033.jpg 1 10 3 33 33
0669_0017_0006_0026_0026.jpg 1 17 6 26 26
0670_0014_0013_0031_0031.jpg 1 14 13 31 31
0671_0004_0009_0026_0026.jpg 1 4 9 26 26
0672_0003_0016_0025_0025.jpg 1 3 16 25 25
0673_0012_0017_0029_0029.jpg 1 12 17 29 29
0674_0021_0008_0025_0025.jpg 1 21 8 25 25
0675_0006_0004_0034_0034.jpg 1 6 4 34 34
0676_0009_0002_0028_0028.jpg 1 9 2 28 28
0677_0019_0013_0026_0026.jpg 1 19 13 26 26
0678_0003_0012_0032_0032.jpg 1 3 12 32 32
0679_0018_0006_0026_0026.jpg 1 18 6 26 26
0680_0004_0008_0030_0030.jpg 1 4 8 30 30
0681_0011_0012_0030_0030.jpg 1 11 12 30 30
0682_0013_0004_0032_0032.jpg 1 13 4 32 32
0683_0009_0009_0033_0033.jpg 1 9 9 33 33
0684_0008_0010_0031_0031.jpg 1 8 10 31 31
0685_0019_0009_0026_0026.jpg 1 19 9 26 26
0686_0009_0007_0026_0026.jpg 1 9 7 26 26
0687_0007_0011_0033_0033.jpg 1 7 11 33 33
0688_0007_0004_0032_0032.jpg 1 7 4 32 32
0689_0006_0009_0031_0031.jpg 1 6 9 31 31
0690_0019_0004_0024_0024.jpg 1 19 4 24 24
0691_0022_0004_0024_0024.jpg 1 22 4 24 24
0692_0010_0018_0027_0027.jpg 1 10 18 27 27
0693_0015_0016_0024_0024.jpg 1 15 16 24 24
0694_0004_0005_0027_0027.jpg 1 4 5 27 27
0695_0006_0010_0028_0028.jpg 1 6 10 28 28
0696_0008_0009_0029_0029.jpg 1 8 9 29 29
0697_0011_0008_0029_0029.jpg 1 11 8 29 29
0698_0002_0007_0028_0028.jpg 1 2 7 28 28
0699_0002_0015_0029_0029.jpg 1 2 15 29 29
0700_0002_0015_0033_0033.jpg 1 2 15 33 33
0701_0008_0007_0033_0033.jpg 1 8 7 33 33
0702_0013_0004_0026_0026.jpg 1 13 4 26 26
0703_0003_0015_0025_0025.jpg 1 3 15 25 25
0704_0018_0013_0029_0029.jpg 1 18 13 29 29
0705_0014_0002_0029_0029.jpg 1 14 2 29 29
0706_0007_0006_0030_0030.jpg 1 7 6 30 30
0707_0004_0011_0033_0033.jpg 1 4 11 33 33
0708_0018_0007_0029_0029.jpg 1 18 7 29 29
0709_0016_0007_0027_0027.jpg 1 16 7 27 27
0710_0019_0021_0025_0025.jpg 1 19 21 25 25
0711_0005_0005_0025_0025.jpg 1 5 5 25 25
0712_0014_0020_0025_0025.jpg 1 14 20 25 25
0713_0003_0016_0026_0026.jpg 1 3 16 26 26
0714_0007_0012_0034_0034.jpg 1 7 12 34 34
0715_0017_0008_0025_0025.jpg 1 17 8 25 25
0716_0015_0017_0025_0025.jpg 1 15 17 25 25
0717_0011_0016_0030_0030.jpg 1 11 16 30 30
0718_0017_0014_0029_0029.jpg 1 17 14 29 29
0719_0010_0015_0030_0030.jpg 1 10 15 30 30
0720_0005_0008_0034_0034.jpg 1 5 8 34 34
0721_0003_0015_0031_0031.jpg 1 3 15 31 31
0722_0010_0006_0024_0024.jpg 1 10 6 24 24
0723_0014_0013_0034_0034.jpg 1 14 13 34 34
0724_0019_0013_0027_0027.jpg 1 19 13 27 27
0725_0014_0013_0034_0034.jpg 1 14 13 34 34
0726_0014_0016_0031_0031.jpg 1 14 16 31 31
0727_0021_0015_0025_0025.jpg 1 21 15 25 25
0728_0002_0019_0024_0024.jpg 1 2 19 24 24
0729_0013_0006_0027_0027.jpg 1 13 6 27 27
0730_0008_0015_0030_0030.jpg 1 8 15 30 30
0731_0002_0007_0029_0029.jpg 1 2 7 29 29
0732_0010_0012_0032_0032.jpg 1 10 12 32 32
0733_0011_0005_0028_0028.jpg 1 11 5 28 28
0734_0012_0006_0032_0032.jpg 1 12 6 32 32
0735_0013_0008_0027_0027.jpg 1 13 8 27 27
0736_0017_0015_0027_0027.jpg 1 17 15 27 27
0737_0005_0012_0033_0033.jpg 1 5 12 33 33
0738_0005_0013_0033_0033.jpg 1 5 13 33 33
0739_0010_0014_0025_0025.jpg 1 10 14 25 25
0740_0005_0004_0034_0034.jpg 1 5 4 34 34
0741_0007_0011_0028_0028.jpg 1 7 11 28 28
0742_0015_0018_0027_0027.jpg 1 15 18 27 27
0743_0006_0006_0027_0027.jpg 1 6 6 27 27
0744_0010_0013_0033_0033.jpg 1 10 13 33 33
0745_0004_0013_0029_0029.jpg 1 4 13 29 29
0746_0021_0017_0025_0025.jpg 1 21 17 25 25
0747_0005_0007_0031_0031.jpg 1 5 7 31 31
0748_0011_0019_0025_0025.jpg 1 11 19 25 25
0749_0014_0006_0028_0028.jpg 1 14 6 28 28
0750_0002_0015_0026_0026.jpg 1 2 15 26 26
0751_0008_0006_0032_0032.jpg 1 8 6 32 32
0752_0001_0005_0032_0032.jpg 1 1 5 32 32
0753_0011_0007_0030_0030.jpg 1 11 7 30 30
0754_0002_0012_0032_0032.jpg 1 2 12 32 32
0755_0015_0007_0026_0026.jpg 1 15 7 26 26
0756_0019_0019_0028_0028.jpg 1 19 19 28 28
0757_0005_0012_0028_0028.jpg 1 5 12 28 28
0758_0018_0013_0025_0025.jpg 1 18 13 25 25
0759_0015_0002_0032_0032.jpg 1 15 2 32 32
0760_0014_0010_0032_0032.jpg 1 14 10 32 32
0761_0020_0003_0024_0024.jpg 1 20 3 24 24
0762_0007_0002_0029_0029.jpg 1 7 2 29 29
0763_0008_0002_0031_0031.jpg 1 8 2 31 31
0764_0013_0003_0034_0034.jpg 1 13 3 34 34
0765_0007_0013_0025_0025.jpg 1 7 13 25 25
0766_0010_0011_0024_0024.jpg 1 10 11 24 24
0767_0004_0003_0025_0025.jpg 1 4 3 25 25
0768_0008_0014_0025_0025.jpg 1 8 14 25 25
0769_0003_0010_0028_0028.jpg 1 3 10 28 28
0770_0007_0003_0026_0026.jpg 1 7 3 26 26
0771_0002_0006_0034_0034.jpg 1 2 6 34 34
0772_0011_0011_0033_0033.jpg 1 11 11 33 33
0773_0007_0009_0031_0031.jpg 1 7 9 31 31
0774_0011_0005_0029_0029.jpg 1 11 5 29 29
0775_0012_0017_0026_0026.jpg 1 12 17 26 26
0776_0008_0007_0025_0025.jpg 1 8 7 25 25
0777_0015_0017_0030_0030.jpg 1 15 17 30 30
0778_0015_0005_0028_0028.jpg 1 15 5 28 28
0779_0003_0012_0034_0034.jpg 1 3 12 34 34
0780_0012_0013_0034_0034.jpg 1 12 13 34 34
0781_0003_0004_0029_0029.jpg 1 3 4 29 29
0782_0005_0014_0032_0032.jpg 1 5 14 32 32
0783_0017_0007_0025_0025.jpg 1 17 7 25 25
0784_0011_0014_0032_0032.jpg 1 11 14 32 32
0785_0008_0011_0030_0030.jpg 1 8 11 30 30
0786_0021_0014_0024_0024.jpg 1 21 14 24 24
0787_0009_0014_0033_0033.jpg 1 9 14 33 33
0788_0007_0003_0034_0034.jpg 1 7 3 34 34
0789_0008_0006_0028_0028.jpg 1 8 6 28 28
0790_0006_0021_0026_0026.jpg 1 6 21 26 26
0791_0011_0012_0030_0030.jpg 1 11 12 30 30
0792_0002_0005_0027_0027.jpg 1 2 5 27 27
0793_0013_0008_0030_0030.jpg 1 13 8 30 30
0794_0011_0005_0034_0034.jpg 1 11 5 34 34
0795_0010_0014_0032_0032.jpg 1 10 14 32 32
0796_0012_0009_0026_0026.jpg 1 12 9 26 26
0797_0002_0011_0033_0033.jpg 1 2 11 33 33
0798_0007_0015_0032_0032.jpg 1 7 15 32 32
0799_0008_0005_0034_0034.jpg 1 8 5 34 34
0800_0006_0021_0025_0025.jpg 1 6 21 25 25
0801_0002_0004_0033_0033.jpg 1 2 4 33 33
0802_0004_0013_0030_0030.jpg 1 4 13 30 30
0803_0008_0001_0032_0032.jpg 1 8 1 32 32
0804_0018_0013_0027_0027.jpg 1 18 13 27 27
0805_0001_0007_0033_0033.jpg 1 1 7 33 33
0806_0012_0005_0030_0030.jpg 1 12 5 30 30
0807_0008_0007_0026_0026.jpg 1 8 7 26 26
0808_0008_0003_0030_0030.jpg 1 8 3 30 30
0809_0011_0012_0029_0029.jpg 1 11 12 29 29
0810_0017_0006_0030_0030.jpg 1 17 6 30 30
0811_0012_0014_0030_0030.jpg 1 12 14 30 30
0812_0004_0015_0032_0032.jpg 1 4 15 32 32
0813_0011_0010_0033_0033.jpg 1 11 10 33 33
0814_0008_0010_0034_0034.jpg 1 8 10 34 34
0815_0012_0019_0024_0024.jpg 1 12 19 24 24
0816_0010_0006_0034_0034.jpg 1 10 6 34 34
0817_0002_0003_0029_0029.jpg 1 2 3 29 29
0818_0011_0014_0028_0028.jpg 1 11 14 28 28
0819_0005_0006_0034_0034.jpg 1 5 6 34 34
0820_0002_0003_0027_0027.jpg 1 2 3 27 27
0821_0001_0013_0033_0033.jpg 1 1 13 33 33
0822_0007_0007_0030_0030.jpg 1 7 7 30 30
0823_0012_0006_0032_0032.jpg 1 12 6 32 32
0824_0014_0002_0028_0028.jpg 1 14 2 28 28
0825_0004_0019_0024_0024.jpg 1 4 19 24 24
0826_0013_0018_0029_0029.jpg 1 13 18 29 29
0827_0013_0016_0024_0024.jpg 1 13 16 24 24
