0001_0010_0020_0024_0024.jpg 1 10 20 24 24
0002_0011_0012_0029_0029.jpg 1 11 12 29 29
0003_0010_0002_0030_0030.jpg 1 10 2 30 30
0004_0002_0013_0031_0031.jpg 1 2 13 31 31
0005_0009_0007_0030_0030.jpg 1 9 7 30 30
0006_0002_0002_0033_0033.jpg 1 2 2 33 33
0007_0011_0006_0028_0028.jpg 1 11 6 28 28
0008_0010_0007_0033_0033.jpg 1 10 7 33 33
0009_0011_0010_0030_0030.jpg 1 11 10 30 30
0010_0003_0007_0026_0026.jpg 1 3 7 26 26
0011_0013_0003_0027_0027.jpg 1 13 3 27 27
0012_0005_0004_0032_0032.jpg 1 5 4 32 32
0013_0005_0010_0030_0030.jpg 1 5 10 30 30
0014_0003_0004_0025_0025.jpg 1 3 4 25 25
0015_0010_0011_0032_0032.jpg 1 10 11 32 32
0016_0009_0014_0027_0027.jpg 1 9 14 27 27
0017_0008_0014_0029_0029.jpg 1 8 14 29 29
0018_0011_0012_0034_0034.jpg 1 11 12 34 34
0019_0005_0017_0030_0030.jpg 1 5 17 30 30
0020_0007_0016_0028_0028.jpg 1 7 16 28 28
0021_0011_0008_0027_0027.jpg 1 11 8 27 27
0022_0006_0003_0034_0034.jpg 1 6 3 34 34
0023_0017_0015_0029_0029.jpg 1 17 15 29 29
0024_0018_0016_0029_0029.jpg 1 18 16 29 29
0025_0007_0005_0033_0033.jpg 1 7 5 33 33
0026_0005_0017_0024_0024.jpg 1 5 17 24 24
0027_0005_0004_0034_0034.jpg 1 5 4 34 34
0028_0005_0020_0027_0027.jpg 1 5 20 27 27
0029_0010_0005_0031_0031.jpg 1 10 5 31 31
0030_0003_0005_0026_0026.jpg 1 3 5 26 26
0031_0012_0007_0033_0033.jpg 1 12 7 33 33
0032_0008_0002_0030_0030.jpg 1 8 2 30 30
0033_0011_0008_0032_0032.jpg 1 11 8 32 32
0034_0013_0016_0027_0027.jpg 1 13 16 27 27
0035_0016_0009_0030_0030.jpg 1 16 9 30 30
0036_0003_0004_0030_0030.jpg 1 3 4 30 30
0037_0007_0012_0034_0034.jpg 1 7 12 34 34
0038_0005_0016_0030_0030.jpg 1 5 16 30 30
0039_0008_0003_0025_0025.jpg 1 8 3 25 25
0040_0013_0010_0031_0031.jpg 1 13 10 31 31
0041_0017_0018_0024_0024.jpg 1 17 18 24 24
0042_0017_0016_0030_0030.jpg 1 17 16 30 30
0043_0013_0013_0033_0033.jpg 1 13 13 33 33
0044_0003_0014_0025_0025.jpg 1 3 14 25 25
0045_0010_0005_0032_0032.jpg 1 10 5 32 32
0046_0002_0008_0031_0031.jpg 1 2 8 31 31
0047_0009_0009_0027_0027.jpg 1 9 9 27 27
0048_0007_0018_0029_0029.jpg 1 7 18 29 29
0049_0012_0015_0027_0027.jpg 1 12 15 27 27
0050_0007_0007_0032_0032.jpg 1 7 7 32 32
0051_0002_0019_0025_0025.jpg 1 2 19 25 25
0052_0011_0002_0032_0032.jpg 1 11 2 32 32
0053_0006_0009_0033_0033.jpg 1 6 9 33 33
0054_0007_0006_0026_0026.jpg 1 7 6 26 26
0055_0007_0018_0027_0027.jpg 1 7 18 27 27
0056_0013_0005_0030_0030.jpg 1 13 5 30 30
0057_0016_0018_0027_0027.jpg 1 16 18 27 27
0058_0022_0005_0024_0024.jpg 1 22 5 24 24
0059_0009_0009_0034_0034.jpg 1 9 9 34 34
0060_0017_0014_0030_0030.jpg 1 17 14 30 30
0061_0004_0004_0026_0026.jpg 1 4 4 26 26
0062_0004_0003_0032_0032.jpg 1 4 3 32 32
0063_0014_0013_0031_0031.jpg 1 14 13 31 31
0064_0013_0006_0031_0031.jpg 1 13 6 31 31
0065_0012_0006_0033_0033.jpg 1 12 6 33 33
0066_0011_0002_0025_0025.jpg 1 11 2 25 25
0067_0009_0011_0030_0030.jpg 1 9 11 30 30
0068_0007_0021_0024_0024.jpg 1 7 21 24 24
0069_0011_0006_0032_0032.jpg 1 11 6 32 32
0070_0013_0011_0032_0032.jpg 1 13 11 32 32
0071_0006_0010_0025_0025.jpg 1 6 10 25 25
0072_0003_0005_0028_0028.jpg 1 3 5 28 28
0073_0012_0008_0030_0030.jpg 1 12 8 30 30
0074_0007_0012_0025_0025.jpg 1 7 12 25 25
0075_0002_0009_0034_0034.jpg 1 2 9 34 34
0076_0011_0018_0026_0026.jpg 1 11 18 26 26
0077_0007_0008_0033_0033.jpg 1 7 8 33 33
0078_0017_0002_0028_0028.jpg 1 17 2 28 28
0079_0007_0005_0031_0031.jpg 1 7 5 31 31
0080_0010_0022_0025_0025.jpg 1 10 22 25 25
0081_0018_0006_0024_0024.jpg 1 18 6 24 24
0082_0004_0007_0028_0028.jpg 1 4 7 28 28
0083_0015_0015_0026_0026.jpg 1 15 15 26 26
0084_0014_0008_0027_0027.jpg 1 14 8 27 27
0085_0010_0006_0028_0028.jpg 1 10 6 28 28
0086_0006_0005_0024_0024.jpg 1 6 5 24 24
0087_0005_0002_0027_0027.jpg 1 5 2 27 27
0088_0005_0009_0024_0024.jpg 1 5 9 24 24
0089_0016_0017_0028_0028.jpg 1 16 17 28 28
0090_0020_0005_0027_0027.jpg 1 20 5 27 27
0091_0016_0010_0026_0026.jpg 1 16 10 26 26
0092_0017_0010_0026_0026.jpg 1 17 10 26 26
0093_0010_0001_0031_0031.jpg 1 10 1 31 31
0094_0012_0012_0024_0024.jpg 1 12 12 24 24
0095_0018_0016_0029_0029.jpg 1 18 16 29 29
0096_0008_0012_0028_0028.jpg 1 8 12 28 28
0097_0021_0011_0024_0024.jpg 1 21 11 24 24
0098_0014_0002_0031_0031.jpg 1 14 2 31 31
0099_0005_0007_0032_0032.jpg 1 5 7 32 32
0100_0018_0003_0028_0028.jpg 1 18 3 28 28
0101_0014_0007_0026_0026.jpg 1 14 7 26 26
0102_0012_0013_0027_0027.jpg 1 12 13 27 27
0103_0011_0007_0034_0034.jpg 1 11 7 34 34
0104_0006_0004_0024_0024.jpg 1 6 4 24 24
0105_0016_0018_0025_0025.jpg 1 16 18 25 25
0106_0004_0005_0030_0030.jpg 1 4 5 30 30
0107_0006_0007_0031_0031.jpg 1 6 7 31 31
0108_0016_0016_0029_0029.jpg 1 16 16 29 29
0109_0006_0012_0030_0030.jpg 1 6 12 30 30
0110_0012_0014_0033_0033.jpg 1 12 14 33 33
0111_0007_0002_0032_0032.jpg 1 7 2 32 32
0112_0007_0017_0029_0029.jpg 1 7 17 29 29
0113_0004_0003_0031_0031.jpg 1 4 3 31 31
0114_0007_0017_0029_0029.jpg 1 7 17 29 29
0115_0004_0013_0030_0030.jpg 1 4 13 30 30
0116_0006_0008_0028_0028.jpg 1 6 8 28 28
0117_0014_0003_0031_0031.jpg 1 14 3 31 31
0118_0008_0008_0029_0029.jpg 1 8 8 29 29
0119_0011_0005_0025_0025.jpg 1 11 5 25 25
0120_0005_0015_0030_0030.jpg 1 5 15 30 30
0121_0014_0006_0027_0027.jpg 1 14 6 27 27
0122_0015_0019_0027_0027.jpg 1 15 19 27 27
0123_0003_0005_0033_0033.jpg 1 3 5 33 33
0124_0008_0015_0024_0024.jpg 1 8 15 24 24
0125_0015_0010_0032_0032.jpg 1 15 10 32 32
0126_0013_0013_0026_0026.jpg 1 13 13 26 26
0127_0011_0008_0027_0027.jpg 1 11 8 27 27
0128_0003_0011_0032_0032.jpg 1 3 11 32 32
0129_0004_0002_0032_0032.jpg 1 4 2 32 32
0130_0012_0002_0034_0034.jpg 1 12 2 34 34
0131_0013_0007_0031_0031.jpg 1 13 7 31 31
0132_0010_0005_0033_0033.jpg 1 10 5 33 33
0133_0002_0010_0030_0030.jpg 1 2 10 30 30
0134_0006_0023_0024_0024.jpg 1 6 23 24 24
0135_0015_0011_0026_0026.jpg 1 15 11 26 26
0136_0007_0015_0032_0032.jpg 1 7 15 32 32
0137_0015_0005_0026_0026.jpg 1 15 5 26 26
0138_0008_0015_0033_0033.jpg 1 8 15 33 33
0139_0009_0005_0031_0031.jpg 1 9 5 31 31
0140_0003_0008_0031_0031.jpg 1 3 8 31 31
0141_0013_0008_0034_0034.jpg 1 13 8 34 34
0142_0013_0008_0034_0034.jpg 1 13 8 34 34
0143_0005_0004_0024_0024.jpg 1 5 4 24 24
0144_0005_0007_0025_0025.jpg 1 5 7 25 25
0145_0014_0004_0030_0030.jpg 1 14 4 30 30
0146_0018_0020_0025_0025.jpg 1 18 20 25 25
0147_0010_0013_0024_0024.jpg 1 10 13 24 24
0148_0007_0012_0032_0032.jpg 1 7 12 32 32
0149_0003_0010_0030_0030.jpg 1 3 10 30 30
0150_0015_0011_0027_0027.jpg 1 15 11 27 27
0151_0008_0007_0030_0030.jpg 1 8 7 30 30
0152_0015_0012_0033_0033.jpg 1 15 12 33 33
0153_0007_0006_0032_0032.jpg 1 7 6 32 32
0154_0005_0011_0033_0033.jpg 1 5 11 33 33
0155_0017_0013_0028_0028.jpg 1 17 13 28 28
0156_0005_0004_0024_0024.jpg 1 5 4 24 24
0157_0006_0006_0034_0034.jpg 1 6 6 34 34
0158_0015_0005_0026_0026.jpg 1 15 5 26 26
0159_0006_0012_0033_0033.jpg 1 6 12 33 33
0160_0009_0003_0032_0032.jpg 1 9 3 32 32
0161_0007_0014_0030_0030.jpg 1 7 14 30 30
0162_0015_0013_0031_0031.jpg 1 15 13 31 31
0163_0018_0013_0025_0025.jpg 1 18 13 25 25
0164_0004_0010_0030_0030.jpg 1 4 10 30 30
0165_0004_0011_0025_0025.jpg 1 4 11 25 25
0166_0005_0006_0028_0028.jpg 1 5 6 28 28
0167_0010_0009_0032_0032.jpg 1 10 9 32 32
0168_0006_0019_0024_0024.jpg 1 6 19 24 24
0169_0003_0012_0028_0028.jpg 1 3 12 28 28
0170_0007_0014_0033_0033.jpg 1 7 14 33 33
0171_0008_0011_0034_0034.jpg 1 8 11 34 34
0172_0003_0007_0031_0031.jpg 1 3 7 31 31
0173_0013_0001_0032_0032.jpg 1 13 1 32 32
0174_0002_0003_0030_0030.jpg 1 2 3 30 30
0175_0016_0009_0030_0030.jpg 1 16 9 30 30
0176_0012_0005_0034_0034.jpg 1 12 5 34 34
0177_0004_0006_0031_0031.jpg 1 4 6 31 31
0178_0002_0003_0028_0028.jpg 1 2 3 28 28
0179_0016_0018_0029_0029.jpg 1 16 18 29 29
0180_0013_0010_0031_0031.jpg 1 13 10 31 31
0181_0003_0009_0025_0025.jpg 1 3 9 25 25
0182_0020_0007_0027_0027.jpg 1 20 7 27 27
0183_0013_0011_0029_0029.jpg 1 13 11 29 29
0184_0016_0020_0026_0026.jpg 1 16 20 26 26
0185_0016_0014_0029_0029.jpg 1 16 14 29 29
0186_0008_0008_0030_0030.jpg 1 8 8 30 30
0187_0016_0007_0030_0030.jpg 1 16 7 30 30
0188_0012_0006_0033_0033.jpg 1 12 6 33 33
0189_0012_0002_0033_0033.jpg 1 12 2 33 33
0190_0017_0017_0025_0025.jpg 1 17 17 25 25
0191_0002_0004_0031_0031.jpg 1 2 4 31 31
0192_0014_0013_0032_0032.jpg 1 14 13 32 32
0193_0014_0010_0029_0029.jpg 1 14 10 29 29
0194_0013_0009_0032_0032.jpg 1 13 9 32 32
0195_0013_0008_0032_0032.jpg 1 13 8 32 32
0196_0016_0009_0030_0030.jpg 1 16 9 30 30
0197_0011_0003_0030_0030.jpg 1 11 3 30 30
0198_0011_0004_0024_0024.jpg 1 11 4 24 24
0199_0007_0010_0027_0027.jpg 1 7 10 27 27
0200_0016_0002_0031_0031.jpg 1 16 2 31 31
0201_0002_0023_0024_0024.jpg 1 2 23 24 24
0202_0005_0015_0032_0032.jpg 1 5 15 32 32
0203_0002_0011_0031_0031.jpg 1 2 11 31 31
0204_0013_0003_0034_0034.jpg 1 13 3 34 34
0205_0011_0012_0031_0031.jpg 1 11 12 31 31
0206_0014_0013_0032_0032.jpg 1 14 13 32 32
0207_0016_0006_0027_0027.jpg 1 16 6 27 27
0208_0012_0010_0027_0027.jpg 1 12 10 27 27
0209_0003_0009_0032_0032.jpg 1 3 9 32 32
0210_0023_0005_0024_0024.jpg 1 23 5 24 24
0211_0022_0007_0024_0024.jpg 1 22 7 24 24
0212_0018_0012_0029_0029.jpg 1 18 12 29 29
0213_0010_0015_0032_0032.jpg 1 10 15 32 32
0214_0004_0010_0025_0025.jpg 1 4 10 25 25
0215_0003_0008_0031_0031.jpg 1 3 8 31 31
0216_0011_0016_0031_0031.jpg 1 11 16 31 31
0217_0006_0013_0025_0025.jpg 1 6 13 25 25
0218_0003_0010_0033_0033.jpg 1 3 10 33 33
0219_0005_0010_0033_0033.jpg 1 5 10 33 33
0220_0022_0010_0024_0024.jpg 1 22 10 24 24
0221_0011_0010_0029_0029.jpg 1 11 10 29 29
0222_0020_0014_0024_0024.jpg 1 20 14 24 24
0223_0005_0008_0032_0032.jpg 1 5 8 32 32
0224_0016_0016_0029_0029.jpg 1 16 16 29 29
0225_0002_0011_0034_0034.jpg 1 2 11 34 34
0226_0020_0017_0025_0025.jpg 1 20 17 25 25
0227_0014_0006_0028_0028.jpg 1 14 6 28 28
0228_0007_0011_0034_0034.jpg 1 7 11 34 34
0229_0010_0002_0034_0034.jpg 1 10 2 34 34
0230_0003_0003_0031_0031.jpg 1 3 3 31 31
0231_0009_0014_0034_0034.jpg 1 9 14 34 34
0232_0006_0003_0033_0033.jpg 1 6 3 33 33
0233_0004_0011_0031_0031.jpg 1 4 11 31 31
0234_0012_0010_0033_0033.jpg 1 12 10 33 33
0235_0004_0005_0031_0031.jpg 1 4 5 31 31
0236_0004_0003_0030_0030.jpg 1 4 3 30 30
0237_0005_0013_0024_0024.jpg 1 5 13 24 24
0238_0008_0004_0027_0027.jpg 1 8 4 27 27
0239_0002_0004_0027_0027.jpg 1 2 4 27 27
0240_0003_0007_0033_0033.jpg 1 3 7 33 33
0241_0009_0011_0031_0031.jpg 1 9 11 31 31
0242_0015_0008_0033_0033.jpg 1 15 8 33 33
0243_0010_0006_0028_0028.jpg 1 10 6 28 28
0244_0016_0002_0031_0031.jpg 1 16 2 31 31
0245_0018_0013_0025_0025.jpg 1 18 13 25 25
0246_0023_0009_0024_0024.jpg 1 23 9 24 24
0247_0010_0005_0034_0034.jpg 1 10 5 34 34
0248_0014_0018_0029_0029.jpg 1 14 18 29 29
0249_0014_0010_0032_0032.jpg 1 14 10 32 32
0250_0009_0002_0026_0026.jpg 1 9 2 26 26
0251_0016_0016_0029_0029.jpg 1 16 16 29 29
0252_0003_0002_0032_0032.jpg 1 3 2 32 32
0253_0016_0016_0030_0030.jpg 1 16 16 30 30
0254_0012_0002_0034_0034.jpg 1 12 2 34 34
0255_0002_0011_0028_0028.jpg 1 2 11 28 28
0256_0009_0016_0028_0028.jpg 1 9 16 28 28
0257_0016_0010_0029_0029.jpg 1 16 10 29 29
0258_0015_0009_0028_0028.jpg 1 15 9 28 28
0259_0004_0010_0032_0032.jpg 1 4 10 32 32
0260_0007_0007_0028_0028.jpg 1 7 7 28 28
0261_0005_0017_0028_0028.jpg 1 5 17 28 28
0262_0003_0009_0030_0030.jpg 1 3 9 30 30
0263_0009_0012_0031_0031.jpg 1 9 12 31 31
0264_0006_0013_0028_0028.jpg 1 6 13 28 28
0265_0008_0003_0031_0031.jpg 1 8 3 31 31
0266_0014_0010_0032_0032.jpg 1 14 10 32 32
0267_0008_0009_0032_0032.jpg 1 8 9 32 32
0268_0012_0014_0034_0034.jpg 1 12 14 34 34
0269_0010_0010_0028_0028.jpg 1 10 10 28 28
0270_0007_0018_0027_0027.jpg 1 7 18 27 27
0271_0015_0009_0026_0026.jpg 1 15 9 26 26
0272_0012_0008_0026_0026.jpg 1 12 8 26 26
0273_0018_0018_0028_0028.jpg 1 18 18 28 28
0274_0008_0006_0025_0025.jpg 1 8 6 25 25
0275_0004_0003_0026_0026.jpg 1 4 3 26 26
0276_0005_0002_0027_0027.jpg 1 5 2 27 27
0277_0013_0003_0029_0029.jpg 1 13 3 29 29
0278_0008_0013_0029_0029.jpg 1 8 13 29 29
0279_0002_0005_0030_0030.jpg 1 2 5 30 30
0280_0014_0011_0026_0026.jpg 1 14 11 26 26
0281_0003_0002_0030_0030.jpg 1 3 2 30 30
0282_0014_0015_0031_0031.jpg 1 14 15 31 31
0283_0011_0011_0030_0030.jpg 1 11 11 30 30
0284_0017_0014_0029_0029.jpg 1 17 14 29 29
0285_0013_0005_0029_0029.jpg 1 13 5 29 29
0286_0008_0016_0025_0025.jpg 1 8 16 25 25
0287_0011_0015_0029_0029.jpg 1 11 15 29 29
0288_0010_0005_0029_0029.jpg 1 10 5 29 29
0289_0014_0008_0032_0032.jpg 1 14 8 32 32
0290_0011_0009_0034_0034.jpg 1 11 9 34 34
0291_0012_0015_0030_0030.jpg 1 12 15 30 30
0292_0010_0003_0031_0031.jpg 1 10 3 31 31
0293_0009_0013_0029_0029.jpg 1 9 13 29 29
0294_0007_0014_0033_0033.jpg 1 7 14 33 33
0295_0013_0011_0024_0024.jpg 1 13 11 24 24
0296_0014_0014_0024_0024.jpg 1 14 14 24 24
0297_0012_0016_0027_0027.jpg 1 12 16 27 27
0298_0004_0004_0033_0033.jpg 1 4 4 33 33
0299_0009_0003_0027_0027.jpg 1 9 3 27 27
0300_0013_0004_0030_0030.jpg 1 13 4 30 30
0301_0007_0014_0032_0032.jpg 1 7 14 32 32
0302_0011_0004_0032_0032.jpg 1 11 4 32 32
0303_0014_0010_0033_0033.jpg 1 14 10 33 33
0304_0012_0008_0031_0031.jpg 1 12 8 31 31
0305_0008_0005_0033_0033.jpg 1 8 5 33 33
0306_0008_0007_0026_0026.jpg 1 8 7 26 26
0307_0010_0016_0024_0024.jpg 1 10 16 24 24
0308_0017_0017_0029_0029.jpg 1 17 17 29 29
0309_0013_0013_0029_0029.jpg 1 13 13 29 29
0310_0010_0004_0030_0030.jpg 1 10 4 30 30
0311_0001_0012_0033_0033.jpg 1 1 12 33 33
0312_0003_0020_0024_0024.jpg 1 3 20 24 24
0313_0003_0015_0032_0032.jpg 1 3 15 32 32
0314_0001_0002_0033_0033.jpg 1 1 2 33 33
0315_0006_0002_0034_0034.jpg 1 6 2 34 34
0316_0018_0020_0027_0027.jpg 1 18 20 27 27
0317_0001_0009_0034_0034.jpg 1 1 9 34 34
0318_0011_0002_0033_0033.jpg 1 11 2 33 33
0319_0006_0005_0033_0033.jpg 1 6 5 33 33
0320_0013_0014_0027_0027.jpg 1 13 14 27 27
0321_0004_0005_0031_0031.jpg 1 4 5 31 31
0322_0003_0007_0031_0031.jpg 1 3 7 31 31
0323_0004_0013_0034_0034.jpg 1 4 13 34 34
0324_0002_0005_0031_0031.jpg 1 2 5 31 31
0325_0007_0012_0028_0028.jpg 1 7 12 28 28
0326_0005_0005_0034_0034.jpg 1 5 5 34 34
0327_0016_0008_0031_0031.jpg 1 16 8 31 31
0328_0016_0008_0026_0026.jpg 1 16 8 26 26
0329_0007_0002_0030_0030.jpg 1 7 2 30 30
0330_0005_0008_0029_0029.jpg 1 5 8 29 29
0331_0015_0014_0032_0032.jpg 1 15 14 32 32
0332_0010_0018_0029_0029.jpg 1 10 18 29 29
0333_0010_0013_0033_0033.jpg 1 10 13 33 33
0334_0002_0012_0031_0031.jpg 1 2 12 31 31
0335_0015_0016_0026_0026.jpg 1 15 16 26 26
0336_0004_0002_0033_0033.jpg 1 4 2 33 33
0337_0008_0010_0034_0034.jpg 1 8 10 34 34
0338_0011_0009_0026_0026.jpg 1 11 9 26 26
0339_0018_0014_0029_0029.jpg 1 18 14 29 29
0340_0018_0019_0024_0024.jpg 1 18 19 24 24
0341_0007_0007_0030_0030.jpg 1 7 7 30 30
0342_0008_0012_0024_0024.jpg 1 8 12 24 24
0343_0019_0014_0027_0027.jpg 1 19 14 27 27
0344_0018_0021_0024_0024.jpg 1 18 21 24 24
0345_0013_0013_0031_0031.jpg 1 13 13 31 31
0346_0010_0012_0028_0028.jpg 1 10 12 28 28
0347_0018_0006_0027_0027.jpg 1 18 6 27 27
0348_0012_0012_0029_0029.jpg 1 12 12 29 29
0349_0015_0010_0024_0024.jpg 1 15 10 24 24
0350_0012_0001_0034_0034.jpg 1 12 1 34 34
0351_0009_0002_0028_0028.jpg 1 9 2 28 28
0352_0010_0003_0027_0027.jpg 1 10 3 27 27
0353_0002_0012_0028_0028.jpg 1 2 12 28 28
0354_0012_0009_0030_0030.jpg 1 12 9 30 30
0355_0002_0008_0034_0034.jpg 1 2 8 34 34
0356_0007_0003_0032_0032.jpg 1 7 3 32 32
0357_0012_0014_0033_0033.jpg 1 12 14 33 33
0358_0018_0006_0027_0027.jpg 1 18 6 27 27
0359_0002_0022_0025_0025.jpg 1 2 22 25 25
0360_0018_0009_0029_0029.jpg 1 18 9 29 29
0361_0006_0003_0030_0030.jpg 1 6 3 30 30
0362_0010_0008_0029_0029.jpg 1 10 8 29 29
0363_0005_0018_0026_0026.jpg 1 5 18 26 26
0364_0004_0011_0030_0030.jpg 1 4 11 30 30
0365_0004_0004_0030_0030.jpg 1 4 4 30 30
0366_0009_0002_0029_0029.jpg 1 9 2 29 29
0367_0004_0013_0034_0034.jpg 1 4 13 34 34
0368_0012_0003_0034_0034.jpg 1 12 3 34 34
0369_0014_0012_0031_0031.jpg 1 14 12 31 31
0370_0015_0021_0026_0026.jpg 1 15 21 26 26
0371_0018_0010_0028_0028.jpg 1 18 10 28 28
0372_0002_0004_0034_0034.jpg 1 2 4 34 34
0373_0012_0018_0026_0026.jpg 1 12 18 26 26
0374_0012_0016_0025_0025.jpg 1 12 16 25 25
0375_0019_0020_0025_0025.jpg 1 19 20 25 25
0376_0003_0010_0024_0024.jpg 1 3 10 24 24
0377_0019_0002_0024_0024.jpg 1 19 2 24 24
0378_0010_0015_0031_0031.jpg 1 10 15 31 31
0379_0003_0012_0031_0031.jpg 1 3 12 31 31
0380_0003_0003_0026_0026.jpg 1 3 3 26 26
0381_0004_0014_0030_0030.jpg 1 4 14 30 30
0382_0005_0013_0034_0034.jpg 1 5 13 34 34
0383_0004_0008_0034_0034.jpg 1 4 8 34 34
0384_0007_0007_0028_0028.jpg 1 7 7 28 28
0385_0013_0006_0033_0033.jpg 1 13 6 33 33
0386_0010_0003_0029_0029.jpg 1 10 3 29 29
0387_0013_0017_0030_0030.jpg 1 13 17 30 30
0388_0006_0007_0034_0034.jpg 1 6 7 34 34
0389_0006_0012_0030_0030.jpg 1 6 12 30 30
0390_0016_0004_0030_0030.jpg 1 16 4 30 30
0391_0012_0007_0026_0026.jpg 1 12 7 26 26
0392_0007_0015_0030_0030.jpg 1 7 15 30 30
0393_0016_0012_0028_0028.jpg 1 16 12 28 28
0394_0005_0014_0031_0031.jpg 1 5 14 31 31
0395_0012_0013_0025_0025.jpg 1 12 13 25 25
0396_0002_0015_0029_0029.jpg 1 2 15 29 29
0397_0011_0003_0025_0025.jpg 1 11 3 25 25
0398_0013_0008_0034_0034.jpg 1 13 8 34 34
0399_0015_0021_0025_0025.jpg 1 15 21 25 25
0400_0010_0011_0027_0027.jpg 1 10 11 27 27
0401_0015_0002_0028_0028.jpg 1 15 2 28 28
0402_0018_0009_0027_0027.jpg 1 18 9 27 27
0403_0014_0004_0024_0024.jpg 1 14 4 24 24
0404_0012_0008_0033_0033.jpg 1 12 8 33 33
0405_0010_0014_0030_0030.jpg 1 10 14 30 30
0406_0010_0018_0029_0029.jpg 1 10 18 29 29
0407_0002_0009_0025_0025.jpg 1 2 9 25 25
0408_0006_0012_0034_0034.jpg 1 6 12 34 34
0409_0002_0013_0028_0028.jpg 1 2 13 28 28
0410_0008_0007_0028_0028.jpg 1 8 7 28 28
0411_0008_0013_0025_0025.jpg 1 8 13 25 25
0412_0015_0006_0026_0026.jpg 1 15 6 26 26
0413_0008_0009_0028_0028.jpg 1 8 9 28 28
0414_0009_0009_0025_0025.jpg 1 9 9 25 25
0415_0010_0011_0033_0033.jpg 1 10 11 33 33
0416_0017_0017_0027_0027.jpg 1 17 17 27 27
0417_0010_0014_0033_0033.jpg 1 10 14 33 33
0418_0009_0006_0031_0031.jpg 1 9 6 31 31
0419_0013_0010_0030_0030.jpg 1 13 10 30 30
0420_0017_0014_0027_0027.jpg 1 17 14 27 27
0421_0005_0014_0025_0025.jpg 1 5 14 25 25
0422_0013_0002_0025_0025.jpg 1 13 2 25 25
0423_0011_0006_0027_0027.jpg 1 11 6 27 27
0424_0007_0013_0032_0032.jpg 1 7 13 32 32
0425_0012_0008_0034_0034.jpg 1 12 8 34 34
0426_0003_0011_0031_0031.jpg 1 3 11 31 31
0427_0002_0005_0030_0030.jpg 1 2 5 30 30
0428_0009_0009_0033_0033.jpg 1 9 9 33 33
0429_0011_0013_0029_0029.jpg 1 11 13 29 29
0430_0009_0016_0029_0029.jpg 1 9 16 29 29
0431_0006_0005_0024_0024.jpg 1 6 5 24 24
0432_0008_0006_0034_0034.jpg 1 8 6 34 34
0433_0008_0011_0034_0034.jpg 1 8 11 34 34
0434_0005_0012_0034_0034.jpg 1 5 12 34 34
0435_0011_0007_0032_0032.jpg 1 11 7 32 32
0436_0004_0006_0025_0025.jpg 1 4 6 25 25
0437_0009_0006_0027_0027.jpg 1 9 6 27 27
0438_0015_0004_0033_0033.jpg 1 15 4 33 33
0439_0006_0016_0027_0027.jpg 1 6 16 27 27
0440_0012_0012_0034_0034.jpg 1 12 12 34 34
0441_0002_0008_0032_0032.jpg 1 2 8 32 32
0442_0012_0002_0033_0033.jpg 1 12 2 33 33
0443_0012_0005_0029_0029.jpg 1 12 5 29 29
0444_0018_0009_0028_0028.jpg 1 18 9 28 28
0445_0010_0011_0029_0029.jpg 1 10 11 29 29
0446_0019_0011_0027_0027.jpg 1 19 11 27 27
0447_0004_0008_0028_0028.jpg 1 4 8 28 28
0448_0007_0007_0033_0033.jpg 1 7 7 33 33
0449_0012_0009_0027_0027.jpg 1 12 9 27 27
0450_0019_0007_0027_0027.jpg 1 19 7 27 27
0451_0010_0014_0030_0030.jpg 1 10 14 30 30
0452_0002_0008_0031_0031.jpg 1 2 8 31 31
0453_0005_0010_0030_0030.jpg 1 5 10 30 30
0454_0006_0003_0029_0029.jpg 1 6 3 29 29
0455_0004_0002_0031_0031.jpg 1 4 2 31 31
0456_0011_0013_0034_0034.jpg 1 11 13 34 34
0457_0018_0004_0026_0026.jpg 1 18 4 26 26
0458_0007_0007_0032_0032.jpg 1 7 7 32 32
0459_0008_0003_0025_0025.jpg 1 8 3 25 25
0460_0009_0021_0025_0025.jpg 1 9 21 25 25
0461_0004_0015_0033_0033.jpg 1 4 15 33 33
0462_0004_0008_0031_0031.jpg 1 4 8 31 31
0463_0007_0014_0033_0033.jpg 1 7 14 33 33
0464_0016_0008_0024_0024.jpg 1 16 8 24 24
0465_0012_0009_0034_0034.jpg 1 12 9 34 34
0466_0007_0017_0025_0025.jpg 1 7 17 25 25
0467_0018_0004_0026_0026.jpg 1 18 4 26 26
0468_0012_0009_0026_0026.jpg 1 12 9 26 26
0469_0017_0018_0029_0029.jpg 1 17 18 29 29
0470_0003_0006_0028_0028.jpg 1 3 6 28 28
0471_0007_0011_0034_0034.jpg 1 7 11 34 34
0472_0007_0003_0026_0026.jpg 1 7 3 26 26
0473_0017_0006_0027_0027.jpg 1 17 6 27 27
0474_0010_0004_0031_0031.jpg 1 10 4 31 31
0475_0017_0009_0026_0026.jpg 1 17 9 26 26
0476_0008_0015_0030_0030.jpg 1 8 15 30 30
0477_0015_0011_0031_0031.jpg 1 15 11 31 31
0478_0009_0006_0033_0033.jpg 1 9 6 33 33
0479_0011_0006_0028_0028.jpg 1 11 6 28 28
0480_0010_0010_0030_0030.jpg 1 10 10 30 30
0481_0012_0016_0028_0028.jpg 1 12 16 28 28
0482_0008_0008_0033_0033.jpg 1 8 8 33 33
0483_0008_0003_0025_0025.jpg 1 8 3 25 25
0484_0015_0003_0032_0032.jpg 1 15 3 32 32
0485_0022_0007_0024_0024.jpg 1 22 7 24 24
0486_0008_0019_0028_0028.jpg 1 8 19 28 28
0487_0008_0003_0026_0026.jpg 1 8 3 26 26
0488_0007_0007_0034_0034.jpg 1 7 7 34 34
0489_0021_0013_0024_0024.jpg 1 21 13 24 24
0490_0009_0004_0029_0029.jpg 1 9 4 29 29
0491_0012_0018_0027_0027.jpg 1 12 18 27 27
0492_0010_0012_0028_0028.jpg 1 10 12 28 28
0493_0007_0003_0031_0031.jpg 1 7 3 31 31
0494_0012_0005_0034_0034.jpg 1 12 5 34 34
0495_0012_0011_0033_0033.jpg 1 12 11 33 33
0496_0008_0013_0030_0030.jpg 1 8 13 30 30
0497_0014_0002_0029_0029.jpg 1 14 2 29 29
0498_0012_0009_0033_0033.jpg 1 12 9 33 33
0499_0015_0017_0025_0025.jpg 1 15 17 25 25
0500_0003_0010_0030_0030.jpg 1 3 10 30 30
0501_0003_0009_0024_0024.jpg 1 3 9 24 24
0502_0007_0009_0030_0030.jpg 1 7 9 30 30
0503_0007_0011_0030_0030.jpg 1 7 11 30 30
0504_0017_0009_0028_0028.jpg 1 17 9 28 28
0505_0002_0008_0031_0031.jpg 1 2 8 31 31
0506_0003_0007_0029_0029.jpg 1 3 7 29 29
0507_0016_0013_0031_0031.jpg 1 16 13 31 31
0508_0007_0007_0032_0032.jpg 1 7 7 32 32
0509_0010_0003_0032_0032.jpg 1 10 3 32 32
0510_0003_0012_0026_0026.jpg 1 3 12 26 26
0511_0020_0004_0025_0025.jpg 1 20 4 25 25
0512_0012_0016_0025_0025.jpg 1 12 16 25 25
0513_0019_0012_0028_0028.jpg 1 19 12 28 28
0514_0008_0015_0031_0031.jpg 1 8 15 31 31
0515_0003_0003_0026_0026.jpg 1 3 3 26 26
0516_0002_0018_0024_0024.jpg 1 2 18 24 24
0517_0011_0017_0031_0031.jpg 1 11 17 31 31
0518_0010_0016_0031_0031.jpg 1 10 16 31 31
0519_0006_0010_0028_0028.jpg 1 6 10 28 28
0520_0006_0008_0024_0024.jpg 1 6 8 24 24
0521_0011_0013_0034_0034.jpg 1 11 13 34 34
0522_0015_0006_0027_0027.jpg 1 15 6 27 27
0523_0009_0009_0024_0024.jpg 1 9 9 24 24
0524_0021_0018_0024_0024.jpg 1 21 18 24 24
0525_0011_0016_0031_0031.jpg 1 11 16 31 31
0526_0013_0012_0033_0033.jpg 1 13 12 33 33
0527_0010_0004_0032_0032.jpg 1 10 4 32 32
0528_0013_0010_0028_0028.jpg 1 13 10 28 28
0529_0017_0011_0029_0029.jpg 1 17 11 29 29
0530_0012_0012_0026_0026.jpg 1 12 12 26 26
0531_0016_0014_0025_0025.jpg 1 16 14 25 25
0532_0007_0011_0026_0026.jpg 1 7 11 26 26
0533_0014_0014_0024_0024.jpg 1 14 14 24 24
0534_0016_0021_0026_0026.jpg 1 16 21 26 26
0535_0006_0003_0033_0033.jpg 1 6 3 33 33
0536_0006_0011_0025_0025.jpg 1 6 11 25 25
0537_0011_0011_0033_0033.jpg 1 11 11 33 33
0538_0019_0013_0024_0024.jpg 1 19 13 24 24
0539_0015_0011_0030_0030.jpg 1 15 11 30 30
0540_0015_0004_0031_0031.jpg 1 15 4 31 31
0541_0010_0011_0028_0028.jpg 1 10 11 28 28
0542_0002_0010_0034_0034.jpg 1 2 10 34 34
0543_0010_0016_0026_0026.jpg 1 10 16 26 26
0544_0020_0019_0025_0025.jpg 1 20 19 25 25
0545_0008_0006_0030_0030.jpg 1 8 6 30 30
0546_0017_0010_0030_0030.jpg 1 17 10 30 30
0547_0012_0003_0032_0032.jpg 1 12 3 32 32
0548_0018_0005_0027_0027.jpg 1 18 5 27 27
0549_0005_0009_0026_0026.jpg 1 5 9 26 26
0550_0014_0012_0032_0032.jpg 1 14 12 32 32
0551_0013_0014_0026_0026.jpg 1 13 14 26 26
0552_0004_0012_0031_0031.jpg 1 4 12 31 31
0553_0011_0007_0034_0034.jpg 1 11 7 34 34
0554_0003_0006_0028_0028.jpg 1 3 6 28 28
0555_0012_0003_0034_0034.jpg 1 12 3 34 34
0556_0012_0014_0030_0030.jpg 1 12 14 30 30
0557_0006_0007_0024_0024.jpg 1 6 7 24 24
0558_0011_0002_0031_0031.jpg 1 11 2 31 31
0559_0007_0007_0034_0034.jpg 1 7 7 34 34
0560_0006_0013_0031_0031.jpg 1 6 13 31 31
0561_0003_0007_0030_0030.jpg 1 3 7 30 30
0562_0009_0006_0029_0029.jpg 1 9 6 29 29
0563_0006_0003_0029_0029.jpg 1 6 3 29 29
0564_0004_0015_0031_0031.jpg 1 4 15 31 31
0565_0010_0008_0032_0032.jpg 1 10 8 32 32
0566_0010_0016_0032_0032.jpg 1 10 16 32 32
0567_0010_0008_0032_0032.jpg 1 10 8 32 32
0568_0012_0013_0033_0033.jpg 1 12 13 33 33
0569_0003_0008_0032_0032.jpg 1 3 8 32 32
0570_0013_0015_0024_0024.jpg 1 13 15 24 24
0571_0013_0007_0028_0028.jpg 1 13 7 28 28
0572_0013_0010_0027_0027.jpg 1 13 10 27 27
0573_0011_0018_0028_0028.jpg 1 11 18 28 28
0574_0011_0007_0034_0034.jpg 1 11 7 34 34
0575_0003_0005_0033_0033.jpg 1 3 5 33 33
0576_0008_0013_0030_0030.jpg 1 8 13 30 30
0577_0008_0007_0029_0029.jpg 1 8 7 29 29
0578_0013_0004_0030_0030.jpg 1 13 4 30 30
0579_0008_0009_0029_0029.jpg 1 8 9 29 29
0580_0016_0013_0030_0030.jpg 1 16 13 30 30
0581_0002_0006_0034_0034.jpg 1 2 6 34 34
0582_0005_0012_0028_0028.jpg 1 5 12 28 28
0583_0012_0017_0028_0028.jpg 1 12 17 28 28
0584_0013_0013_0034_0034.jpg 1 13 13 34 34
0585_0004_0012_0026_0026.jpg 1 4 12 26 26
0586_0006_0010_0031_0031.jpg 1 6 10 31 31
0587_0004_0017_0025_0025.jpg 1 4 17 25 25
0588_0005_0012_0030_0030.jpg 1 5 12 30 30
0589_0006_0018_0025_0025.jpg 1 6 18 25 25
0590_0006_0006_0025_0025.jpg 1 6 6 25 25
0591_0011_0003_0033_0033.jpg 1 11 3 33 33
0592_0023_0017_0024_0024.jpg 1 23 17 24 24
0593_0020_0015_0024_0024.jpg 1 20 15 24 24
0594_0015_0015_0029_0029.jpg 1 15 15 29 29
0595_0005_0012_0024_0024.jpg 1 5 12 24 24
0596_0007_0010_0027_0027.jpg 1 7 10 27 27
0597_0011_0005_0033_0033.jpg 1 11 5 33 33
0598_0015_0007_0029_0029.jpg 1 15 7 29 29
0599_0016_0002_0030_0030.jpg 1 16 2 30 30
0600_0008_0007_0032_0032.jpg 1 8 7 32 32
0601_0014_0017_0027_0027.jpg 1 14 17 27 27
0602_0010_0006_0031_0031.jpg 1 10 6 31 31
0603_0005_0015_0027_0027.jpg 1 5 15 27 27
0604_0003_0018_0028_0028.jpg 1 3 18 28 28
0605_0005_0015_0026_0026.jpg 1 5 15 26 26
0606_0002_0007_0033_0033.jpg 1 2 7 33 33
0607_0007_0006_0028_0028.jpg 1 7 6 28 28
0608_0005_0006_0028_0028.jpg 1 5 6 28 28
0609_0016_0018_0024_0024.jpg 1 16 18 24 24
0610_0006_0013_0034_0034.jpg 1 6 13 34 34
0611_0013_0012_0030_0030.jpg 1 13 12 30 30
0612_0012_0014_0031_0031.jpg 1 12 14 31 31
0613_0021_0006_0025_0025.jpg 1 21 6 25 25
0614_0013_0016_0031_0031.jpg 1 13 16 31 31
0615_0021_0017_0026_0026.jpg 1 21 17 26 26
0616_0006_0014_0033_0033.jpg 1 6 14 33 33
0617_0007_0002_0028_0028.jpg 1 7 2 28 28
0618_0016_0013_0031_0031.jpg 1 16 13 31 31
0619_0012_0003_0030_0030.jpg 1 12 3 30 30
0620_0013_0006_0034_0034.jpg 1 13 6 34 34
0621_0013_0014_0034_0034.jpg 1 13 14 34 34
0622_0009_0008_0028_0028.jpg 1 9 8 28 28
0623_0005_0014_0031_0031.jpg 1 5 14 31 31
0624_0016_0005_0024_0024.jpg 1 16 5 24 24
0625_0016_0019_0024_0024.jpg 1 16 19 24 24
0626_0011_0003_0030_0030.jpg 1 11 3 30 30
0627_0002_0006_0032_0032.jpg 1 2 6 32 32
0628_0004_0020_0027_0027.jpg 1 4 20 27 27
0629_0014_0007_0030_0030.jpg 1 14 7 30 30
0630_0015_0003_0031_0031.jpg 1 15 3 31 31
0631_0005_0017_0025_0025.jpg 1 5 17 25 25
0632_0011_0018_0027_0027.jpg 1 11 18 27 27
0633_0011_0019_0027_0027.jpg 1 11 19 27 27
0634_0014_0008_0027_0027.jpg 1 14 8 27 27
0635_0013_0012_0026_0026.jpg 1 13 12 26 26
0636_0015_0022_0024_0024.jpg 1 15 22 24 24
0637_0005_0017_0025_0025.jpg 1 5 17 25 25
0638_0011_0009_0033_0033.jpg 1 11 9 33 33
0639_0018_0016_0026_0026.jpg 1 18 16 26 26
0640_0007_0004_0029_0029.jpg 1 7 4 29 29
0641_0005_0016_0032_0032.jpg 1 5 16 32 32
0642_0017_0017_0028_0028.jpg 1 17 17 28 28
0643_0015_0015_0029_0029.jpg 1 15 15 29 29
0644_0011_0015_0027_0027.jpg 1 11 15 27 27
0645_0010_0010_0027_0027.jpg 1 10 10 27 27
0646_0016_0010_0029_0029.jpg 1 16 10 29 29
0647_0012_0003_0026_0026.jpg 1 12 3 26 26
0648_0005_0014_0034_0034.jpg 1 5 14 34 34
0649_0010_0019_0026_0026.jpg 1 10 19 26 26
0650_0017_0016_0030_0030.jpg 1 17 16 30 30
0651_0014_0013_0034_0034.jpg 1 14 13 34 34
0652_0014_0015_0024_0024.jpg 1 14 15 24 24
0653_0005_0009_0032_0032.jpg 1 5 9 32 32
0654_0014_0004_0029_0029.jpg 1 14 4 29 29
0655_0018_0018_0024_0024.jpg 1 18 18 24 24
0656_0003_0006_0025_0025.jpg 1 3 6 25 25
0657_0017_0014_0030_0030.jpg 1 17 14 30 30
0658_0009_0012_0032_0032.jpg 1 9 12 32 32
0659_0006_0017_0028_0028.jpg 1 6 17 28 28
0660_0016_0015_0031_0031.jpg 1 16 15 31 31
0661_0009_0015_0031_0031.jpg 1 9 15 31 31
0662_0003_0002_0030_0030.jpg 1 3 2 30 30
0663_0012_0010_0031_0031.jpg 1 12 10 31 31
0664_0018_0013_0024_0024.jpg 1 18 13 24 24
0665_0006_0015_0030_0030.jpg 1 6 15 30 30
0666_0003_0010_0029_0029.jpg 1 3 10 29 29
0667_0007_0012_0033_0033.jpg 1 7 12 33 33
0668_0003_0006_0027_0027.jpg 1 3 6 27 27
0669_0012_0014_0027_0027.jpg 1 12 14 27 27
0670_0019_0002_0027_0027.jpg 1 19 2 27 27
0671_0014_0014_0033_0033.jpg 1 14 14 33 33
0672_0016_0009_0024_0024.jpg 1 16 9 24 24
0673_0007_0012_0034_0034.jpg 1 7 12 34 34
0674_0007_0005_0025_0025.jpg 1 7 5 25 25
0675_0011_0015_0032_0032.jpg 1 11 15 32 32
0676_0011_0012_0031_0031.jpg 1 11 12 31 31
0677_0005_0005_0033_0033.jpg 1 5 5 33 33
0678_0006_0015_0024_0024.jpg 1 6 15 24 24
0679_0004_0004_0028_0028.jpg 1 4 4 28 28
0680_0009_0008_0033_0033.jpg 1 9 8 33 33
0681_0004_0002_0032_0032.jpg 1 4 2 32 32
0682_0003_0013_0032_0032.jpg 1 3 13 32 32
0683_0007_0009_0030_0030.jpg 1 7 9 30 30
0684_0005_0005_0025_0025.jpg 1 5 5 25 25
0685_0013_0010_0026_0026.jpg 1 13 10 26 26
0686_0008_0010_0032_0032.jpg 1 8 10 32 32
0687_0006_0006_0029_0029.jpg 1 6 6 29 29
0688_0006_0005_0027_0027.jpg 1 6 5 27 27
0689_0006_0006_0032_0032.jpg 1 6 6 32 32
0690_0022_0013_0024_0024.jpg 1 22 13 24 24
0691_0014_0019_0024_0024.jpg 1 14 19 24 24
0692_0013_0008_0033_0033.jpg 1 13 8 33 33
0693_0015_0012_0027_0027.jpg 1 15 12 27 27
0694_0010_0004_0031_0031.jpg 1 10 4 31 31
0695_0004_0004_0029_0029.jpg 1 4 4 29 29
0696_0008_0008_0034_0034.jpg 1 8 8 34 34
0697_0011_0009_0028_0028.jpg 1 11 9 28 28
0698_0014_0003_0029_0029.jpg 1 14 3 29 29
0699_0006_0015_0024_0024.jpg 1 6 15 24 24
0700_0015_0002_0029_0029.jpg 1 15 2 29 29
0701_0008_0013_0029_0029.jpg 1 8 13 29 29
0702_0002_0004_0033_0033.jpg 1 2 4 33 33
0703_0012_0011_0033_0033.jpg 1 12 11 33 33
0704_0007_0013_0034_0034.jpg 1 7 13 34 34
0705_0009_0015_0025_0025.jpg 1 9 15 25 25
0706_0018_0011_0029_0029.jpg 1 18 11 29 29
0707_0007_0004_0032_0032.jpg 1 7 4 32 32
0708_0013_0006_0027_0027.jpg 1 13 6 27 27
0709_0009_0017_0029_0029.jpg 1 9 17 29 29
0710_0004_0007_0032_0032.jpg 1 4 7 32 32
0711_0012_0018_0027_0027.jpg 1 12 18 27 27
0712_0004_0004_0033_0033.jpg 1 4 4 33 33
0713_0005_0013_0031_0031.jpg 1 5 13 31 31
0714_0008_0008_0025_0025.jpg 1 8 8 25 25
0715_0016_0004_0026_0026.jpg 1 16 4 26 26
0716_0007_0005_0027_0027.jpg 1 7 5 27 27
0717_0005_0002_0031_0031.jpg 1 5 2 31 31
0718_0013_0012_0033_0033.jpg 1 13 12 33 33
0719_0001_0012_0032_0032.jpg 1 1 12 32 32
0720_0016_0007_0031_0031.jpg 1 16 7 31 31
0721_0018_0010_0027_0027.jpg 1 18 10 27 27
0722_0011_0007_0033_0033.jpg 1 11 7 33 33
0723_0002_0015_0030_0030.jpg 1 2 15 30 30
0724_0005_0009_0034_0034.jpg 1 5 9 34 34
0725_0014_0010_0029_0029.jpg 1 14 10 29 29
0726_0001_0013_0033_0033.jpg 1 1 13 33 33
0727_0008_0010_0029_0029.jpg 1 8 10 29 29
0728_0005_0009_0029_0029.jpg 1 5 9 29 29
0729_0008_0002_0034_0034.jpg 1 8 2 34 34
0730_0010_0005_0033_0033.jpg 1 10 5 33 33
0731_0004_0005_0028_0028.jpg 1 4 5 28 28
0732_0004_0004_0026_0026.jpg 1 4 4 26 26
0733_0014_0002_0028_0028.jpg 1 14 2 28 28
0734_0005_0005_0029_0029.jpg 1 5 5 29 29
0735_0003_0010_0027_0027.jpg 1 3 10 27 27
0736_0002_0015_0029_0029.jpg 1 2 15 29 29
0737_0010_0002_0032_0032.jpg 1 10 2 32 32
0738_0009_0006_0033_0033.jpg 1 9 6 33 33
0739_0004_0021_0024_0024.jpg 1 4 21 24 24
0740_0017_0004_0030_0030.jpg 1 17 4 30 30
0741_0015_0004_0029_0029.jpg 1 15 4 29 29
0742_0008_0011_0033_0033.jpg 1 8 11 33 33
0743_0012_0014_0032_0032.jpg 1 12 14 32 32
0744_0003_0003_0034_0034.jpg 1 3 3 34 34
0745_0012_0005_0031_0031.jpg 1 12 5 31 31
0746_0003_0015_0024_0024.jpg 1 3 15 24 24
0747_0013_0014_0030_0030.jpg 1 13 14 30 30
0748_0013_0014_0031_0031.jpg 1 13 14 31 31
0749_0021_0016_0024_0024.jpg 1 21 16 24 24
0750_0014_0011_0033_0033.jpg 1 14 11 33 33
0751_0005_0009_0034_0034.jpg 1 5 9 34 34
0752_0012_0006_0031_0031.jpg 1 12 6 31 31
0753_0012_0004_0033_0033.jpg 1 12 4 33 33
0754_0023_0011_0024_0024.jpg 1 23 11 24 24
0755_0007_0010_0029_0029.jpg 1 7 10 29 29
0756_0017_0016_0028_0028.jpg 1 17 16 28 28
0757_0012_0005_0033_0033.jpg 1 12 5 33 33
0758_0009_0008_0033_0033.jpg 1 9 8 33 33
0759_0006_0005_0033_0033.jpg 1 6 5 33 33
0760_0014_0013_0025_0025.jpg 1 14 13 25 25
0761_0014_0019_0026_0026.jpg 1 14 19 26 26
0762_0004_0011_0028_0028.jpg 1 4 11 28 28
0763_0011_0013_0024_0024.jpg 1 11 13 24 24
0764_0010_0006_0033_0033.jpg 1 10 6 33 33
0765_0009_0007_0029_0029.jpg 1 9 7 29 29
0766_0008_0018_0025_0025.jpg 1 8 18 25 25
0767_0017_0008_0029_0029.jpg 1 17 8 29 29
0768_0002_0001_0034_0034.jpg 1 2 1 34 34
0769_0013_0002_0025_0025.jpg 1 13 2 25 25
0770_0016_0022_0024_0024.jpg 1 16 22 24 24
0771_0013_0014_0026_0026.jpg 1 13 14 26 26
0772_0004_0009_0034_0034.jpg 1 4 9 34 34
0773_0015_0006_0028_0028.jpg 1 15 6 28 28
0774_0008_0018_0028_0028.jpg 1 8 18 28 28
0775_0013_0002_0033_0033.jpg 1 13 2 33 33
0776_0006_0003_0030_0030.jpg 1 6 3 30 30
0777_0011_0006_0029_0029.jpg 1 11 6 29 29
0778_0002_0008_0034_0034.jpg 1 2 8 34 34
0779_0011_0010_0031_0031.jpg 1 11 10 31 31
0780_0006_0005_0033_0033.jpg 1 6 5 33 33
0781_0018_0019_0028_0028.jpg 1 18 19 28 28
0782_0006_0012_0032_0032.jpg 1 6 12 32 32
0783_0018_0010_0026_0026.jpg 1 18 10 26 26
0784_0013_0012_0031_0031.jpg 1 13 12 31 31
0785_0014_0011_0027_0027.jpg 1 14 11 27 27
0786_0012_0009_0029_0029.jpg 1 12 9 29 29
0787_0010_0001_0033_0033.jpg 1 10 1 33 33
0788_0009_0006_0034_0034.jpg 1 9 6 34 34
0789_0005_0010_0033_0033.jpg 1 5 10 33 33
0790_0006_0012_0030_0030.jpg 1 6 12 30 30
0791_0013_0004_0028_0028.jpg 1 13 4 28 28
0792_0014_0009_0031_0031.jpg 1 14 9 31 31
0793_0006_0012_0034_0034.jpg 1 6 12 34 34
0794_0010_0015_0028_0028.jpg 1 10 15 28 28
0795_0017_0011_0030_0030.jpg 1 17 11 30 30
0796_0013_0014_0024_0024.jpg 1 13 14 24 24
0797_0014_0017_0026_0026.jpg 1 14 17 26 26
0798_0004_0011_0031_0031.jpg 1 4 11 31 31
0799_0013_0009_0030_0030.jpg 1 13 9 30 30
0800_0008_0002_0030_0030.jpg 1 8 2 30 30
0801_0013_0015_0032_0032.jpg 1 13 15 32 32
0802_0013_0003_0032_0032.jpg 1 13 3 32 32
0803_0013_0014_0029_0029.jpg 1 13 14 29 29
0804_0003_0013_0034_0034.jpg 1 3 13 34 34
0805_0011_0004_0033_0033.jpg 1 11 4 33 33
0806_0009_0016_0031_0031.jpg 1 9 16 31 31
0807_0008_0003_0031_0031.jpg 1 8 3 31 31
0808_0016_0006_0032_0032.jpg 1 16 6 32 32
0809_0014_0006_0030_0030.jpg 1 14 6 30 30
0810_0010_0015_0027_0027.jpg 1 10 15 27 27
0811_0009_0007_0032_0032.jpg 1 9 7 32 32
0812_0010_0012_0032_0032.jpg 1 10 12 32 32
0813_0021_0009_0026_0026.jpg 1 21 9 26 26
0814_0003_0004_0030_0030.jpg 1 3 4 30 30
0815_0003_0008_0028_0028.jpg 1 3 8 28 28
0816_0012_0007_0030_0030.jpg 1 12 7 30 30
0817_0006_0003_0031_0031.jpg 1 6 3 31 31
0818_0009_0011_0026_0026.jpg 1 9 11 26 26
0819_0014_0008_0027_0027.jpg 1 14 8 27 27
0820_0006_0011_0028_0028.jpg 1 6 11 28 28
0821_0012_0020_0026_0026.jpg 1 12 20 26 26
0822_0013_0006_0033_0033.jpg 1 13 6 33 33
0823_0011_0006_0029_0029.jpg 1 11 6 29 29
0824_0021_0021_0024_0024.jpg 1 21 21 24 24
0825_0009_0006_0029_0029.jpg 1 9 6 29 29
0826_0017_0023_0024_0024.jpg 1 17 23 24 24
0827_0001_0006_0034_0034.jpg 1 1 6 34 34
